<?xml version="1.0" encoding="UTF-8"?>
<!-- Generated by org.testng.reporters.JUnitReportReporter -->
<testsuite hostname="DESKTOP-DC5U0BQ" failures="0" tests="12" name="Page_Test.GoodLife_test" time="276.824" errors="0" timestamp="2023-10-08T16:34:49 IST" skipped="0">
  <testcase classname="Page_Test.GoodLife_test" name="TC095_verify_image_in_goodlife_page" time="11.029"/>
  <testcase classname="Page_Test.GoodLife_test" name="TC096_Verify_Pro_Membership" time="11.151"/>
  <testcase classname="Page_Test.GoodLife_test" name="TC097_Verify_Earning_History_in_Pro_Membership" time="8.090"/>
  <testcase classname="Page_Test.GoodLife_test" name="TC098_Verify_Redemption_History_in_Pro_Membership" time="9.415"/>
  <testcase classname="Page_Test.GoodLife_test" name="TC099_Verify_Complete_profile" time="10.133"/>
  <testcase classname="Page_Test.GoodLife_test" name="TC100_Verify_Welcome_Rewards" time="9.719"/>
  <testcase classname="Page_Test.GoodLife_test" name="TC101_Verify_refer_friend_in_Goodlife" time="30.196"/>
  <testcase classname="Page_Test.GoodLife_test" name="TC102_verify_Winner_informaton" time="31.023"/>
  <testcase classname="Page_Test.GoodLife_test" name="TC103_verify_Points_Earning_and_Redemption" time="82.634"/>
  <testcase classname="Page_Test.GoodLife_test" name="TC104_verify_Service_Privilegers" time="22.425"/>
  <testcase classname="Page_Test.GoodLife_test" name="TC105_verify_Benefits_and_Experiences" time="16.586"/>
  <testcase classname="Page_Test.GoodLife_test" name="TC106_verify_Remarkable_Rewards" time="34.423"/>
</testsuite> <!-- Page_Test.GoodLife_test -->
