<?xml version="1.0" encoding="UTF-8"?>
<!-- Generated by org.testng.reporters.JUnitReportReporter -->
<testsuite hostname="DESKTOP-DC5U0BQ" failures="0" tests="2" name="Page_Test.Safety_Measures_and_Symbols_Glossary_Test" time="124.934" errors="0" timestamp="2023-10-10T10:43:23 IST" skipped="0">
  <testcase classname="Page_Test.Safety_Measures_and_Symbols_Glossary_Test" name="TC055_Verify_Safety_Measures" time="15.210"/>
  <testcase classname="Page_Test.Safety_Measures_and_Symbols_Glossary_Test" name="TC056_Verify_Symbols_Glossary" time="109.724"/>
</testsuite> <!-- Page_Test.Safety_Measures_and_Symbols_Glossary_Test -->
