<?xml version="1.0" encoding="UTF-8"?>
<!-- Generated by org.testng.reporters.JUnitReportReporter -->
<testsuite hostname="DESKTOP-DC5U0BQ" failures="0" tests="11" name="Page_Test.Login_Page_Test" time="155.153" errors="0" timestamp="2023-07-24T20:17:04 IST" skipped="0">
  <testcase classname="Page_Test.Login_Page_Test" name="TC001_Verify_Login_with_Invalid_credential" time="5.621"/>
  <testcase classname="Page_Test.Login_Page_Test" name="TC002_invalidmobileno" time="9.821"/>
  <testcase classname="Page_Test.Login_Page_Test" name="TC003_Verify_Login_with_short_length_of_mobile_number_credential" time="4.896"/>
  <testcase classname="Page_Test.Login_Page_Test" name="TC004_max_digit_mobile_number" time="5.676"/>
  <testcase classname="Page_Test.Login_Page_Test" name="TC005_Terms_of_use_button" time="10.485"/>
  <testcase classname="Page_Test.Login_Page_Test" name="TC006_Privacy_policy" time="7.719"/>
  <testcase classname="Page_Test.Login_Page_Test" name="TC007_contact_Us" time="5.962"/>
  <testcase classname="Page_Test.Login_Page_Test" name="TC008_Verify_Login_with_valid_credential" time="26.742"/>
  <testcase classname="Page_Test.Login_Page_Test" name="TC009_resend_butn" time="18.945"/>
  <testcase classname="Page_Test.Login_Page_Test" name="TC010_inavalid_OTP" time="19.829"/>
  <testcase classname="Page_Test.Login_Page_Test" name="TC011_edit_moble" time="39.457"/>
</testsuite> <!-- Page_Test.Login_Page_Test -->
