<?xml version="1.0" encoding="UTF-8"?>
<!-- Generated by org.testng.reporters.JUnitReportReporter -->
<testsuite hostname="DESKTOP-DC5U0BQ" failures="0" tests="1" name="Page_Test.Home_Page_Test" time="93.126" errors="0" timestamp="2023-05-25T18:21:40 IST" skipped="0">
  <testcase classname="Page_Test.Home_Page_Test" name="TC006_Home_page_verify" time="93.126"/>
  <system-out/>
</testsuite> <!-- Page_Test.Home_Page_Test -->
