<?xml version="1.0" encoding="UTF-8"?>
<!-- Generated by org.testng.reporters.JUnitReportReporter -->
<testsuite hostname="DESKTOP-DC5U0BQ" failures="0" tests="12" name="Page_Test.Refer_a_friend_and_Contact_us_test" time="213.229" errors="0" timestamp="2023-10-08T16:34:49 IST" skipped="0">
  <testcase classname="Page_Test.Refer_a_friend_and_Contact_us_test" name="TC043_Refer_a_friend" time="19.254"/>
  <testcase classname="Page_Test.Refer_a_friend_and_Contact_us_test" name="TC044_Verify_Select_State" time="17.135"/>
  <testcase classname="Page_Test.Refer_a_friend_and_Contact_us_test" name="TC045_Verify_Select_City" time="5.626"/>
  <testcase classname="Page_Test.Refer_a_friend_and_Contact_us_test" name="TC046_Verify_Select_Model" time="30.307"/>
  <testcase classname="Page_Test.Refer_a_friend_and_Contact_us_test" name="TC047_Verify_Refer_yourself" time="48.407"/>
  <testcase classname="Page_Test.Refer_a_friend_and_Contact_us_test" name="TC048_Verify_Facebook_in_Contact_us_page" time="21.423"/>
  <testcase classname="Page_Test.Refer_a_friend_and_Contact_us_test" name="TC049_Verify_instagram_in_Contact_us_page" time="11.204"/>
  <testcase classname="Page_Test.Refer_a_friend_and_Contact_us_test" name="TC050_Verify_Whatsapp_in_Contact_us_page" time="4.731"/>
  <testcase classname="Page_Test.Refer_a_friend_and_Contact_us_test" name="TC051_Verify_youTube_in_Contact_us_page" time="6.108"/>
  <testcase classname="Page_Test.Refer_a_friend_and_Contact_us_test" name="TC052_Verify_Linkedin_in_Contact_us_page" time="24.821"/>
  <testcase classname="Page_Test.Refer_a_friend_and_Contact_us_test" name="TC053_Verify_twitter_in_Contact_us_page" time="14.551"/>
  <testcase classname="Page_Test.Refer_a_friend_and_Contact_us_test" name="TC054_Verify_Contact_via_Email" time="9.662"/>
</testsuite> <!-- Page_Test.Refer_a_friend_and_Contact_us_test -->
