<?xml version="1.0" encoding="UTF-8"?>
<!-- Generated by org.testng.reporters.JUnitReportReporter -->
<testsuite hostname="DESKTOP-DC5U0BQ" failures="0" tests="3" name="Page_Test.Login_Page_Test" time="149.382" errors="0" timestamp="2023-06-01T16:40:25 IST" skipped="0">
  <testcase classname="Page_Test.Login_Page_Test" name="TC001_Verify_Login_with_Invalid_credential" time="12.349"/>
  <system-out/>
  <testcase classname="Page_Test.Login_Page_Test" name="TC002_Verify_Login_with_short_length_of_mobile_number_credential" time="40.883"/>
  <system-out/>
  <testcase classname="Page_Test.Login_Page_Test" name="TC003_Verify_Login_with_valid_credential" time="96.150"/>
  <system-out/>
</testsuite> <!-- Page_Test.Login_Page_Test -->
