<?xml version="1.0" encoding="UTF-8"?>
<!-- Generated by org.testng.reporters.JUnitReportReporter -->
<testsuite hostname="DESKTOP-DC5U0BQ" failures="0" tests="11" name="Page_Test.Login_Page_Test" time="227.968" errors="0" timestamp="2023-11-03T15:36:57 IST" skipped="0">
  <testcase classname="Page_Test.Login_Page_Test" name="TC001_Verify_Login_with_Invalid_credential" time="19.487"/>
  <testcase classname="Page_Test.Login_Page_Test" name="TC002_invalidmobileno" time="15.212"/>
  <testcase classname="Page_Test.Login_Page_Test" name="TC003_Verify_Login_with_short_length_of_mobile_number_credential" time="7.164"/>
  <testcase classname="Page_Test.Login_Page_Test" name="TC004_max_digit_mobile_number" time="7.539"/>
  <testcase classname="Page_Test.Login_Page_Test" name="TC005_Terms_of_use_button" time="24.219"/>
  <testcase classname="Page_Test.Login_Page_Test" name="TC006_Privacy_policy" time="22.812"/>
  <testcase classname="Page_Test.Login_Page_Test" name="TC007_contact_Us" time="9.667"/>
  <testcase classname="Page_Test.Login_Page_Test" name="TC008_Verify_Login_with_valid_credential" time="29.523"/>
  <testcase classname="Page_Test.Login_Page_Test" name="TC009_resend_butn" time="18.918"/>
  <testcase classname="Page_Test.Login_Page_Test" name="TC010_inavalid_OTP" time="25.817"/>
  <testcase classname="Page_Test.Login_Page_Test" name="TC011_edit_moble" time="47.610"/>
</testsuite> <!-- Page_Test.Login_Page_Test -->
