<?xml version="1.0" encoding="UTF-8"?>
<!-- Generated by org.testng.reporters.JUnitReportReporter -->
<testsuite hostname="DESKTOP-DC5U0BQ" failures="0" tests="3" name="Page_Test.Feedback_and_About_Hero_test" time="38.467" errors="0" timestamp="2023-07-19T17:57:44 IST" skipped="0">
  <testcase classname="Page_Test.Feedback_and_About_Hero_test" name="verify_Feedback" time="2.164"/>
  <testcase classname="Page_Test.Feedback_and_About_Hero_test" name="verify_About_Hero" time="17.963"/>
  <testcase classname="Page_Test.Feedback_and_About_Hero_test" name="verify_Side_menu_page_function" time="18.340"/>
</testsuite> <!-- Page_Test.Feedback_and_About_Hero_test -->
