<?xml version="1.0" encoding="UTF-8"?>
<!-- Generated by org.testng.reporters.JUnitReportReporter -->
<testsuite hostname="DESKTOP-DC5U0BQ" failures="0" tests="8" name="Page_Test.Home_Page_Test" time="240.667" errors="0" timestamp="2023-06-21T21:48:51 IST" skipped="0">
  <testcase classname="Page_Test.Home_Page_Test" name="TC017_Home_page_verify" time="26.538"/>
  <testcase classname="Page_Test.Home_Page_Test" name="TC019_Verify_Documents" time="109.302"/>
  <testcase classname="Page_Test.Home_Page_Test" name="TC020_Verify_Relationship_Manager" time="14.320"/>
  <testcase classname="Page_Test.Home_Page_Test" name="TC021_Verify_RSA" time="10.345"/>
  <testcase classname="Page_Test.Home_Page_Test" name="TC022_Verify_Technical_Support_Manager" time="6.425"/>
  <testcase classname="Page_Test.Home_Page_Test" name="TC023_Verify_Dealer_Locator" time="14.733"/>
  <testcase classname="Page_Test.Home_Page_Test" name="TC024_Select_city" time="38.636"/>
  <testcase classname="Page_Test.Home_Page_Test" name="TC025_View_dealer_name_and_address" time="20.368"/>
</testsuite> <!-- Page_Test.Home_Page_Test -->
