<?xml version="1.0" encoding="UTF-8"?>
<!-- Generated by org.testng.reporters.JUnitReportReporter -->
<testsuite hostname="DESKTOP-DC5U0BQ" failures="0" tests="12" name="Page_Test.GoodLife_test" time="224.193" errors="0" timestamp="2023-08-30T14:25:32 IST" skipped="0">
  <testcase classname="Page_Test.GoodLife_test" name="TC081_verify_image_in_goodlife_page" time="72.550"/>
  <testcase classname="Page_Test.GoodLife_test" name="TC082_Verify_Pro_Membership" time="3.017"/>
  <testcase classname="Page_Test.GoodLife_test" name="TC083_Verify_Earning_History_in_Pro_Membership" time="4.262"/>
  <testcase classname="Page_Test.GoodLife_test" name="TC084_Verify_Redemption_History_in_Pro_Membership" time="3.402"/>
  <testcase classname="Page_Test.GoodLife_test" name="TC085_Verify_Complete_profile" time="4.635"/>
  <testcase classname="Page_Test.GoodLife_test" name="TC086_Verify_Welcome_Rewards" time="2.479"/>
  <testcase classname="Page_Test.GoodLife_test" name="TC087_Verify_refer_friend_in_Goodlife" time="11.361"/>
  <testcase classname="Page_Test.GoodLife_test" name="TC088_verify_Winner_informaton" time="8.442"/>
  <testcase classname="Page_Test.GoodLife_test" name="TC089_verify_Points_Earning_and_Redemption" time="62.834"/>
  <testcase classname="Page_Test.GoodLife_test" name="TC090_verify_Service_Privilegers" time="11.076"/>
  <testcase classname="Page_Test.GoodLife_test" name="TC091_verify_Benefits_and_Experiences" time="20.347"/>
  <testcase classname="Page_Test.GoodLife_test" name="TC092_verify_Remarkable_Rewards" time="19.788"/>
</testsuite> <!-- Page_Test.GoodLife_test -->
