<?xml version="1.0" encoding="UTF-8"?>
<!-- Generated by org.testng.reporters.JUnitReportReporter -->
<testsuite hostname="DESKTOP-DC5U0BQ" failures="0" tests="13" name="Page_Test.Home_Page_Test" time="413.076" errors="0" timestamp="2023-10-03T15:18:41 IST" skipped="0">
  <testcase classname="Page_Test.Home_Page_Test" name="TC017_Home_page_verify" time="40.050"/>
  <testcase classname="Page_Test.Home_Page_Test" name="TC018__verify_Navigate" time="10.884"/>
  <testcase classname="Page_Test.Home_Page_Test" name="TC019_Verify_Documents" time="107.548"/>
  <testcase classname="Page_Test.Home_Page_Test" name="TC020_Verify_Relationship_Manager" time="21.821"/>
  <testcase classname="Page_Test.Home_Page_Test" name="TC021_Verify_RSA" time="14.030"/>
  <testcase classname="Page_Test.Home_Page_Test" name="TC022_Select_State_For_Nearest_Dealer" time="33.087"/>
  <testcase classname="Page_Test.Home_Page_Test" name="TC023_Select_City_For_Nearest_Dealer" time="55.615"/>
  <testcase classname="Page_Test.Home_Page_Test" name="TC024_Select_Locality_For_Nearest_Dealer" time="26.198"/>
  <testcase classname="Page_Test.Home_Page_Test" name="TC025_Verify_Nearest_Dealer_info" time="24.072"/>
  <testcase classname="Page_Test.Home_Page_Test" name="TC026_Verify_Technical_Support_Manager" time="9.251"/>
  <testcase classname="Page_Test.Home_Page_Test" name="TC027_Verify_Dealer_Locator" time="14.969"/>
  <testcase classname="Page_Test.Home_Page_Test" name="TC028_Select_city" time="37.763"/>
  <testcase classname="Page_Test.Home_Page_Test" name="TC029_View_dealer_name_and_address" time="17.788"/>
</testsuite> <!-- Page_Test.Home_Page_Test -->
