<?xml version="1.0" encoding="UTF-8"?>
<!-- Generated by org.testng.reporters.JUnitReportReporter -->
<testsuite hostname="DESKTOP-DC5U0BQ" failures="0" tests="12" name="Page_Test.Refer_a_friend_and_Contact_us_test" time="311.218" errors="0" timestamp="2023-11-24T21:58:33 IST" skipped="0">
  <testcase classname="Page_Test.Refer_a_friend_and_Contact_us_test" name="TC041_Refer_a_friend" time="19.455"/>
  <testcase classname="Page_Test.Refer_a_friend_and_Contact_us_test" name="TC042_Verify_Select_State" time="17.700"/>
  <testcase classname="Page_Test.Refer_a_friend_and_Contact_us_test" name="TC043_Verify_Select_City" time="6.016"/>
  <testcase classname="Page_Test.Refer_a_friend_and_Contact_us_test" name="TC044_Verify_Select_Model" time="29.487"/>
  <testcase classname="Page_Test.Refer_a_friend_and_Contact_us_test" name="TC045_Verify_Refer_yourself" time="76.999"/>
  <testcase classname="Page_Test.Refer_a_friend_and_Contact_us_test" name="TC046_Verify_Facebook_in_Contact_us_page" time="59.424"/>
  <testcase classname="Page_Test.Refer_a_friend_and_Contact_us_test" name="TC047_Verify_instagram_in_Contact_us_page" time="13.784"/>
  <testcase classname="Page_Test.Refer_a_friend_and_Contact_us_test" name="TC048_Verify_Whatsapp_in_Contact_us_page" time="26.435"/>
  <testcase classname="Page_Test.Refer_a_friend_and_Contact_us_test" name="TC049_Verify_youTube_in_Contact_us_page" time="8.682"/>
  <testcase classname="Page_Test.Refer_a_friend_and_Contact_us_test" name="TC050_Verify_Linkedin_in_Contact_us_page" time="16.789"/>
  <testcase classname="Page_Test.Refer_a_friend_and_Contact_us_test" name="TC051_Verify_twitter_in_Contact_us_page" time="24.688"/>
  <testcase classname="Page_Test.Refer_a_friend_and_Contact_us_test" name="TC052_Verify_Contact_via_Email" time="11.759"/>
</testsuite> <!-- Page_Test.Refer_a_friend_and_Contact_us_test -->
