<?xml version="1.0" encoding="UTF-8"?>
<!-- Generated by org.testng.reporters.JUnitReportReporter -->
<testsuite hostname="DESKTOP-DC5U0BQ" failures="0" tests="8" name="Page_Test.Home_Page_Test" time="236.998" errors="0" timestamp="2023-06-11T12:29:05 IST" skipped="0">
  <testcase classname="Page_Test.Home_Page_Test" name="TC017_Home_page_verify" time="28.735"/>
  <testcase classname="Page_Test.Home_Page_Test" name="TC019_Verify_Documents" time="94.220"/>
  <testcase classname="Page_Test.Home_Page_Test" name="TC020_Verify_Relationship_Manager" time="13.920"/>
  <testcase classname="Page_Test.Home_Page_Test" name="TC021_Verify_RSA" time="8.824"/>
  <testcase classname="Page_Test.Home_Page_Test" name="TC022_Verify_Technical_Support_Manager" time="6.178"/>
  <testcase classname="Page_Test.Home_Page_Test" name="TC023_Verify_Dealer_Locator" time="14.300"/>
  <testcase classname="Page_Test.Home_Page_Test" name="TC024_Select_city" time="24.552"/>
  <testcase classname="Page_Test.Home_Page_Test" name="TC025_View_dealer_name_and_address" time="46.269"/>
</testsuite> <!-- Page_Test.Home_Page_Test -->
