<?xml version="1.0" encoding="UTF-8"?>
<!-- Generated by org.testng.reporters.JUnitReportReporter -->
<testsuite hostname="DESKTOP-DC5U0BQ" failures="0" tests="7" name="Page_Test.My_Profile_Page_Test" time="106.512" errors="0" timestamp="2023-08-09T16:21:48 IST" skipped="0">
  <testcase classname="Page_Test.My_Profile_Page_Test" name="TC026_Verify_My_Profile" time="6.603"/>
  <testcase classname="Page_Test.My_Profile_Page_Test" name="TC027_verify_more_detais_button" time="1.186"/>
  <testcase classname="Page_Test.My_Profile_Page_Test" name="TC028_edit_profile_button" time="12.215"/>
  <testcase classname="Page_Test.My_Profile_Page_Test" name="TC029_edit_Personal_Details" time="52.919"/>
  <testcase classname="Page_Test.My_Profile_Page_Test" name="TC030_change_original_Personal_Details" time="11.560"/>
  <testcase classname="Page_Test.My_Profile_Page_Test" name="TC031_Manage_License" time="15.045"/>
  <testcase classname="Page_Test.My_Profile_Page_Test" name="TC032_Verify_emergency_contacts" time="6.984"/>
</testsuite> <!-- Page_Test.My_Profile_Page_Test -->
