<?xml version="1.0" encoding="UTF-8"?>
<!-- Generated by org.testng.reporters.JUnitReportReporter -->
<testsuite hostname="DESKTOP-DC5U0BQ" failures="0" tests="11" name="Page_Test.Login_Page_Test" time="153.183" errors="0" timestamp="2023-07-23T18:02:01 IST" skipped="0">
  <testcase classname="Page_Test.Login_Page_Test" name="TC001_Verify_Login_with_Invalid_credential" time="5.698"/>
  <testcase classname="Page_Test.Login_Page_Test" name="TC002_invalidmobileno" time="11.235"/>
  <testcase classname="Page_Test.Login_Page_Test" name="TC003_Verify_Login_with_short_length_of_mobile_number_credential" time="6.249"/>
  <testcase classname="Page_Test.Login_Page_Test" name="TC004_max_digit_mobile_number" time="6.791"/>
  <testcase classname="Page_Test.Login_Page_Test" name="TC005_Terms_of_use_button" time="11.841"/>
  <testcase classname="Page_Test.Login_Page_Test" name="TC006_Privacy_policy" time="7.431"/>
  <testcase classname="Page_Test.Login_Page_Test" name="TC007_contact_Us" time="4.869"/>
  <testcase classname="Page_Test.Login_Page_Test" name="TC008_Verify_Login_with_valid_credential" time="29.160"/>
  <testcase classname="Page_Test.Login_Page_Test" name="TC009_resend_butn" time="15.655"/>
  <testcase classname="Page_Test.Login_Page_Test" name="TC010_inavalid_OTP" time="17.647"/>
  <testcase classname="Page_Test.Login_Page_Test" name="TC011_edit_moble" time="36.607"/>
</testsuite> <!-- Page_Test.Login_Page_Test -->
