<?xml version="1.0" encoding="UTF-8"?>
<!-- Generated by org.testng.reporters.JUnitReportReporter -->
<testsuite hostname="DESKTOP-DC5U0BQ" failures="0" tests="27" name="Page_Test.Services_Page_Test" time="642.075" errors="0" timestamp="2023-08-09T16:21:48 IST" skipped="0">
  <testcase classname="Page_Test.Services_Page_Test" name="TC054_Vehicle_details_on_service_page" time="3.927"/>
  <testcase classname="Page_Test.Services_Page_Test" name="TC055_verify_service_type" time="0.408"/>
  <testcase classname="Page_Test.Services_Page_Test" name="TC056_verify_Dealer_information" time="3.397"/>
  <testcase classname="Page_Test.Services_Page_Test" name="TC057_Verify_dealer_manager_info" time="16.771"/>
  <testcase classname="Page_Test.Services_Page_Test" name="TC058_View_Service_schedule_750" time="19.206"/>
  <testcase classname="Page_Test.Services_Page_Test" name="TC059_View_Service_schedule_3500" time="18.168"/>
  <testcase classname="Page_Test.Services_Page_Test" name="TC060_View_Service_schedule_6500" time="20.279"/>
  <testcase classname="Page_Test.Services_Page_Test" name="TC061_View_Service_schedule_9500" time="17.686"/>
  <testcase classname="Page_Test.Services_Page_Test" name="TC062_View_Service_schedule_12500" time="18.831"/>
  <testcase classname="Page_Test.Services_Page_Test" name="TC063_View_Service_schedule_15500" time="19.355"/>
  <testcase classname="Page_Test.Services_Page_Test" name="TC064_View_Service_schedule_18500" time="17.512"/>
  <testcase classname="Page_Test.Services_Page_Test" name="TC065_View_Service_schedule_21500" time="20.763"/>
  <testcase classname="Page_Test.Services_Page_Test" name="TC066_View_Service_schedule_24500" time="15.762"/>
  <testcase classname="Page_Test.Services_Page_Test" name="TC067_View_Service_schedule_27500" time="22.099"/>
  <testcase classname="Page_Test.Services_Page_Test" name="TC068_View_Service_schedule_60_days" time="16.302"/>
  <testcase classname="Page_Test.Services_Page_Test" name="TC069_View_Service_schedule_160_days" time="15.989"/>
  <testcase classname="Page_Test.Services_Page_Test" name="TC070_View_Service_schedule_260_days" time="17.564"/>
  <testcase classname="Page_Test.Services_Page_Test" name="TC071_View_Service_schedule_360_days" time="18.011"/>
  <testcase classname="Page_Test.Services_Page_Test" name="TC072_View_Service_schedule_460_days" time="18.051"/>
  <testcase classname="Page_Test.Services_Page_Test" name="TC073_View_Service_schedule_560_days" time="19.608"/>
  <testcase classname="Page_Test.Services_Page_Test" name="TC074_View_Service_schedule_660_days" time="15.924"/>
  <testcase classname="Page_Test.Services_Page_Test" name="TC075_View_Service_schedule_760_days" time="18.662"/>
  <testcase classname="Page_Test.Services_Page_Test" name="TC076_View_Service_schedule_860_days" time="17.773"/>
  <testcase classname="Page_Test.Services_Page_Test" name="TC077_View_Service_schedule_960_days" time="22.485"/>
  <testcase classname="Page_Test.Services_Page_Test" name="TC078_Verify_Last_Serviced" time="88.542"/>
  <testcase classname="Page_Test.Services_Page_Test" name="TC079_Verify_all_tips_list" time="81.220"/>
  <testcase classname="Page_Test.Services_Page_Test" name="TC080_Verify_all_DIY_Videos_list" time="77.780"/>
</testsuite> <!-- Page_Test.Services_Page_Test -->
