<?xml version="1.0" encoding="UTF-8"?>
<!-- Generated by org.testng.reporters.JUnitReportReporter -->
<testsuite hostname="DESKTOP-DC5U0BQ" failures="0" tests="3" name="Page_Test.Feedback_and_About_Hero_test" time="102.464" errors="0" timestamp="2023-08-11T17:43:20 IST" skipped="0">
  <testcase classname="Page_Test.Feedback_and_About_Hero_test" name="TC051_verify_Feedback" time="67.783"/>
  <testcase classname="Page_Test.Feedback_and_About_Hero_test" name="TC052_verify_About_Hero" time="12.932"/>
  <testcase classname="Page_Test.Feedback_and_About_Hero_test" name="TC053_verify_Side_menu_page_function" time="21.749"/>
</testsuite> <!-- Page_Test.Feedback_and_About_Hero_test -->
