<?xml version="1.0" encoding="UTF-8"?>
<!-- Generated by org.testng.reporters.JUnitReportReporter -->
<testsuite hostname="DESKTOP-DC5U0BQ" failures="0" tests="2" name="Page_Test.Home_Page_Test" time="216.055" errors="0" timestamp="2023-05-26T20:05:40 IST" skipped="0">
  <testcase classname="Page_Test.Home_Page_Test" name="TC006_Home_page_verify" time="124.316"/>
  <system-out/>
  <testcase classname="Page_Test.Home_Page_Test" name="TC008_Verify_Documents" time="91.739"/>
  <system-out/>
</testsuite> <!-- Page_Test.Home_Page_Test -->
