<?xml version="1.0" encoding="UTF-8"?>
<!-- Generated by org.testng.reporters.JUnitReportReporter -->
<testsuite hostname="DESKTOP-DC5U0BQ" failures="0" tests="13" name="Page_Test.Home_Page_Test" time="420.407" errors="0" timestamp="2023-10-10T10:43:23 IST" skipped="0">
  <testcase classname="Page_Test.Home_Page_Test" name="TC017_Home_page_verify" time="38.987"/>
  <testcase classname="Page_Test.Home_Page_Test" name="TC018__verify_Navigate" time="13.282"/>
  <testcase classname="Page_Test.Home_Page_Test" name="TC019_Verify_Documents" time="111.789"/>
  <testcase classname="Page_Test.Home_Page_Test" name="TC020_Verify_Relationship_Manager" time="24.202"/>
  <testcase classname="Page_Test.Home_Page_Test" name="TC021_Verify_RSA" time="16.479"/>
  <testcase classname="Page_Test.Home_Page_Test" name="TC022_Select_State_For_Nearest_Dealer" time="32.997"/>
  <testcase classname="Page_Test.Home_Page_Test" name="TC023_Select_City_For_Nearest_Dealer" time="54.395"/>
  <testcase classname="Page_Test.Home_Page_Test" name="TC024_Select_Locality_For_Nearest_Dealer" time="26.558"/>
  <testcase classname="Page_Test.Home_Page_Test" name="TC025_Verify_Nearest_Dealer_info" time="22.360"/>
  <testcase classname="Page_Test.Home_Page_Test" name="TC026_Verify_Technical_Support_Manager" time="8.579"/>
  <testcase classname="Page_Test.Home_Page_Test" name="TC027_Verify_Dealer_Locator" time="15.234"/>
  <testcase classname="Page_Test.Home_Page_Test" name="TC028_Select_city" time="37.797"/>
  <testcase classname="Page_Test.Home_Page_Test" name="TC029_View_dealer_name_and_address" time="17.748"/>
</testsuite> <!-- Page_Test.Home_Page_Test -->
