<?xml version="1.0" encoding="UTF-8"?>
<!-- Generated by org.testng.reporters.JUnitReportReporter -->
<testsuite hostname="DESKTOP-DC5U0BQ" failures="0" tests="11" name="Page_Test.Login_Page_Test" time="227.976" errors="0" timestamp="2023-10-27T16:04:32 IST" skipped="0">
  <testcase classname="Page_Test.Login_Page_Test" name="TC001_Verify_Login_with_Invalid_credential" time="20.266"/>
  <testcase classname="Page_Test.Login_Page_Test" name="TC002_invalidmobileno" time="15.669"/>
  <testcase classname="Page_Test.Login_Page_Test" name="TC003_Verify_Login_with_short_length_of_mobile_number_credential" time="6.446"/>
  <testcase classname="Page_Test.Login_Page_Test" name="TC004_max_digit_mobile_number" time="7.775"/>
  <testcase classname="Page_Test.Login_Page_Test" name="TC005_Terms_of_use_button" time="24.057"/>
  <testcase classname="Page_Test.Login_Page_Test" name="TC006_Privacy_policy" time="21.421"/>
  <testcase classname="Page_Test.Login_Page_Test" name="TC007_contact_Us" time="10.110"/>
  <testcase classname="Page_Test.Login_Page_Test" name="TC008_Verify_Login_with_valid_credential" time="31.374"/>
  <testcase classname="Page_Test.Login_Page_Test" name="TC009_resend_butn" time="18.945"/>
  <testcase classname="Page_Test.Login_Page_Test" name="TC010_inavalid_OTP" time="24.407"/>
  <testcase classname="Page_Test.Login_Page_Test" name="TC011_edit_moble" time="47.506"/>
</testsuite> <!-- Page_Test.Login_Page_Test -->
