<?xml version="1.0" encoding="UTF-8"?>
<!-- Generated by org.testng.reporters.JUnitReportReporter -->
<testsuite hostname="DESKTOP-DC5U0BQ" failures="0" tests="1" name="Page_Test.Home_Page_Test" time="110.511" errors="0" timestamp="2023-05-30T19:25:02 IST" skipped="0">
  <testcase classname="Page_Test.Home_Page_Test" name="TC012_Verify_Dealer_Locator" time="110.511"/>
  <system-out/>
</testsuite> <!-- Page_Test.Home_Page_Test -->
