<?xml version="1.0" encoding="UTF-8"?>
<!-- Generated by org.testng.reporters.JUnitReportReporter -->
<testsuite hostname="DESKTOP-DC5U0BQ" failures="0" tests="11" name="Page_Test.Login_Page_Test" time="179.550" errors="0" timestamp="2023-07-02T18:59:55 IST" skipped="0">
  <testcase classname="Page_Test.Login_Page_Test" name="TC001_Verify_Login_with_Invalid_credential" time="7.787"/>
  <testcase classname="Page_Test.Login_Page_Test" name="TC002_invalidmobileno" time="6.878"/>
  <testcase classname="Page_Test.Login_Page_Test" name="TC003_Verify_Login_with_short_length_of_mobile_number_credential" time="3.623"/>
  <testcase classname="Page_Test.Login_Page_Test" name="TC004_max_digit_mobile_number" time="5.278"/>
  <testcase classname="Page_Test.Login_Page_Test" name="TC005_Terms_of_use_button" time="41.177"/>
  <testcase classname="Page_Test.Login_Page_Test" name="TC006_Privacy_policy" time="12.291"/>
  <testcase classname="Page_Test.Login_Page_Test" name="TC007_contact_Us" time="5.108"/>
  <testcase classname="Page_Test.Login_Page_Test" name="TC008_Verify_Login_with_valid_credential" time="23.100"/>
  <testcase classname="Page_Test.Login_Page_Test" name="TC009_resend_butn" time="20.309"/>
  <testcase classname="Page_Test.Login_Page_Test" name="TC010_inavalid_OTP" time="16.765"/>
  <testcase classname="Page_Test.Login_Page_Test" name="TC011_edit_moble" time="37.234"/>
</testsuite> <!-- Page_Test.Login_Page_Test -->
