<?xml version="1.0" encoding="UTF-8"?>
<!-- Generated by org.testng.reporters.JUnitReportReporter -->
<testsuite hostname="DESKTOP-DC5U0BQ" failures="0" tests="27" name="Page_Test.Services_Page_Test" time="1688.759" errors="0" timestamp="2023-11-03T15:36:57 IST" skipped="0">
  <testcase classname="Page_Test.Services_Page_Test" name="TC066_Vehicle_details_on_service_page" time="18.966"/>
  <testcase classname="Page_Test.Services_Page_Test" name="TC067_verify_service_type" time="6.075"/>
  <testcase classname="Page_Test.Services_Page_Test" name="TC068_verify_Dealer_information" time="7.404"/>
  <testcase classname="Page_Test.Services_Page_Test" name="TC069_Verify_dealer_manager_info" time="25.803"/>
  <testcase classname="Page_Test.Services_Page_Test" name="TC070_View_Service_schedule_750" time="67.062"/>
  <testcase classname="Page_Test.Services_Page_Test" name="TC071_View_Service_schedule_3500" time="58.569"/>
  <testcase classname="Page_Test.Services_Page_Test" name="TC072_View_Service_schedule_6500" time="66.273"/>
  <testcase classname="Page_Test.Services_Page_Test" name="TC073_View_Service_schedule_9500" time="61.045"/>
  <testcase classname="Page_Test.Services_Page_Test" name="TC074_View_Service_schedule_12500" time="68.353"/>
  <testcase classname="Page_Test.Services_Page_Test" name="TC075_View_Service_schedule_15500" time="53.662"/>
  <testcase classname="Page_Test.Services_Page_Test" name="TC076_View_Service_schedule_18500" time="53.891"/>
  <testcase classname="Page_Test.Services_Page_Test" name="TC077_View_Service_schedule_21500" time="56.675"/>
  <testcase classname="Page_Test.Services_Page_Test" name="TC078_View_Service_schedule_24500" time="55.556"/>
  <testcase classname="Page_Test.Services_Page_Test" name="TC079_View_Service_schedule_27500" time="63.949"/>
  <testcase classname="Page_Test.Services_Page_Test" name="TC080_View_Service_schedule_60_days" time="64.710"/>
  <testcase classname="Page_Test.Services_Page_Test" name="TC081_View_Service_schedule_160_days" time="55.802"/>
  <testcase classname="Page_Test.Services_Page_Test" name="TC082_View_Service_schedule_260_days" time="66.967"/>
  <testcase classname="Page_Test.Services_Page_Test" name="TC083_View_Service_schedule_360_days" time="61.742"/>
  <testcase classname="Page_Test.Services_Page_Test" name="TC084_View_Service_schedule_460_days" time="72.288"/>
  <testcase classname="Page_Test.Services_Page_Test" name="TC085_View_Service_schedule_560_days" time="57.137"/>
  <testcase classname="Page_Test.Services_Page_Test" name="TC086_View_Service_schedule_660_days" time="56.509"/>
  <testcase classname="Page_Test.Services_Page_Test" name="TC087_View_Service_schedule_760_days" time="60.935"/>
  <testcase classname="Page_Test.Services_Page_Test" name="TC088_View_Service_schedule_860_days" time="56.823"/>
  <testcase classname="Page_Test.Services_Page_Test" name="TC089_View_Service_schedule_960_days" time="69.263"/>
  <testcase classname="Page_Test.Services_Page_Test" name="TC090_Verify_Last_Serviced" time="242.640"/>
  <testcase classname="Page_Test.Services_Page_Test" name="TC091_Verify_all_tips_list" time="102.153"/>
  <testcase classname="Page_Test.Services_Page_Test" name="TC092_Verify_all_DIY_Videos_list" time="58.507"/>
</testsuite> <!-- Page_Test.Services_Page_Test -->
