<?xml version="1.0" encoding="UTF-8"?>
<!-- Generated by org.testng.reporters.JUnitReportReporter -->
<testsuite hostname="DESKTOP-DC5U0BQ" failures="0" tests="11" name="Page_Test.GoodLife_test" time="281.394" errors="0" timestamp="2023-11-09T12:53:00 IST" skipped="0">
  <testcase classname="Page_Test.GoodLife_test" name="TC093_verify_image_in_goodlife_page" time="14.170"/>
  <testcase classname="Page_Test.GoodLife_test" name="TC094_Verify_Pro_Membership" time="16.008"/>
  <testcase classname="Page_Test.GoodLife_test" name="TC095_Verify_Earning_History_in_Pro_Membership" time="8.452"/>
  <testcase classname="Page_Test.GoodLife_test" name="TC096_Verify_Redemption_History_in_Pro_Membership" time="13.279"/>
  <testcase classname="Page_Test.GoodLife_test" name="TC097_Verify_Complete_profile" time="13.721"/>
  <testcase classname="Page_Test.GoodLife_test" name="TC098_Verify_Welcome_Rewards" time="12.726"/>
  <testcase classname="Page_Test.GoodLife_test" name="TC099_Verify_refer_friend_in_Goodlife" time="29.171"/>
  <testcase classname="Page_Test.GoodLife_test" name="TC100_verify_Winner_informaton" time="35.108"/>
  <testcase classname="Page_Test.GoodLife_test" name="TC101_verify_Points_Earning_and_Redemption" time="80.439"/>
  <testcase classname="Page_Test.GoodLife_test" name="TC102_verify_Service_Privilegers" time="12.916"/>
  <testcase classname="Page_Test.GoodLife_test" name="TC103_verify_Benefits_and_Experiences" time="45.404"/>
</testsuite> <!-- Page_Test.GoodLife_test -->
