<?xml version="1.0" encoding="UTF-8"?>
<!-- Generated by org.testng.reporters.JUnitReportReporter -->
<testsuite hostname="DESKTOP-DC5U0BQ" failures="0" tests="7" name="Page_Test.My_Profile_Page_Test" time="429.177" errors="0" timestamp="2023-11-06T10:20:13 IST" skipped="0">
  <testcase classname="Page_Test.My_Profile_Page_Test" name="TC028_Verify_My_Profile" time="47.062"/>
  <testcase classname="Page_Test.My_Profile_Page_Test" name="TC029_verify_more_detais_button" time="23.370"/>
  <testcase classname="Page_Test.My_Profile_Page_Test" name="TC030_edit_profile_button" time="47.900"/>
  <testcase classname="Page_Test.My_Profile_Page_Test" name="TC031_edit_Personal_Details" time="149.009"/>
  <testcase classname="Page_Test.My_Profile_Page_Test" name="TC032_change_original_Personal_Details" time="54.426"/>
  <testcase classname="Page_Test.My_Profile_Page_Test" name="TC033_Manage_License" time="72.242"/>
  <testcase classname="Page_Test.My_Profile_Page_Test" name="TC034_Verify_emergency_contacts" time="35.168"/>
</testsuite> <!-- Page_Test.My_Profile_Page_Test -->
