<?xml version="1.0" encoding="UTF-8"?>
<!-- Generated by org.testng.reporters.JUnitReportReporter -->
<testsuite hostname="DESKTOP-DC5U0BQ" failures="0" tests="27" name="Page_Test.Services_Page_Test" time="1715.974" errors="0" timestamp="2023-11-22T12:58:49 IST" skipped="0">
  <testcase classname="Page_Test.Services_Page_Test" name="TC066_Vehicle_details_on_service_page" time="11.095"/>
  <testcase classname="Page_Test.Services_Page_Test" name="TC067_verify_service_type" time="5.131"/>
  <testcase classname="Page_Test.Services_Page_Test" name="TC068_verify_Dealer_information" time="6.999"/>
  <testcase classname="Page_Test.Services_Page_Test" name="TC069_Verify_dealer_manager_info" time="26.112"/>
  <testcase classname="Page_Test.Services_Page_Test" name="TC070_View_Service_schedule_750" time="66.538"/>
  <testcase classname="Page_Test.Services_Page_Test" name="TC071_View_Service_schedule_3500" time="60.689"/>
  <testcase classname="Page_Test.Services_Page_Test" name="TC072_View_Service_schedule_6500" time="64.653"/>
  <testcase classname="Page_Test.Services_Page_Test" name="TC073_View_Service_schedule_9500" time="61.309"/>
  <testcase classname="Page_Test.Services_Page_Test" name="TC074_View_Service_schedule_12500" time="68.747"/>
  <testcase classname="Page_Test.Services_Page_Test" name="TC075_View_Service_schedule_15500" time="67.106"/>
  <testcase classname="Page_Test.Services_Page_Test" name="TC076_View_Service_schedule_18500" time="65.615"/>
  <testcase classname="Page_Test.Services_Page_Test" name="TC077_View_Service_schedule_21500" time="72.545"/>
  <testcase classname="Page_Test.Services_Page_Test" name="TC078_View_Service_schedule_24500" time="64.613"/>
  <testcase classname="Page_Test.Services_Page_Test" name="TC079_View_Service_schedule_27500" time="77.628"/>
  <testcase classname="Page_Test.Services_Page_Test" name="TC080_View_Service_schedule_60_days" time="72.290"/>
  <testcase classname="Page_Test.Services_Page_Test" name="TC081_View_Service_schedule_160_days" time="65.531"/>
  <testcase classname="Page_Test.Services_Page_Test" name="TC082_View_Service_schedule_260_days" time="68.513"/>
  <testcase classname="Page_Test.Services_Page_Test" name="TC083_View_Service_schedule_360_days" time="65.417"/>
  <testcase classname="Page_Test.Services_Page_Test" name="TC084_View_Service_schedule_460_days" time="73.212"/>
  <testcase classname="Page_Test.Services_Page_Test" name="TC085_View_Service_schedule_560_days" time="64.185"/>
  <testcase classname="Page_Test.Services_Page_Test" name="TC086_View_Service_schedule_660_days" time="58.963"/>
  <testcase classname="Page_Test.Services_Page_Test" name="TC087_View_Service_schedule_760_days" time="67.513"/>
  <testcase classname="Page_Test.Services_Page_Test" name="TC088_View_Service_schedule_860_days" time="60.409"/>
  <testcase classname="Page_Test.Services_Page_Test" name="TC089_View_Service_schedule_960_days" time="74.712"/>
  <testcase classname="Page_Test.Services_Page_Test" name="TC090_Verify_Last_Serviced" time="159.589"/>
  <testcase classname="Page_Test.Services_Page_Test" name="TC091_Verify_all_tips_list" time="105.221"/>
  <testcase classname="Page_Test.Services_Page_Test" name="TC092_Verify_all_DIY_Videos_list" time="61.639"/>
</testsuite> <!-- Page_Test.Services_Page_Test -->
