<?xml version="1.0" encoding="UTF-8"?>
<!-- Generated by org.testng.reporters.JUnitReportReporter -->
<testsuite hostname="DESKTOP-DC5U0BQ" failures="0" tests="6" name="Page_Test.GoodLife_test" time="184.981" errors="0" timestamp="2023-07-06T14:07:07 IST" skipped="0">
  <testcase classname="Page_Test.GoodLife_test" name="verify_image_in_goodlife_page" time="70.299"/>
  <testcase classname="Page_Test.GoodLife_test" name="verify_Service_Privilegers" time="15.809"/>
  <testcase classname="Page_Test.GoodLife_test" name="verify_Points_Earning_and_Redemption" time="29.467"/>
  <testcase classname="Page_Test.GoodLife_test" name="verify_Winner_informaton" time="1.757"/>
  <testcase classname="Page_Test.GoodLife_test" name="verify_Benefits_and_Experiences" time="20.732"/>
  <testcase classname="Page_Test.GoodLife_test" name="verify_Remarkable_Rewards" time="46.917"/>
</testsuite> <!-- Page_Test.GoodLife_test -->
