<?xml version="1.0" encoding="UTF-8"?>
<!-- Generated by org.testng.reporters.JUnitReportReporter -->
<testsuite hostname="DESKTOP-DC5U0BQ" failures="0" tests="11" name="Page_Test.Login_Page_Test" time="141.072" errors="0" timestamp="2023-06-02T08:27:07 IST" skipped="0">
  <testcase classname="Page_Test.Login_Page_Test" name="TC001_Verify_Login_with_Invalid_credential" time="3.573"/>
  <system-out/>
  <testcase classname="Page_Test.Login_Page_Test" name="invalidmobileno" time="8.743"/>
  <system-out/>
  <testcase classname="Page_Test.Login_Page_Test" name="TC002_Verify_Login_with_short_length_of_mobile_number_credential" time="3.950"/>
  <system-out/>
  <testcase classname="Page_Test.Login_Page_Test" name="max_digit_mobile_number" time="6.073"/>
  <system-out/>
  <testcase classname="Page_Test.Login_Page_Test" name="Terms_of_use_button" time="10.778"/>
  <system-out/>
  <testcase classname="Page_Test.Login_Page_Test" name="Privacy_policy" time="9.801"/>
  <system-out/>
  <testcase classname="Page_Test.Login_Page_Test" name="contact_Us" time="7.259"/>
  <system-out/>
  <testcase classname="Page_Test.Login_Page_Test" name="TC003_Verify_Login_with_valid_credential" time="23.650"/>
  <system-out/>
  <testcase classname="Page_Test.Login_Page_Test" name="resend_butn" time="16.974"/>
  <system-out/>
  <testcase classname="Page_Test.Login_Page_Test" name="inavalid_OTP" time="14.930"/>
  <system-out/>
  <testcase classname="Page_Test.Login_Page_Test" name="edit_moble" time="35.341"/>
  <system-out/>
</testsuite> <!-- Page_Test.Login_Page_Test -->
