<?xml version="1.0" encoding="UTF-8"?>
<!-- Generated by org.testng.reporters.JUnitReportReporter -->
<testsuite hostname="DESKTOP-DC5U0BQ" failures="0" tests="13" name="Page_Test.Home_Page_Test" time="356.233" errors="0" timestamp="2023-09-22T17:06:27 IST" skipped="0">
  <testcase classname="Page_Test.Home_Page_Test" name="TC017_Home_page_verify" time="38.415"/>
  <testcase classname="Page_Test.Home_Page_Test" name="TC018__verify_Navigate" time="47.710"/>
  <testcase classname="Page_Test.Home_Page_Test" name="TC019_Verify_Documents" time="104.980"/>
  <testcase classname="Page_Test.Home_Page_Test" name="TC020_Verify_Relationship_Manager" time="15.401"/>
  <testcase classname="Page_Test.Home_Page_Test" name="TC021_Verify_RSA" time="12.145"/>
  <testcase classname="Page_Test.Home_Page_Test" name="TC022_Select_State_For_Nearest_Dealer" time="15.530"/>
  <testcase classname="Page_Test.Home_Page_Test" name="TC023_Select_City_For_Nearest_Dealer" time="32.587"/>
  <testcase classname="Page_Test.Home_Page_Test" name="TC024_Select_Locality_For_Nearest_Dealer" time="15.661"/>
  <testcase classname="Page_Test.Home_Page_Test" name="TC025_Verify_Nearest_Dealer_info" time="23.746"/>
  <testcase classname="Page_Test.Home_Page_Test" name="TC026_Verify_Technical_Support_Manager" time="4.491"/>
  <testcase classname="Page_Test.Home_Page_Test" name="TC027_Verify_Dealer_Locator" time="9.796"/>
  <testcase classname="Page_Test.Home_Page_Test" name="TC028_Select_city" time="21.978"/>
  <testcase classname="Page_Test.Home_Page_Test" name="TC029_View_dealer_name_and_address" time="13.793"/>
</testsuite> <!-- Page_Test.Home_Page_Test -->
