<?xml version="1.0" encoding="UTF-8"?>
<!-- Generated by org.testng.reporters.JUnitReportReporter -->
<testsuite hostname="DESKTOP-DC5U0BQ" failures="0" tests="2" name="Page_Test.E_Shop_test" time="229.239" errors="0" timestamp="2023-08-07T16:53:51 IST" skipped="0">
  <testcase classname="Page_Test.E_Shop_test" name="registered_customers" time="160.948"/>
  <testcase classname="Page_Test.E_Shop_test" name="new_customers" time="68.291"/>
</testsuite> <!-- Page_Test.E_Shop_test -->
