<?xml version="1.0" encoding="UTF-8"?>
<!-- Generated by org.testng.reporters.JUnitReportReporter -->
<testsuite hostname="DESKTOP-DC5U0BQ" failures="0" tests="9" name="Page_Test.Home_Page_Test" time="290.003" errors="0" timestamp="2023-07-24T20:17:04 IST" skipped="0">
  <testcase classname="Page_Test.Home_Page_Test" name="TC017_Home_page_verify" time="19.432"/>
  <testcase classname="Page_Test.Home_Page_Test" name="TC018__verify_Navigate" time="11.246"/>
  <testcase classname="Page_Test.Home_Page_Test" name="TC019_Verify_Documents" time="102.229"/>
  <testcase classname="Page_Test.Home_Page_Test" name="TC020_Verify_Relationship_Manager" time="15.513"/>
  <testcase classname="Page_Test.Home_Page_Test" name="TC021_Verify_RSA" time="84.343"/>
  <testcase classname="Page_Test.Home_Page_Test" name="TC022_Verify_Technical_Support_Manager" time="4.634"/>
  <testcase classname="Page_Test.Home_Page_Test" name="TC023_Verify_Dealer_Locator" time="12.252"/>
  <testcase classname="Page_Test.Home_Page_Test" name="TC024_Select_city" time="29.218"/>
  <testcase classname="Page_Test.Home_Page_Test" name="TC025_View_dealer_name_and_address" time="11.136"/>
</testsuite> <!-- Page_Test.Home_Page_Test -->
