<?xml version="1.0" encoding="UTF-8"?>
<!-- Generated by org.testng.reporters.JUnitReportReporter -->
<testsuite hostname="DESKTOP-DC5U0BQ" failures="0" tests="7" name="Page_Test.Services_Page_Test" time="408.168" errors="0" timestamp="2023-07-02T18:59:55 IST" skipped="0">
  <testcase classname="Page_Test.Services_Page_Test" name="TC034_Vehicle_details_on_service_page" time="6.096"/>
  <testcase classname="Page_Test.Services_Page_Test" name="TC035_verify_service_type" time="2.025"/>
  <testcase classname="Page_Test.Services_Page_Test" name="TC036_verify_Dealer_information" time="5.470"/>
  <testcase classname="Page_Test.Services_Page_Test" name="TC037_Verify_dealer_manager_info" time="6.270"/>
  <testcase classname="Page_Test.Services_Page_Test" name="TC038_Verify_Last_Serviced" time="177.185"/>
  <testcase classname="Page_Test.Services_Page_Test" name="TC039_Verify_all_tips_list" time="124.340"/>
  <testcase classname="Page_Test.Services_Page_Test" name="TC040_Verify_all_DIY_Videos_list" time="86.782"/>
</testsuite> <!-- Page_Test.Services_Page_Test -->
