<?xml version="1.0" encoding="UTF-8"?>
<!-- Generated by org.testng.reporters.JUnitReportReporter -->
<testsuite hostname="DESKTOP-DC5U0BQ" failures="0" tests="27" name="Page_Test.Services_Page_Test" time="1728.079" errors="0" timestamp="2023-10-04T09:20:14 IST" skipped="0">
  <testcase classname="Page_Test.Services_Page_Test" name="TC068_Vehicle_details_on_service_page" time="9.353"/>
  <testcase classname="Page_Test.Services_Page_Test" name="TC069_verify_service_type" time="4.014"/>
  <testcase classname="Page_Test.Services_Page_Test" name="TC070_verify_Dealer_information" time="6.448"/>
  <testcase classname="Page_Test.Services_Page_Test" name="TC071_Verify_dealer_manager_info" time="11.638"/>
  <testcase classname="Page_Test.Services_Page_Test" name="TC072_View_Service_schedule_750" time="66.155"/>
  <testcase classname="Page_Test.Services_Page_Test" name="TC073_View_Service_schedule_3500" time="56.826"/>
  <testcase classname="Page_Test.Services_Page_Test" name="TC074_View_Service_schedule_6500" time="67.171"/>
  <testcase classname="Page_Test.Services_Page_Test" name="TC075_View_Service_schedule_9500" time="64.676"/>
  <testcase classname="Page_Test.Services_Page_Test" name="TC076_View_Service_schedule_12500" time="74.176"/>
  <testcase classname="Page_Test.Services_Page_Test" name="TC077_View_Service_schedule_15500" time="68.954"/>
  <testcase classname="Page_Test.Services_Page_Test" name="TC078_View_Service_schedule_18500" time="72.204"/>
  <testcase classname="Page_Test.Services_Page_Test" name="TC079_View_Service_schedule_21500" time="73.460"/>
  <testcase classname="Page_Test.Services_Page_Test" name="TC080_View_Service_schedule_24500" time="68.753"/>
  <testcase classname="Page_Test.Services_Page_Test" name="TC081_View_Service_schedule_27500" time="80.110"/>
  <testcase classname="Page_Test.Services_Page_Test" name="TC082_View_Service_schedule_60_days" time="72.041"/>
  <testcase classname="Page_Test.Services_Page_Test" name="TC083_View_Service_schedule_160_days" time="68.750"/>
  <testcase classname="Page_Test.Services_Page_Test" name="TC084_View_Service_schedule_260_days" time="71.993"/>
  <testcase classname="Page_Test.Services_Page_Test" name="TC085_View_Service_schedule_360_days" time="70.688"/>
  <testcase classname="Page_Test.Services_Page_Test" name="TC086_View_Service_schedule_460_days" time="74.904"/>
  <testcase classname="Page_Test.Services_Page_Test" name="TC087_View_Service_schedule_560_days" time="70.961"/>
  <testcase classname="Page_Test.Services_Page_Test" name="TC088_View_Service_schedule_660_days" time="68.903"/>
  <testcase classname="Page_Test.Services_Page_Test" name="TC089_View_Service_schedule_760_days" time="74.860"/>
  <testcase classname="Page_Test.Services_Page_Test" name="TC090_View_Service_schedule_860_days" time="59.101"/>
  <testcase classname="Page_Test.Services_Page_Test" name="TC091_View_Service_schedule_960_days" time="83.327"/>
  <testcase classname="Page_Test.Services_Page_Test" name="TC092_Verify_Last_Serviced" time="156.096"/>
  <testcase classname="Page_Test.Services_Page_Test" name="TC093_Verify_all_tips_list" time="87.835"/>
  <testcase classname="Page_Test.Services_Page_Test" name="TC094_Verify_all_DIY_Videos_list" time="44.682"/>
</testsuite> <!-- Page_Test.Services_Page_Test -->
