<?xml version="1.0" encoding="UTF-8"?>
<!-- Generated by org.testng.reporters.JUnitReportReporter -->
<testsuite hostname="DESKTOP-DC5U0BQ" failures="0" tests="7" name="Page_Test.My_Profile_Page_Test" time="250.209" errors="0" timestamp="2023-11-24T21:58:33 IST" skipped="0">
  <testcase classname="Page_Test.My_Profile_Page_Test" name="TC028_Verify_My_Profile" time="19.304"/>
  <testcase classname="Page_Test.My_Profile_Page_Test" name="TC029_verify_more_detais_button" time="8.701"/>
  <testcase classname="Page_Test.My_Profile_Page_Test" name="TC030_edit_profile_button" time="47.506"/>
  <testcase classname="Page_Test.My_Profile_Page_Test" name="TC031_edit_Personal_Details" time="96.148"/>
  <testcase classname="Page_Test.My_Profile_Page_Test" name="TC032_change_original_Personal_Details" time="22.648"/>
  <testcase classname="Page_Test.My_Profile_Page_Test" name="TC033_Manage_License" time="25.980"/>
  <testcase classname="Page_Test.My_Profile_Page_Test" name="TC034_Verify_emergency_contacts" time="29.922"/>
</testsuite> <!-- Page_Test.My_Profile_Page_Test -->
