<?xml version="1.0" encoding="UTF-8"?>
<!-- Generated by org.testng.reporters.JUnitReportReporter -->
<testsuite hostname="DESKTOP-DC5U0BQ" failures="0" tests="27" name="Page_Test.Services_Page_Test" time="1745.467" errors="0" timestamp="2023-11-06T10:20:13 IST" skipped="0">
  <testcase classname="Page_Test.Services_Page_Test" name="TC066_Vehicle_details_on_service_page" time="20.919"/>
  <testcase classname="Page_Test.Services_Page_Test" name="TC067_verify_service_type" time="7.622"/>
  <testcase classname="Page_Test.Services_Page_Test" name="TC068_verify_Dealer_information" time="7.514"/>
  <testcase classname="Page_Test.Services_Page_Test" name="TC069_Verify_dealer_manager_info" time="31.055"/>
  <testcase classname="Page_Test.Services_Page_Test" name="TC070_View_Service_schedule_750" time="67.353"/>
  <testcase classname="Page_Test.Services_Page_Test" name="TC071_View_Service_schedule_3500" time="58.710"/>
  <testcase classname="Page_Test.Services_Page_Test" name="TC072_View_Service_schedule_6500" time="63.161"/>
  <testcase classname="Page_Test.Services_Page_Test" name="TC073_View_Service_schedule_9500" time="58.656"/>
  <testcase classname="Page_Test.Services_Page_Test" name="TC074_View_Service_schedule_12500" time="63.606"/>
  <testcase classname="Page_Test.Services_Page_Test" name="TC075_View_Service_schedule_15500" time="63.243"/>
  <testcase classname="Page_Test.Services_Page_Test" name="TC076_View_Service_schedule_18500" time="59.178"/>
  <testcase classname="Page_Test.Services_Page_Test" name="TC077_View_Service_schedule_21500" time="65.886"/>
  <testcase classname="Page_Test.Services_Page_Test" name="TC078_View_Service_schedule_24500" time="58.146"/>
  <testcase classname="Page_Test.Services_Page_Test" name="TC079_View_Service_schedule_27500" time="68.654"/>
  <testcase classname="Page_Test.Services_Page_Test" name="TC080_View_Service_schedule_60_days" time="69.514"/>
  <testcase classname="Page_Test.Services_Page_Test" name="TC081_View_Service_schedule_160_days" time="56.357"/>
  <testcase classname="Page_Test.Services_Page_Test" name="TC082_View_Service_schedule_260_days" time="61.376"/>
  <testcase classname="Page_Test.Services_Page_Test" name="TC083_View_Service_schedule_360_days" time="57.714"/>
  <testcase classname="Page_Test.Services_Page_Test" name="TC084_View_Service_schedule_460_days" time="63.881"/>
  <testcase classname="Page_Test.Services_Page_Test" name="TC085_View_Service_schedule_560_days" time="64.011"/>
  <testcase classname="Page_Test.Services_Page_Test" name="TC086_View_Service_schedule_660_days" time="59.739"/>
  <testcase classname="Page_Test.Services_Page_Test" name="TC087_View_Service_schedule_760_days" time="65.647"/>
  <testcase classname="Page_Test.Services_Page_Test" name="TC088_View_Service_schedule_860_days" time="58.940"/>
  <testcase classname="Page_Test.Services_Page_Test" name="TC089_View_Service_schedule_960_days" time="73.725"/>
  <testcase classname="Page_Test.Services_Page_Test" name="TC090_Verify_Last_Serviced" time="229.552"/>
  <testcase classname="Page_Test.Services_Page_Test" name="TC091_Verify_all_tips_list" time="121.317"/>
  <testcase classname="Page_Test.Services_Page_Test" name="TC092_Verify_all_DIY_Videos_list" time="69.991"/>
</testsuite> <!-- Page_Test.Services_Page_Test -->
