<?xml version="1.0" encoding="UTF-8"?>
<!-- Generated by org.testng.reporters.JUnitReportReporter -->
<testsuite hostname="DESKTOP-DC5U0BQ" failures="0" tests="3" name="Page_Test.Book_Service_test" time="204.317" errors="0" timestamp="2023-09-26T10:17:37 IST" skipped="0">
  <testcase classname="Page_Test.Book_Service_test" name="previous_service_info" time="133.443"/>
  <testcase classname="Page_Test.Book_Service_test" name="Book_service" time="64.456"/>
  <testcase classname="Page_Test.Book_Service_test" name="Review_Service_Details" time="6.418"/>
</testsuite> <!-- Page_Test.Book_Service_test -->
