<?xml version="1.0" encoding="UTF-8"?>
<!-- Generated by org.testng.reporters.JUnitReportReporter -->
<testsuite hostname="DESKTOP-DC5U0BQ" failures="0" tests="9" name="Page_Test.Home_Page_Test" time="241.056" errors="0" timestamp="2023-07-11T20:18:10 IST" skipped="0">
  <testcase classname="Page_Test.Home_Page_Test" name="TC017_Home_page_verify" time="23.484"/>
  <testcase classname="Page_Test.Home_Page_Test" name="TC018__verify_Navigate" time="9.440"/>
  <testcase classname="Page_Test.Home_Page_Test" name="TC019_Verify_Documents" time="88.135"/>
  <testcase classname="Page_Test.Home_Page_Test" name="TC020_Verify_Relationship_Manager" time="19.013"/>
  <testcase classname="Page_Test.Home_Page_Test" name="TC021_Verify_RSA" time="28.687"/>
  <testcase classname="Page_Test.Home_Page_Test" name="TC022_Verify_Technical_Support_Manager" time="7.597"/>
  <testcase classname="Page_Test.Home_Page_Test" name="TC023_Verify_Dealer_Locator" time="13.523"/>
  <testcase classname="Page_Test.Home_Page_Test" name="TC024_Select_city" time="35.553"/>
  <testcase classname="Page_Test.Home_Page_Test" name="TC025_View_dealer_name_and_address" time="15.624"/>
</testsuite> <!-- Page_Test.Home_Page_Test -->
