<?xml version="1.0" encoding="UTF-8"?>
<!-- Generated by org.testng.reporters.JUnitReportReporter -->
<testsuite hostname="DESKTOP-DC5U0BQ" failures="0" tests="11" name="Page_Test.Login_Page_Test" time="185.822" errors="0" timestamp="2023-10-03T15:18:41 IST" skipped="0">
  <testcase classname="Page_Test.Login_Page_Test" name="TC001_Verify_Login_with_Invalid_credential" time="10.932"/>
  <testcase classname="Page_Test.Login_Page_Test" name="TC002_invalidmobileno" time="8.896"/>
  <testcase classname="Page_Test.Login_Page_Test" name="TC003_Verify_Login_with_short_length_of_mobile_number_credential" time="5.457"/>
  <testcase classname="Page_Test.Login_Page_Test" name="TC004_max_digit_mobile_number" time="6.466"/>
  <testcase classname="Page_Test.Login_Page_Test" name="TC005_Terms_of_use_button" time="20.810"/>
  <testcase classname="Page_Test.Login_Page_Test" name="TC006_Privacy_policy" time="15.236"/>
  <testcase classname="Page_Test.Login_Page_Test" name="TC007_contact_Us" time="7.623"/>
  <testcase classname="Page_Test.Login_Page_Test" name="TC008_Verify_Login_with_valid_credential" time="27.755"/>
  <testcase classname="Page_Test.Login_Page_Test" name="TC009_resend_butn" time="17.609"/>
  <testcase classname="Page_Test.Login_Page_Test" name="TC010_inavalid_OTP" time="21.896"/>
  <testcase classname="Page_Test.Login_Page_Test" name="TC011_edit_moble" time="43.142"/>
</testsuite> <!-- Page_Test.Login_Page_Test -->
