<?xml version="1.0" encoding="UTF-8"?>
<!-- Generated by org.testng.reporters.JUnitReportReporter -->
<testsuite hostname="DESKTOP-DC5U0BQ" failures="0" tests="12" name="Page_Test.GoodLife_test" time="357.371" errors="0" timestamp="2023-10-03T20:06:30 IST" skipped="0">
  <testcase classname="Page_Test.GoodLife_test" name="TC095_verify_image_in_goodlife_page" time="83.602"/>
  <testcase classname="Page_Test.GoodLife_test" name="TC096_Verify_Pro_Membership" time="14.374"/>
  <testcase classname="Page_Test.GoodLife_test" name="TC097_Verify_Earning_History_in_Pro_Membership" time="8.566"/>
  <testcase classname="Page_Test.GoodLife_test" name="TC098_Verify_Redemption_History_in_Pro_Membership" time="9.302"/>
  <testcase classname="Page_Test.GoodLife_test" name="TC099_Verify_Complete_profile" time="10.848"/>
  <testcase classname="Page_Test.GoodLife_test" name="TC100_Verify_Welcome_Rewards" time="9.859"/>
  <testcase classname="Page_Test.GoodLife_test" name="TC101_Verify_refer_friend_in_Goodlife" time="32.699"/>
  <testcase classname="Page_Test.GoodLife_test" name="TC102_verify_Winner_informaton" time="30.414"/>
  <testcase classname="Page_Test.GoodLife_test" name="TC103_verify_Points_Earning_and_Redemption" time="85.914"/>
  <testcase classname="Page_Test.GoodLife_test" name="TC104_verify_Service_Privilegers" time="21.245"/>
  <testcase classname="Page_Test.GoodLife_test" name="TC105_verify_Benefits_and_Experiences" time="16.280"/>
  <testcase classname="Page_Test.GoodLife_test" name="TC106_verify_Remarkable_Rewards" time="34.268"/>
</testsuite> <!-- Page_Test.GoodLife_test -->
