<?xml version="1.0" encoding="UTF-8"?>
<!-- Generated by org.testng.reporters.JUnitReportReporter -->
<testsuite hostname="DESKTOP-DC5U0BQ" failures="0" tests="11" name="Page_Test.Home_Page_Test" time="319.159" errors="0" timestamp="2023-11-29T16:34:20 IST" skipped="0">
  <testcase classname="Page_Test.Home_Page_Test" name="TC017_Home_page_verify" time="43.879"/>
  <testcase classname="Page_Test.Home_Page_Test" name="TC018__verify_Navigate" time="26.346"/>
  <testcase classname="Page_Test.Home_Page_Test" name="TC019_Verify_Documents" time="40.300"/>
  <testcase classname="Page_Test.Home_Page_Test" name="TC020_Verify_Relationship_Manager" time="52.369"/>
  <testcase classname="Page_Test.Home_Page_Test" name="TC021_Verify_RSA" time="14.173"/>
  <testcase classname="Page_Test.Home_Page_Test" name="TC022_Renew_RSA" time="12.680"/>
  <testcase classname="Page_Test.Home_Page_Test" name="TC023_frequently_asked_questions" time="31.225"/>
  <testcase classname="Page_Test.Home_Page_Test" name="TC024_Verify_Technical_Support_Manager" time="44.581"/>
  <testcase classname="Page_Test.Home_Page_Test" name="TC025_Verify_Dealer_Locator" time="10.674"/>
  <testcase classname="Page_Test.Home_Page_Test" name="TC026_Select_city" time="28.834"/>
  <testcase classname="Page_Test.Home_Page_Test" name="TC027_View_dealer_name_and_address" time="14.098"/>
</testsuite> <!-- Page_Test.Home_Page_Test -->
