<?xml version="1.0" encoding="UTF-8"?>
<!-- Generated by org.testng.reporters.JUnitReportReporter -->
<testsuite hostname="DESKTOP-DC5U0BQ" failures="0" tests="10" name="Page_Test.GoodLife_test" time="184.878" errors="0" timestamp="2023-07-07T11:14:36 IST" skipped="0">
  <testcase classname="Page_Test.GoodLife_test" name="verify_image_in_goodlife_page" time="57.690"/>
  <testcase classname="Page_Test.GoodLife_test" name="verify_Service_Privilegers" time="13.903"/>
  <testcase classname="Page_Test.GoodLife_test" name="verify_Points_Earning_and_Redemption" time="24.340"/>
  <testcase classname="Page_Test.GoodLife_test" name="verify_Winner_informaton" time="0.301"/>
  <testcase classname="Page_Test.GoodLife_test" name="verify_Benefits_and_Experiences" time="7.765"/>
  <testcase classname="Page_Test.GoodLife_test" name="verify_Remarkable_Rewards" time="35.182"/>
  <testcase classname="Page_Test.GoodLife_test" name="Verify_Pro_Membership" time="6.896"/>
  <testcase classname="Page_Test.GoodLife_test" name="Verify_Silver_Membership" time="5.245"/>
  <testcase classname="Page_Test.GoodLife_test" name="Verify_Gold_Membership" time="8.864"/>
  <testcase classname="Page_Test.GoodLife_test" name="Verify_Platinum_Membership" time="24.692"/>
</testsuite> <!-- Page_Test.GoodLife_test -->
