<?xml version="1.0" encoding="UTF-8"?>
<!-- Generated by org.testng.reporters.JUnitReportReporter -->
<testsuite hostname="DESKTOP-DC5U0BQ" failures="0" tests="11" name="Page_Test.Login_Page_Test" time="203.624" errors="0" timestamp="2023-06-09T21:47:29 IST" skipped="0">
  <testcase classname="Page_Test.Login_Page_Test" name="TC001_Verify_Login_with_Invalid_credential" time="15.359"/>
  <system-out/>
  <testcase classname="Page_Test.Login_Page_Test" name="TC002_invalidmobileno" time="12.360"/>
  <system-out/>
  <testcase classname="Page_Test.Login_Page_Test" name="TC003_Verify_Login_with_short_length_of_mobile_number_credential" time="6.930"/>
  <system-out/>
  <testcase classname="Page_Test.Login_Page_Test" name="TC004_max_digit_mobile_number" time="6.857"/>
  <system-out/>
  <testcase classname="Page_Test.Login_Page_Test" name="TC005_Terms_of_use_button" time="19.452"/>
  <system-out/>
  <testcase classname="Page_Test.Login_Page_Test" name="TC006_Privacy_policy" time="13.792"/>
  <system-out/>
  <testcase classname="Page_Test.Login_Page_Test" name="TC007_contact_Us" time="20.316"/>
  <system-out/>
  <testcase classname="Page_Test.Login_Page_Test" name="TC008_Verify_Login_with_valid_credential" time="26.696"/>
  <system-out/>
  <testcase classname="Page_Test.Login_Page_Test" name="TC009_resend_butn" time="19.179"/>
  <system-out/>
  <testcase classname="Page_Test.Login_Page_Test" name="TC010_inavalid_OTP" time="22.200"/>
  <system-out/>
  <testcase classname="Page_Test.Login_Page_Test" name="TC011_edit_moble" time="40.483"/>
  <system-out/>
</testsuite> <!-- Page_Test.Login_Page_Test -->
