<?xml version="1.0" encoding="UTF-8"?>
<!-- Generated by org.testng.reporters.JUnitReportReporter -->
<testsuite hostname="DESKTOP-DC5U0BQ" failures="0" tests="6" name="Page_Test.Services_Page_Test" time="198.105" errors="0" timestamp="2023-06-06T10:00:04 IST" skipped="0">
  <testcase classname="Page_Test.Services_Page_Test" name="TC029_Vehicle_details_on_service_page" time="3.435"/>
  <system-out/>
  <testcase classname="Page_Test.Services_Page_Test" name="TC030_verify_service_info_and_raised_button" time="8.985"/>
  <system-out/>
  <testcase classname="Page_Test.Services_Page_Test" name="TC031_verify_service_booked_info" time="10.452"/>
  <system-out/>
  <testcase classname="Page_Test.Services_Page_Test" name="TC032_Verify_Last_Serviced" time="41.920"/>
  <system-out/>
  <testcase classname="Page_Test.Services_Page_Test" name="TC033_Verify_Tips" time="67.996"/>
  <system-out/>
  <testcase classname="Page_Test.Services_Page_Test" name="TC034_Verify_DIY_Videos" time="65.317"/>
  <system-out/>
</testsuite> <!-- Page_Test.Services_Page_Test -->
