<?xml version="1.0" encoding="UTF-8"?>
<!-- Generated by org.testng.reporters.JUnitReportReporter -->
<testsuite hostname="DESKTOP-DC5U0BQ" failures="0" tests="11" name="Page_Test.Login_Page_Test" time="157.638" errors="0" timestamp="2023-06-14T18:54:15 IST" skipped="0">
  <testcase classname="Page_Test.Login_Page_Test" name="TC001_Verify_Login_with_Invalid_credential" time="8.299"/>
  <testcase classname="Page_Test.Login_Page_Test" name="TC002_invalidmobileno" time="7.380"/>
  <testcase classname="Page_Test.Login_Page_Test" name="TC003_Verify_Login_with_short_length_of_mobile_number_credential" time="4.446"/>
  <testcase classname="Page_Test.Login_Page_Test" name="TC004_max_digit_mobile_number" time="5.162"/>
  <testcase classname="Page_Test.Login_Page_Test" name="TC005_Terms_of_use_button" time="14.937"/>
  <testcase classname="Page_Test.Login_Page_Test" name="TC006_Privacy_policy" time="11.117"/>
  <testcase classname="Page_Test.Login_Page_Test" name="TC007_contact_Us" time="10.757"/>
  <testcase classname="Page_Test.Login_Page_Test" name="TC008_Verify_Login_with_valid_credential" time="22.250"/>
  <testcase classname="Page_Test.Login_Page_Test" name="TC009_resend_butn" time="20.419"/>
  <testcase classname="Page_Test.Login_Page_Test" name="TC010_inavalid_OTP" time="16.695"/>
  <testcase classname="Page_Test.Login_Page_Test" name="TC011_edit_moble" time="36.176"/>
</testsuite> <!-- Page_Test.Login_Page_Test -->
