<?xml version="1.0" encoding="UTF-8"?>
<!-- Generated by org.testng.reporters.JUnitReportReporter -->
<testsuite hostname="DESKTOP-DC5U0BQ" failures="0" tests="6" name="Page_Test.Services_Page_Test" time="220.612" errors="0" timestamp="2023-06-07T05:38:08 IST" skipped="0">
  <testcase classname="Page_Test.Services_Page_Test" name="TC029_Vehicle_details_on_service_page" time="4.164"/>
  <system-out/>
  <testcase classname="Page_Test.Services_Page_Test" name="TC030_verify_service_info_and_raised_button" time="8.711"/>
  <system-out/>
  <testcase classname="Page_Test.Services_Page_Test" name="TC031_verify_service_booked_info" time="11.184"/>
  <system-out/>
  <testcase classname="Page_Test.Services_Page_Test" name="TC032_Verify_Last_Serviced" time="48.769"/>
  <system-out/>
  <testcase classname="Page_Test.Services_Page_Test" name="TC033_Verify_Tips" time="66.211"/>
  <system-out/>
  <testcase classname="Page_Test.Services_Page_Test" name="TC034_Verify_DIY_Videos" time="81.573"/>
  <system-out/>
</testsuite> <!-- Page_Test.Services_Page_Test -->
