<?xml version="1.0" encoding="UTF-8"?>
<!-- Generated by org.testng.reporters.JUnitReportReporter -->
<testsuite hostname="DESKTOP-DC5U0BQ" failures="0" tests="12" name="Page_Test.Refer_a_friend_and_Contact_us_test" time="221.428" errors="0" timestamp="2023-10-10T10:43:23 IST" skipped="0">
  <testcase classname="Page_Test.Refer_a_friend_and_Contact_us_test" name="TC043_Refer_a_friend" time="22.281"/>
  <testcase classname="Page_Test.Refer_a_friend_and_Contact_us_test" name="TC044_Verify_Select_State" time="18.685"/>
  <testcase classname="Page_Test.Refer_a_friend_and_Contact_us_test" name="TC045_Verify_Select_City" time="6.173"/>
  <testcase classname="Page_Test.Refer_a_friend_and_Contact_us_test" name="TC046_Verify_Select_Model" time="33.828"/>
  <testcase classname="Page_Test.Refer_a_friend_and_Contact_us_test" name="TC047_Verify_Refer_yourself" time="46.497"/>
  <testcase classname="Page_Test.Refer_a_friend_and_Contact_us_test" name="TC048_Verify_Facebook_in_Contact_us_page" time="22.227"/>
  <testcase classname="Page_Test.Refer_a_friend_and_Contact_us_test" name="TC049_Verify_instagram_in_Contact_us_page" time="11.492"/>
  <testcase classname="Page_Test.Refer_a_friend_and_Contact_us_test" name="TC050_Verify_Whatsapp_in_Contact_us_page" time="4.602"/>
  <testcase classname="Page_Test.Refer_a_friend_and_Contact_us_test" name="TC051_Verify_youTube_in_Contact_us_page" time="6.230"/>
  <testcase classname="Page_Test.Refer_a_friend_and_Contact_us_test" name="TC052_Verify_Linkedin_in_Contact_us_page" time="25.223"/>
  <testcase classname="Page_Test.Refer_a_friend_and_Contact_us_test" name="TC053_Verify_twitter_in_Contact_us_page" time="14.066"/>
  <testcase classname="Page_Test.Refer_a_friend_and_Contact_us_test" name="TC054_Verify_Contact_via_Email" time="10.124"/>
</testsuite> <!-- Page_Test.Refer_a_friend_and_Contact_us_test -->
