<?xml version="1.0" encoding="UTF-8"?>
<!-- Generated by org.testng.reporters.JUnitReportReporter -->
<testsuite hostname="DESKTOP-DC5U0BQ" failures="0" tests="11" name="Page_Test.GoodLife_test" time="261.177" errors="0" timestamp="2023-11-22T12:58:49 IST" skipped="0">
  <testcase classname="Page_Test.GoodLife_test" name="TC093_verify_image_in_goodlife_page" time="11.180"/>
  <testcase classname="Page_Test.GoodLife_test" name="TC094_Verify_Pro_Membership" time="14.003"/>
  <testcase classname="Page_Test.GoodLife_test" name="TC095_Verify_Earning_History_in_Pro_Membership" time="8.944"/>
  <testcase classname="Page_Test.GoodLife_test" name="TC096_Verify_Redemption_History_in_Pro_Membership" time="10.094"/>
  <testcase classname="Page_Test.GoodLife_test" name="TC097_Verify_Complete_profile" time="9.553"/>
  <testcase classname="Page_Test.GoodLife_test" name="TC098_Verify_Welcome_Rewards" time="9.785"/>
  <testcase classname="Page_Test.GoodLife_test" name="TC099_Verify_refer_friend_in_Goodlife" time="26.617"/>
  <testcase classname="Page_Test.GoodLife_test" name="TC100_verify_Winner_informaton" time="35.940"/>
  <testcase classname="Page_Test.GoodLife_test" name="TC101_verify_Points_Earning_and_Redemption" time="82.629"/>
  <testcase classname="Page_Test.GoodLife_test" name="TC102_verify_Service_Privilegers" time="10.336"/>
  <testcase classname="Page_Test.GoodLife_test" name="TC103_verify_Benefits_and_Experiences" time="42.096"/>
</testsuite> <!-- Page_Test.GoodLife_test -->
