<?xml version="1.0" encoding="UTF-8"?>
<!-- Generated by org.testng.reporters.JUnitReportReporter -->
<testsuite hostname="DESKTOP-DC5U0BQ" failures="0" tests="13" name="Page_Test.Home_Page_Test" time="288.504" errors="0" timestamp="2023-09-28T18:18:16 IST" skipped="0">
  <testcase classname="Page_Test.Home_Page_Test" name="TC017_Home_page_verify" time="19.253"/>
  <testcase classname="Page_Test.Home_Page_Test" name="TC018__verify_Navigate" time="13.055"/>
  <testcase classname="Page_Test.Home_Page_Test" name="TC019_Verify_Documents" time="92.407"/>
  <testcase classname="Page_Test.Home_Page_Test" name="TC020_Verify_Relationship_Manager" time="14.669"/>
  <testcase classname="Page_Test.Home_Page_Test" name="TC021_Verify_RSA" time="12.155"/>
  <testcase classname="Page_Test.Home_Page_Test" name="TC022_Select_State_For_Nearest_Dealer" time="12.918"/>
  <testcase classname="Page_Test.Home_Page_Test" name="TC023_Select_City_For_Nearest_Dealer" time="33.133"/>
  <testcase classname="Page_Test.Home_Page_Test" name="TC024_Select_Locality_For_Nearest_Dealer" time="15.852"/>
  <testcase classname="Page_Test.Home_Page_Test" name="TC025_Verify_Nearest_Dealer_info" time="26.551"/>
  <testcase classname="Page_Test.Home_Page_Test" name="TC026_Verify_Technical_Support_Manager" time="3.913"/>
  <testcase classname="Page_Test.Home_Page_Test" name="TC027_Verify_Dealer_Locator" time="10.332"/>
  <testcase classname="Page_Test.Home_Page_Test" name="TC028_Select_city" time="22.802"/>
  <testcase classname="Page_Test.Home_Page_Test" name="TC029_View_dealer_name_and_address" time="11.464"/>
</testsuite> <!-- Page_Test.Home_Page_Test -->
