<?xml version="1.0" encoding="UTF-8"?>
<!-- Generated by org.testng.reporters.JUnitReportReporter -->
<testsuite hostname="DESKTOP-DC5U0BQ" failures="0" tests="9" name="Page_Test.Home_Page_Test" time="259.875" errors="0" timestamp="2023-08-09T16:21:48 IST" skipped="0">
  <testcase classname="Page_Test.Home_Page_Test" name="TC017_Home_page_verify" time="20.220"/>
  <testcase classname="Page_Test.Home_Page_Test" name="TC018__verify_Navigate" time="9.419"/>
  <testcase classname="Page_Test.Home_Page_Test" name="TC019_Verify_Documents" time="90.737"/>
  <testcase classname="Page_Test.Home_Page_Test" name="TC020_Verify_Relationship_Manager" time="10.702"/>
  <testcase classname="Page_Test.Home_Page_Test" name="TC021_Verify_RSA" time="83.861"/>
  <testcase classname="Page_Test.Home_Page_Test" name="TC022_Verify_Technical_Support_Manager" time="3.274"/>
  <testcase classname="Page_Test.Home_Page_Test" name="TC023_Verify_Dealer_Locator" time="9.261"/>
  <testcase classname="Page_Test.Home_Page_Test" name="TC024_Select_city" time="22.498"/>
  <testcase classname="Page_Test.Home_Page_Test" name="TC025_View_dealer_name_and_address" time="9.903"/>
</testsuite> <!-- Page_Test.Home_Page_Test -->
