<?xml version="1.0" encoding="UTF-8"?>
<!-- Generated by org.testng.reporters.JUnitReportReporter -->
<testsuite hostname="DESKTOP-DC5U0BQ" failures="0" tests="9" name="Page_Test.Home_Page_Test" time="266.449" errors="0" timestamp="2023-08-09T17:10:21 IST" skipped="0">
  <testcase classname="Page_Test.Home_Page_Test" name="TC017_Home_page_verify" time="19.398"/>
  <testcase classname="Page_Test.Home_Page_Test" name="TC018__verify_Navigate" time="11.665"/>
  <testcase classname="Page_Test.Home_Page_Test" name="TC019_Verify_Documents" time="93.428"/>
  <testcase classname="Page_Test.Home_Page_Test" name="TC020_Verify_Relationship_Manager" time="13.231"/>
  <testcase classname="Page_Test.Home_Page_Test" name="TC021_Verify_RSA" time="83.782"/>
  <testcase classname="Page_Test.Home_Page_Test" name="TC022_Verify_Technical_Support_Manager" time="3.287"/>
  <testcase classname="Page_Test.Home_Page_Test" name="TC023_Verify_Dealer_Locator" time="8.877"/>
  <testcase classname="Page_Test.Home_Page_Test" name="TC024_Select_city" time="20.701"/>
  <testcase classname="Page_Test.Home_Page_Test" name="TC025_View_dealer_name_and_address" time="12.080"/>
</testsuite> <!-- Page_Test.Home_Page_Test -->
