<?xml version="1.0" encoding="UTF-8"?>
<!-- Generated by org.testng.reporters.JUnitReportReporter -->
<testsuite hostname="DESKTOP-DC5U0BQ" failures="0" tests="6" name="Page_Test.Vehicle_Details_test" time="259.920" errors="0" timestamp="2023-07-11T20:18:10 IST" skipped="0">
  <testcase classname="Page_Test.Vehicle_Details_test" name="TC034_Verify_My_Vehicle" time="25.459"/>
  <testcase classname="Page_Test.Vehicle_Details_test" name="TC035_Verify_My_Vehicle_more_details" time="16.206"/>
  <testcase classname="Page_Test.Vehicle_Details_test" name="TC036_Verify_My_Vehicle_Documents" time="44.474"/>
  <testcase classname="Page_Test.Vehicle_Details_test" name="TC037_Verify_Owners_Manual" time="23.429"/>
  <testcase classname="Page_Test.Vehicle_Details_test" name="TC038_Verify_my_Vehicle_service_History" time="136.990"/>
  <testcase classname="Page_Test.Vehicle_Details_test" name="TC039_Verify_Tips_and_DIY_videos_inside_sideMenu" time="13.362"/>
</testsuite> <!-- Page_Test.Vehicle_Details_test -->
