<?xml version="1.0" encoding="UTF-8"?>
<!-- Generated by org.testng.reporters.JUnitReportReporter -->
<testsuite hostname="DESKTOP-DC5U0BQ" failures="0" tests="11" name="Page_Test.GoodLife_test" time="282.989" errors="0" timestamp="2023-11-03T15:36:57 IST" skipped="0">
  <testcase classname="Page_Test.GoodLife_test" name="TC093_verify_image_in_goodlife_page" time="14.435"/>
  <testcase classname="Page_Test.GoodLife_test" name="TC094_Verify_Pro_Membership" time="15.919"/>
  <testcase classname="Page_Test.GoodLife_test" name="TC095_Verify_Earning_History_in_Pro_Membership" time="8.843"/>
  <testcase classname="Page_Test.GoodLife_test" name="TC096_Verify_Redemption_History_in_Pro_Membership" time="12.496"/>
  <testcase classname="Page_Test.GoodLife_test" name="TC097_Verify_Complete_profile" time="14.641"/>
  <testcase classname="Page_Test.GoodLife_test" name="TC098_Verify_Welcome_Rewards" time="13.506"/>
  <testcase classname="Page_Test.GoodLife_test" name="TC099_Verify_refer_friend_in_Goodlife" time="33.794"/>
  <testcase classname="Page_Test.GoodLife_test" name="TC100_verify_Winner_informaton" time="33.176"/>
  <testcase classname="Page_Test.GoodLife_test" name="TC101_verify_Points_Earning_and_Redemption" time="88.573"/>
  <testcase classname="Page_Test.GoodLife_test" name="TC102_verify_Service_Privilegers" time="24.818"/>
  <testcase classname="Page_Test.GoodLife_test" name="TC103_verify_Benefits_and_Experiences" time="22.788"/>
</testsuite> <!-- Page_Test.GoodLife_test -->
