<?xml version="1.0" encoding="UTF-8"?>
<!-- Generated by org.testng.reporters.JUnitReportReporter -->
<testsuite hostname="DESKTOP-DC5U0BQ" failures="0" tests="3" name="Page_Test.E_Shop_test" time="277.834" errors="0" timestamp="2023-08-08T15:47:10 IST" skipped="0">
  <testcase classname="Page_Test.E_Shop_test" name="registered_customers" time="104.872"/>
  <testcase classname="Page_Test.E_Shop_test" name="new_customers" time="35.689"/>
  <testcase classname="Page_Test.E_Shop_test" name="verify_Side_menu" time="137.273"/>
</testsuite> <!-- Page_Test.E_Shop_test -->
