<?xml version="1.0" encoding="UTF-8"?>
<!-- Generated by org.testng.reporters.JUnitReportReporter -->
<testsuite hostname="DESKTOP-DC5U0BQ" failures="0" tests="6" name="Page_Test.Vehicle_Details_test" time="177.658" errors="0" timestamp="2023-09-19T14:36:17 IST" skipped="0">
  <testcase classname="Page_Test.Vehicle_Details_test" name="TC037_Verify_My_Vehicle" time="16.741"/>
  <testcase classname="Page_Test.Vehicle_Details_test" name="TC038_Verify_My_Vehicle_more_details" time="9.669"/>
  <testcase classname="Page_Test.Vehicle_Details_test" name="TC039_Verify_My_Vehicle_Documents" time="55.590"/>
  <testcase classname="Page_Test.Vehicle_Details_test" name="TC040_Verify_Owners_Manual" time="41.255"/>
  <testcase classname="Page_Test.Vehicle_Details_test" name="TC041_Verify_my_Vehicle_service_History" time="48.555"/>
  <testcase classname="Page_Test.Vehicle_Details_test" name="TC042_Verify_Tips_and_DIY_videos_inside_sideMenu" time="5.848"/>
</testsuite> <!-- Page_Test.Vehicle_Details_test -->
