<?xml version="1.0" encoding="UTF-8"?>
<!-- Generated by org.testng.reporters.JUnitReportReporter -->
<testsuite hostname="DESKTOP-DC5U0BQ" failures="0" tests="11" name="Page_Test.Feedback_and_About_Hero_test" time="698.283" errors="0" timestamp="2023-11-09T12:53:00 IST" skipped="0">
  <testcase classname="Page_Test.Feedback_and_About_Hero_test" name="TC055_verify_Feedback" time="99.951"/>
  <testcase classname="Page_Test.Feedback_and_About_Hero_test" name="TC056_verify_About_Hero" time="42.180"/>
  <testcase classname="Page_Test.Feedback_and_About_Hero_test" name="TC057_verify_Side_menu_page_function" time="33.067"/>
  <testcase classname="Page_Test.Feedback_and_About_Hero_test" name="TC058_Vehicle_Details_in_Wheels_of_trust" time="80.548"/>
  <testcase classname="Page_Test.Feedback_and_About_Hero_test" name="TC059_Chose_city_in_Vehicle_Details_in_Wheels_of_trust" time="37.002"/>
  <testcase classname="Page_Test.Feedback_and_About_Hero_test" name="TC060_Select_company_in_Vehicle_Details_in_Wheels_of_trust" time="16.233"/>
  <testcase classname="Page_Test.Feedback_and_About_Hero_test" name="TC061_Select_Model_in_Vehicle_Details_in_Wheels_of_trust" time="47.019"/>
  <testcase classname="Page_Test.Feedback_and_About_Hero_test" name="TC062_Verify_Vehicle_Condition_in_Wheels_of_trust" time="149.622"/>
  <testcase classname="Page_Test.Feedback_and_About_Hero_test" name="TC063_Verify_Your_Details_Through_WhatsApp_in_Wheels_of_trust" time="34.400"/>
  <testcase classname="Page_Test.Feedback_and_About_Hero_test" name="TC064_Verify_Your_Details_Through_OTP_in_Wheels_of_trust" time="67.824"/>
  <testcase classname="Page_Test.Feedback_and_About_Hero_test" name="TC065_Verify_joyride" time="90.437"/>
</testsuite> <!-- Page_Test.Feedback_and_About_Hero_test -->
