<?xml version="1.0" encoding="UTF-8"?>
<!-- Generated by org.testng.reporters.JUnitReportReporter -->
<testsuite hostname="DESKTOP-DC5U0BQ" failures="0" tests="6" name="Page_Test.Vehicle_Details_test" time="254.246" errors="0" timestamp="2023-10-17T18:20:38 IST" skipped="0">
  <testcase classname="Page_Test.Vehicle_Details_test" name="TC037_Verify_My_Vehicle" time="41.111"/>
  <testcase classname="Page_Test.Vehicle_Details_test" name="TC038_Verify_My_Vehicle_more_details" time="20.756"/>
  <testcase classname="Page_Test.Vehicle_Details_test" name="TC039_Verify_My_Vehicle_Documents" time="48.628"/>
  <testcase classname="Page_Test.Vehicle_Details_test" name="TC040_Verify_Owners_Manual" time="24.569"/>
  <testcase classname="Page_Test.Vehicle_Details_test" name="TC041_Verify_my_Vehicle_service_History" time="106.622"/>
  <testcase classname="Page_Test.Vehicle_Details_test" name="TC042_Verify_Tips_and_DIY_videos_inside_sideMenu" time="12.560"/>
</testsuite> <!-- Page_Test.Vehicle_Details_test -->
