<?xml version="1.0" encoding="UTF-8"?>
<!-- Generated by org.testng.reporters.JUnitReportReporter -->
<testsuite hostname="DESKTOP-DC5U0BQ" failures="0" tests="8" name="Page_Test.Home_Page_Test" time="201.690" errors="0" timestamp="2023-06-15T19:37:43 IST" skipped="0">
  <testcase classname="Page_Test.Home_Page_Test" name="TC017_Home_page_verify" time="23.514"/>
  <testcase classname="Page_Test.Home_Page_Test" name="TC019_Verify_Documents" time="86.478"/>
  <testcase classname="Page_Test.Home_Page_Test" name="TC020_Verify_Relationship_Manager" time="17.867"/>
  <testcase classname="Page_Test.Home_Page_Test" name="TC021_Verify_RSA" time="8.037"/>
  <testcase classname="Page_Test.Home_Page_Test" name="TC022_Verify_Technical_Support_Manager" time="6.456"/>
  <testcase classname="Page_Test.Home_Page_Test" name="TC023_Verify_Dealer_Locator" time="12.311"/>
  <testcase classname="Page_Test.Home_Page_Test" name="TC024_Select_city" time="31.675"/>
  <testcase classname="Page_Test.Home_Page_Test" name="TC025_View_dealer_name_and_address" time="15.352"/>
</testsuite> <!-- Page_Test.Home_Page_Test -->
