<?xml version="1.0" encoding="UTF-8"?>
<!-- Generated by org.testng.reporters.JUnitReportReporter -->
<testsuite hostname="DESKTOP-DC5U0BQ" failures="0" tests="9" name="Page_Test.Home_Page_Test" time="267.429" errors="0" timestamp="2023-07-10T09:37:21 IST" skipped="0">
  <testcase classname="Page_Test.Home_Page_Test" name="TC017_Home_page_verify" time="97.094"/>
  <testcase classname="Page_Test.Home_Page_Test" name="TC018__verify_Navigate" time="9.536"/>
  <testcase classname="Page_Test.Home_Page_Test" name="TC019_Verify_Documents" time="90.649"/>
  <testcase classname="Page_Test.Home_Page_Test" name="TC020_Verify_Relationship_Manager" time="12.716"/>
  <testcase classname="Page_Test.Home_Page_Test" name="TC021_Verify_RSA" time="7.797"/>
  <testcase classname="Page_Test.Home_Page_Test" name="TC022_Verify_Technical_Support_Manager" time="3.711"/>
  <testcase classname="Page_Test.Home_Page_Test" name="TC023_Verify_Dealer_Locator" time="10.672"/>
  <testcase classname="Page_Test.Home_Page_Test" name="TC024_Select_city" time="24.590"/>
  <testcase classname="Page_Test.Home_Page_Test" name="TC025_View_dealer_name_and_address" time="10.664"/>
</testsuite> <!-- Page_Test.Home_Page_Test -->
