<?xml version="1.0" encoding="UTF-8"?>
<!-- Generated by org.testng.reporters.JUnitReportReporter -->
<testsuite hostname="DESKTOP-DC5U0BQ" failures="0" tests="11" name="Page_Test.Login_Page_Test" time="157.487" errors="0" timestamp="2023-08-28T22:01:50 IST" skipped="0">
  <testcase classname="Page_Test.Login_Page_Test" name="TC001_Verify_Login_with_Invalid_credential" time="4.865"/>
  <testcase classname="Page_Test.Login_Page_Test" name="TC002_invalidmobileno" time="7.001"/>
  <testcase classname="Page_Test.Login_Page_Test" name="TC003_Verify_Login_with_short_length_of_mobile_number_credential" time="6.888"/>
  <testcase classname="Page_Test.Login_Page_Test" name="TC004_max_digit_mobile_number" time="6.948"/>
  <testcase classname="Page_Test.Login_Page_Test" name="TC005_Terms_of_use_button" time="14.893"/>
  <testcase classname="Page_Test.Login_Page_Test" name="TC006_Privacy_policy" time="8.477"/>
  <testcase classname="Page_Test.Login_Page_Test" name="TC007_contact_Us" time="6.406"/>
  <testcase classname="Page_Test.Login_Page_Test" name="TC008_Verify_Login_with_valid_credential" time="25.839"/>
  <testcase classname="Page_Test.Login_Page_Test" name="TC009_resend_butn" time="19.055"/>
  <testcase classname="Page_Test.Login_Page_Test" name="TC010_inavalid_OTP" time="18.065"/>
  <testcase classname="Page_Test.Login_Page_Test" name="TC011_edit_moble" time="39.050"/>
</testsuite> <!-- Page_Test.Login_Page_Test -->
