<?xml version="1.0" encoding="UTF-8"?>
<!-- Generated by org.testng.reporters.JUnitReportReporter -->
<testsuite hostname="DESKTOP-DC5U0BQ" failures="0" tests="6" name="Page_Test.Vehicle_Details_test" time="587.107" errors="0" timestamp="2023-11-03T15:36:57 IST" skipped="0">
  <testcase classname="Page_Test.Vehicle_Details_test" name="TC035_Verify_My_Vehicle" time="121.832"/>
  <testcase classname="Page_Test.Vehicle_Details_test" name="TC036_Verify_My_Vehicle_more_details" time="52.326"/>
  <testcase classname="Page_Test.Vehicle_Details_test" name="TC037_Verify_My_Vehicle_Documents" time="30.922"/>
  <testcase classname="Page_Test.Vehicle_Details_test" name="TC038_Verify_Owners_Manual" time="27.236"/>
  <testcase classname="Page_Test.Vehicle_Details_test" name="TC039_Verify_my_Vehicle_service_History" time="309.752"/>
  <testcase classname="Page_Test.Vehicle_Details_test" name="TC040_Verify_Tips_and_DIY_videos_inside_sideMenu" time="45.039"/>
</testsuite> <!-- Page_Test.Vehicle_Details_test -->
