<?xml version="1.0" encoding="UTF-8"?>
<!-- Generated by org.testng.reporters.JUnitReportReporter -->
<testsuite hostname="DESKTOP-DC5U0BQ" failures="0" tests="8" name="Page_Test.Home_Page_Test" time="25.723" errors="0" timestamp="2023-06-27T08:58:54 IST" skipped="0">
  <testcase classname="Page_Test.Home_Page_Test" name="TC017_Home_page_verify" time="2.468"/>
  <testcase classname="Page_Test.Home_Page_Test" name="TC019_Verify_Documents" time="0.330"/>
  <testcase classname="Page_Test.Home_Page_Test" name="TC020_Verify_Relationship_Manager" time="7.129"/>
  <testcase classname="Page_Test.Home_Page_Test" name="TC021_Verify_RSA" time="6.281"/>
  <testcase classname="Page_Test.Home_Page_Test" name="TC022_Verify_Technical_Support_Manager" time="5.123"/>
  <testcase classname="Page_Test.Home_Page_Test" name="TC023_Verify_Dealer_Locator" time="2.548"/>
  <testcase classname="Page_Test.Home_Page_Test" name="TC024_Select_city" time="1.474"/>
  <testcase classname="Page_Test.Home_Page_Test" name="TC025_View_dealer_name_and_address" time="0.370"/>
</testsuite> <!-- Page_Test.Home_Page_Test -->
