<?xml version="1.0" encoding="UTF-8"?>
<!-- Generated by org.testng.reporters.JUnitReportReporter -->
<testsuite hostname="DESKTOP-DC5U0BQ" failures="0" tests="11" name="Page_Test.Login_Page_Test" time="171.807" errors="0" timestamp="2023-09-19T14:36:17 IST" skipped="0">
  <testcase classname="Page_Test.Login_Page_Test" name="TC001_Verify_Login_with_Invalid_credential" time="41.100"/>
  <testcase classname="Page_Test.Login_Page_Test" name="TC002_invalidmobileno" time="5.982"/>
  <testcase classname="Page_Test.Login_Page_Test" name="TC003_Verify_Login_with_short_length_of_mobile_number_credential" time="5.925"/>
  <testcase classname="Page_Test.Login_Page_Test" name="TC004_max_digit_mobile_number" time="5.691"/>
  <testcase classname="Page_Test.Login_Page_Test" name="TC005_Terms_of_use_button" time="11.016"/>
  <testcase classname="Page_Test.Login_Page_Test" name="TC006_Privacy_policy" time="6.890"/>
  <testcase classname="Page_Test.Login_Page_Test" name="TC007_contact_Us" time="4.195"/>
  <testcase classname="Page_Test.Login_Page_Test" name="TC008_Verify_Login_with_valid_credential" time="23.366"/>
  <testcase classname="Page_Test.Login_Page_Test" name="TC009_resend_butn" time="18.032"/>
  <testcase classname="Page_Test.Login_Page_Test" name="TC010_inavalid_OTP" time="15.144"/>
  <testcase classname="Page_Test.Login_Page_Test" name="TC011_edit_moble" time="34.466"/>
</testsuite> <!-- Page_Test.Login_Page_Test -->
