<?xml version="1.0" encoding="UTF-8"?>
<!-- Generated by org.testng.reporters.JUnitReportReporter -->
<testsuite hostname="DESKTOP-DC5U0BQ" failures="0" tests="27" name="Page_Test.Services_Page_Test" time="663.278" errors="0" timestamp="2023-08-09T17:10:21 IST" skipped="0">
  <testcase classname="Page_Test.Services_Page_Test" name="TC054_Vehicle_details_on_service_page" time="3.892"/>
  <testcase classname="Page_Test.Services_Page_Test" name="TC055_verify_service_type" time="0.433"/>
  <testcase classname="Page_Test.Services_Page_Test" name="TC056_verify_Dealer_information" time="2.903"/>
  <testcase classname="Page_Test.Services_Page_Test" name="TC057_Verify_dealer_manager_info" time="41.881"/>
  <testcase classname="Page_Test.Services_Page_Test" name="TC058_View_Service_schedule_750" time="18.506"/>
  <testcase classname="Page_Test.Services_Page_Test" name="TC059_View_Service_schedule_3500" time="16.826"/>
  <testcase classname="Page_Test.Services_Page_Test" name="TC060_View_Service_schedule_6500" time="20.354"/>
  <testcase classname="Page_Test.Services_Page_Test" name="TC061_View_Service_schedule_9500" time="16.656"/>
  <testcase classname="Page_Test.Services_Page_Test" name="TC062_View_Service_schedule_12500" time="20.738"/>
  <testcase classname="Page_Test.Services_Page_Test" name="TC063_View_Service_schedule_15500" time="17.355"/>
  <testcase classname="Page_Test.Services_Page_Test" name="TC064_View_Service_schedule_18500" time="15.754"/>
  <testcase classname="Page_Test.Services_Page_Test" name="TC065_View_Service_schedule_21500" time="21.029"/>
  <testcase classname="Page_Test.Services_Page_Test" name="TC066_View_Service_schedule_24500" time="15.912"/>
  <testcase classname="Page_Test.Services_Page_Test" name="TC067_View_Service_schedule_27500" time="21.456"/>
  <testcase classname="Page_Test.Services_Page_Test" name="TC068_View_Service_schedule_60_days" time="15.699"/>
  <testcase classname="Page_Test.Services_Page_Test" name="TC069_View_Service_schedule_160_days" time="17.357"/>
  <testcase classname="Page_Test.Services_Page_Test" name="TC070_View_Service_schedule_260_days" time="18.006"/>
  <testcase classname="Page_Test.Services_Page_Test" name="TC071_View_Service_schedule_360_days" time="16.617"/>
  <testcase classname="Page_Test.Services_Page_Test" name="TC072_View_Service_schedule_460_days" time="20.248"/>
  <testcase classname="Page_Test.Services_Page_Test" name="TC073_View_Service_schedule_560_days" time="16.995"/>
  <testcase classname="Page_Test.Services_Page_Test" name="TC074_View_Service_schedule_660_days" time="16.665"/>
  <testcase classname="Page_Test.Services_Page_Test" name="TC075_View_Service_schedule_760_days" time="21.337"/>
  <testcase classname="Page_Test.Services_Page_Test" name="TC076_View_Service_schedule_860_days" time="17.312"/>
  <testcase classname="Page_Test.Services_Page_Test" name="TC077_View_Service_schedule_960_days" time="23.859"/>
  <testcase classname="Page_Test.Services_Page_Test" name="TC078_Verify_Last_Serviced" time="90.743"/>
  <testcase classname="Page_Test.Services_Page_Test" name="TC079_Verify_all_tips_list" time="85.742"/>
  <testcase classname="Page_Test.Services_Page_Test" name="TC080_Verify_all_DIY_Videos_list" time="69.003"/>
</testsuite> <!-- Page_Test.Services_Page_Test -->
