<?xml version="1.0" encoding="UTF-8"?>
<!-- Generated by org.testng.reporters.JUnitReportReporter -->
<testsuite hostname="DESKTOP-DC5U0BQ" failures="0" tests="8" name="Page_Test.Home_Page_Test" time="217.720" errors="0" timestamp="2023-06-15T19:16:12 IST" skipped="0">
  <testcase classname="Page_Test.Home_Page_Test" name="TC017_Home_page_verify" time="21.436"/>
  <testcase classname="Page_Test.Home_Page_Test" name="TC019_Verify_Documents" time="91.750"/>
  <testcase classname="Page_Test.Home_Page_Test" name="TC020_Verify_Relationship_Manager" time="18.427"/>
  <testcase classname="Page_Test.Home_Page_Test" name="TC021_Verify_RSA" time="8.596"/>
  <testcase classname="Page_Test.Home_Page_Test" name="TC022_Verify_Technical_Support_Manager" time="6.659"/>
  <testcase classname="Page_Test.Home_Page_Test" name="TC023_Verify_Dealer_Locator" time="13.405"/>
  <testcase classname="Page_Test.Home_Page_Test" name="TC024_Select_city" time="40.584"/>
  <testcase classname="Page_Test.Home_Page_Test" name="TC025_View_dealer_name_and_address" time="16.863"/>
</testsuite> <!-- Page_Test.Home_Page_Test -->
