<?xml version="1.0" encoding="UTF-8"?>
<!-- Generated by org.testng.reporters.JUnitReportReporter -->
<testsuite hostname="DESKTOP-DC5U0BQ" failures="0" tests="6" name="Page_Test.Vehicle_Details_test" time="602.373" errors="0" timestamp="2023-11-09T12:53:00 IST" skipped="0">
  <testcase classname="Page_Test.Vehicle_Details_test" name="TC035_Verify_My_Vehicle" time="125.541"/>
  <testcase classname="Page_Test.Vehicle_Details_test" name="TC036_Verify_My_Vehicle_more_details" time="50.199"/>
  <testcase classname="Page_Test.Vehicle_Details_test" name="TC037_Verify_My_Vehicle_Documents" time="31.197"/>
  <testcase classname="Page_Test.Vehicle_Details_test" name="TC038_Verify_Owners_Manual" time="26.049"/>
  <testcase classname="Page_Test.Vehicle_Details_test" name="TC039_Verify_my_Vehicle_service_History" time="325.203"/>
  <testcase classname="Page_Test.Vehicle_Details_test" name="TC040_Verify_Tips_and_DIY_videos_inside_sideMenu" time="44.184"/>
</testsuite> <!-- Page_Test.Vehicle_Details_test -->
