<?xml version="1.0" encoding="UTF-8"?>
<!-- Generated by org.testng.reporters.JUnitReportReporter -->
<testsuite hostname="DESKTOP-DC5U0BQ" failures="0" tests="6" name="Page_Test.Vehicle_Details_test" time="340.482" errors="0" timestamp="2023-09-27T16:44:34 IST" skipped="0">
  <testcase classname="Page_Test.Vehicle_Details_test" name="TC037_Verify_My_Vehicle" time="46.107"/>
  <testcase classname="Page_Test.Vehicle_Details_test" name="TC038_Verify_My_Vehicle_more_details" time="29.355"/>
  <testcase classname="Page_Test.Vehicle_Details_test" name="TC039_Verify_My_Vehicle_Documents" time="57.086"/>
  <testcase classname="Page_Test.Vehicle_Details_test" name="TC040_Verify_Owners_Manual" time="28.907"/>
  <testcase classname="Page_Test.Vehicle_Details_test" name="TC041_Verify_my_Vehicle_service_History" time="159.872"/>
  <testcase classname="Page_Test.Vehicle_Details_test" name="TC042_Verify_Tips_and_DIY_videos_inside_sideMenu" time="19.155"/>
</testsuite> <!-- Page_Test.Vehicle_Details_test -->
