<?xml version="1.0" encoding="UTF-8"?>
<!-- Generated by org.testng.reporters.JUnitReportReporter -->
<testsuite hostname="DESKTOP-DC5U0BQ" failures="0" tests="12" name="Page_Test.GoodLife_test" time="150.048" errors="0" timestamp="2023-09-22T17:06:27 IST" skipped="0">
  <testcase classname="Page_Test.GoodLife_test" name="TC095_verify_image_in_goodlife_page" time="7.435"/>
  <testcase classname="Page_Test.GoodLife_test" name="TC096_Verify_Pro_Membership" time="2.429"/>
  <testcase classname="Page_Test.GoodLife_test" name="TC097_Verify_Earning_History_in_Pro_Membership" time="3.372"/>
  <testcase classname="Page_Test.GoodLife_test" name="TC098_Verify_Redemption_History_in_Pro_Membership" time="4.375"/>
  <testcase classname="Page_Test.GoodLife_test" name="TC099_Verify_Complete_profile" time="3.116"/>
  <testcase classname="Page_Test.GoodLife_test" name="TC100_Verify_Welcome_Rewards" time="2.326"/>
  <testcase classname="Page_Test.GoodLife_test" name="TC101_Verify_refer_friend_in_Goodlife" time="9.147"/>
  <testcase classname="Page_Test.GoodLife_test" name="TC102_verify_Winner_informaton" time="7.940"/>
  <testcase classname="Page_Test.GoodLife_test" name="TC103_verify_Points_Earning_and_Redemption" time="61.257"/>
  <testcase classname="Page_Test.GoodLife_test" name="TC104_verify_Service_Privilegers" time="9.839"/>
  <testcase classname="Page_Test.GoodLife_test" name="TC105_verify_Benefits_and_Experiences" time="20.114"/>
  <testcase classname="Page_Test.GoodLife_test" name="TC106_verify_Remarkable_Rewards" time="18.698"/>
</testsuite> <!-- Page_Test.GoodLife_test -->
