<?xml version="1.0" encoding="UTF-8"?>
<!-- Generated by org.testng.reporters.JUnitReportReporter -->
<testsuite hostname="DESKTOP-DC5U0BQ" failures="0" tests="6" name="Page_Test.Services_Page_Test" time="238.140" errors="0" timestamp="2023-06-02T18:25:16 IST" skipped="0">
  <testcase classname="Page_Test.Services_Page_Test" name="TC029_Vehicle_details_on_service_page" time="57.410"/>
  <system-out/>
  <testcase classname="Page_Test.Services_Page_Test" name="TC030_verify_service_info_and_raised_button" time="9.472"/>
  <system-out/>
  <testcase classname="Page_Test.Services_Page_Test" name="TC031_verify_service_booked_info" time="9.731"/>
  <system-out/>
  <testcase classname="Page_Test.Services_Page_Test" name="TC032_Verify_Last_Serviced" time="38.900"/>
  <system-out/>
  <testcase classname="Page_Test.Services_Page_Test" name="TC033_Verify_Tips" time="61.376"/>
  <system-out/>
  <testcase classname="Page_Test.Services_Page_Test" name="TC034_Verify_DIY_Videos" time="61.251"/>
  <system-out/>
</testsuite> <!-- Page_Test.Services_Page_Test -->
