<?xml version="1.0" encoding="UTF-8"?>
<!-- Generated by org.testng.reporters.JUnitReportReporter -->
<testsuite hostname="DESKTOP-DC5U0BQ" failures="0" tests="11" name="Page_Test.Home_Page_Test" time="476.611" errors="0" timestamp="2023-11-09T12:53:00 IST" skipped="0">
  <testcase classname="Page_Test.Home_Page_Test" name="TC017_Home_page_verify" time="64.728"/>
  <testcase classname="Page_Test.Home_Page_Test" name="TC018__verify_Navigate" time="50.511"/>
  <testcase classname="Page_Test.Home_Page_Test" name="TC019_Verify_Documents" time="41.167"/>
  <testcase classname="Page_Test.Home_Page_Test" name="TC020_Verify_Relationship_Manager" time="36.743"/>
  <testcase classname="Page_Test.Home_Page_Test" name="TC021_Verify_RSA" time="25.583"/>
  <testcase classname="Page_Test.Home_Page_Test" name="TC022_Renew_RSA" time="37.099"/>
  <testcase classname="Page_Test.Home_Page_Test" name="TC023_frequently_asked_questions" time="52.219"/>
  <testcase classname="Page_Test.Home_Page_Test" name="TC024_Verify_Technical_Support_Manager" time="19.102"/>
  <testcase classname="Page_Test.Home_Page_Test" name="TC025_Verify_Dealer_Locator" time="81.261"/>
  <testcase classname="Page_Test.Home_Page_Test" name="TC026_Select_city" time="43.337"/>
  <testcase classname="Page_Test.Home_Page_Test" name="TC027_View_dealer_name_and_address" time="24.861"/>
</testsuite> <!-- Page_Test.Home_Page_Test -->
