<?xml version="1.0" encoding="UTF-8"?>
<!-- Generated by org.testng.reporters.JUnitReportReporter -->
<testsuite hostname="DESKTOP-DC5U0BQ" failures="0" tests="11" name="Page_Test.Login_Page_Test" time="196.014" errors="0" timestamp="2023-09-24T19:06:23 IST" skipped="0">
  <testcase classname="Page_Test.Login_Page_Test" name="TC001_Verify_Login_with_Invalid_credential" time="43.055"/>
  <testcase classname="Page_Test.Login_Page_Test" name="TC002_invalidmobileno" time="6.416"/>
  <testcase classname="Page_Test.Login_Page_Test" name="TC003_Verify_Login_with_short_length_of_mobile_number_credential" time="8.051"/>
  <testcase classname="Page_Test.Login_Page_Test" name="TC004_max_digit_mobile_number" time="7.329"/>
  <testcase classname="Page_Test.Login_Page_Test" name="TC005_Terms_of_use_button" time="14.879"/>
  <testcase classname="Page_Test.Login_Page_Test" name="TC006_Privacy_policy" time="11.905"/>
  <testcase classname="Page_Test.Login_Page_Test" name="TC007_contact_Us" time="6.456"/>
  <testcase classname="Page_Test.Login_Page_Test" name="TC008_Verify_Login_with_valid_credential" time="25.822"/>
  <testcase classname="Page_Test.Login_Page_Test" name="TC009_resend_butn" time="18.131"/>
  <testcase classname="Page_Test.Login_Page_Test" name="TC010_inavalid_OTP" time="17.378"/>
  <testcase classname="Page_Test.Login_Page_Test" name="TC011_edit_moble" time="36.592"/>
</testsuite> <!-- Page_Test.Login_Page_Test -->
