<?xml version="1.0" encoding="UTF-8"?>
<!-- Generated by org.testng.reporters.JUnitReportReporter -->
<testsuite hostname="DESKTOP-DC5U0BQ" failures="0" tests="8" name="Page_Test.Home_Page_Test" time="252.485" errors="0" timestamp="2023-06-28T12:58:06 IST" skipped="0">
  <testcase classname="Page_Test.Home_Page_Test" name="TC017_Home_page_verify" time="24.267"/>
  <testcase classname="Page_Test.Home_Page_Test" name="TC019_Verify_Documents" time="111.867"/>
  <testcase classname="Page_Test.Home_Page_Test" name="TC020_Verify_Relationship_Manager" time="21.293"/>
  <testcase classname="Page_Test.Home_Page_Test" name="TC021_Verify_RSA" time="9.328"/>
  <testcase classname="Page_Test.Home_Page_Test" name="TC022_Verify_Technical_Support_Manager" time="8.189"/>
  <testcase classname="Page_Test.Home_Page_Test" name="TC023_Verify_Dealer_Locator" time="14.849"/>
  <testcase classname="Page_Test.Home_Page_Test" name="TC024_Select_city" time="42.184"/>
  <testcase classname="Page_Test.Home_Page_Test" name="TC025_View_dealer_name_and_address" time="20.508"/>
</testsuite> <!-- Page_Test.Home_Page_Test -->
