<?xml version="1.0" encoding="UTF-8"?>
<!-- Generated by org.testng.reporters.JUnitReportReporter -->
<testsuite hostname="DESKTOP-DC5U0BQ" failures="0" tests="7" name="Page_Test.My_Profile_Page_Test" time="199.595" errors="0" timestamp="2023-07-23T18:02:01 IST" skipped="0">
  <testcase classname="Page_Test.My_Profile_Page_Test" name="TC026_Verify_My_Profile" time="7.208"/>
  <testcase classname="Page_Test.My_Profile_Page_Test" name="TC027_verify_more_detais_button" time="2.152"/>
  <testcase classname="Page_Test.My_Profile_Page_Test" name="TC028_edit_profile_button" time="49.994"/>
  <testcase classname="Page_Test.My_Profile_Page_Test" name="TC029_edit_Personal_Details" time="65.384"/>
  <testcase classname="Page_Test.My_Profile_Page_Test" name="TC030_change_original_Personal_Details" time="17.631"/>
  <testcase classname="Page_Test.My_Profile_Page_Test" name="TC031_Manage_License" time="48.282"/>
  <testcase classname="Page_Test.My_Profile_Page_Test" name="TC032_Verify_emergency_contacts" time="8.944"/>
</testsuite> <!-- Page_Test.My_Profile_Page_Test -->
