<?xml version="1.0" encoding="UTF-8"?>
<!-- Generated by org.testng.reporters.JUnitReportReporter -->
<testsuite hostname="DESKTOP-DC5U0BQ" failures="0" tests="1" name="Page_Test.Home_Page_Test" time="151.462" errors="0" timestamp="2023-05-31T13:02:06 IST" skipped="0">
  <testcase classname="Page_Test.Home_Page_Test" name="TC012_Verify_Dealer_Locator" time="151.462"/>
  <system-out/>
</testsuite> <!-- Page_Test.Home_Page_Test -->
