<?xml version="1.0" encoding="UTF-8"?>
<!-- Generated by org.testng.reporters.JUnitReportReporter -->
<testsuite hostname="DESKTOP-DC5U0BQ" failures="0" tests="3" name="Page_Test.Login_Page_Test" time="141.012" errors="0" timestamp="2023-05-22T19:46:28 IST" skipped="0">
  <testcase classname="Page_Test.Login_Page_Test" name="TC001_Verify_Login_with_Invalid_credential" time="11.771"/>
  <system-out/>
  <testcase classname="Page_Test.Login_Page_Test" name="TC002_Verify_Login_with_short_length_of_mobile_number_credential" time="32.000"/>
  <system-out/>
  <testcase classname="Page_Test.Login_Page_Test" name="TC003_Verify_Login_with_valid_credential" time="97.241"/>
  <system-out/>
</testsuite> <!-- Page_Test.Login_Page_Test -->
