<?xml version="1.0" encoding="UTF-8"?>
<!-- Generated by org.testng.reporters.JUnitReportReporter -->
<testsuite hostname="DESKTOP-DC5U0BQ" failures="0" tests="5" name="Page_Test.My_Profile_Page_Test" time="185.256" errors="0" timestamp="2023-06-16T18:51:12 IST" skipped="0">
  <testcase classname="Page_Test.My_Profile_Page_Test" name="TC026_Verify_My_Profile" time="74.487"/>
  <testcase classname="Page_Test.My_Profile_Page_Test" name="TC027_verify_more_detais_button" time="4.092"/>
  <testcase classname="Page_Test.My_Profile_Page_Test" name="TC028_edit_prifile_button" time="26.618"/>
  <testcase classname="Page_Test.My_Profile_Page_Test" name="TC028_edit_Personal_Details" time="56.110"/>
  <testcase classname="Page_Test.My_Profile_Page_Test" name="TC028_change_original_Personal_Details" time="23.949"/>
</testsuite> <!-- Page_Test.My_Profile_Page_Test -->
