<?xml version="1.0" encoding="UTF-8"?>
<!-- Generated by org.testng.reporters.JUnitReportReporter -->
<testsuite hostname="DESKTOP-DC5U0BQ" failures="0" tests="5" name="Page_Test.Feedback_and_About_Hero_test" time="158.167" errors="0" timestamp="2023-11-24T21:58:33 IST" skipped="0">
  <testcase classname="Page_Test.Feedback_and_About_Hero_test" name="TC055_verify_Feedback" time="43.821"/>
  <testcase classname="Page_Test.Feedback_and_About_Hero_test" name="TC056_verify_About_Hero" time="20.160"/>
  <testcase classname="Page_Test.Feedback_and_About_Hero_test" name="TC057_verify_Side_menu_page_function" time="14.328"/>
  <testcase classname="Page_Test.Feedback_and_About_Hero_test" name="TC058_Wheels_of_Trust" time="41.464"/>
  <testcase classname="Page_Test.Feedback_and_About_Hero_test" name="TC065_Verify_joyride" time="38.394"/>
</testsuite> <!-- Page_Test.Feedback_and_About_Hero_test -->
