<?xml version="1.0" encoding="UTF-8"?>
<!-- Generated by org.testng.reporters.JUnitReportReporter -->
<testsuite hostname="DESKTOP-DC5U0BQ" failures="0" tests="11" name="Page_Test.Login_Page_Test" time="148.476" errors="0" timestamp="2023-08-11T14:53:55 IST" skipped="0">
  <testcase classname="Page_Test.Login_Page_Test" name="TC001_Verify_Login_with_Invalid_credential" time="4.679"/>
  <testcase classname="Page_Test.Login_Page_Test" name="TC002_invalidmobileno" time="5.204"/>
  <testcase classname="Page_Test.Login_Page_Test" name="TC003_Verify_Login_with_short_length_of_mobile_number_credential" time="6.523"/>
  <testcase classname="Page_Test.Login_Page_Test" name="TC004_max_digit_mobile_number" time="5.931"/>
  <testcase classname="Page_Test.Login_Page_Test" name="TC005_Terms_of_use_button" time="11.604"/>
  <testcase classname="Page_Test.Login_Page_Test" name="TC006_Privacy_policy" time="8.397"/>
  <testcase classname="Page_Test.Login_Page_Test" name="TC007_contact_Us" time="4.807"/>
  <testcase classname="Page_Test.Login_Page_Test" name="TC008_Verify_Login_with_valid_credential" time="25.641"/>
  <testcase classname="Page_Test.Login_Page_Test" name="TC009_resend_butn" time="18.362"/>
  <testcase classname="Page_Test.Login_Page_Test" name="TC010_inavalid_OTP" time="18.916"/>
  <testcase classname="Page_Test.Login_Page_Test" name="TC011_edit_moble" time="38.412"/>
</testsuite> <!-- Page_Test.Login_Page_Test -->
