<?xml version="1.0" encoding="UTF-8"?>
<!-- Generated by org.testng.reporters.JUnitReportReporter -->
<testsuite hostname="DESKTOP-DC5U0BQ" failures="0" tests="7" name="Page_Test.Services_Page_Test" time="418.683" errors="0" timestamp="2023-07-11T20:18:10 IST" skipped="0">
  <testcase classname="Page_Test.Services_Page_Test" name="TC034_Vehicle_details_on_service_page" time="6.456"/>
  <testcase classname="Page_Test.Services_Page_Test" name="TC035_verify_service_type" time="2.172"/>
  <testcase classname="Page_Test.Services_Page_Test" name="TC036_verify_Dealer_information" time="5.591"/>
  <testcase classname="Page_Test.Services_Page_Test" name="TC037_Verify_dealer_manager_info" time="5.937"/>
  <testcase classname="Page_Test.Services_Page_Test" name="TC038_Verify_Last_Serviced" time="179.978"/>
  <testcase classname="Page_Test.Services_Page_Test" name="TC039_Verify_all_tips_list" time="126.779"/>
  <testcase classname="Page_Test.Services_Page_Test" name="TC040_Verify_all_DIY_Videos_list" time="91.770"/>
</testsuite> <!-- Page_Test.Services_Page_Test -->
