<?xml version="1.0" encoding="UTF-8"?>
<!-- Generated by org.testng.reporters.JUnitReportReporter -->
<testsuite hostname="DESKTOP-DC5U0BQ" failures="0" tests="2" name="Page_Test.Safety_Measures_and_Symbols_Glossary_Test" time="314.246" errors="0" timestamp="2023-11-06T10:20:13 IST" skipped="0">
  <testcase classname="Page_Test.Safety_Measures_and_Symbols_Glossary_Test" name="TC053_Verify_Safety_Measures" time="56.397"/>
  <testcase classname="Page_Test.Safety_Measures_and_Symbols_Glossary_Test" name="TC054_Verify_Symbols_Glossary" time="257.849"/>
</testsuite> <!-- Page_Test.Safety_Measures_and_Symbols_Glossary_Test -->
