<?xml version="1.0" encoding="UTF-8"?>
<!-- Generated by org.testng.reporters.JUnitReportReporter -->
<testsuite hostname="DESKTOP-DC5U0BQ" failures="0" tests="7" name="Page_Test.My_Profile_Page_Test" time="270.228" errors="0" timestamp="2023-06-21T21:48:51 IST" skipped="0">
  <testcase classname="Page_Test.My_Profile_Page_Test" name="TC027_Verify_My_Profile" time="11.292"/>
  <testcase classname="Page_Test.My_Profile_Page_Test" name="TC028_verify_more_detais_button" time="5.314"/>
  <testcase classname="Page_Test.My_Profile_Page_Test" name="TC029_edit_profile_button" time="22.018"/>
  <testcase classname="Page_Test.My_Profile_Page_Test" name="TC030_edit_Personal_Details" time="147.047"/>
  <testcase classname="Page_Test.My_Profile_Page_Test" name="TC031_change_original_Personal_Details" time="34.605"/>
  <testcase classname="Page_Test.My_Profile_Page_Test" name="TC032_Manage_License" time="29.344"/>
  <testcase classname="Page_Test.My_Profile_Page_Test" name="TC033_Verify_emergency_contacts" time="20.608"/>
</testsuite> <!-- Page_Test.My_Profile_Page_Test -->
