<?xml version="1.0" encoding="UTF-8"?>
<!-- Generated by org.testng.reporters.JUnitReportReporter -->
<testsuite hostname="DESKTOP-DC5U0BQ" failures="0" tests="27" name="Page_Test.Services_Page_Test" time="796.699" errors="0" timestamp="2023-07-19T17:57:44 IST" skipped="0">
  <testcase classname="Page_Test.Services_Page_Test" name="TC034_Vehicle_details_on_service_page" time="3.861"/>
  <testcase classname="Page_Test.Services_Page_Test" name="TC035_verify_service_type" time="0.519"/>
  <testcase classname="Page_Test.Services_Page_Test" name="TC036_verify_Dealer_information" time="3.019"/>
  <testcase classname="Page_Test.Services_Page_Test" name="TC037_Verify_dealer_manager_info" time="5.204"/>
  <testcase classname="Page_Test.Services_Page_Test" name="TC038_View_Service_schedule_750" time="20.851"/>
  <testcase classname="Page_Test.Services_Page_Test" name="TC039_View_Service_schedule_3500" time="19.003"/>
  <testcase classname="Page_Test.Services_Page_Test" name="TC040_View_Service_schedule_6500" time="21.188"/>
  <testcase classname="Page_Test.Services_Page_Test" name="TC041_View_Service_schedule_9500" time="18.809"/>
  <testcase classname="Page_Test.Services_Page_Test" name="TC042_View_Service_schedule_12500" time="22.138"/>
  <testcase classname="Page_Test.Services_Page_Test" name="TC043_View_Service_schedule_15500" time="21.610"/>
  <testcase classname="Page_Test.Services_Page_Test" name="TC044_View_Service_schedule_18500" time="19.523"/>
  <testcase classname="Page_Test.Services_Page_Test" name="TC045_View_Service_schedule_21500" time="22.093"/>
  <testcase classname="Page_Test.Services_Page_Test" name="TC046_View_Service_schedule_24500" time="19.852"/>
  <testcase classname="Page_Test.Services_Page_Test" name="TC047_View_Service_schedule_27500" time="22.203"/>
  <testcase classname="Page_Test.Services_Page_Test" name="TC048_View_Service_schedule_60_days" time="19.545"/>
  <testcase classname="Page_Test.Services_Page_Test" name="TC049_View_Service_schedule_160_days" time="18.459"/>
  <testcase classname="Page_Test.Services_Page_Test" name="TC050_View_Service_schedule_260_days" time="20.672"/>
  <testcase classname="Page_Test.Services_Page_Test" name="TC051_View_Service_schedule_360_days" time="19.912"/>
  <testcase classname="Page_Test.Services_Page_Test" name="TC052_View_Service_schedule_460_days" time="21.672"/>
  <testcase classname="Page_Test.Services_Page_Test" name="TC053_View_Service_schedule_560_days" time="20.709"/>
  <testcase classname="Page_Test.Services_Page_Test" name="TC054_View_Service_schedule_660_days" time="19.908"/>
  <testcase classname="Page_Test.Services_Page_Test" name="TC055_View_Service_schedule_760_days" time="21.923"/>
  <testcase classname="Page_Test.Services_Page_Test" name="TC056_View_Service_schedule_860_days" time="18.577"/>
  <testcase classname="Page_Test.Services_Page_Test" name="TC057_View_Service_schedule_960_days" time="23.475"/>
  <testcase classname="Page_Test.Services_Page_Test" name="TC058_Verify_Last_Serviced" time="214.311"/>
  <testcase classname="Page_Test.Services_Page_Test" name="TC059_Verify_all_tips_list" time="76.578"/>
  <testcase classname="Page_Test.Services_Page_Test" name="TC060_Verify_all_DIY_Videos_list" time="81.085"/>
</testsuite> <!-- Page_Test.Services_Page_Test -->
