<?xml version="1.0" encoding="UTF-8"?>
<!-- Generated by org.testng.reporters.JUnitReportReporter -->
<testsuite hostname="DESKTOP-DC5U0BQ" failures="0" tests="11" name="Page_Test.Login_Page_Test" time="132.330" errors="0" timestamp="2023-09-14T18:33:26 IST" skipped="0">
  <testcase classname="Page_Test.Login_Page_Test" name="TC001_Verify_Login_with_Invalid_credential" time="4.950"/>
  <testcase classname="Page_Test.Login_Page_Test" name="TC002_invalidmobileno" time="5.766"/>
  <testcase classname="Page_Test.Login_Page_Test" name="TC003_Verify_Login_with_short_length_of_mobile_number_credential" time="5.014"/>
  <testcase classname="Page_Test.Login_Page_Test" name="TC004_max_digit_mobile_number" time="6.064"/>
  <testcase classname="Page_Test.Login_Page_Test" name="TC005_Terms_of_use_button" time="10.551"/>
  <testcase classname="Page_Test.Login_Page_Test" name="TC006_Privacy_policy" time="7.634"/>
  <testcase classname="Page_Test.Login_Page_Test" name="TC007_contact_Us" time="4.247"/>
  <testcase classname="Page_Test.Login_Page_Test" name="TC008_Verify_Login_with_valid_credential" time="23.829"/>
  <testcase classname="Page_Test.Login_Page_Test" name="TC009_resend_butn" time="16.912"/>
  <testcase classname="Page_Test.Login_Page_Test" name="TC010_inavalid_OTP" time="13.927"/>
  <testcase classname="Page_Test.Login_Page_Test" name="TC011_edit_moble" time="33.436"/>
</testsuite> <!-- Page_Test.Login_Page_Test -->
