<?xml version="1.0" encoding="UTF-8"?>
<!-- Generated by org.testng.reporters.JUnitReportReporter -->
<testsuite hostname="DESKTOP-DC5U0BQ" failures="0" tests="11" name="Page_Test.GoodLife_test" time="3.095" errors="11" timestamp="2023-11-29T16:34:20 IST" skipped="0">
  <testcase classname="Page_Test.GoodLife_test" name="TC093_verify_image_in_goodlife_page" time="3.013">
    <error message="Connection refused: no further information
Build info: version: &#039;4.8.1&#039;, revision: &#039;8ebccac989&#039;
System info: os.name: &#039;Windows 11&#039;, os.arch: &#039;amd64&#039;, os.version: &#039;10.0&#039;, java.version: &#039;19.0.1&#039;
Driver info: io.appium.java_client.android.AndroidDriver
Command: [1ac9de03-4113-4421-a586-d4c2eef15e60, findElement {using=xpath, value=(//android.widget.TextView[@resource-id =&#039;com.customerapp.hero:id/navigation_bar_item_small_label_view&#039;])[2]}]
Capabilities {appium:appActivity: com.customerapp.hero.views...., appium:appPackage: com.customerapp.hero, appium:automationName: uiautomator2, appium:avdLaunchTimeout: 600000, appium:databaseEnabled: false, appium:desired: {appActivity: com.customerapp.hero.views...., appPackage: com.customerapp.hero, automationName: uiautomator2, avdLaunchTimeout: 600000, deviceName: realme C33 2023, noReset: false, platformName: android, udid: 3323262910AA04DS}, appium:deviceApiLevel: 31, appium:deviceManufacturer: realme, appium:deviceModel: RMX3627, appium:deviceName: 3323262910AA04DS, appium:deviceScreenDensity: 272, appium:deviceScreenSize: 720x1600, appium:deviceUDID: 3323262910AA04DS, appium:javascriptEnabled: true, appium:locationContextEnabled: false, appium:networkConnectionEnabled: true, appium:noReset: false, appium:pixelRatio: 1.7, appium:platformVersion: 12, appium:statBarHeight: 54, appium:takesScreenshot: true, appium:udid: 3323262910AA04DS, appium:viewportRect: {height: 1394, left: 0, top: 54, width: 720}, appium:warnings: {}, appium:webStorageEnabled: false, platformName: ANDROID}
Session ID: 1ac9de03-4113-4421-a586-d4c2eef15e60" type="org.openqa.selenium.WebDriverException">
      <![CDATA[org.openqa.selenium.WebDriverException: Connection refused: no further information
Build info: version: '4.8.1', revision: '8ebccac989'
System info: os.name: 'Windows 11', os.arch: 'amd64', os.version: '10.0', java.version: '19.0.1'
Driver info: io.appium.java_client.android.AndroidDriver
Command: [1ac9de03-4113-4421-a586-d4c2eef15e60, findElement {using=xpath, value=(//android.widget.TextView[@resource-id ='com.customerapp.hero:id/navigation_bar_item_small_label_view'])[2]}]
Capabilities {appium:appActivity: com.customerapp.hero.views...., appium:appPackage: com.customerapp.hero, appium:automationName: uiautomator2, appium:avdLaunchTimeout: 600000, appium:databaseEnabled: false, appium:desired: {appActivity: com.customerapp.hero.views...., appPackage: com.customerapp.hero, automationName: uiautomator2, avdLaunchTimeout: 600000, deviceName: realme C33 2023, noReset: false, platformName: android, udid: 3323262910AA04DS}, appium:deviceApiLevel: 31, appium:deviceManufacturer: realme, appium:deviceModel: RMX3627, appium:deviceName: 3323262910AA04DS, appium:deviceScreenDensity: 272, appium:deviceScreenSize: 720x1600, appium:deviceUDID: 3323262910AA04DS, appium:javascriptEnabled: true, appium:locationContextEnabled: false, appium:networkConnectionEnabled: true, appium:noReset: false, appium:pixelRatio: 1.7, appium:platformVersion: 12, appium:statBarHeight: 54, appium:takesScreenshot: true, appium:udid: 3323262910AA04DS, appium:viewportRect: {height: 1394, left: 0, top: 54, width: 720}, appium:warnings: {}, appium:webStorageEnabled: false, platformName: ANDROID}
Session ID: 1ac9de03-4113-4421-a586-d4c2eef15e60
at io.appium.java_client.remote.AppiumCommandExecutor.lambda$execute$4(AppiumCommandExecutor.java:274)
at java.base/java.util.Optional.orElseGet(Optional.java:364)
at io.appium.java_client.remote.AppiumCommandExecutor.execute(AppiumCommandExecutor.java:273)
at org.openqa.selenium.remote.RemoteWebDriver.execute(RemoteWebDriver.java:543)
at org.openqa.selenium.remote.ElementLocation$ElementFinder$2.findElement(ElementLocation.java:162)
at org.openqa.selenium.remote.ElementLocation.findElement(ElementLocation.java:60)
at org.openqa.selenium.remote.RemoteWebDriver.findElement(RemoteWebDriver.java:352)
at org.openqa.selenium.remote.RemoteWebDriver.findElement(RemoteWebDriver.java:344)
at org.openqa.selenium.support.pagefactory.DefaultElementLocator.findElement(DefaultElementLocator.java:70)
at org.openqa.selenium.support.pagefactory.internal.LocatingElementHandler.invoke(LocatingElementHandler.java:39)
at jdk.proxy2/jdk.proxy2.$Proxy33.getText(Unknown Source)
at Page_Test.GoodLife_test.TC093_verify_image_in_goodlife_page(GoodLife_test.java:21)
at java.base/jdk.internal.reflect.DirectMethodHandleAccessor.invoke(DirectMethodHandleAccessor.java:104)
at java.base/java.lang.reflect.Method.invoke(Method.java:578)
at org.testng.internal.invokers.MethodInvocationHelper.invokeMethod(MethodInvocationHelper.java:139)
at org.testng.internal.invokers.TestInvoker.invokeMethod(TestInvoker.java:664)
at org.testng.internal.invokers.TestInvoker.invokeTestMethod(TestInvoker.java:227)
at org.testng.internal.invokers.MethodRunner.runInSequence(MethodRunner.java:50)
at org.testng.internal.invokers.TestInvoker$MethodInvocationAgent.invoke(TestInvoker.java:957)
at org.testng.internal.invokers.TestInvoker.invokeTestMethods(TestInvoker.java:200)
at org.testng.internal.invokers.TestMethodWorker.invokeTestMethods(TestMethodWorker.java:148)
at org.testng.internal.invokers.TestMethodWorker.run(TestMethodWorker.java:128)
at java.base/java.util.ArrayList.forEach(ArrayList.java:1511)
at org.testng.TestRunner.privateRun(TestRunner.java:848)
at org.testng.TestRunner.run(TestRunner.java:621)
at org.testng.SuiteRunner.runTest(SuiteRunner.java:443)
at org.testng.SuiteRunner.runSequentially(SuiteRunner.java:437)
at org.testng.SuiteRunner.privateRun(SuiteRunner.java:397)
at org.testng.SuiteRunner.run(SuiteRunner.java:336)
at org.testng.SuiteRunnerWorker.runSuite(SuiteRunnerWorker.java:52)
at org.testng.SuiteRunnerWorker.run(SuiteRunnerWorker.java:95)
at org.testng.TestNG.runSuitesSequentially(TestNG.java:1280)
at org.testng.TestNG.runSuitesLocally(TestNG.java:1200)
at org.testng.TestNG.runSuites(TestNG.java:1114)
at org.testng.TestNG.run(TestNG.java:1082)
at org.testng.remote.AbstractRemoteTestNG.run(AbstractRemoteTestNG.java:115)
at org.testng.remote.RemoteTestNG.initAndRun(RemoteTestNG.java:251)
at org.testng.remote.RemoteTestNG.main(RemoteTestNG.java:77)
Caused by: java.net.ConnectException: Connection refused: no further information
at java.base/sun.nio.ch.Net.pollConnect(Native Method)
at java.base/sun.nio.ch.Net.pollConnectNow(Net.java:672)
at java.base/sun.nio.ch.SocketChannelImpl.finishConnect(SocketChannelImpl.java:973)
at io.netty.channel.socket.nio.NioSocketChannel.doFinishConnect(NioSocketChannel.java:337)
at io.netty.channel.nio.AbstractNioChannel$AbstractNioUnsafe.finishConnect(AbstractNioChannel.java:334)
at io.netty.channel.nio.NioEventLoop.processSelectedKey(NioEventLoop.java:776)
at io.netty.channel.nio.NioEventLoop.processSelectedKeysOptimized(NioEventLoop.java:724)
at io.netty.channel.nio.NioEventLoop.processSelectedKeys(NioEventLoop.java:650)
at io.netty.channel.nio.NioEventLoop.run(NioEventLoop.java:562)
at io.netty.util.concurrent.SingleThreadEventExecutor$4.run(SingleThreadEventExecutor.java:997)
at io.netty.util.internal.ThreadExecutorMap$2.run(ThreadExecutorMap.java:74)
at io.netty.util.concurrent.FastThreadLocalRunnable.run(FastThreadLocalRunnable.java:30)
at java.base/java.lang.Thread.run(Thread.java:1589)
]]>
    </error>
  </testcase> <!-- TC093_verify_image_in_goodlife_page -->
  <testcase classname="Page_Test.GoodLife_test" name="TC094_Verify_Pro_Membership" time="0.017">
    <error message="Connection refused: no further information
Build info: version: &#039;4.8.1&#039;, revision: &#039;8ebccac989&#039;
System info: os.name: &#039;Windows 11&#039;, os.arch: &#039;amd64&#039;, os.version: &#039;10.0&#039;, java.version: &#039;19.0.1&#039;
Driver info: io.appium.java_client.android.AndroidDriver
Command: [1ac9de03-4113-4421-a586-d4c2eef15e60, findElement {using=xpath, value=//android.widget.TextView[@resource-id =&#039;com.customerapp.hero:id/plan_name&#039;]}]
Capabilities {appium:appActivity: com.customerapp.hero.views...., appium:appPackage: com.customerapp.hero, appium:automationName: uiautomator2, appium:avdLaunchTimeout: 600000, appium:databaseEnabled: false, appium:desired: {appActivity: com.customerapp.hero.views...., appPackage: com.customerapp.hero, automationName: uiautomator2, avdLaunchTimeout: 600000, deviceName: realme C33 2023, noReset: false, platformName: android, udid: 3323262910AA04DS}, appium:deviceApiLevel: 31, appium:deviceManufacturer: realme, appium:deviceModel: RMX3627, appium:deviceName: 3323262910AA04DS, appium:deviceScreenDensity: 272, appium:deviceScreenSize: 720x1600, appium:deviceUDID: 3323262910AA04DS, appium:javascriptEnabled: true, appium:locationContextEnabled: false, appium:networkConnectionEnabled: true, appium:noReset: false, appium:pixelRatio: 1.7, appium:platformVersion: 12, appium:statBarHeight: 54, appium:takesScreenshot: true, appium:udid: 3323262910AA04DS, appium:viewportRect: {height: 1394, left: 0, top: 54, width: 720}, appium:warnings: {}, appium:webStorageEnabled: false, platformName: ANDROID}
Session ID: 1ac9de03-4113-4421-a586-d4c2eef15e60" type="org.openqa.selenium.WebDriverException">
      <![CDATA[org.openqa.selenium.WebDriverException: Connection refused: no further information
Build info: version: '4.8.1', revision: '8ebccac989'
System info: os.name: 'Windows 11', os.arch: 'amd64', os.version: '10.0', java.version: '19.0.1'
Driver info: io.appium.java_client.android.AndroidDriver
Command: [1ac9de03-4113-4421-a586-d4c2eef15e60, findElement {using=xpath, value=//android.widget.TextView[@resource-id ='com.customerapp.hero:id/plan_name']}]
Capabilities {appium:appActivity: com.customerapp.hero.views...., appium:appPackage: com.customerapp.hero, appium:automationName: uiautomator2, appium:avdLaunchTimeout: 600000, appium:databaseEnabled: false, appium:desired: {appActivity: com.customerapp.hero.views...., appPackage: com.customerapp.hero, automationName: uiautomator2, avdLaunchTimeout: 600000, deviceName: realme C33 2023, noReset: false, platformName: android, udid: 3323262910AA04DS}, appium:deviceApiLevel: 31, appium:deviceManufacturer: realme, appium:deviceModel: RMX3627, appium:deviceName: 3323262910AA04DS, appium:deviceScreenDensity: 272, appium:deviceScreenSize: 720x1600, appium:deviceUDID: 3323262910AA04DS, appium:javascriptEnabled: true, appium:locationContextEnabled: false, appium:networkConnectionEnabled: true, appium:noReset: false, appium:pixelRatio: 1.7, appium:platformVersion: 12, appium:statBarHeight: 54, appium:takesScreenshot: true, appium:udid: 3323262910AA04DS, appium:viewportRect: {height: 1394, left: 0, top: 54, width: 720}, appium:warnings: {}, appium:webStorageEnabled: false, platformName: ANDROID}
Session ID: 1ac9de03-4113-4421-a586-d4c2eef15e60
at io.appium.java_client.remote.AppiumCommandExecutor.lambda$execute$4(AppiumCommandExecutor.java:274)
at java.base/java.util.Optional.orElseGet(Optional.java:364)
at io.appium.java_client.remote.AppiumCommandExecutor.execute(AppiumCommandExecutor.java:273)
at org.openqa.selenium.remote.RemoteWebDriver.execute(RemoteWebDriver.java:543)
at org.openqa.selenium.remote.ElementLocation$ElementFinder$2.findElement(ElementLocation.java:162)
at org.openqa.selenium.remote.ElementLocation.findElement(ElementLocation.java:60)
at org.openqa.selenium.remote.RemoteWebDriver.findElement(RemoteWebDriver.java:352)
at org.openqa.selenium.remote.RemoteWebDriver.findElement(RemoteWebDriver.java:344)
at org.openqa.selenium.support.pagefactory.DefaultElementLocator.findElement(DefaultElementLocator.java:70)
at org.openqa.selenium.support.pagefactory.internal.LocatingElementHandler.invoke(LocatingElementHandler.java:39)
at jdk.proxy2/jdk.proxy2.$Proxy33.getText(Unknown Source)
at Page_Test.GoodLife_test.TC094_Verify_Pro_Membership(GoodLife_test.java:34)
at java.base/jdk.internal.reflect.DirectMethodHandleAccessor.invoke(DirectMethodHandleAccessor.java:104)
at java.base/java.lang.reflect.Method.invoke(Method.java:578)
at org.testng.internal.invokers.MethodInvocationHelper.invokeMethod(MethodInvocationHelper.java:139)
at org.testng.internal.invokers.TestInvoker.invokeMethod(TestInvoker.java:664)
at org.testng.internal.invokers.TestInvoker.invokeTestMethod(TestInvoker.java:227)
at org.testng.internal.invokers.MethodRunner.runInSequence(MethodRunner.java:50)
at org.testng.internal.invokers.TestInvoker$MethodInvocationAgent.invoke(TestInvoker.java:957)
at org.testng.internal.invokers.TestInvoker.invokeTestMethods(TestInvoker.java:200)
at org.testng.internal.invokers.TestMethodWorker.invokeTestMethods(TestMethodWorker.java:148)
at org.testng.internal.invokers.TestMethodWorker.run(TestMethodWorker.java:128)
at java.base/java.util.ArrayList.forEach(ArrayList.java:1511)
at org.testng.TestRunner.privateRun(TestRunner.java:848)
at org.testng.TestRunner.run(TestRunner.java:621)
at org.testng.SuiteRunner.runTest(SuiteRunner.java:443)
at org.testng.SuiteRunner.runSequentially(SuiteRunner.java:437)
at org.testng.SuiteRunner.privateRun(SuiteRunner.java:397)
at org.testng.SuiteRunner.run(SuiteRunner.java:336)
at org.testng.SuiteRunnerWorker.runSuite(SuiteRunnerWorker.java:52)
at org.testng.SuiteRunnerWorker.run(SuiteRunnerWorker.java:95)
at org.testng.TestNG.runSuitesSequentially(TestNG.java:1280)
at org.testng.TestNG.runSuitesLocally(TestNG.java:1200)
at org.testng.TestNG.runSuites(TestNG.java:1114)
at org.testng.TestNG.run(TestNG.java:1082)
at org.testng.remote.AbstractRemoteTestNG.run(AbstractRemoteTestNG.java:115)
at org.testng.remote.RemoteTestNG.initAndRun(RemoteTestNG.java:251)
at org.testng.remote.RemoteTestNG.main(RemoteTestNG.java:77)
Caused by: java.net.ConnectException: Connection refused: no further information
at java.base/sun.nio.ch.Net.pollConnect(Native Method)
at java.base/sun.nio.ch.Net.pollConnectNow(Net.java:672)
at java.base/sun.nio.ch.SocketChannelImpl.finishConnect(SocketChannelImpl.java:973)
at io.netty.channel.socket.nio.NioSocketChannel.doFinishConnect(NioSocketChannel.java:337)
at io.netty.channel.nio.AbstractNioChannel$AbstractNioUnsafe.finishConnect(AbstractNioChannel.java:334)
at io.netty.channel.nio.NioEventLoop.processSelectedKey(NioEventLoop.java:776)
at io.netty.channel.nio.NioEventLoop.processSelectedKeysOptimized(NioEventLoop.java:724)
at io.netty.channel.nio.NioEventLoop.processSelectedKeys(NioEventLoop.java:650)
at io.netty.channel.nio.NioEventLoop.run(NioEventLoop.java:562)
at io.netty.util.concurrent.SingleThreadEventExecutor$4.run(SingleThreadEventExecutor.java:997)
at io.netty.util.internal.ThreadExecutorMap$2.run(ThreadExecutorMap.java:74)
at io.netty.util.concurrent.FastThreadLocalRunnable.run(FastThreadLocalRunnable.java:30)
at java.base/java.lang.Thread.run(Thread.java:1589)
]]>
    </error>
  </testcase> <!-- TC094_Verify_Pro_Membership -->
  <testcase classname="Page_Test.GoodLife_test" name="TC095_Verify_Earning_History_in_Pro_Membership" time="0.012">
    <error message="Connection refused: no further information
Build info: version: &#039;4.8.1&#039;, revision: &#039;8ebccac989&#039;
System info: os.name: &#039;Windows 11&#039;, os.arch: &#039;amd64&#039;, os.version: &#039;10.0&#039;, java.version: &#039;19.0.1&#039;
Driver info: io.appium.java_client.android.AndroidDriver
Command: [1ac9de03-4113-4421-a586-d4c2eef15e60, findElement {using=xpath, value=//android.widget.LinearLayout[@content-desc=&#039;Earning History&#039;]/android.widget.TextView}]
Capabilities {appium:appActivity: com.customerapp.hero.views...., appium:appPackage: com.customerapp.hero, appium:automationName: uiautomator2, appium:avdLaunchTimeout: 600000, appium:databaseEnabled: false, appium:desired: {appActivity: com.customerapp.hero.views...., appPackage: com.customerapp.hero, automationName: uiautomator2, avdLaunchTimeout: 600000, deviceName: realme C33 2023, noReset: false, platformName: android, udid: 3323262910AA04DS}, appium:deviceApiLevel: 31, appium:deviceManufacturer: realme, appium:deviceModel: RMX3627, appium:deviceName: 3323262910AA04DS, appium:deviceScreenDensity: 272, appium:deviceScreenSize: 720x1600, appium:deviceUDID: 3323262910AA04DS, appium:javascriptEnabled: true, appium:locationContextEnabled: false, appium:networkConnectionEnabled: true, appium:noReset: false, appium:pixelRatio: 1.7, appium:platformVersion: 12, appium:statBarHeight: 54, appium:takesScreenshot: true, appium:udid: 3323262910AA04DS, appium:viewportRect: {height: 1394, left: 0, top: 54, width: 720}, appium:warnings: {}, appium:webStorageEnabled: false, platformName: ANDROID}
Session ID: 1ac9de03-4113-4421-a586-d4c2eef15e60" type="org.openqa.selenium.WebDriverException">
      <![CDATA[org.openqa.selenium.WebDriverException: Connection refused: no further information
Build info: version: '4.8.1', revision: '8ebccac989'
System info: os.name: 'Windows 11', os.arch: 'amd64', os.version: '10.0', java.version: '19.0.1'
Driver info: io.appium.java_client.android.AndroidDriver
Command: [1ac9de03-4113-4421-a586-d4c2eef15e60, findElement {using=xpath, value=//android.widget.LinearLayout[@content-desc='Earning History']/android.widget.TextView}]
Capabilities {appium:appActivity: com.customerapp.hero.views...., appium:appPackage: com.customerapp.hero, appium:automationName: uiautomator2, appium:avdLaunchTimeout: 600000, appium:databaseEnabled: false, appium:desired: {appActivity: com.customerapp.hero.views...., appPackage: com.customerapp.hero, automationName: uiautomator2, avdLaunchTimeout: 600000, deviceName: realme C33 2023, noReset: false, platformName: android, udid: 3323262910AA04DS}, appium:deviceApiLevel: 31, appium:deviceManufacturer: realme, appium:deviceModel: RMX3627, appium:deviceName: 3323262910AA04DS, appium:deviceScreenDensity: 272, appium:deviceScreenSize: 720x1600, appium:deviceUDID: 3323262910AA04DS, appium:javascriptEnabled: true, appium:locationContextEnabled: false, appium:networkConnectionEnabled: true, appium:noReset: false, appium:pixelRatio: 1.7, appium:platformVersion: 12, appium:statBarHeight: 54, appium:takesScreenshot: true, appium:udid: 3323262910AA04DS, appium:viewportRect: {height: 1394, left: 0, top: 54, width: 720}, appium:warnings: {}, appium:webStorageEnabled: false, platformName: ANDROID}
Session ID: 1ac9de03-4113-4421-a586-d4c2eef15e60
at io.appium.java_client.remote.AppiumCommandExecutor.lambda$execute$4(AppiumCommandExecutor.java:274)
at java.base/java.util.Optional.orElseGet(Optional.java:364)
at io.appium.java_client.remote.AppiumCommandExecutor.execute(AppiumCommandExecutor.java:273)
at org.openqa.selenium.remote.RemoteWebDriver.execute(RemoteWebDriver.java:543)
at org.openqa.selenium.remote.ElementLocation$ElementFinder$2.findElement(ElementLocation.java:162)
at org.openqa.selenium.remote.ElementLocation.findElement(ElementLocation.java:60)
at org.openqa.selenium.remote.RemoteWebDriver.findElement(RemoteWebDriver.java:352)
at org.openqa.selenium.remote.RemoteWebDriver.findElement(RemoteWebDriver.java:344)
at org.openqa.selenium.support.pagefactory.DefaultElementLocator.findElement(DefaultElementLocator.java:70)
at org.openqa.selenium.support.pagefactory.internal.LocatingElementHandler.invoke(LocatingElementHandler.java:39)
at jdk.proxy2/jdk.proxy2.$Proxy33.getText(Unknown Source)
at Page_Test.GoodLife_test.TC095_Verify_Earning_History_in_Pro_Membership(GoodLife_test.java:43)
at java.base/jdk.internal.reflect.DirectMethodHandleAccessor.invoke(DirectMethodHandleAccessor.java:104)
at java.base/java.lang.reflect.Method.invoke(Method.java:578)
at org.testng.internal.invokers.MethodInvocationHelper.invokeMethod(MethodInvocationHelper.java:139)
at org.testng.internal.invokers.TestInvoker.invokeMethod(TestInvoker.java:664)
at org.testng.internal.invokers.TestInvoker.invokeTestMethod(TestInvoker.java:227)
at org.testng.internal.invokers.MethodRunner.runInSequence(MethodRunner.java:50)
at org.testng.internal.invokers.TestInvoker$MethodInvocationAgent.invoke(TestInvoker.java:957)
at org.testng.internal.invokers.TestInvoker.invokeTestMethods(TestInvoker.java:200)
at org.testng.internal.invokers.TestMethodWorker.invokeTestMethods(TestMethodWorker.java:148)
at org.testng.internal.invokers.TestMethodWorker.run(TestMethodWorker.java:128)
at java.base/java.util.ArrayList.forEach(ArrayList.java:1511)
at org.testng.TestRunner.privateRun(TestRunner.java:848)
at org.testng.TestRunner.run(TestRunner.java:621)
at org.testng.SuiteRunner.runTest(SuiteRunner.java:443)
at org.testng.SuiteRunner.runSequentially(SuiteRunner.java:437)
at org.testng.SuiteRunner.privateRun(SuiteRunner.java:397)
at org.testng.SuiteRunner.run(SuiteRunner.java:336)
at org.testng.SuiteRunnerWorker.runSuite(SuiteRunnerWorker.java:52)
at org.testng.SuiteRunnerWorker.run(SuiteRunnerWorker.java:95)
at org.testng.TestNG.runSuitesSequentially(TestNG.java:1280)
at org.testng.TestNG.runSuitesLocally(TestNG.java:1200)
at org.testng.TestNG.runSuites(TestNG.java:1114)
at org.testng.TestNG.run(TestNG.java:1082)
at org.testng.remote.AbstractRemoteTestNG.run(AbstractRemoteTestNG.java:115)
at org.testng.remote.RemoteTestNG.initAndRun(RemoteTestNG.java:251)
at org.testng.remote.RemoteTestNG.main(RemoteTestNG.java:77)
Caused by: java.net.ConnectException: Connection refused: no further information
at java.base/sun.nio.ch.Net.pollConnect(Native Method)
at java.base/sun.nio.ch.Net.pollConnectNow(Net.java:672)
at java.base/sun.nio.ch.SocketChannelImpl.finishConnect(SocketChannelImpl.java:973)
at io.netty.channel.socket.nio.NioSocketChannel.doFinishConnect(NioSocketChannel.java:337)
at io.netty.channel.nio.AbstractNioChannel$AbstractNioUnsafe.finishConnect(AbstractNioChannel.java:334)
at io.netty.channel.nio.NioEventLoop.processSelectedKey(NioEventLoop.java:776)
at io.netty.channel.nio.NioEventLoop.processSelectedKeysOptimized(NioEventLoop.java:724)
at io.netty.channel.nio.NioEventLoop.processSelectedKeys(NioEventLoop.java:650)
at io.netty.channel.nio.NioEventLoop.run(NioEventLoop.java:562)
at io.netty.util.concurrent.SingleThreadEventExecutor$4.run(SingleThreadEventExecutor.java:997)
at io.netty.util.internal.ThreadExecutorMap$2.run(ThreadExecutorMap.java:74)
at io.netty.util.concurrent.FastThreadLocalRunnable.run(FastThreadLocalRunnable.java:30)
at java.base/java.lang.Thread.run(Thread.java:1589)
]]>
    </error>
  </testcase> <!-- TC095_Verify_Earning_History_in_Pro_Membership -->
  <testcase classname="Page_Test.GoodLife_test" name="TC096_Verify_Redemption_History_in_Pro_Membership" time="0.008">
    <error message="Connection refused: no further information
Build info: version: &#039;4.8.1&#039;, revision: &#039;8ebccac989&#039;
System info: os.name: &#039;Windows 11&#039;, os.arch: &#039;amd64&#039;, os.version: &#039;10.0&#039;, java.version: &#039;19.0.1&#039;
Driver info: io.appium.java_client.android.AndroidDriver
Command: [1ac9de03-4113-4421-a586-d4c2eef15e60, findElement {using=xpath, value=//android.widget.LinearLayout[@content-desc=&#039;Redemption History&#039;]/android.widget.TextView}]
Capabilities {appium:appActivity: com.customerapp.hero.views...., appium:appPackage: com.customerapp.hero, appium:automationName: uiautomator2, appium:avdLaunchTimeout: 600000, appium:databaseEnabled: false, appium:desired: {appActivity: com.customerapp.hero.views...., appPackage: com.customerapp.hero, automationName: uiautomator2, avdLaunchTimeout: 600000, deviceName: realme C33 2023, noReset: false, platformName: android, udid: 3323262910AA04DS}, appium:deviceApiLevel: 31, appium:deviceManufacturer: realme, appium:deviceModel: RMX3627, appium:deviceName: 3323262910AA04DS, appium:deviceScreenDensity: 272, appium:deviceScreenSize: 720x1600, appium:deviceUDID: 3323262910AA04DS, appium:javascriptEnabled: true, appium:locationContextEnabled: false, appium:networkConnectionEnabled: true, appium:noReset: false, appium:pixelRatio: 1.7, appium:platformVersion: 12, appium:statBarHeight: 54, appium:takesScreenshot: true, appium:udid: 3323262910AA04DS, appium:viewportRect: {height: 1394, left: 0, top: 54, width: 720}, appium:warnings: {}, appium:webStorageEnabled: false, platformName: ANDROID}
Session ID: 1ac9de03-4113-4421-a586-d4c2eef15e60" type="org.openqa.selenium.WebDriverException">
      <![CDATA[org.openqa.selenium.WebDriverException: Connection refused: no further information
Build info: version: '4.8.1', revision: '8ebccac989'
System info: os.name: 'Windows 11', os.arch: 'amd64', os.version: '10.0', java.version: '19.0.1'
Driver info: io.appium.java_client.android.AndroidDriver
Command: [1ac9de03-4113-4421-a586-d4c2eef15e60, findElement {using=xpath, value=//android.widget.LinearLayout[@content-desc='Redemption History']/android.widget.TextView}]
Capabilities {appium:appActivity: com.customerapp.hero.views...., appium:appPackage: com.customerapp.hero, appium:automationName: uiautomator2, appium:avdLaunchTimeout: 600000, appium:databaseEnabled: false, appium:desired: {appActivity: com.customerapp.hero.views...., appPackage: com.customerapp.hero, automationName: uiautomator2, avdLaunchTimeout: 600000, deviceName: realme C33 2023, noReset: false, platformName: android, udid: 3323262910AA04DS}, appium:deviceApiLevel: 31, appium:deviceManufacturer: realme, appium:deviceModel: RMX3627, appium:deviceName: 3323262910AA04DS, appium:deviceScreenDensity: 272, appium:deviceScreenSize: 720x1600, appium:deviceUDID: 3323262910AA04DS, appium:javascriptEnabled: true, appium:locationContextEnabled: false, appium:networkConnectionEnabled: true, appium:noReset: false, appium:pixelRatio: 1.7, appium:platformVersion: 12, appium:statBarHeight: 54, appium:takesScreenshot: true, appium:udid: 3323262910AA04DS, appium:viewportRect: {height: 1394, left: 0, top: 54, width: 720}, appium:warnings: {}, appium:webStorageEnabled: false, platformName: ANDROID}
Session ID: 1ac9de03-4113-4421-a586-d4c2eef15e60
at io.appium.java_client.remote.AppiumCommandExecutor.lambda$execute$4(AppiumCommandExecutor.java:274)
at java.base/java.util.Optional.orElseGet(Optional.java:364)
at io.appium.java_client.remote.AppiumCommandExecutor.execute(AppiumCommandExecutor.java:273)
at org.openqa.selenium.remote.RemoteWebDriver.execute(RemoteWebDriver.java:543)
at org.openqa.selenium.remote.ElementLocation$ElementFinder$2.findElement(ElementLocation.java:162)
at org.openqa.selenium.remote.ElementLocation.findElement(ElementLocation.java:60)
at org.openqa.selenium.remote.RemoteWebDriver.findElement(RemoteWebDriver.java:352)
at org.openqa.selenium.remote.RemoteWebDriver.findElement(RemoteWebDriver.java:344)
at org.openqa.selenium.support.pagefactory.DefaultElementLocator.findElement(DefaultElementLocator.java:70)
at org.openqa.selenium.support.pagefactory.internal.LocatingElementHandler.invoke(LocatingElementHandler.java:39)
at jdk.proxy2/jdk.proxy2.$Proxy33.getText(Unknown Source)
at Page_Test.GoodLife_test.TC096_Verify_Redemption_History_in_Pro_Membership(GoodLife_test.java:49)
at java.base/jdk.internal.reflect.DirectMethodHandleAccessor.invoke(DirectMethodHandleAccessor.java:104)
at java.base/java.lang.reflect.Method.invoke(Method.java:578)
at org.testng.internal.invokers.MethodInvocationHelper.invokeMethod(MethodInvocationHelper.java:139)
at org.testng.internal.invokers.TestInvoker.invokeMethod(TestInvoker.java:664)
at org.testng.internal.invokers.TestInvoker.invokeTestMethod(TestInvoker.java:227)
at org.testng.internal.invokers.MethodRunner.runInSequence(MethodRunner.java:50)
at org.testng.internal.invokers.TestInvoker$MethodInvocationAgent.invoke(TestInvoker.java:957)
at org.testng.internal.invokers.TestInvoker.invokeTestMethods(TestInvoker.java:200)
at org.testng.internal.invokers.TestMethodWorker.invokeTestMethods(TestMethodWorker.java:148)
at org.testng.internal.invokers.TestMethodWorker.run(TestMethodWorker.java:128)
at java.base/java.util.ArrayList.forEach(ArrayList.java:1511)
at org.testng.TestRunner.privateRun(TestRunner.java:848)
at org.testng.TestRunner.run(TestRunner.java:621)
at org.testng.SuiteRunner.runTest(SuiteRunner.java:443)
at org.testng.SuiteRunner.runSequentially(SuiteRunner.java:437)
at org.testng.SuiteRunner.privateRun(SuiteRunner.java:397)
at org.testng.SuiteRunner.run(SuiteRunner.java:336)
at org.testng.SuiteRunnerWorker.runSuite(SuiteRunnerWorker.java:52)
at org.testng.SuiteRunnerWorker.run(SuiteRunnerWorker.java:95)
at org.testng.TestNG.runSuitesSequentially(TestNG.java:1280)
at org.testng.TestNG.runSuitesLocally(TestNG.java:1200)
at org.testng.TestNG.runSuites(TestNG.java:1114)
at org.testng.TestNG.run(TestNG.java:1082)
at org.testng.remote.AbstractRemoteTestNG.run(AbstractRemoteTestNG.java:115)
at org.testng.remote.RemoteTestNG.initAndRun(RemoteTestNG.java:251)
at org.testng.remote.RemoteTestNG.main(RemoteTestNG.java:77)
Caused by: java.net.ConnectException: Connection refused: no further information
at java.base/sun.nio.ch.Net.pollConnect(Native Method)
at java.base/sun.nio.ch.Net.pollConnectNow(Net.java:672)
at java.base/sun.nio.ch.SocketChannelImpl.finishConnect(SocketChannelImpl.java:973)
at io.netty.channel.socket.nio.NioSocketChannel.doFinishConnect(NioSocketChannel.java:337)
at io.netty.channel.nio.AbstractNioChannel$AbstractNioUnsafe.finishConnect(AbstractNioChannel.java:334)
at io.netty.channel.nio.NioEventLoop.processSelectedKey(NioEventLoop.java:776)
at io.netty.channel.nio.NioEventLoop.processSelectedKeysOptimized(NioEventLoop.java:724)
at io.netty.channel.nio.NioEventLoop.processSelectedKeys(NioEventLoop.java:650)
at io.netty.channel.nio.NioEventLoop.run(NioEventLoop.java:562)
at io.netty.util.concurrent.SingleThreadEventExecutor$4.run(SingleThreadEventExecutor.java:997)
at io.netty.util.internal.ThreadExecutorMap$2.run(ThreadExecutorMap.java:74)
at io.netty.util.concurrent.FastThreadLocalRunnable.run(FastThreadLocalRunnable.java:30)
at java.base/java.lang.Thread.run(Thread.java:1589)
]]>
    </error>
  </testcase> <!-- TC096_Verify_Redemption_History_in_Pro_Membership -->
  <testcase classname="Page_Test.GoodLife_test" name="TC097_Verify_Complete_profile" time="0.007">
    <error message="Connection refused: no further information
Build info: version: &#039;4.8.1&#039;, revision: &#039;8ebccac989&#039;
System info: os.name: &#039;Windows 11&#039;, os.arch: &#039;amd64&#039;, os.version: &#039;10.0&#039;, java.version: &#039;19.0.1&#039;
Driver info: io.appium.java_client.android.AndroidDriver
Command: [1ac9de03-4113-4421-a586-d4c2eef15e60, findElement {using=xpath, value=(//android.widget.TextView[@resource-id =&#039;com.customerapp.hero:id/renewal_txt&#039;])[1]}]
Capabilities {appium:appActivity: com.customerapp.hero.views...., appium:appPackage: com.customerapp.hero, appium:automationName: uiautomator2, appium:avdLaunchTimeout: 600000, appium:databaseEnabled: false, appium:desired: {appActivity: com.customerapp.hero.views...., appPackage: com.customerapp.hero, automationName: uiautomator2, avdLaunchTimeout: 600000, deviceName: realme C33 2023, noReset: false, platformName: android, udid: 3323262910AA04DS}, appium:deviceApiLevel: 31, appium:deviceManufacturer: realme, appium:deviceModel: RMX3627, appium:deviceName: 3323262910AA04DS, appium:deviceScreenDensity: 272, appium:deviceScreenSize: 720x1600, appium:deviceUDID: 3323262910AA04DS, appium:javascriptEnabled: true, appium:locationContextEnabled: false, appium:networkConnectionEnabled: true, appium:noReset: false, appium:pixelRatio: 1.7, appium:platformVersion: 12, appium:statBarHeight: 54, appium:takesScreenshot: true, appium:udid: 3323262910AA04DS, appium:viewportRect: {height: 1394, left: 0, top: 54, width: 720}, appium:warnings: {}, appium:webStorageEnabled: false, platformName: ANDROID}
Session ID: 1ac9de03-4113-4421-a586-d4c2eef15e60" type="org.openqa.selenium.WebDriverException">
      <![CDATA[org.openqa.selenium.WebDriverException: Connection refused: no further information
Build info: version: '4.8.1', revision: '8ebccac989'
System info: os.name: 'Windows 11', os.arch: 'amd64', os.version: '10.0', java.version: '19.0.1'
Driver info: io.appium.java_client.android.AndroidDriver
Command: [1ac9de03-4113-4421-a586-d4c2eef15e60, findElement {using=xpath, value=(//android.widget.TextView[@resource-id ='com.customerapp.hero:id/renewal_txt'])[1]}]
Capabilities {appium:appActivity: com.customerapp.hero.views...., appium:appPackage: com.customerapp.hero, appium:automationName: uiautomator2, appium:avdLaunchTimeout: 600000, appium:databaseEnabled: false, appium:desired: {appActivity: com.customerapp.hero.views...., appPackage: com.customerapp.hero, automationName: uiautomator2, avdLaunchTimeout: 600000, deviceName: realme C33 2023, noReset: false, platformName: android, udid: 3323262910AA04DS}, appium:deviceApiLevel: 31, appium:deviceManufacturer: realme, appium:deviceModel: RMX3627, appium:deviceName: 3323262910AA04DS, appium:deviceScreenDensity: 272, appium:deviceScreenSize: 720x1600, appium:deviceUDID: 3323262910AA04DS, appium:javascriptEnabled: true, appium:locationContextEnabled: false, appium:networkConnectionEnabled: true, appium:noReset: false, appium:pixelRatio: 1.7, appium:platformVersion: 12, appium:statBarHeight: 54, appium:takesScreenshot: true, appium:udid: 3323262910AA04DS, appium:viewportRect: {height: 1394, left: 0, top: 54, width: 720}, appium:warnings: {}, appium:webStorageEnabled: false, platformName: ANDROID}
Session ID: 1ac9de03-4113-4421-a586-d4c2eef15e60
at io.appium.java_client.remote.AppiumCommandExecutor.lambda$execute$4(AppiumCommandExecutor.java:274)
at java.base/java.util.Optional.orElseGet(Optional.java:364)
at io.appium.java_client.remote.AppiumCommandExecutor.execute(AppiumCommandExecutor.java:273)
at org.openqa.selenium.remote.RemoteWebDriver.execute(RemoteWebDriver.java:543)
at org.openqa.selenium.remote.ElementLocation$ElementFinder$2.findElement(ElementLocation.java:162)
at org.openqa.selenium.remote.ElementLocation.findElement(ElementLocation.java:60)
at org.openqa.selenium.remote.RemoteWebDriver.findElement(RemoteWebDriver.java:352)
at org.openqa.selenium.remote.RemoteWebDriver.findElement(RemoteWebDriver.java:344)
at org.openqa.selenium.support.pagefactory.DefaultElementLocator.findElement(DefaultElementLocator.java:70)
at org.openqa.selenium.support.pagefactory.internal.LocatingElementHandler.invoke(LocatingElementHandler.java:39)
at jdk.proxy2/jdk.proxy2.$Proxy33.getText(Unknown Source)
at Page_Test.GoodLife_test.TC097_Verify_Complete_profile(GoodLife_test.java:61)
at java.base/jdk.internal.reflect.DirectMethodHandleAccessor.invoke(DirectMethodHandleAccessor.java:104)
at java.base/java.lang.reflect.Method.invoke(Method.java:578)
at org.testng.internal.invokers.MethodInvocationHelper.invokeMethod(MethodInvocationHelper.java:139)
at org.testng.internal.invokers.TestInvoker.invokeMethod(TestInvoker.java:664)
at org.testng.internal.invokers.TestInvoker.invokeTestMethod(TestInvoker.java:227)
at org.testng.internal.invokers.MethodRunner.runInSequence(MethodRunner.java:50)
at org.testng.internal.invokers.TestInvoker$MethodInvocationAgent.invoke(TestInvoker.java:957)
at org.testng.internal.invokers.TestInvoker.invokeTestMethods(TestInvoker.java:200)
at org.testng.internal.invokers.TestMethodWorker.invokeTestMethods(TestMethodWorker.java:148)
at org.testng.internal.invokers.TestMethodWorker.run(TestMethodWorker.java:128)
at java.base/java.util.ArrayList.forEach(ArrayList.java:1511)
at org.testng.TestRunner.privateRun(TestRunner.java:848)
at org.testng.TestRunner.run(TestRunner.java:621)
at org.testng.SuiteRunner.runTest(SuiteRunner.java:443)
at org.testng.SuiteRunner.runSequentially(SuiteRunner.java:437)
at org.testng.SuiteRunner.privateRun(SuiteRunner.java:397)
at org.testng.SuiteRunner.run(SuiteRunner.java:336)
at org.testng.SuiteRunnerWorker.runSuite(SuiteRunnerWorker.java:52)
at org.testng.SuiteRunnerWorker.run(SuiteRunnerWorker.java:95)
at org.testng.TestNG.runSuitesSequentially(TestNG.java:1280)
at org.testng.TestNG.runSuitesLocally(TestNG.java:1200)
at org.testng.TestNG.runSuites(TestNG.java:1114)
at org.testng.TestNG.run(TestNG.java:1082)
at org.testng.remote.AbstractRemoteTestNG.run(AbstractRemoteTestNG.java:115)
at org.testng.remote.RemoteTestNG.initAndRun(RemoteTestNG.java:251)
at org.testng.remote.RemoteTestNG.main(RemoteTestNG.java:77)
Caused by: java.net.ConnectException: Connection refused: no further information
at java.base/sun.nio.ch.Net.pollConnect(Native Method)
at java.base/sun.nio.ch.Net.pollConnectNow(Net.java:672)
at java.base/sun.nio.ch.SocketChannelImpl.finishConnect(SocketChannelImpl.java:973)
at io.netty.channel.socket.nio.NioSocketChannel.doFinishConnect(NioSocketChannel.java:337)
at io.netty.channel.nio.AbstractNioChannel$AbstractNioUnsafe.finishConnect(AbstractNioChannel.java:334)
at io.netty.channel.nio.NioEventLoop.processSelectedKey(NioEventLoop.java:776)
at io.netty.channel.nio.NioEventLoop.processSelectedKeysOptimized(NioEventLoop.java:724)
at io.netty.channel.nio.NioEventLoop.processSelectedKeys(NioEventLoop.java:650)
at io.netty.channel.nio.NioEventLoop.run(NioEventLoop.java:562)
at io.netty.util.concurrent.SingleThreadEventExecutor$4.run(SingleThreadEventExecutor.java:997)
at io.netty.util.internal.ThreadExecutorMap$2.run(ThreadExecutorMap.java:74)
at io.netty.util.concurrent.FastThreadLocalRunnable.run(FastThreadLocalRunnable.java:30)
at java.base/java.lang.Thread.run(Thread.java:1589)
]]>
    </error>
  </testcase> <!-- TC097_Verify_Complete_profile -->
  <testcase classname="Page_Test.GoodLife_test" name="TC098_Verify_Welcome_Rewards" time="0.010">
    <error message="Connection refused: no further information
Build info: version: &#039;4.8.1&#039;, revision: &#039;8ebccac989&#039;
System info: os.name: &#039;Windows 11&#039;, os.arch: &#039;amd64&#039;, os.version: &#039;10.0&#039;, java.version: &#039;19.0.1&#039;
Driver info: io.appium.java_client.android.AndroidDriver
Command: [1ac9de03-4113-4421-a586-d4c2eef15e60, findElement {using=xpath, value=(//android.widget.TextView[@resource-id =&#039;com.customerapp.hero:id/renewal_txt&#039;])[2]}]
Capabilities {appium:appActivity: com.customerapp.hero.views...., appium:appPackage: com.customerapp.hero, appium:automationName: uiautomator2, appium:avdLaunchTimeout: 600000, appium:databaseEnabled: false, appium:desired: {appActivity: com.customerapp.hero.views...., appPackage: com.customerapp.hero, automationName: uiautomator2, avdLaunchTimeout: 600000, deviceName: realme C33 2023, noReset: false, platformName: android, udid: 3323262910AA04DS}, appium:deviceApiLevel: 31, appium:deviceManufacturer: realme, appium:deviceModel: RMX3627, appium:deviceName: 3323262910AA04DS, appium:deviceScreenDensity: 272, appium:deviceScreenSize: 720x1600, appium:deviceUDID: 3323262910AA04DS, appium:javascriptEnabled: true, appium:locationContextEnabled: false, appium:networkConnectionEnabled: true, appium:noReset: false, appium:pixelRatio: 1.7, appium:platformVersion: 12, appium:statBarHeight: 54, appium:takesScreenshot: true, appium:udid: 3323262910AA04DS, appium:viewportRect: {height: 1394, left: 0, top: 54, width: 720}, appium:warnings: {}, appium:webStorageEnabled: false, platformName: ANDROID}
Session ID: 1ac9de03-4113-4421-a586-d4c2eef15e60" type="org.openqa.selenium.WebDriverException">
      <![CDATA[org.openqa.selenium.WebDriverException: Connection refused: no further information
Build info: version: '4.8.1', revision: '8ebccac989'
System info: os.name: 'Windows 11', os.arch: 'amd64', os.version: '10.0', java.version: '19.0.1'
Driver info: io.appium.java_client.android.AndroidDriver
Command: [1ac9de03-4113-4421-a586-d4c2eef15e60, findElement {using=xpath, value=(//android.widget.TextView[@resource-id ='com.customerapp.hero:id/renewal_txt'])[2]}]
Capabilities {appium:appActivity: com.customerapp.hero.views...., appium:appPackage: com.customerapp.hero, appium:automationName: uiautomator2, appium:avdLaunchTimeout: 600000, appium:databaseEnabled: false, appium:desired: {appActivity: com.customerapp.hero.views...., appPackage: com.customerapp.hero, automationName: uiautomator2, avdLaunchTimeout: 600000, deviceName: realme C33 2023, noReset: false, platformName: android, udid: 3323262910AA04DS}, appium:deviceApiLevel: 31, appium:deviceManufacturer: realme, appium:deviceModel: RMX3627, appium:deviceName: 3323262910AA04DS, appium:deviceScreenDensity: 272, appium:deviceScreenSize: 720x1600, appium:deviceUDID: 3323262910AA04DS, appium:javascriptEnabled: true, appium:locationContextEnabled: false, appium:networkConnectionEnabled: true, appium:noReset: false, appium:pixelRatio: 1.7, appium:platformVersion: 12, appium:statBarHeight: 54, appium:takesScreenshot: true, appium:udid: 3323262910AA04DS, appium:viewportRect: {height: 1394, left: 0, top: 54, width: 720}, appium:warnings: {}, appium:webStorageEnabled: false, platformName: ANDROID}
Session ID: 1ac9de03-4113-4421-a586-d4c2eef15e60
at io.appium.java_client.remote.AppiumCommandExecutor.lambda$execute$4(AppiumCommandExecutor.java:274)
at java.base/java.util.Optional.orElseGet(Optional.java:364)
at io.appium.java_client.remote.AppiumCommandExecutor.execute(AppiumCommandExecutor.java:273)
at org.openqa.selenium.remote.RemoteWebDriver.execute(RemoteWebDriver.java:543)
at org.openqa.selenium.remote.ElementLocation$ElementFinder$2.findElement(ElementLocation.java:162)
at org.openqa.selenium.remote.ElementLocation.findElement(ElementLocation.java:60)
at org.openqa.selenium.remote.RemoteWebDriver.findElement(RemoteWebDriver.java:352)
at org.openqa.selenium.remote.RemoteWebDriver.findElement(RemoteWebDriver.java:344)
at org.openqa.selenium.support.pagefactory.DefaultElementLocator.findElement(DefaultElementLocator.java:70)
at org.openqa.selenium.support.pagefactory.internal.LocatingElementHandler.invoke(LocatingElementHandler.java:39)
at jdk.proxy2/jdk.proxy2.$Proxy33.getText(Unknown Source)
at Page_Test.GoodLife_test.TC098_Verify_Welcome_Rewards(GoodLife_test.java:70)
at java.base/jdk.internal.reflect.DirectMethodHandleAccessor.invoke(DirectMethodHandleAccessor.java:104)
at java.base/java.lang.reflect.Method.invoke(Method.java:578)
at org.testng.internal.invokers.MethodInvocationHelper.invokeMethod(MethodInvocationHelper.java:139)
at org.testng.internal.invokers.TestInvoker.invokeMethod(TestInvoker.java:664)
at org.testng.internal.invokers.TestInvoker.invokeTestMethod(TestInvoker.java:227)
at org.testng.internal.invokers.MethodRunner.runInSequence(MethodRunner.java:50)
at org.testng.internal.invokers.TestInvoker$MethodInvocationAgent.invoke(TestInvoker.java:957)
at org.testng.internal.invokers.TestInvoker.invokeTestMethods(TestInvoker.java:200)
at org.testng.internal.invokers.TestMethodWorker.invokeTestMethods(TestMethodWorker.java:148)
at org.testng.internal.invokers.TestMethodWorker.run(TestMethodWorker.java:128)
at java.base/java.util.ArrayList.forEach(ArrayList.java:1511)
at org.testng.TestRunner.privateRun(TestRunner.java:848)
at org.testng.TestRunner.run(TestRunner.java:621)
at org.testng.SuiteRunner.runTest(SuiteRunner.java:443)
at org.testng.SuiteRunner.runSequentially(SuiteRunner.java:437)
at org.testng.SuiteRunner.privateRun(SuiteRunner.java:397)
at org.testng.SuiteRunner.run(SuiteRunner.java:336)
at org.testng.SuiteRunnerWorker.runSuite(SuiteRunnerWorker.java:52)
at org.testng.SuiteRunnerWorker.run(SuiteRunnerWorker.java:95)
at org.testng.TestNG.runSuitesSequentially(TestNG.java:1280)
at org.testng.TestNG.runSuitesLocally(TestNG.java:1200)
at org.testng.TestNG.runSuites(TestNG.java:1114)
at org.testng.TestNG.run(TestNG.java:1082)
at org.testng.remote.AbstractRemoteTestNG.run(AbstractRemoteTestNG.java:115)
at org.testng.remote.RemoteTestNG.initAndRun(RemoteTestNG.java:251)
at org.testng.remote.RemoteTestNG.main(RemoteTestNG.java:77)
Caused by: java.net.ConnectException: Connection refused: no further information
at java.base/sun.nio.ch.Net.pollConnect(Native Method)
at java.base/sun.nio.ch.Net.pollConnectNow(Net.java:672)
at java.base/sun.nio.ch.SocketChannelImpl.finishConnect(SocketChannelImpl.java:973)
at io.netty.channel.socket.nio.NioSocketChannel.doFinishConnect(NioSocketChannel.java:337)
at io.netty.channel.nio.AbstractNioChannel$AbstractNioUnsafe.finishConnect(AbstractNioChannel.java:334)
at io.netty.channel.nio.NioEventLoop.processSelectedKey(NioEventLoop.java:776)
at io.netty.channel.nio.NioEventLoop.processSelectedKeysOptimized(NioEventLoop.java:724)
at io.netty.channel.nio.NioEventLoop.processSelectedKeys(NioEventLoop.java:650)
at io.netty.channel.nio.NioEventLoop.run(NioEventLoop.java:562)
at io.netty.util.concurrent.SingleThreadEventExecutor$4.run(SingleThreadEventExecutor.java:997)
at io.netty.util.internal.ThreadExecutorMap$2.run(ThreadExecutorMap.java:74)
at io.netty.util.concurrent.FastThreadLocalRunnable.run(FastThreadLocalRunnable.java:30)
at java.base/java.lang.Thread.run(Thread.java:1589)
]]>
    </error>
  </testcase> <!-- TC098_Verify_Welcome_Rewards -->
  <testcase classname="Page_Test.GoodLife_test" name="TC099_Verify_refer_friend_in_Goodlife" time="0.004">
    <error message="Connection refused: no further information
Build info: version: &#039;4.8.1&#039;, revision: &#039;8ebccac989&#039;
System info: os.name: &#039;Windows 11&#039;, os.arch: &#039;amd64&#039;, os.version: &#039;10.0&#039;, java.version: &#039;19.0.1&#039;
Driver info: io.appium.java_client.android.AndroidDriver
Command: [1ac9de03-4113-4421-a586-d4c2eef15e60, findElement {using=xpath, value=//android.widget.TextView[@resource-id =&#039;com.customerapp.hero:id/offer_frnd_lbl&#039;]}]
Capabilities {appium:appActivity: com.customerapp.hero.views...., appium:appPackage: com.customerapp.hero, appium:automationName: uiautomator2, appium:avdLaunchTimeout: 600000, appium:databaseEnabled: false, appium:desired: {appActivity: com.customerapp.hero.views...., appPackage: com.customerapp.hero, automationName: uiautomator2, avdLaunchTimeout: 600000, deviceName: realme C33 2023, noReset: false, platformName: android, udid: 3323262910AA04DS}, appium:deviceApiLevel: 31, appium:deviceManufacturer: realme, appium:deviceModel: RMX3627, appium:deviceName: 3323262910AA04DS, appium:deviceScreenDensity: 272, appium:deviceScreenSize: 720x1600, appium:deviceUDID: 3323262910AA04DS, appium:javascriptEnabled: true, appium:locationContextEnabled: false, appium:networkConnectionEnabled: true, appium:noReset: false, appium:pixelRatio: 1.7, appium:platformVersion: 12, appium:statBarHeight: 54, appium:takesScreenshot: true, appium:udid: 3323262910AA04DS, appium:viewportRect: {height: 1394, left: 0, top: 54, width: 720}, appium:warnings: {}, appium:webStorageEnabled: false, platformName: ANDROID}
Session ID: 1ac9de03-4113-4421-a586-d4c2eef15e60" type="org.openqa.selenium.WebDriverException">
      <![CDATA[org.openqa.selenium.WebDriverException: Connection refused: no further information
Build info: version: '4.8.1', revision: '8ebccac989'
System info: os.name: 'Windows 11', os.arch: 'amd64', os.version: '10.0', java.version: '19.0.1'
Driver info: io.appium.java_client.android.AndroidDriver
Command: [1ac9de03-4113-4421-a586-d4c2eef15e60, findElement {using=xpath, value=//android.widget.TextView[@resource-id ='com.customerapp.hero:id/offer_frnd_lbl']}]
Capabilities {appium:appActivity: com.customerapp.hero.views...., appium:appPackage: com.customerapp.hero, appium:automationName: uiautomator2, appium:avdLaunchTimeout: 600000, appium:databaseEnabled: false, appium:desired: {appActivity: com.customerapp.hero.views...., appPackage: com.customerapp.hero, automationName: uiautomator2, avdLaunchTimeout: 600000, deviceName: realme C33 2023, noReset: false, platformName: android, udid: 3323262910AA04DS}, appium:deviceApiLevel: 31, appium:deviceManufacturer: realme, appium:deviceModel: RMX3627, appium:deviceName: 3323262910AA04DS, appium:deviceScreenDensity: 272, appium:deviceScreenSize: 720x1600, appium:deviceUDID: 3323262910AA04DS, appium:javascriptEnabled: true, appium:locationContextEnabled: false, appium:networkConnectionEnabled: true, appium:noReset: false, appium:pixelRatio: 1.7, appium:platformVersion: 12, appium:statBarHeight: 54, appium:takesScreenshot: true, appium:udid: 3323262910AA04DS, appium:viewportRect: {height: 1394, left: 0, top: 54, width: 720}, appium:warnings: {}, appium:webStorageEnabled: false, platformName: ANDROID}
Session ID: 1ac9de03-4113-4421-a586-d4c2eef15e60
at io.appium.java_client.remote.AppiumCommandExecutor.lambda$execute$4(AppiumCommandExecutor.java:274)
at java.base/java.util.Optional.orElseGet(Optional.java:364)
at io.appium.java_client.remote.AppiumCommandExecutor.execute(AppiumCommandExecutor.java:273)
at org.openqa.selenium.remote.RemoteWebDriver.execute(RemoteWebDriver.java:543)
at org.openqa.selenium.remote.ElementLocation$ElementFinder$2.findElement(ElementLocation.java:162)
at org.openqa.selenium.remote.ElementLocation.findElement(ElementLocation.java:60)
at org.openqa.selenium.remote.RemoteWebDriver.findElement(RemoteWebDriver.java:352)
at org.openqa.selenium.remote.RemoteWebDriver.findElement(RemoteWebDriver.java:344)
at org.openqa.selenium.support.pagefactory.DefaultElementLocator.findElement(DefaultElementLocator.java:70)
at org.openqa.selenium.support.pagefactory.internal.LocatingElementHandler.invoke(LocatingElementHandler.java:39)
at jdk.proxy2/jdk.proxy2.$Proxy33.getText(Unknown Source)
at Page_Test.GoodLife_test.TC099_Verify_refer_friend_in_Goodlife(GoodLife_test.java:79)
at java.base/jdk.internal.reflect.DirectMethodHandleAccessor.invoke(DirectMethodHandleAccessor.java:104)
at java.base/java.lang.reflect.Method.invoke(Method.java:578)
at org.testng.internal.invokers.MethodInvocationHelper.invokeMethod(MethodInvocationHelper.java:139)
at org.testng.internal.invokers.TestInvoker.invokeMethod(TestInvoker.java:664)
at org.testng.internal.invokers.TestInvoker.invokeTestMethod(TestInvoker.java:227)
at org.testng.internal.invokers.MethodRunner.runInSequence(MethodRunner.java:50)
at org.testng.internal.invokers.TestInvoker$MethodInvocationAgent.invoke(TestInvoker.java:957)
at org.testng.internal.invokers.TestInvoker.invokeTestMethods(TestInvoker.java:200)
at org.testng.internal.invokers.TestMethodWorker.invokeTestMethods(TestMethodWorker.java:148)
at org.testng.internal.invokers.TestMethodWorker.run(TestMethodWorker.java:128)
at java.base/java.util.ArrayList.forEach(ArrayList.java:1511)
at org.testng.TestRunner.privateRun(TestRunner.java:848)
at org.testng.TestRunner.run(TestRunner.java:621)
at org.testng.SuiteRunner.runTest(SuiteRunner.java:443)
at org.testng.SuiteRunner.runSequentially(SuiteRunner.java:437)
at org.testng.SuiteRunner.privateRun(SuiteRunner.java:397)
at org.testng.SuiteRunner.run(SuiteRunner.java:336)
at org.testng.SuiteRunnerWorker.runSuite(SuiteRunnerWorker.java:52)
at org.testng.SuiteRunnerWorker.run(SuiteRunnerWorker.java:95)
at org.testng.TestNG.runSuitesSequentially(TestNG.java:1280)
at org.testng.TestNG.runSuitesLocally(TestNG.java:1200)
at org.testng.TestNG.runSuites(TestNG.java:1114)
at org.testng.TestNG.run(TestNG.java:1082)
at org.testng.remote.AbstractRemoteTestNG.run(AbstractRemoteTestNG.java:115)
at org.testng.remote.RemoteTestNG.initAndRun(RemoteTestNG.java:251)
at org.testng.remote.RemoteTestNG.main(RemoteTestNG.java:77)
Caused by: java.net.ConnectException: Connection refused: no further information
at java.base/sun.nio.ch.Net.pollConnect(Native Method)
at java.base/sun.nio.ch.Net.pollConnectNow(Net.java:672)
at java.base/sun.nio.ch.SocketChannelImpl.finishConnect(SocketChannelImpl.java:973)
at io.netty.channel.socket.nio.NioSocketChannel.doFinishConnect(NioSocketChannel.java:337)
at io.netty.channel.nio.AbstractNioChannel$AbstractNioUnsafe.finishConnect(AbstractNioChannel.java:334)
at io.netty.channel.nio.NioEventLoop.processSelectedKey(NioEventLoop.java:776)
at io.netty.channel.nio.NioEventLoop.processSelectedKeysOptimized(NioEventLoop.java:724)
at io.netty.channel.nio.NioEventLoop.processSelectedKeys(NioEventLoop.java:650)
at io.netty.channel.nio.NioEventLoop.run(NioEventLoop.java:562)
at io.netty.util.concurrent.SingleThreadEventExecutor$4.run(SingleThreadEventExecutor.java:997)
at io.netty.util.internal.ThreadExecutorMap$2.run(ThreadExecutorMap.java:74)
at io.netty.util.concurrent.FastThreadLocalRunnable.run(FastThreadLocalRunnable.java:30)
at java.base/java.lang.Thread.run(Thread.java:1589)
]]>
    </error>
  </testcase> <!-- TC099_Verify_refer_friend_in_Goodlife -->
  <testcase classname="Page_Test.GoodLife_test" name="TC100_verify_Winner_informaton" time="0.000">
    <error message="Connection refused: no further information
Build info: version: &#039;4.8.1&#039;, revision: &#039;8ebccac989&#039;
System info: os.name: &#039;Windows 11&#039;, os.arch: &#039;amd64&#039;, os.version: &#039;10.0&#039;, java.version: &#039;19.0.1&#039;
Driver info: io.appium.java_client.android.AndroidDriver
Command: [1ac9de03-4113-4421-a586-d4c2eef15e60, findElement {using=xpath, value=//android.widget.TextView[@resource-id =&#039;com.customerapp.hero:id/lbl1&#039;]}]
Capabilities {appium:appActivity: com.customerapp.hero.views...., appium:appPackage: com.customerapp.hero, appium:automationName: uiautomator2, appium:avdLaunchTimeout: 600000, appium:databaseEnabled: false, appium:desired: {appActivity: com.customerapp.hero.views...., appPackage: com.customerapp.hero, automationName: uiautomator2, avdLaunchTimeout: 600000, deviceName: realme C33 2023, noReset: false, platformName: android, udid: 3323262910AA04DS}, appium:deviceApiLevel: 31, appium:deviceManufacturer: realme, appium:deviceModel: RMX3627, appium:deviceName: 3323262910AA04DS, appium:deviceScreenDensity: 272, appium:deviceScreenSize: 720x1600, appium:deviceUDID: 3323262910AA04DS, appium:javascriptEnabled: true, appium:locationContextEnabled: false, appium:networkConnectionEnabled: true, appium:noReset: false, appium:pixelRatio: 1.7, appium:platformVersion: 12, appium:statBarHeight: 54, appium:takesScreenshot: true, appium:udid: 3323262910AA04DS, appium:viewportRect: {height: 1394, left: 0, top: 54, width: 720}, appium:warnings: {}, appium:webStorageEnabled: false, platformName: ANDROID}
Session ID: 1ac9de03-4113-4421-a586-d4c2eef15e60" type="org.openqa.selenium.WebDriverException">
      <![CDATA[org.openqa.selenium.WebDriverException: Connection refused: no further information
Build info: version: '4.8.1', revision: '8ebccac989'
System info: os.name: 'Windows 11', os.arch: 'amd64', os.version: '10.0', java.version: '19.0.1'
Driver info: io.appium.java_client.android.AndroidDriver
Command: [1ac9de03-4113-4421-a586-d4c2eef15e60, findElement {using=xpath, value=//android.widget.TextView[@resource-id ='com.customerapp.hero:id/lbl1']}]
Capabilities {appium:appActivity: com.customerapp.hero.views...., appium:appPackage: com.customerapp.hero, appium:automationName: uiautomator2, appium:avdLaunchTimeout: 600000, appium:databaseEnabled: false, appium:desired: {appActivity: com.customerapp.hero.views...., appPackage: com.customerapp.hero, automationName: uiautomator2, avdLaunchTimeout: 600000, deviceName: realme C33 2023, noReset: false, platformName: android, udid: 3323262910AA04DS}, appium:deviceApiLevel: 31, appium:deviceManufacturer: realme, appium:deviceModel: RMX3627, appium:deviceName: 3323262910AA04DS, appium:deviceScreenDensity: 272, appium:deviceScreenSize: 720x1600, appium:deviceUDID: 3323262910AA04DS, appium:javascriptEnabled: true, appium:locationContextEnabled: false, appium:networkConnectionEnabled: true, appium:noReset: false, appium:pixelRatio: 1.7, appium:platformVersion: 12, appium:statBarHeight: 54, appium:takesScreenshot: true, appium:udid: 3323262910AA04DS, appium:viewportRect: {height: 1394, left: 0, top: 54, width: 720}, appium:warnings: {}, appium:webStorageEnabled: false, platformName: ANDROID}
Session ID: 1ac9de03-4113-4421-a586-d4c2eef15e60
at io.appium.java_client.remote.AppiumCommandExecutor.lambda$execute$4(AppiumCommandExecutor.java:274)
at java.base/java.util.Optional.orElseGet(Optional.java:364)
at io.appium.java_client.remote.AppiumCommandExecutor.execute(AppiumCommandExecutor.java:273)
at org.openqa.selenium.remote.RemoteWebDriver.execute(RemoteWebDriver.java:543)
at org.openqa.selenium.remote.ElementLocation$ElementFinder$2.findElement(ElementLocation.java:162)
at org.openqa.selenium.remote.ElementLocation.findElement(ElementLocation.java:60)
at org.openqa.selenium.remote.RemoteWebDriver.findElement(RemoteWebDriver.java:352)
at org.openqa.selenium.remote.RemoteWebDriver.findElement(RemoteWebDriver.java:344)
at org.openqa.selenium.support.pagefactory.DefaultElementLocator.findElement(DefaultElementLocator.java:70)
at org.openqa.selenium.support.pagefactory.internal.LocatingElementHandler.invoke(LocatingElementHandler.java:39)
at jdk.proxy2/jdk.proxy2.$Proxy33.getText(Unknown Source)
at Page_Test.GoodLife_test.TC100_verify_Winner_informaton(GoodLife_test.java:96)
at java.base/jdk.internal.reflect.DirectMethodHandleAccessor.invoke(DirectMethodHandleAccessor.java:104)
at java.base/java.lang.reflect.Method.invoke(Method.java:578)
at org.testng.internal.invokers.MethodInvocationHelper.invokeMethod(MethodInvocationHelper.java:139)
at org.testng.internal.invokers.TestInvoker.invokeMethod(TestInvoker.java:664)
at org.testng.internal.invokers.TestInvoker.invokeTestMethod(TestInvoker.java:227)
at org.testng.internal.invokers.MethodRunner.runInSequence(MethodRunner.java:50)
at org.testng.internal.invokers.TestInvoker$MethodInvocationAgent.invoke(TestInvoker.java:957)
at org.testng.internal.invokers.TestInvoker.invokeTestMethods(TestInvoker.java:200)
at org.testng.internal.invokers.TestMethodWorker.invokeTestMethods(TestMethodWorker.java:148)
at org.testng.internal.invokers.TestMethodWorker.run(TestMethodWorker.java:128)
at java.base/java.util.ArrayList.forEach(ArrayList.java:1511)
at org.testng.TestRunner.privateRun(TestRunner.java:848)
at org.testng.TestRunner.run(TestRunner.java:621)
at org.testng.SuiteRunner.runTest(SuiteRunner.java:443)
at org.testng.SuiteRunner.runSequentially(SuiteRunner.java:437)
at org.testng.SuiteRunner.privateRun(SuiteRunner.java:397)
at org.testng.SuiteRunner.run(SuiteRunner.java:336)
at org.testng.SuiteRunnerWorker.runSuite(SuiteRunnerWorker.java:52)
at org.testng.SuiteRunnerWorker.run(SuiteRunnerWorker.java:95)
at org.testng.TestNG.runSuitesSequentially(TestNG.java:1280)
at org.testng.TestNG.runSuitesLocally(TestNG.java:1200)
at org.testng.TestNG.runSuites(TestNG.java:1114)
at org.testng.TestNG.run(TestNG.java:1082)
at org.testng.remote.AbstractRemoteTestNG.run(AbstractRemoteTestNG.java:115)
at org.testng.remote.RemoteTestNG.initAndRun(RemoteTestNG.java:251)
at org.testng.remote.RemoteTestNG.main(RemoteTestNG.java:77)
Caused by: java.net.ConnectException: Connection refused: no further information
at java.base/sun.nio.ch.Net.pollConnect(Native Method)
at java.base/sun.nio.ch.Net.pollConnectNow(Net.java:672)
at java.base/sun.nio.ch.SocketChannelImpl.finishConnect(SocketChannelImpl.java:973)
at io.netty.channel.socket.nio.NioSocketChannel.doFinishConnect(NioSocketChannel.java:337)
at io.netty.channel.nio.AbstractNioChannel$AbstractNioUnsafe.finishConnect(AbstractNioChannel.java:334)
at io.netty.channel.nio.NioEventLoop.processSelectedKey(NioEventLoop.java:776)
at io.netty.channel.nio.NioEventLoop.processSelectedKeysOptimized(NioEventLoop.java:724)
at io.netty.channel.nio.NioEventLoop.processSelectedKeys(NioEventLoop.java:650)
at io.netty.channel.nio.NioEventLoop.run(NioEventLoop.java:562)
at io.netty.util.concurrent.SingleThreadEventExecutor$4.run(SingleThreadEventExecutor.java:997)
at io.netty.util.internal.ThreadExecutorMap$2.run(ThreadExecutorMap.java:74)
at io.netty.util.concurrent.FastThreadLocalRunnable.run(FastThreadLocalRunnable.java:30)
at java.base/java.lang.Thread.run(Thread.java:1589)
]]>
    </error>
  </testcase> <!-- TC100_verify_Winner_informaton -->
  <testcase classname="Page_Test.GoodLife_test" name="TC101_verify_Points_Earning_and_Redemption" time="0.009">
    <error message="Connection refused: no further information
Build info: version: &#039;4.8.1&#039;, revision: &#039;8ebccac989&#039;
System info: os.name: &#039;Windows 11&#039;, os.arch: &#039;amd64&#039;, os.version: &#039;10.0&#039;, java.version: &#039;19.0.1&#039;
Driver info: io.appium.java_client.android.AndroidDriver
Command: [1ac9de03-4113-4421-a586-d4c2eef15e60, findElement {using=xpath, value=//android.widget.TextView[@resource-id =&#039;com.customerapp.hero:id/lbl3&#039;]}]
Capabilities {appium:appActivity: com.customerapp.hero.views...., appium:appPackage: com.customerapp.hero, appium:automationName: uiautomator2, appium:avdLaunchTimeout: 600000, appium:databaseEnabled: false, appium:desired: {appActivity: com.customerapp.hero.views...., appPackage: com.customerapp.hero, automationName: uiautomator2, avdLaunchTimeout: 600000, deviceName: realme C33 2023, noReset: false, platformName: android, udid: 3323262910AA04DS}, appium:deviceApiLevel: 31, appium:deviceManufacturer: realme, appium:deviceModel: RMX3627, appium:deviceName: 3323262910AA04DS, appium:deviceScreenDensity: 272, appium:deviceScreenSize: 720x1600, appium:deviceUDID: 3323262910AA04DS, appium:javascriptEnabled: true, appium:locationContextEnabled: false, appium:networkConnectionEnabled: true, appium:noReset: false, appium:pixelRatio: 1.7, appium:platformVersion: 12, appium:statBarHeight: 54, appium:takesScreenshot: true, appium:udid: 3323262910AA04DS, appium:viewportRect: {height: 1394, left: 0, top: 54, width: 720}, appium:warnings: {}, appium:webStorageEnabled: false, platformName: ANDROID}
Session ID: 1ac9de03-4113-4421-a586-d4c2eef15e60" type="org.openqa.selenium.WebDriverException">
      <![CDATA[org.openqa.selenium.WebDriverException: Connection refused: no further information
Build info: version: '4.8.1', revision: '8ebccac989'
System info: os.name: 'Windows 11', os.arch: 'amd64', os.version: '10.0', java.version: '19.0.1'
Driver info: io.appium.java_client.android.AndroidDriver
Command: [1ac9de03-4113-4421-a586-d4c2eef15e60, findElement {using=xpath, value=//android.widget.TextView[@resource-id ='com.customerapp.hero:id/lbl3']}]
Capabilities {appium:appActivity: com.customerapp.hero.views...., appium:appPackage: com.customerapp.hero, appium:automationName: uiautomator2, appium:avdLaunchTimeout: 600000, appium:databaseEnabled: false, appium:desired: {appActivity: com.customerapp.hero.views...., appPackage: com.customerapp.hero, automationName: uiautomator2, avdLaunchTimeout: 600000, deviceName: realme C33 2023, noReset: false, platformName: android, udid: 3323262910AA04DS}, appium:deviceApiLevel: 31, appium:deviceManufacturer: realme, appium:deviceModel: RMX3627, appium:deviceName: 3323262910AA04DS, appium:deviceScreenDensity: 272, appium:deviceScreenSize: 720x1600, appium:deviceUDID: 3323262910AA04DS, appium:javascriptEnabled: true, appium:locationContextEnabled: false, appium:networkConnectionEnabled: true, appium:noReset: false, appium:pixelRatio: 1.7, appium:platformVersion: 12, appium:statBarHeight: 54, appium:takesScreenshot: true, appium:udid: 3323262910AA04DS, appium:viewportRect: {height: 1394, left: 0, top: 54, width: 720}, appium:warnings: {}, appium:webStorageEnabled: false, platformName: ANDROID}
Session ID: 1ac9de03-4113-4421-a586-d4c2eef15e60
at io.appium.java_client.remote.AppiumCommandExecutor.lambda$execute$4(AppiumCommandExecutor.java:274)
at java.base/java.util.Optional.orElseGet(Optional.java:364)
at io.appium.java_client.remote.AppiumCommandExecutor.execute(AppiumCommandExecutor.java:273)
at org.openqa.selenium.remote.RemoteWebDriver.execute(RemoteWebDriver.java:543)
at org.openqa.selenium.remote.ElementLocation$ElementFinder$2.findElement(ElementLocation.java:162)
at org.openqa.selenium.remote.ElementLocation.findElement(ElementLocation.java:60)
at org.openqa.selenium.remote.RemoteWebDriver.findElement(RemoteWebDriver.java:352)
at org.openqa.selenium.remote.RemoteWebDriver.findElement(RemoteWebDriver.java:344)
at org.openqa.selenium.support.pagefactory.DefaultElementLocator.findElement(DefaultElementLocator.java:70)
at org.openqa.selenium.support.pagefactory.internal.LocatingElementHandler.invoke(LocatingElementHandler.java:39)
at jdk.proxy2/jdk.proxy2.$Proxy33.getText(Unknown Source)
at Page_Test.GoodLife_test.TC101_verify_Points_Earning_and_Redemption(GoodLife_test.java:106)
at java.base/jdk.internal.reflect.DirectMethodHandleAccessor.invoke(DirectMethodHandleAccessor.java:104)
at java.base/java.lang.reflect.Method.invoke(Method.java:578)
at org.testng.internal.invokers.MethodInvocationHelper.invokeMethod(MethodInvocationHelper.java:139)
at org.testng.internal.invokers.TestInvoker.invokeMethod(TestInvoker.java:664)
at org.testng.internal.invokers.TestInvoker.invokeTestMethod(TestInvoker.java:227)
at org.testng.internal.invokers.MethodRunner.runInSequence(MethodRunner.java:50)
at org.testng.internal.invokers.TestInvoker$MethodInvocationAgent.invoke(TestInvoker.java:957)
at org.testng.internal.invokers.TestInvoker.invokeTestMethods(TestInvoker.java:200)
at org.testng.internal.invokers.TestMethodWorker.invokeTestMethods(TestMethodWorker.java:148)
at org.testng.internal.invokers.TestMethodWorker.run(TestMethodWorker.java:128)
at java.base/java.util.ArrayList.forEach(ArrayList.java:1511)
at org.testng.TestRunner.privateRun(TestRunner.java:848)
at org.testng.TestRunner.run(TestRunner.java:621)
at org.testng.SuiteRunner.runTest(SuiteRunner.java:443)
at org.testng.SuiteRunner.runSequentially(SuiteRunner.java:437)
at org.testng.SuiteRunner.privateRun(SuiteRunner.java:397)
at org.testng.SuiteRunner.run(SuiteRunner.java:336)
at org.testng.SuiteRunnerWorker.runSuite(SuiteRunnerWorker.java:52)
at org.testng.SuiteRunnerWorker.run(SuiteRunnerWorker.java:95)
at org.testng.TestNG.runSuitesSequentially(TestNG.java:1280)
at org.testng.TestNG.runSuitesLocally(TestNG.java:1200)
at org.testng.TestNG.runSuites(TestNG.java:1114)
at org.testng.TestNG.run(TestNG.java:1082)
at org.testng.remote.AbstractRemoteTestNG.run(AbstractRemoteTestNG.java:115)
at org.testng.remote.RemoteTestNG.initAndRun(RemoteTestNG.java:251)
at org.testng.remote.RemoteTestNG.main(RemoteTestNG.java:77)
Caused by: java.net.ConnectException: Connection refused: no further information
at java.base/sun.nio.ch.Net.pollConnect(Native Method)
at java.base/sun.nio.ch.Net.pollConnectNow(Net.java:672)
at java.base/sun.nio.ch.SocketChannelImpl.finishConnect(SocketChannelImpl.java:973)
at io.netty.channel.socket.nio.NioSocketChannel.doFinishConnect(NioSocketChannel.java:337)
at io.netty.channel.nio.AbstractNioChannel$AbstractNioUnsafe.finishConnect(AbstractNioChannel.java:334)
at io.netty.channel.nio.NioEventLoop.processSelectedKey(NioEventLoop.java:776)
at io.netty.channel.nio.NioEventLoop.processSelectedKeysOptimized(NioEventLoop.java:724)
at io.netty.channel.nio.NioEventLoop.processSelectedKeys(NioEventLoop.java:650)
at io.netty.channel.nio.NioEventLoop.run(NioEventLoop.java:562)
at io.netty.util.concurrent.SingleThreadEventExecutor$4.run(SingleThreadEventExecutor.java:997)
at io.netty.util.internal.ThreadExecutorMap$2.run(ThreadExecutorMap.java:74)
at io.netty.util.concurrent.FastThreadLocalRunnable.run(FastThreadLocalRunnable.java:30)
at java.base/java.lang.Thread.run(Thread.java:1589)
]]>
    </error>
  </testcase> <!-- TC101_verify_Points_Earning_and_Redemption -->
  <testcase classname="Page_Test.GoodLife_test" name="TC102_verify_Service_Privilegers" time="0.010">
    <error message="Connection refused: no further information
Build info: version: &#039;4.8.1&#039;, revision: &#039;8ebccac989&#039;
System info: os.name: &#039;Windows 11&#039;, os.arch: &#039;amd64&#039;, os.version: &#039;10.0&#039;, java.version: &#039;19.0.1&#039;
Driver info: io.appium.java_client.android.AndroidDriver
Command: [1ac9de03-4113-4421-a586-d4c2eef15e60, findElement {using=xpath, value=//android.widget.TextView[@resource-id =&#039;com.customerapp.hero:id/down_ic_btn&#039;]}]
Capabilities {appium:appActivity: com.customerapp.hero.views...., appium:appPackage: com.customerapp.hero, appium:automationName: uiautomator2, appium:avdLaunchTimeout: 600000, appium:databaseEnabled: false, appium:desired: {appActivity: com.customerapp.hero.views...., appPackage: com.customerapp.hero, automationName: uiautomator2, avdLaunchTimeout: 600000, deviceName: realme C33 2023, noReset: false, platformName: android, udid: 3323262910AA04DS}, appium:deviceApiLevel: 31, appium:deviceManufacturer: realme, appium:deviceModel: RMX3627, appium:deviceName: 3323262910AA04DS, appium:deviceScreenDensity: 272, appium:deviceScreenSize: 720x1600, appium:deviceUDID: 3323262910AA04DS, appium:javascriptEnabled: true, appium:locationContextEnabled: false, appium:networkConnectionEnabled: true, appium:noReset: false, appium:pixelRatio: 1.7, appium:platformVersion: 12, appium:statBarHeight: 54, appium:takesScreenshot: true, appium:udid: 3323262910AA04DS, appium:viewportRect: {height: 1394, left: 0, top: 54, width: 720}, appium:warnings: {}, appium:webStorageEnabled: false, platformName: ANDROID}
Session ID: 1ac9de03-4113-4421-a586-d4c2eef15e60" type="org.openqa.selenium.WebDriverException">
      <![CDATA[org.openqa.selenium.WebDriverException: Connection refused: no further information
Build info: version: '4.8.1', revision: '8ebccac989'
System info: os.name: 'Windows 11', os.arch: 'amd64', os.version: '10.0', java.version: '19.0.1'
Driver info: io.appium.java_client.android.AndroidDriver
Command: [1ac9de03-4113-4421-a586-d4c2eef15e60, findElement {using=xpath, value=//android.widget.TextView[@resource-id ='com.customerapp.hero:id/down_ic_btn']}]
Capabilities {appium:appActivity: com.customerapp.hero.views...., appium:appPackage: com.customerapp.hero, appium:automationName: uiautomator2, appium:avdLaunchTimeout: 600000, appium:databaseEnabled: false, appium:desired: {appActivity: com.customerapp.hero.views...., appPackage: com.customerapp.hero, automationName: uiautomator2, avdLaunchTimeout: 600000, deviceName: realme C33 2023, noReset: false, platformName: android, udid: 3323262910AA04DS}, appium:deviceApiLevel: 31, appium:deviceManufacturer: realme, appium:deviceModel: RMX3627, appium:deviceName: 3323262910AA04DS, appium:deviceScreenDensity: 272, appium:deviceScreenSize: 720x1600, appium:deviceUDID: 3323262910AA04DS, appium:javascriptEnabled: true, appium:locationContextEnabled: false, appium:networkConnectionEnabled: true, appium:noReset: false, appium:pixelRatio: 1.7, appium:platformVersion: 12, appium:statBarHeight: 54, appium:takesScreenshot: true, appium:udid: 3323262910AA04DS, appium:viewportRect: {height: 1394, left: 0, top: 54, width: 720}, appium:warnings: {}, appium:webStorageEnabled: false, platformName: ANDROID}
Session ID: 1ac9de03-4113-4421-a586-d4c2eef15e60
at io.appium.java_client.remote.AppiumCommandExecutor.lambda$execute$4(AppiumCommandExecutor.java:274)
at java.base/java.util.Optional.orElseGet(Optional.java:364)
at io.appium.java_client.remote.AppiumCommandExecutor.execute(AppiumCommandExecutor.java:273)
at org.openqa.selenium.remote.RemoteWebDriver.execute(RemoteWebDriver.java:543)
at org.openqa.selenium.remote.ElementLocation$ElementFinder$2.findElement(ElementLocation.java:162)
at org.openqa.selenium.remote.ElementLocation.findElement(ElementLocation.java:60)
at org.openqa.selenium.remote.RemoteWebDriver.findElement(RemoteWebDriver.java:352)
at org.openqa.selenium.remote.RemoteWebDriver.findElement(RemoteWebDriver.java:344)
at org.openqa.selenium.support.pagefactory.DefaultElementLocator.findElement(DefaultElementLocator.java:70)
at org.openqa.selenium.support.pagefactory.internal.LocatingElementHandler.invoke(LocatingElementHandler.java:39)
at jdk.proxy2/jdk.proxy2.$Proxy33.getText(Unknown Source)
at Page_Test.GoodLife_test.TC102_verify_Service_Privilegers(GoodLife_test.java:119)
at java.base/jdk.internal.reflect.DirectMethodHandleAccessor.invoke(DirectMethodHandleAccessor.java:104)
at java.base/java.lang.reflect.Method.invoke(Method.java:578)
at org.testng.internal.invokers.MethodInvocationHelper.invokeMethod(MethodInvocationHelper.java:139)
at org.testng.internal.invokers.TestInvoker.invokeMethod(TestInvoker.java:664)
at org.testng.internal.invokers.TestInvoker.invokeTestMethod(TestInvoker.java:227)
at org.testng.internal.invokers.MethodRunner.runInSequence(MethodRunner.java:50)
at org.testng.internal.invokers.TestInvoker$MethodInvocationAgent.invoke(TestInvoker.java:957)
at org.testng.internal.invokers.TestInvoker.invokeTestMethods(TestInvoker.java:200)
at org.testng.internal.invokers.TestMethodWorker.invokeTestMethods(TestMethodWorker.java:148)
at org.testng.internal.invokers.TestMethodWorker.run(TestMethodWorker.java:128)
at java.base/java.util.ArrayList.forEach(ArrayList.java:1511)
at org.testng.TestRunner.privateRun(TestRunner.java:848)
at org.testng.TestRunner.run(TestRunner.java:621)
at org.testng.SuiteRunner.runTest(SuiteRunner.java:443)
at org.testng.SuiteRunner.runSequentially(SuiteRunner.java:437)
at org.testng.SuiteRunner.privateRun(SuiteRunner.java:397)
at org.testng.SuiteRunner.run(SuiteRunner.java:336)
at org.testng.SuiteRunnerWorker.runSuite(SuiteRunnerWorker.java:52)
at org.testng.SuiteRunnerWorker.run(SuiteRunnerWorker.java:95)
at org.testng.TestNG.runSuitesSequentially(TestNG.java:1280)
at org.testng.TestNG.runSuitesLocally(TestNG.java:1200)
at org.testng.TestNG.runSuites(TestNG.java:1114)
at org.testng.TestNG.run(TestNG.java:1082)
at org.testng.remote.AbstractRemoteTestNG.run(AbstractRemoteTestNG.java:115)
at org.testng.remote.RemoteTestNG.initAndRun(RemoteTestNG.java:251)
at org.testng.remote.RemoteTestNG.main(RemoteTestNG.java:77)
Caused by: java.net.ConnectException: Connection refused: no further information
at java.base/sun.nio.ch.Net.pollConnect(Native Method)
at java.base/sun.nio.ch.Net.pollConnectNow(Net.java:672)
at java.base/sun.nio.ch.SocketChannelImpl.finishConnect(SocketChannelImpl.java:973)
at io.netty.channel.socket.nio.NioSocketChannel.doFinishConnect(NioSocketChannel.java:337)
at io.netty.channel.nio.AbstractNioChannel$AbstractNioUnsafe.finishConnect(AbstractNioChannel.java:334)
at io.netty.channel.nio.NioEventLoop.processSelectedKey(NioEventLoop.java:776)
at io.netty.channel.nio.NioEventLoop.processSelectedKeysOptimized(NioEventLoop.java:724)
at io.netty.channel.nio.NioEventLoop.processSelectedKeys(NioEventLoop.java:650)
at io.netty.channel.nio.NioEventLoop.run(NioEventLoop.java:562)
at io.netty.util.concurrent.SingleThreadEventExecutor$4.run(SingleThreadEventExecutor.java:997)
at io.netty.util.internal.ThreadExecutorMap$2.run(ThreadExecutorMap.java:74)
at io.netty.util.concurrent.FastThreadLocalRunnable.run(FastThreadLocalRunnable.java:30)
at java.base/java.lang.Thread.run(Thread.java:1589)
]]>
    </error>
  </testcase> <!-- TC102_verify_Service_Privilegers -->
  <testcase classname="Page_Test.GoodLife_test" name="TC103_verify_Benefits_and_Experiences" time="0.005">
    <error message="Connection refused: no further information
Build info: version: &#039;4.8.1&#039;, revision: &#039;8ebccac989&#039;
System info: os.name: &#039;Windows 11&#039;, os.arch: &#039;amd64&#039;, os.version: &#039;10.0&#039;, java.version: &#039;19.0.1&#039;
Driver info: io.appium.java_client.android.AndroidDriver
Command: [1ac9de03-4113-4421-a586-d4c2eef15e60, findElement {using=xpath, value=(//android.widget.TextView[@resource-id =&#039;com.customerapp.hero:id/down_ic_btn&#039;])[2]}]
Capabilities {appium:appActivity: com.customerapp.hero.views...., appium:appPackage: com.customerapp.hero, appium:automationName: uiautomator2, appium:avdLaunchTimeout: 600000, appium:databaseEnabled: false, appium:desired: {appActivity: com.customerapp.hero.views...., appPackage: com.customerapp.hero, automationName: uiautomator2, avdLaunchTimeout: 600000, deviceName: realme C33 2023, noReset: false, platformName: android, udid: 3323262910AA04DS}, appium:deviceApiLevel: 31, appium:deviceManufacturer: realme, appium:deviceModel: RMX3627, appium:deviceName: 3323262910AA04DS, appium:deviceScreenDensity: 272, appium:deviceScreenSize: 720x1600, appium:deviceUDID: 3323262910AA04DS, appium:javascriptEnabled: true, appium:locationContextEnabled: false, appium:networkConnectionEnabled: true, appium:noReset: false, appium:pixelRatio: 1.7, appium:platformVersion: 12, appium:statBarHeight: 54, appium:takesScreenshot: true, appium:udid: 3323262910AA04DS, appium:viewportRect: {height: 1394, left: 0, top: 54, width: 720}, appium:warnings: {}, appium:webStorageEnabled: false, platformName: ANDROID}
Session ID: 1ac9de03-4113-4421-a586-d4c2eef15e60" type="org.openqa.selenium.WebDriverException">
      <![CDATA[org.openqa.selenium.WebDriverException: Connection refused: no further information
Build info: version: '4.8.1', revision: '8ebccac989'
System info: os.name: 'Windows 11', os.arch: 'amd64', os.version: '10.0', java.version: '19.0.1'
Driver info: io.appium.java_client.android.AndroidDriver
Command: [1ac9de03-4113-4421-a586-d4c2eef15e60, findElement {using=xpath, value=(//android.widget.TextView[@resource-id ='com.customerapp.hero:id/down_ic_btn'])[2]}]
Capabilities {appium:appActivity: com.customerapp.hero.views...., appium:appPackage: com.customerapp.hero, appium:automationName: uiautomator2, appium:avdLaunchTimeout: 600000, appium:databaseEnabled: false, appium:desired: {appActivity: com.customerapp.hero.views...., appPackage: com.customerapp.hero, automationName: uiautomator2, avdLaunchTimeout: 600000, deviceName: realme C33 2023, noReset: false, platformName: android, udid: 3323262910AA04DS}, appium:deviceApiLevel: 31, appium:deviceManufacturer: realme, appium:deviceModel: RMX3627, appium:deviceName: 3323262910AA04DS, appium:deviceScreenDensity: 272, appium:deviceScreenSize: 720x1600, appium:deviceUDID: 3323262910AA04DS, appium:javascriptEnabled: true, appium:locationContextEnabled: false, appium:networkConnectionEnabled: true, appium:noReset: false, appium:pixelRatio: 1.7, appium:platformVersion: 12, appium:statBarHeight: 54, appium:takesScreenshot: true, appium:udid: 3323262910AA04DS, appium:viewportRect: {height: 1394, left: 0, top: 54, width: 720}, appium:warnings: {}, appium:webStorageEnabled: false, platformName: ANDROID}
Session ID: 1ac9de03-4113-4421-a586-d4c2eef15e60
at io.appium.java_client.remote.AppiumCommandExecutor.lambda$execute$4(AppiumCommandExecutor.java:274)
at java.base/java.util.Optional.orElseGet(Optional.java:364)
at io.appium.java_client.remote.AppiumCommandExecutor.execute(AppiumCommandExecutor.java:273)
at org.openqa.selenium.remote.RemoteWebDriver.execute(RemoteWebDriver.java:543)
at org.openqa.selenium.remote.ElementLocation$ElementFinder$2.findElement(ElementLocation.java:162)
at org.openqa.selenium.remote.ElementLocation.findElement(ElementLocation.java:60)
at org.openqa.selenium.remote.RemoteWebDriver.findElement(RemoteWebDriver.java:352)
at org.openqa.selenium.remote.RemoteWebDriver.findElement(RemoteWebDriver.java:344)
at org.openqa.selenium.support.pagefactory.DefaultElementLocator.findElement(DefaultElementLocator.java:70)
at org.openqa.selenium.support.pagefactory.internal.LocatingElementHandler.invoke(LocatingElementHandler.java:39)
at jdk.proxy2/jdk.proxy2.$Proxy33.getText(Unknown Source)
at Page_Test.GoodLife_test.TC103_verify_Benefits_and_Experiences(GoodLife_test.java:133)
at java.base/jdk.internal.reflect.DirectMethodHandleAccessor.invoke(DirectMethodHandleAccessor.java:104)
at java.base/java.lang.reflect.Method.invoke(Method.java:578)
at org.testng.internal.invokers.MethodInvocationHelper.invokeMethod(MethodInvocationHelper.java:139)
at org.testng.internal.invokers.TestInvoker.invokeMethod(TestInvoker.java:664)
at org.testng.internal.invokers.TestInvoker.invokeTestMethod(TestInvoker.java:227)
at org.testng.internal.invokers.MethodRunner.runInSequence(MethodRunner.java:50)
at org.testng.internal.invokers.TestInvoker$MethodInvocationAgent.invoke(TestInvoker.java:957)
at org.testng.internal.invokers.TestInvoker.invokeTestMethods(TestInvoker.java:200)
at org.testng.internal.invokers.TestMethodWorker.invokeTestMethods(TestMethodWorker.java:148)
at org.testng.internal.invokers.TestMethodWorker.run(TestMethodWorker.java:128)
at java.base/java.util.ArrayList.forEach(ArrayList.java:1511)
at org.testng.TestRunner.privateRun(TestRunner.java:848)
at org.testng.TestRunner.run(TestRunner.java:621)
at org.testng.SuiteRunner.runTest(SuiteRunner.java:443)
at org.testng.SuiteRunner.runSequentially(SuiteRunner.java:437)
at org.testng.SuiteRunner.privateRun(SuiteRunner.java:397)
at org.testng.SuiteRunner.run(SuiteRunner.java:336)
at org.testng.SuiteRunnerWorker.runSuite(SuiteRunnerWorker.java:52)
at org.testng.SuiteRunnerWorker.run(SuiteRunnerWorker.java:95)
at org.testng.TestNG.runSuitesSequentially(TestNG.java:1280)
at org.testng.TestNG.runSuitesLocally(TestNG.java:1200)
at org.testng.TestNG.runSuites(TestNG.java:1114)
at org.testng.TestNG.run(TestNG.java:1082)
at org.testng.remote.AbstractRemoteTestNG.run(AbstractRemoteTestNG.java:115)
at org.testng.remote.RemoteTestNG.initAndRun(RemoteTestNG.java:251)
at org.testng.remote.RemoteTestNG.main(RemoteTestNG.java:77)
Caused by: java.net.ConnectException: Connection refused: no further information
at java.base/sun.nio.ch.Net.pollConnect(Native Method)
at java.base/sun.nio.ch.Net.pollConnectNow(Net.java:672)
at java.base/sun.nio.ch.SocketChannelImpl.finishConnect(SocketChannelImpl.java:973)
at io.netty.channel.socket.nio.NioSocketChannel.doFinishConnect(NioSocketChannel.java:337)
at io.netty.channel.nio.AbstractNioChannel$AbstractNioUnsafe.finishConnect(AbstractNioChannel.java:334)
at io.netty.channel.nio.NioEventLoop.processSelectedKey(NioEventLoop.java:776)
at io.netty.channel.nio.NioEventLoop.processSelectedKeysOptimized(NioEventLoop.java:724)
at io.netty.channel.nio.NioEventLoop.processSelectedKeys(NioEventLoop.java:650)
at io.netty.channel.nio.NioEventLoop.run(NioEventLoop.java:562)
at io.netty.util.concurrent.SingleThreadEventExecutor$4.run(SingleThreadEventExecutor.java:997)
at io.netty.util.internal.ThreadExecutorMap$2.run(ThreadExecutorMap.java:74)
at io.netty.util.concurrent.FastThreadLocalRunnable.run(FastThreadLocalRunnable.java:30)
at java.base/java.lang.Thread.run(Thread.java:1589)
]]>
    </error>
  </testcase> <!-- TC103_verify_Benefits_and_Experiences -->
</testsuite> <!-- Page_Test.GoodLife_test -->
