<?xml version="1.0" encoding="UTF-8"?>
<!-- Generated by org.testng.reporters.JUnitReportReporter -->
<testsuite hostname="DESKTOP-DC5U0BQ" failures="0" tests="11" name="Page_Test.Login_Page_Test" time="194.771" errors="0" timestamp="2023-11-24T21:58:33 IST" skipped="0">
  <testcase classname="Page_Test.Login_Page_Test" name="TC001_Verify_Login_with_Invalid_credential" time="16.884"/>
  <testcase classname="Page_Test.Login_Page_Test" name="TC002_invalidmobileno" time="10.022"/>
  <testcase classname="Page_Test.Login_Page_Test" name="TC003_Verify_Login_with_short_length_of_mobile_number_credential" time="5.465"/>
  <testcase classname="Page_Test.Login_Page_Test" name="TC004_max_digit_mobile_number" time="5.951"/>
  <testcase classname="Page_Test.Login_Page_Test" name="TC005_Terms_of_use_button" time="17.849"/>
  <testcase classname="Page_Test.Login_Page_Test" name="TC006_Privacy_policy" time="13.853"/>
  <testcase classname="Page_Test.Login_Page_Test" name="TC007_contact_Us" time="7.437"/>
  <testcase classname="Page_Test.Login_Page_Test" name="TC008_Verify_Login_with_valid_credential" time="36.849"/>
  <testcase classname="Page_Test.Login_Page_Test" name="TC009_resend_butn" time="20.371"/>
  <testcase classname="Page_Test.Login_Page_Test" name="TC010_inavalid_OTP" time="19.585"/>
  <testcase classname="Page_Test.Login_Page_Test" name="TC011_edit_moble" time="40.505"/>
</testsuite> <!-- Page_Test.Login_Page_Test -->
