<?xml version="1.0" encoding="UTF-8"?>
<!-- Generated by org.testng.reporters.JUnitReportReporter -->
<testsuite hostname="DESKTOP-DC5U0BQ" failures="0" tests="2" name="Page_Test.E_Shop_test" time="189.591" errors="0" timestamp="2023-10-04T13:39:39 IST" skipped="0">
  <testcase classname="Page_Test.E_Shop_test" name="TC107_registered_customers" time="114.419"/>
  <testcase classname="Page_Test.E_Shop_test" name="TC108_new_customers" time="75.172"/>
</testsuite> <!-- Page_Test.E_Shop_test -->
