<?xml version="1.0" encoding="UTF-8"?>
<!-- Generated by org.testng.reporters.JUnitReportReporter -->
<testsuite hostname="DESKTOP-DC5U0BQ" failures="0" tests="7" name="Page_Test.My_Profile_Page_Test" time="154.163" errors="0" timestamp="2023-09-28T18:18:16 IST" skipped="0">
  <testcase classname="Page_Test.My_Profile_Page_Test" name="TC030_Verify_My_Profile" time="7.520"/>
  <testcase classname="Page_Test.My_Profile_Page_Test" name="TC031_verify_more_detais_button" time="1.266"/>
  <testcase classname="Page_Test.My_Profile_Page_Test" name="TC032_edit_profile_button" time="13.870"/>
  <testcase classname="Page_Test.My_Profile_Page_Test" name="TC033_edit_Personal_Details" time="57.615"/>
  <testcase classname="Page_Test.My_Profile_Page_Test" name="TC034_change_original_Personal_Details" time="12.911"/>
  <testcase classname="Page_Test.My_Profile_Page_Test" name="TC035_Manage_License" time="15.954"/>
  <testcase classname="Page_Test.My_Profile_Page_Test" name="TC036_Verify_emergency_contacts" time="45.027"/>
</testsuite> <!-- Page_Test.My_Profile_Page_Test -->
