<?xml version="1.0" encoding="UTF-8"?>
<!-- Generated by org.testng.reporters.JUnitReportReporter -->
<testsuite hostname="DESKTOP-DC5U0BQ" failures="0" tests="8" name="Page_Test.Home_Page_Test" time="122.338" errors="0" timestamp="2023-07-05T18:01:34 IST" skipped="0">
  <testcase classname="Page_Test.Home_Page_Test" name="TC017_Home_page_verify" time="24.782"/>
  <testcase classname="Page_Test.Home_Page_Test" name="TC019_Verify_Documents" time="84.089"/>
  <testcase classname="Page_Test.Home_Page_Test" name="TC020_Verify_Relationship_Manager" time="6.338"/>
  <testcase classname="Page_Test.Home_Page_Test" name="TC021_Verify_RSA" time="2.351"/>
  <testcase classname="Page_Test.Home_Page_Test" name="TC022_Verify_Technical_Support_Manager" time="2.228"/>
  <testcase classname="Page_Test.Home_Page_Test" name="TC023_Verify_Dealer_Locator" time="2.240"/>
  <testcase classname="Page_Test.Home_Page_Test" name="TC024_Select_city" time="0.158"/>
  <testcase classname="Page_Test.Home_Page_Test" name="TC025_View_dealer_name_and_address" time="0.152"/>
</testsuite> <!-- Page_Test.Home_Page_Test -->
