<?xml version="1.0" encoding="UTF-8"?>
<!-- Generated by org.testng.reporters.JUnitReportReporter -->
<testsuite hostname="DESKTOP-DC5U0BQ" failures="0" tests="3" name="Page_Test.My_Profile_Page_Test" time="25.077" errors="0" timestamp="2023-06-07T05:38:08 IST" skipped="0">
  <testcase classname="Page_Test.My_Profile_Page_Test" name="TC026_Verify_My_Profile" time="7.401"/>
  <system-out/>
  <testcase classname="Page_Test.My_Profile_Page_Test" name="TC027_verify_more_detais_button" time="2.006"/>
  <system-out/>
  <testcase classname="Page_Test.My_Profile_Page_Test" name="TC028_edit_prifile" time="15.670"/>
  <system-out/>
</testsuite> <!-- Page_Test.My_Profile_Page_Test -->
