<?xml version="1.0" encoding="UTF-8"?>
<!-- Generated by org.testng.reporters.JUnitReportReporter -->
<testsuite hostname="DESKTOP-DC5U0BQ" failures="0" tests="11" name="Page_Test.Login_Page_Test" time="148.351" errors="0" timestamp="2023-07-05T18:01:34 IST" skipped="0">
  <testcase classname="Page_Test.Login_Page_Test" name="TC001_Verify_Login_with_Invalid_credential" time="6.956"/>
  <testcase classname="Page_Test.Login_Page_Test" name="TC002_invalidmobileno" time="6.685"/>
  <testcase classname="Page_Test.Login_Page_Test" name="TC003_Verify_Login_with_short_length_of_mobile_number_credential" time="3.273"/>
  <testcase classname="Page_Test.Login_Page_Test" name="TC004_max_digit_mobile_number" time="5.796"/>
  <testcase classname="Page_Test.Login_Page_Test" name="TC005_Terms_of_use_button" time="13.217"/>
  <testcase classname="Page_Test.Login_Page_Test" name="TC006_Privacy_policy" time="9.743"/>
  <testcase classname="Page_Test.Login_Page_Test" name="TC007_contact_Us" time="5.593"/>
  <testcase classname="Page_Test.Login_Page_Test" name="TC008_Verify_Login_with_valid_credential" time="21.958"/>
  <testcase classname="Page_Test.Login_Page_Test" name="TC009_resend_butn" time="21.544"/>
  <testcase classname="Page_Test.Login_Page_Test" name="TC010_inavalid_OTP" time="17.085"/>
  <testcase classname="Page_Test.Login_Page_Test" name="TC011_edit_moble" time="36.501"/>
</testsuite> <!-- Page_Test.Login_Page_Test -->
