<?xml version="1.0" encoding="UTF-8"?>
<!-- Generated by org.testng.reporters.JUnitReportReporter -->
<testsuite hostname="DESKTOP-DC5U0BQ" failures="0" tests="10" name="Page_Test.GoodLife_test" time="144.608" errors="0" timestamp="2023-07-19T17:57:44 IST" skipped="0">
  <testcase classname="Page_Test.GoodLife_test" name="verify_image_in_goodlife_page" time="3.600"/>
  <testcase classname="Page_Test.GoodLife_test" name="verify_Service_Privilegers" time="14.094"/>
  <testcase classname="Page_Test.GoodLife_test" name="verify_Points_Earning_and_Redemption" time="25.557"/>
  <testcase classname="Page_Test.GoodLife_test" name="verify_Winner_informaton" time="0.351"/>
  <testcase classname="Page_Test.GoodLife_test" name="verify_Benefits_and_Experiences" time="14.773"/>
  <testcase classname="Page_Test.GoodLife_test" name="verify_Remarkable_Rewards" time="37.490"/>
  <testcase classname="Page_Test.GoodLife_test" name="Verify_Pro_Membership" time="9.303"/>
  <testcase classname="Page_Test.GoodLife_test" name="Verify_Silver_Membership" time="4.169"/>
  <testcase classname="Page_Test.GoodLife_test" name="Verify_Gold_Membership" time="8.997"/>
  <testcase classname="Page_Test.GoodLife_test" name="Verify_Platinum_Membership" time="26.274"/>
</testsuite> <!-- Page_Test.GoodLife_test -->
