<?xml version="1.0" encoding="UTF-8"?>
<!-- Generated by org.testng.reporters.JUnitReportReporter -->
<testsuite hostname="DESKTOP-DC5U0BQ" failures="0" tests="11" name="Page_Test.Home_Page_Test" time="326.648" errors="0" timestamp="2023-11-24T21:58:33 IST" skipped="0">
  <testcase classname="Page_Test.Home_Page_Test" name="TC017_Home_page_verify" time="50.371"/>
  <testcase classname="Page_Test.Home_Page_Test" name="TC018__verify_Navigate" time="32.047"/>
  <testcase classname="Page_Test.Home_Page_Test" name="TC019_Verify_Documents" time="28.903"/>
  <testcase classname="Page_Test.Home_Page_Test" name="TC020_Verify_Relationship_Manager" time="35.191"/>
  <testcase classname="Page_Test.Home_Page_Test" name="TC021_Verify_RSA" time="19.975"/>
  <testcase classname="Page_Test.Home_Page_Test" name="TC022_Renew_RSA" time="19.256"/>
  <testcase classname="Page_Test.Home_Page_Test" name="TC023_frequently_asked_questions" time="43.744"/>
  <testcase classname="Page_Test.Home_Page_Test" name="TC024_Verify_Technical_Support_Manager" time="26.473"/>
  <testcase classname="Page_Test.Home_Page_Test" name="TC025_Verify_Dealer_Locator" time="15.986"/>
  <testcase classname="Page_Test.Home_Page_Test" name="TC026_Select_city" time="38.074"/>
  <testcase classname="Page_Test.Home_Page_Test" name="TC027_View_dealer_name_and_address" time="16.628"/>
</testsuite> <!-- Page_Test.Home_Page_Test -->
