<?xml version="1.0" encoding="UTF-8"?>
<!-- Generated by org.testng.reporters.JUnitReportReporter -->
<testsuite hostname="DESKTOP-DC5U0BQ" failures="0" tests="6" name="Page_Test.Vehicle_Details_test" time="264.038" errors="0" timestamp="2023-07-05T18:15:16 IST" skipped="0">
  <testcase classname="Page_Test.Vehicle_Details_test" name="TC034_Verify_My_Vehicle" time="145.238"/>
  <testcase classname="Page_Test.Vehicle_Details_test" name="TC035_Verify_My_Vehicle_more_details" time="15.761"/>
  <testcase classname="Page_Test.Vehicle_Details_test" name="TC036_Verify_My_Vehicle_Documents" time="81.679"/>
  <testcase classname="Page_Test.Vehicle_Details_test" name="TC037_Verify_Owners_Manual" time="4.762"/>
  <testcase classname="Page_Test.Vehicle_Details_test" name="TC038_Verify_my_Vehicle_service_History" time="6.220"/>
  <testcase classname="Page_Test.Vehicle_Details_test" name="TC039_Verify_Tips_and_DIY_videos_inside_sideMenu" time="10.378"/>
</testsuite> <!-- Page_Test.Vehicle_Details_test -->
