<?xml version="1.0" encoding="UTF-8"?>
<!-- Generated by org.testng.reporters.JUnitReportReporter -->
<testsuite hostname="DESKTOP-DC5U0BQ" failures="0" tests="2" name="Page_Test.Safety_Measures_and_Symbols_Glossary_Test" time="153.408" errors="0" timestamp="2023-08-10T09:48:56 IST" skipped="0">
  <testcase classname="Page_Test.Safety_Measures_and_Symbols_Glossary_Test" name="Verify_Safety_Measures" time="84.559"/>
  <testcase classname="Page_Test.Safety_Measures_and_Symbols_Glossary_Test" name="Verify_Symbols_Glossary" time="68.849"/>
</testsuite> <!-- Page_Test.Safety_Measures_and_Symbols_Glossary_Test -->
