<?xml version="1.0" encoding="UTF-8"?>
<!-- Generated by org.testng.reporters.JUnitReportReporter -->
<testsuite hostname="DESKTOP-DC5U0BQ" failures="0" tests="13" name="Page_Test.Home_Page_Test" time="391.694" errors="1" timestamp="2023-10-08T16:34:49 IST" skipped="0">
  <testcase classname="Page_Test.Home_Page_Test" name="TC017_Home_page_verify" time="20.425">
    <error message="An element could not be located on the page using the given search parameters.
For documentation on this error, please visit: https://selenium.dev/exceptions/#no_such_element
Build info: version: &#039;4.8.1&#039;, revision: &#039;8ebccac989&#039;
System info: os.name: &#039;Windows 11&#039;, os.arch: &#039;amd64&#039;, os.version: &#039;10.0&#039;, java.version: &#039;19.0.1&#039;
Driver info: io.appium.java_client.android.AndroidDriver
Command: [0a8364a3-570d-4ff4-8472-c97001234fc1, findElement {using=xpath, value=//android.widget.Button[@resource-id =&#039;com.android.permissioncontroller:id/permission_allow_button&#039;]}]
Capabilities {appium:app: /opt/raid-data/data/userV2/..., appium:appActivity: com.customerapp.hero.views...., appium:appPackage: com.customerapp.hero, appium:appiumVersion: 2.0.0, appium:automationName: uiautomator2, appium:chromedriverPort: 31352, appium:databaseEnabled: false, appium:desired: {app: /opt/raid-data/data/userV2/..., appActivity: com.customerapp.hero.views...., appPackage: com.customerapp.hero, appiumVersion: 2.0.0, automationName: uiautomator2, chromedriverPort: 31352, deviceName: 617, launchTimeout: 90000, newCommandTimeout: 600, pCloudy_ApiKey: 2gdc5pv55mh54mqtwmvj4xbr, pCloudy_DeviceManufacturer: GOOGLE, pCloudy_DeviceVersion: 11.0.0, pCloudy_DurationInMinutes: 90, pCloudy_EnableDeviceLogs: true, pCloudy_EnablePerformanceData: false, pCloudy_EnableVideo: true, pCloudy_Username: randhir.kumar@heromotocorp.com, pCloudy_WildNet: false, platformName: android, platformVersion: 11.0.0, systemPort: 31354, udid: 803KPRW1598286}, appium:deviceApiLevel: 30, appium:deviceManufacturer: Google, appium:deviceModel: Pixel 2 XL, appium:deviceName: 803KPRW1598286, appium:deviceScreenDensity: 560, appium:deviceScreenSize: 1440x2880, appium:deviceUDID: 803KPRW1598286, appium:javascriptEnabled: true, appium:launchTimeout: 90000, appium:locationContextEnabled: false, appium:networkConnectionEnabled: true, appium:newCommandTimeout: 600, appium:pCloudy_ApiKey: 2gdc5pv55mh54mqtwmvj4xbr, appium:pCloudy_DeviceManufacturer: GOOGLE, appium:pCloudy_DeviceVersion: 11.0.0, appium:pCloudy_DurationInMinutes: 90, appium:pCloudy_EnableDeviceLogs: true, appium:pCloudy_EnablePerformanceData: false, appium:pCloudy_EnableVideo: true, appium:pCloudy_Username: randhir.kumar@heromotocorp.com, appium:pCloudy_WildNet: false, appium:pixelRatio: 3.5, appium:platformVersion: 11, appium:statBarHeight: 98, appium:systemPort: 31354, appium:takesScreenshot: true, appium:udid: 803KPRW1598286, appium:viewportRect: {height: 2614, left: 0, top: 98, width: 1440}, appium:warnings: {}, appium:webStorageEnabled: false, platformName: ANDROID}
Session ID: 0a8364a3-570d-4ff4-8472-c97001234fc1" type="org.openqa.selenium.NoSuchElementException">
      <![CDATA[org.openqa.selenium.NoSuchElementException: An element could not be located on the page using the given search parameters.
For documentation on this error, please visit: https://selenium.dev/exceptions/#no_such_element
Build info: version: '4.8.1', revision: '8ebccac989'
System info: os.name: 'Windows 11', os.arch: 'amd64', os.version: '10.0', java.version: '19.0.1'
Driver info: io.appium.java_client.android.AndroidDriver
Command: [0a8364a3-570d-4ff4-8472-c97001234fc1, findElement {using=xpath, value=//android.widget.Button[@resource-id ='com.android.permissioncontroller:id/permission_allow_button']}]
Capabilities {appium:app: /opt/raid-data/data/userV2/..., appium:appActivity: com.customerapp.hero.views...., appium:appPackage: com.customerapp.hero, appium:appiumVersion: 2.0.0, appium:automationName: uiautomator2, appium:chromedriverPort: 31352, appium:databaseEnabled: false, appium:desired: {app: /opt/raid-data/data/userV2/..., appActivity: com.customerapp.hero.views...., appPackage: com.customerapp.hero, appiumVersion: 2.0.0, automationName: uiautomator2, chromedriverPort: 31352, deviceName: 617, launchTimeout: 90000, newCommandTimeout: 600, pCloudy_ApiKey: 2gdc5pv55mh54mqtwmvj4xbr, pCloudy_DeviceManufacturer: GOOGLE, pCloudy_DeviceVersion: 11.0.0, pCloudy_DurationInMinutes: 90, pCloudy_EnableDeviceLogs: true, pCloudy_EnablePerformanceData: false, pCloudy_EnableVideo: true, pCloudy_Username: randhir.kumar@heromotocorp.com, pCloudy_WildNet: false, platformName: android, platformVersion: 11.0.0, systemPort: 31354, udid: 803KPRW1598286}, appium:deviceApiLevel: 30, appium:deviceManufacturer: Google, appium:deviceModel: Pixel 2 XL, appium:deviceName: 803KPRW1598286, appium:deviceScreenDensity: 560, appium:deviceScreenSize: 1440x2880, appium:deviceUDID: 803KPRW1598286, appium:javascriptEnabled: true, appium:launchTimeout: 90000, appium:locationContextEnabled: false, appium:networkConnectionEnabled: true, appium:newCommandTimeout: 600, appium:pCloudy_ApiKey: 2gdc5pv55mh54mqtwmvj4xbr, appium:pCloudy_DeviceManufacturer: GOOGLE, appium:pCloudy_DeviceVersion: 11.0.0, appium:pCloudy_DurationInMinutes: 90, appium:pCloudy_EnableDeviceLogs: true, appium:pCloudy_EnablePerformanceData: false, appium:pCloudy_EnableVideo: true, appium:pCloudy_Username: randhir.kumar@heromotocorp.com, appium:pCloudy_WildNet: false, appium:pixelRatio: 3.5, appium:platformVersion: 11, appium:statBarHeight: 98, appium:systemPort: 31354, appium:takesScreenshot: true, appium:udid: 803KPRW1598286, appium:viewportRect: {height: 2614, left: 0, top: 98, width: 1440}, appium:warnings: {}, appium:webStorageEnabled: false, platformName: ANDROID}
Session ID: 0a8364a3-570d-4ff4-8472-c97001234fc1
at java.base/jdk.internal.reflect.DirectConstructorHandleAccessor.newInstance(DirectConstructorHandleAccessor.java:67)
at java.base/java.lang.reflect.Constructor.newInstanceWithCaller(Constructor.java:500)
at java.base/java.lang.reflect.Constructor.newInstance(Constructor.java:484)
at org.openqa.selenium.remote.codec.w3c.W3CHttpResponseCodec.createException(W3CHttpResponseCodec.java:200)
at org.openqa.selenium.remote.codec.w3c.W3CHttpResponseCodec.decode(W3CHttpResponseCodec.java:133)
at org.openqa.selenium.remote.codec.w3c.W3CHttpResponseCodec.decode(W3CHttpResponseCodec.java:53)
at org.openqa.selenium.remote.HttpCommandExecutor.execute(HttpCommandExecutor.java:184)
at io.appium.java_client.remote.AppiumCommandExecutor.execute(AppiumCommandExecutor.java:262)
at org.openqa.selenium.remote.RemoteWebDriver.execute(RemoteWebDriver.java:543)
at org.openqa.selenium.remote.ElementLocation$ElementFinder$2.findElement(ElementLocation.java:162)
at org.openqa.selenium.remote.ElementLocation.findElement(ElementLocation.java:60)
at org.openqa.selenium.remote.RemoteWebDriver.findElement(RemoteWebDriver.java:352)
at org.openqa.selenium.remote.RemoteWebDriver.findElement(RemoteWebDriver.java:344)
at org.openqa.selenium.support.pagefactory.DefaultElementLocator.findElement(DefaultElementLocator.java:70)
at org.openqa.selenium.support.pagefactory.internal.LocatingElementHandler.invoke(LocatingElementHandler.java:39)
at jdk.proxy2/jdk.proxy2.$Proxy22.getText(Unknown Source)
at Page_Test.Login_Page_Test.login(Login_Page_Test.java:156)
at Page_Test.Home_Page_Test.TC017_Home_page_verify(Home_Page_Test.java:27)
at java.base/jdk.internal.reflect.DirectMethodHandleAccessor.invoke(DirectMethodHandleAccessor.java:104)
at java.base/java.lang.reflect.Method.invoke(Method.java:578)
at org.testng.internal.invokers.MethodInvocationHelper.invokeMethod(MethodInvocationHelper.java:139)
at org.testng.internal.invokers.TestInvoker.invokeMethod(TestInvoker.java:664)
at org.testng.internal.invokers.TestInvoker.invokeTestMethod(TestInvoker.java:227)
at org.testng.internal.invokers.MethodRunner.runInSequence(MethodRunner.java:50)
at org.testng.internal.invokers.TestInvoker$MethodInvocationAgent.invoke(TestInvoker.java:957)
at org.testng.internal.invokers.TestInvoker.invokeTestMethods(TestInvoker.java:200)
at org.testng.internal.invokers.TestMethodWorker.invokeTestMethods(TestMethodWorker.java:148)
at org.testng.internal.invokers.TestMethodWorker.run(TestMethodWorker.java:128)
at java.base/java.util.ArrayList.forEach(ArrayList.java:1511)
at org.testng.TestRunner.privateRun(TestRunner.java:848)
at org.testng.TestRunner.run(TestRunner.java:621)
at org.testng.SuiteRunner.runTest(SuiteRunner.java:443)
at org.testng.SuiteRunner.runSequentially(SuiteRunner.java:437)
at org.testng.SuiteRunner.privateRun(SuiteRunner.java:397)
at org.testng.SuiteRunner.run(SuiteRunner.java:336)
at org.testng.SuiteRunnerWorker.runSuite(SuiteRunnerWorker.java:52)
at org.testng.SuiteRunnerWorker.run(SuiteRunnerWorker.java:95)
at org.testng.TestNG.runSuitesSequentially(TestNG.java:1280)
at org.testng.TestNG.runSuitesLocally(TestNG.java:1200)
at org.testng.TestNG.runSuites(TestNG.java:1114)
at org.testng.TestNG.run(TestNG.java:1082)
at org.testng.remote.AbstractRemoteTestNG.run(AbstractRemoteTestNG.java:115)
at org.testng.remote.RemoteTestNG.initAndRun(RemoteTestNG.java:251)
at org.testng.remote.RemoteTestNG.main(RemoteTestNG.java:77)
]]>
    </error>
  </testcase> <!-- TC017_Home_page_verify -->
  <testcase classname="Page_Test.Home_Page_Test" name="TC018__verify_Navigate" time="12.302"/>
  <testcase classname="Page_Test.Home_Page_Test" name="TC019_Verify_Documents" time="106.295"/>
  <testcase classname="Page_Test.Home_Page_Test" name="TC020_Verify_Relationship_Manager" time="23.578"/>
  <testcase classname="Page_Test.Home_Page_Test" name="TC021_Verify_RSA" time="19.191"/>
  <testcase classname="Page_Test.Home_Page_Test" name="TC022_Select_State_For_Nearest_Dealer" time="32.927"/>
  <testcase classname="Page_Test.Home_Page_Test" name="TC023_Select_City_For_Nearest_Dealer" time="52.894"/>
  <testcase classname="Page_Test.Home_Page_Test" name="TC024_Select_Locality_For_Nearest_Dealer" time="25.451"/>
  <testcase classname="Page_Test.Home_Page_Test" name="TC025_Verify_Nearest_Dealer_info" time="23.187"/>
  <testcase classname="Page_Test.Home_Page_Test" name="TC026_Verify_Technical_Support_Manager" time="8.924"/>
  <testcase classname="Page_Test.Home_Page_Test" name="TC027_Verify_Dealer_Locator" time="14.360"/>
  <testcase classname="Page_Test.Home_Page_Test" name="TC028_Select_city" time="34.514"/>
  <testcase classname="Page_Test.Home_Page_Test" name="TC029_View_dealer_name_and_address" time="17.646"/>
</testsuite> <!-- Page_Test.Home_Page_Test -->
