<?xml version="1.0" encoding="UTF-8"?>
<!-- Generated by org.testng.reporters.JUnitReportReporter -->
<testsuite hostname="DESKTOP-DC5U0BQ" failures="0" tests="11" name="Page_Test.Refer_a_friend_and_Contact_us_test" time="303.146" errors="0" timestamp="2023-07-05T08:59:04 IST" skipped="0">
  <testcase classname="Page_Test.Refer_a_friend_and_Contact_us_test" name="TC040_Refer_a_friend" time="79.242"/>
  <testcase classname="Page_Test.Refer_a_friend_and_Contact_us_test" name="TC041_Verify_Select_State" time="19.536"/>
  <testcase classname="Page_Test.Refer_a_friend_and_Contact_us_test" name="TC042_Verify_Select_City" time="6.038"/>
  <testcase classname="Page_Test.Refer_a_friend_and_Contact_us_test" name="TC043_Verify_Select_Model" time="27.186"/>
  <testcase classname="Page_Test.Refer_a_friend_and_Contact_us_test" name="TC044_Verify_Refer_yourself" time="37.190"/>
  <testcase classname="Page_Test.Refer_a_friend_and_Contact_us_test" name="TC045_Verify_Facebook_in_Contact_us_page" time="32.960"/>
  <testcase classname="Page_Test.Refer_a_friend_and_Contact_us_test" name="TC046_Verify_instagram_in_Contact_us_page" time="13.135"/>
  <testcase classname="Page_Test.Refer_a_friend_and_Contact_us_test" name="TC047_Verify_Whatsapp_in_Contact_us_page" time="23.347"/>
  <testcase classname="Page_Test.Refer_a_friend_and_Contact_us_test" name="TC048_Verify_youTube_in_Contact_us_page" time="7.552"/>
  <testcase classname="Page_Test.Refer_a_friend_and_Contact_us_test" name="TC049_Verify_Linkedin_in_Contact_us_page" time="44.594"/>
  <testcase classname="Page_Test.Refer_a_friend_and_Contact_us_test" name="TC050_Verify_twitter_in_Contact_us_page" time="12.366"/>
</testsuite> <!-- Page_Test.Refer_a_friend_and_Contact_us_test -->
