<?xml version="1.0" encoding="UTF-8"?>
<!-- Generated by org.testng.reporters.JUnitReportReporter -->
<testsuite hostname="DESKTOP-DC5U0BQ" failures="0" tests="6" name="Page_Test.Home_Page_Test" time="157.375" errors="0" timestamp="2023-06-01T16:40:25 IST" skipped="0">
  <testcase classname="Page_Test.Home_Page_Test" name="TC006_Home_page_verify" time="18.554"/>
  <system-out/>
  <testcase classname="Page_Test.Home_Page_Test" name="TC008_Verify_Documents" time="63.064"/>
  <system-out/>
  <testcase classname="Page_Test.Home_Page_Test" name="TC009_Verify_Relationship_Manager" time="9.870"/>
  <system-out/>
  <testcase classname="Page_Test.Home_Page_Test" name="TC010_Verify_RSA" time="6.017"/>
  <system-out/>
  <testcase classname="Page_Test.Home_Page_Test" name="TC011_Verify_Technical_Support_Manager" time="4.897"/>
  <system-out/>
  <testcase classname="Page_Test.Home_Page_Test" name="TC012_Verify_Dealer_Locator" time="54.973"/>
  <system-out/>
</testsuite> <!-- Page_Test.Home_Page_Test -->
