<?xml version="1.0" encoding="UTF-8"?>
<!-- Generated by org.testng.reporters.JUnitReportReporter -->
<testsuite hostname="DESKTOP-DC5U0BQ" failures="0" tests="12" name="Page_Test.GoodLife_test" time="222.301" errors="0" timestamp="2023-08-10T15:07:20 IST" skipped="0">
  <testcase classname="Page_Test.GoodLife_test" name="TC081_verify_image_in_goodlife_page" time="71.501"/>
  <testcase classname="Page_Test.GoodLife_test" name="TC082_Verify_Pro_Membership" time="2.699"/>
  <testcase classname="Page_Test.GoodLife_test" name="TC083_Verify_Earning_History_in_Pro_Membership" time="4.611"/>
  <testcase classname="Page_Test.GoodLife_test" name="TC084_Verify_Redemption_History_in_Pro_Membership" time="2.902"/>
  <testcase classname="Page_Test.GoodLife_test" name="TC085_Verify_Complete_profile" time="4.397"/>
  <testcase classname="Page_Test.GoodLife_test" name="TC086_Verify_Welcome_Rewards" time="3.075"/>
  <testcase classname="Page_Test.GoodLife_test" name="TC087_Verify_refer_friend_in_Goodlife" time="11.310"/>
  <testcase classname="Page_Test.GoodLife_test" name="TC088_verify_Winner_informaton" time="8.070"/>
  <testcase classname="Page_Test.GoodLife_test" name="TC089_verify_Points_Earning_and_Redemption" time="62.975"/>
  <testcase classname="Page_Test.GoodLife_test" name="TC090_verify_Service_Privilegers" time="10.562"/>
  <testcase classname="Page_Test.GoodLife_test" name="TC091_verify_Benefits_and_Experiences" time="20.361"/>
  <testcase classname="Page_Test.GoodLife_test" name="TC092_verify_Remarkable_Rewards" time="19.838"/>
</testsuite> <!-- Page_Test.GoodLife_test -->
