<?xml version="1.0" encoding="UTF-8"?>
<!-- Generated by org.testng.reporters.JUnitReportReporter -->
<testsuite hostname="DESKTOP-DC5U0BQ" failures="0" tests="11" name="Page_Test.Login_Page_Test" time="156.757" errors="0" timestamp="2023-06-15T19:16:12 IST" skipped="0">
  <testcase classname="Page_Test.Login_Page_Test" name="TC001_Verify_Login_with_Invalid_credential" time="9.146"/>
  <testcase classname="Page_Test.Login_Page_Test" name="TC002_invalidmobileno" time="7.644"/>
  <testcase classname="Page_Test.Login_Page_Test" name="TC003_Verify_Login_with_short_length_of_mobile_number_credential" time="3.881"/>
  <testcase classname="Page_Test.Login_Page_Test" name="TC004_max_digit_mobile_number" time="6.251"/>
  <testcase classname="Page_Test.Login_Page_Test" name="TC005_Terms_of_use_button" time="13.029"/>
  <testcase classname="Page_Test.Login_Page_Test" name="TC006_Privacy_policy" time="11.936"/>
  <testcase classname="Page_Test.Login_Page_Test" name="TC007_contact_Us" time="5.662"/>
  <testcase classname="Page_Test.Login_Page_Test" name="TC008_Verify_Login_with_valid_credential" time="22.848"/>
  <testcase classname="Page_Test.Login_Page_Test" name="TC009_resend_butn" time="20.587"/>
  <testcase classname="Page_Test.Login_Page_Test" name="TC010_inavalid_OTP" time="17.893"/>
  <testcase classname="Page_Test.Login_Page_Test" name="TC011_edit_moble" time="37.880"/>
</testsuite> <!-- Page_Test.Login_Page_Test -->
