<?xml version="1.0" encoding="UTF-8"?>
<!-- Generated by org.testng.reporters.JUnitReportReporter -->
<testsuite hostname="DESKTOP-DC5U0BQ" failures="0" tests="27" name="Page_Test.Services_Page_Test" time="1220.264" errors="0" timestamp="2023-08-11T14:53:55 IST" skipped="0">
  <testcase classname="Page_Test.Services_Page_Test" name="TC054_Vehicle_details_on_service_page" time="305.992"/>
  <testcase classname="Page_Test.Services_Page_Test" name="TC055_verify_service_type" time="0.903"/>
  <testcase classname="Page_Test.Services_Page_Test" name="TC056_verify_Dealer_information" time="3.436"/>
  <testcase classname="Page_Test.Services_Page_Test" name="TC057_Verify_dealer_manager_info" time="5.905"/>
  <testcase classname="Page_Test.Services_Page_Test" name="TC058_View_Service_schedule_750" time="37.167"/>
  <testcase classname="Page_Test.Services_Page_Test" name="TC059_View_Service_schedule_3500" time="25.745"/>
  <testcase classname="Page_Test.Services_Page_Test" name="TC060_View_Service_schedule_6500" time="31.307"/>
  <testcase classname="Page_Test.Services_Page_Test" name="TC061_View_Service_schedule_9500" time="28.159"/>
  <testcase classname="Page_Test.Services_Page_Test" name="TC062_View_Service_schedule_12500" time="32.937"/>
  <testcase classname="Page_Test.Services_Page_Test" name="TC063_View_Service_schedule_15500" time="31.369"/>
  <testcase classname="Page_Test.Services_Page_Test" name="TC064_View_Service_schedule_18500" time="32.649"/>
  <testcase classname="Page_Test.Services_Page_Test" name="TC065_View_Service_schedule_21500" time="32.655"/>
  <testcase classname="Page_Test.Services_Page_Test" name="TC066_View_Service_schedule_24500" time="25.960"/>
  <testcase classname="Page_Test.Services_Page_Test" name="TC067_View_Service_schedule_27500" time="32.681"/>
  <testcase classname="Page_Test.Services_Page_Test" name="TC068_View_Service_schedule_60_days" time="29.720"/>
  <testcase classname="Page_Test.Services_Page_Test" name="TC069_View_Service_schedule_160_days" time="30.210"/>
  <testcase classname="Page_Test.Services_Page_Test" name="TC070_View_Service_schedule_260_days" time="32.098"/>
  <testcase classname="Page_Test.Services_Page_Test" name="TC071_View_Service_schedule_360_days" time="31.449"/>
  <testcase classname="Page_Test.Services_Page_Test" name="TC072_View_Service_schedule_460_days" time="31.175"/>
  <testcase classname="Page_Test.Services_Page_Test" name="TC073_View_Service_schedule_560_days" time="30.620"/>
  <testcase classname="Page_Test.Services_Page_Test" name="TC074_View_Service_schedule_660_days" time="27.240"/>
  <testcase classname="Page_Test.Services_Page_Test" name="TC075_View_Service_schedule_760_days" time="32.254"/>
  <testcase classname="Page_Test.Services_Page_Test" name="TC076_View_Service_schedule_860_days" time="29.466"/>
  <testcase classname="Page_Test.Services_Page_Test" name="TC077_View_Service_schedule_960_days" time="35.672"/>
  <testcase classname="Page_Test.Services_Page_Test" name="TC078_Verify_Last_Serviced" time="105.946"/>
  <testcase classname="Page_Test.Services_Page_Test" name="TC079_Verify_all_tips_list" time="90.678"/>
  <testcase classname="Page_Test.Services_Page_Test" name="TC080_Verify_all_DIY_Videos_list" time="86.871"/>
</testsuite> <!-- Page_Test.Services_Page_Test -->
