<?xml version="1.0" encoding="UTF-8"?>
<!-- Generated by org.testng.reporters.JUnitReportReporter -->
<testsuite hostname="DESKTOP-DC5U0BQ" failures="0" tests="27" name="Page_Test.Services_Page_Test" time="1202.440" errors="0" timestamp="2023-08-28T22:01:50 IST" skipped="0">
  <testcase classname="Page_Test.Services_Page_Test" name="TC054_Vehicle_details_on_service_page" time="6.993"/>
  <testcase classname="Page_Test.Services_Page_Test" name="TC055_verify_service_type" time="1.042"/>
  <testcase classname="Page_Test.Services_Page_Test" name="TC056_verify_Dealer_information" time="4.025"/>
  <testcase classname="Page_Test.Services_Page_Test" name="TC057_Verify_dealer_manager_info" time="8.490"/>
  <testcase classname="Page_Test.Services_Page_Test" name="TC058_View_Service_schedule_750" time="38.935"/>
  <testcase classname="Page_Test.Services_Page_Test" name="TC059_View_Service_schedule_3500" time="35.348"/>
  <testcase classname="Page_Test.Services_Page_Test" name="TC060_View_Service_schedule_6500" time="35.222"/>
  <testcase classname="Page_Test.Services_Page_Test" name="TC061_View_Service_schedule_9500" time="33.565"/>
  <testcase classname="Page_Test.Services_Page_Test" name="TC062_View_Service_schedule_12500" time="37.310"/>
  <testcase classname="Page_Test.Services_Page_Test" name="TC063_View_Service_schedule_15500" time="38.513"/>
  <testcase classname="Page_Test.Services_Page_Test" name="TC064_View_Service_schedule_18500" time="33.559"/>
  <testcase classname="Page_Test.Services_Page_Test" name="TC065_View_Service_schedule_21500" time="39.617"/>
  <testcase classname="Page_Test.Services_Page_Test" name="TC066_View_Service_schedule_24500" time="33.622"/>
  <testcase classname="Page_Test.Services_Page_Test" name="TC067_View_Service_schedule_27500" time="39.087"/>
  <testcase classname="Page_Test.Services_Page_Test" name="TC068_View_Service_schedule_60_days" time="35.860"/>
  <testcase classname="Page_Test.Services_Page_Test" name="TC069_View_Service_schedule_160_days" time="36.203"/>
  <testcase classname="Page_Test.Services_Page_Test" name="TC070_View_Service_schedule_260_days" time="35.487"/>
  <testcase classname="Page_Test.Services_Page_Test" name="TC071_View_Service_schedule_360_days" time="34.672"/>
  <testcase classname="Page_Test.Services_Page_Test" name="TC072_View_Service_schedule_460_days" time="37.888"/>
  <testcase classname="Page_Test.Services_Page_Test" name="TC073_View_Service_schedule_560_days" time="37.117"/>
  <testcase classname="Page_Test.Services_Page_Test" name="TC074_View_Service_schedule_660_days" time="32.450"/>
  <testcase classname="Page_Test.Services_Page_Test" name="TC075_View_Service_schedule_760_days" time="38.059"/>
  <testcase classname="Page_Test.Services_Page_Test" name="TC076_View_Service_schedule_860_days" time="35.482"/>
  <testcase classname="Page_Test.Services_Page_Test" name="TC077_View_Service_schedule_960_days" time="41.389"/>
  <testcase classname="Page_Test.Services_Page_Test" name="TC078_Verify_Last_Serviced" time="276.702"/>
  <testcase classname="Page_Test.Services_Page_Test" name="TC079_Verify_all_tips_list" time="96.513"/>
  <testcase classname="Page_Test.Services_Page_Test" name="TC080_Verify_all_DIY_Videos_list" time="79.290"/>
</testsuite> <!-- Page_Test.Services_Page_Test -->
