<?xml version="1.0" encoding="UTF-8"?>
<!-- Generated by org.testng.reporters.JUnitReportReporter -->
<testsuite hostname="DESKTOP-DC5U0BQ" failures="0" tests="7" name="Page_Test.My_Profile_Page_Test" time="187.700" errors="0" timestamp="2023-10-08T16:34:49 IST" skipped="0">
  <testcase classname="Page_Test.My_Profile_Page_Test" name="TC030_Verify_My_Profile" time="13.485"/>
  <testcase classname="Page_Test.My_Profile_Page_Test" name="TC031_verify_more_detais_button" time="6.172"/>
  <testcase classname="Page_Test.My_Profile_Page_Test" name="TC032_edit_profile_button" time="19.761"/>
  <testcase classname="Page_Test.My_Profile_Page_Test" name="TC033_edit_Personal_Details" time="72.414"/>
  <testcase classname="Page_Test.My_Profile_Page_Test" name="TC034_change_original_Personal_Details" time="19.782"/>
  <testcase classname="Page_Test.My_Profile_Page_Test" name="TC035_Manage_License" time="25.409"/>
  <testcase classname="Page_Test.My_Profile_Page_Test" name="TC036_Verify_emergency_contacts" time="30.677"/>
</testsuite> <!-- Page_Test.My_Profile_Page_Test -->
