<?xml version="1.0" encoding="UTF-8"?>
<!-- Generated by org.testng.reporters.JUnitReportReporter -->
<testsuite hostname="DESKTOP-DC5U0BQ" failures="0" tests="13" name="Page_Test.Home_Page_Test" time="599.737" errors="0" timestamp="2023-09-27T16:44:34 IST" skipped="0">
  <testcase classname="Page_Test.Home_Page_Test" name="TC017_Home_page_verify" time="47.391"/>
  <testcase classname="Page_Test.Home_Page_Test" name="TC018__verify_Navigate" time="12.520"/>
  <testcase classname="Page_Test.Home_Page_Test" name="TC019_Verify_Documents" time="153.783"/>
  <testcase classname="Page_Test.Home_Page_Test" name="TC020_Verify_Relationship_Manager" time="28.977"/>
  <testcase classname="Page_Test.Home_Page_Test" name="TC021_Verify_RSA" time="28.672"/>
  <testcase classname="Page_Test.Home_Page_Test" name="TC022_Select_State_For_Nearest_Dealer" time="38.724"/>
  <testcase classname="Page_Test.Home_Page_Test" name="TC023_Select_City_For_Nearest_Dealer" time="74.036"/>
  <testcase classname="Page_Test.Home_Page_Test" name="TC024_Select_Locality_For_Nearest_Dealer" time="56.770"/>
  <testcase classname="Page_Test.Home_Page_Test" name="TC025_Verify_Nearest_Dealer_info" time="26.876"/>
  <testcase classname="Page_Test.Home_Page_Test" name="TC026_Verify_Technical_Support_Manager" time="11.187"/>
  <testcase classname="Page_Test.Home_Page_Test" name="TC027_Verify_Dealer_Locator" time="19.618"/>
  <testcase classname="Page_Test.Home_Page_Test" name="TC028_Select_city" time="68.615"/>
  <testcase classname="Page_Test.Home_Page_Test" name="TC029_View_dealer_name_and_address" time="32.568"/>
</testsuite> <!-- Page_Test.Home_Page_Test -->
