<?xml version="1.0" encoding="UTF-8"?>
<!-- Generated by org.testng.reporters.JUnitReportReporter -->
<testsuite hostname="DESKTOP-DC5U0BQ" failures="0" tests="11" name="Page_Test.Login_Page_Test" time="132.862" errors="0" timestamp="2023-08-09T17:10:21 IST" skipped="0">
  <testcase classname="Page_Test.Login_Page_Test" name="TC001_Verify_Login_with_Invalid_credential" time="3.788"/>
  <testcase classname="Page_Test.Login_Page_Test" name="TC002_invalidmobileno" time="5.901"/>
  <testcase classname="Page_Test.Login_Page_Test" name="TC003_Verify_Login_with_short_length_of_mobile_number_credential" time="5.854"/>
  <testcase classname="Page_Test.Login_Page_Test" name="TC004_max_digit_mobile_number" time="5.991"/>
  <testcase classname="Page_Test.Login_Page_Test" name="TC005_Terms_of_use_button" time="9.843"/>
  <testcase classname="Page_Test.Login_Page_Test" name="TC006_Privacy_policy" time="6.792"/>
  <testcase classname="Page_Test.Login_Page_Test" name="TC007_contact_Us" time="4.079"/>
  <testcase classname="Page_Test.Login_Page_Test" name="TC008_Verify_Login_with_valid_credential" time="22.737"/>
  <testcase classname="Page_Test.Login_Page_Test" name="TC009_resend_butn" time="18.510"/>
  <testcase classname="Page_Test.Login_Page_Test" name="TC010_inavalid_OTP" time="15.587"/>
  <testcase classname="Page_Test.Login_Page_Test" name="TC011_edit_moble" time="33.780"/>
</testsuite> <!-- Page_Test.Login_Page_Test -->
