<?xml version="1.0" encoding="UTF-8"?>
<!-- Generated by org.testng.reporters.JUnitReportReporter -->
<testsuite hostname="DESKTOP-DC5U0BQ" failures="0" tests="11" name="Page_Test.Login_Page_Test" time="145.336" errors="0" timestamp="2023-06-08T12:50:57 IST" skipped="0">
  <testcase classname="Page_Test.Login_Page_Test" name="TC001_Verify_Login_with_Invalid_credential" time="3.440"/>
  <system-out/>
  <testcase classname="Page_Test.Login_Page_Test" name="TC002_invalidmobileno" time="8.228"/>
  <system-out/>
  <testcase classname="Page_Test.Login_Page_Test" name="TC003_Verify_Login_with_short_length_of_mobile_number_credential" time="4.056"/>
  <system-out/>
  <testcase classname="Page_Test.Login_Page_Test" name="TC004_max_digit_mobile_number" time="6.964"/>
  <system-out/>
  <testcase classname="Page_Test.Login_Page_Test" name="TC005_Terms_of_use_button" time="13.310"/>
  <system-out/>
  <testcase classname="Page_Test.Login_Page_Test" name="TC006_Privacy_policy" time="10.367"/>
  <system-out/>
  <testcase classname="Page_Test.Login_Page_Test" name="TC007_contact_Us" time="8.320"/>
  <system-out/>
  <testcase classname="Page_Test.Login_Page_Test" name="TC008_Verify_Login_with_valid_credential" time="23.236"/>
  <system-out/>
  <testcase classname="Page_Test.Login_Page_Test" name="TC009_resend_butn" time="17.984"/>
  <system-out/>
  <testcase classname="Page_Test.Login_Page_Test" name="TC010_inavalid_OTP" time="15.143"/>
  <system-out/>
  <testcase classname="Page_Test.Login_Page_Test" name="TC011_edit_moble" time="34.288"/>
  <system-out/>
</testsuite> <!-- Page_Test.Login_Page_Test -->
