<?xml version="1.0" encoding="UTF-8"?>
<!-- Generated by org.testng.reporters.JUnitReportReporter -->
<testsuite hostname="DESKTOP-DC5U0BQ" failures="0" tests="2" name="Page_Test.E_Shop_test" time="156.163" errors="0" timestamp="2023-11-06T10:20:13 IST" skipped="0">
  <testcase classname="Page_Test.E_Shop_test" name="TC104_registered_customers" time="55.275"/>
  <testcase classname="Page_Test.E_Shop_test" name="TC105_new_customers" time="100.888"/>
</testsuite> <!-- Page_Test.E_Shop_test -->
