<?xml version="1.0" encoding="UTF-8"?>
<!-- Generated by org.testng.reporters.JUnitReportReporter -->
<testsuite hostname="DESKTOP-DC5U0BQ" failures="0" tests="11" name="Page_Test.Home_Page_Test" time="422.690" errors="0" timestamp="2023-11-03T15:36:57 IST" skipped="0">
  <testcase classname="Page_Test.Home_Page_Test" name="TC017_Home_page_verify" time="61.800"/>
  <testcase classname="Page_Test.Home_Page_Test" name="TC018__verify_Navigate" time="53.550"/>
  <testcase classname="Page_Test.Home_Page_Test" name="TC019_Verify_Documents" time="76.382"/>
  <testcase classname="Page_Test.Home_Page_Test" name="TC020_Verify_Relationship_Manager" time="29.076"/>
  <testcase classname="Page_Test.Home_Page_Test" name="TC021_Verify_RSA" time="20.097"/>
  <testcase classname="Page_Test.Home_Page_Test" name="TC022_Renew_RSA" time="32.965"/>
  <testcase classname="Page_Test.Home_Page_Test" name="TC023_frequently_asked_questions" time="44.147"/>
  <testcase classname="Page_Test.Home_Page_Test" name="TC024_Verify_Technical_Support_Manager" time="18.144"/>
  <testcase classname="Page_Test.Home_Page_Test" name="TC025_Verify_Dealer_Locator" time="22.131"/>
  <testcase classname="Page_Test.Home_Page_Test" name="TC026_Select_city" time="40.450"/>
  <testcase classname="Page_Test.Home_Page_Test" name="TC027_View_dealer_name_and_address" time="23.948"/>
</testsuite> <!-- Page_Test.Home_Page_Test -->
