<?xml version="1.0" encoding="UTF-8"?>
<!-- Generated by org.testng.reporters.JUnitReportReporter -->
<testsuite hostname="DESKTOP-DC5U0BQ" failures="0" tests="9" name="Page_Test.Home_Page_Test" time="251.536" errors="0" timestamp="2023-07-23T18:02:01 IST" skipped="0">
  <testcase classname="Page_Test.Home_Page_Test" name="TC017_Home_page_verify" time="54.872"/>
  <testcase classname="Page_Test.Home_Page_Test" name="TC018__verify_Navigate" time="14.472"/>
  <testcase classname="Page_Test.Home_Page_Test" name="TC019_Verify_Documents" time="97.031"/>
  <testcase classname="Page_Test.Home_Page_Test" name="TC020_Verify_Relationship_Manager" time="16.516"/>
  <testcase classname="Page_Test.Home_Page_Test" name="TC021_Verify_RSA" time="10.388"/>
  <testcase classname="Page_Test.Home_Page_Test" name="TC022_Verify_Technical_Support_Manager" time="4.611"/>
  <testcase classname="Page_Test.Home_Page_Test" name="TC023_Verify_Dealer_Locator" time="11.940"/>
  <testcase classname="Page_Test.Home_Page_Test" name="TC024_Select_city" time="27.298"/>
  <testcase classname="Page_Test.Home_Page_Test" name="TC025_View_dealer_name_and_address" time="14.408"/>
</testsuite> <!-- Page_Test.Home_Page_Test -->
