<?xml version="1.0" encoding="UTF-8"?>
<!-- Generated by org.testng.reporters.JUnitReportReporter -->
<testsuite hostname="DESKTOP-DC5U0BQ" failures="0" tests="7" name="Page_Test.My_Profile_Page_Test" time="151.573" errors="0" timestamp="2023-09-19T14:36:17 IST" skipped="0">
  <testcase classname="Page_Test.My_Profile_Page_Test" name="TC030_Verify_My_Profile" time="6.100"/>
  <testcase classname="Page_Test.My_Profile_Page_Test" name="TC031_verify_more_detais_button" time="1.403"/>
  <testcase classname="Page_Test.My_Profile_Page_Test" name="TC032_edit_profile_button" time="13.870"/>
  <testcase classname="Page_Test.My_Profile_Page_Test" name="TC033_edit_Personal_Details" time="57.628"/>
  <testcase classname="Page_Test.My_Profile_Page_Test" name="TC034_change_original_Personal_Details" time="11.155"/>
  <testcase classname="Page_Test.My_Profile_Page_Test" name="TC035_Manage_License" time="16.539"/>
  <testcase classname="Page_Test.My_Profile_Page_Test" name="TC036_Verify_emergency_contacts" time="44.878"/>
</testsuite> <!-- Page_Test.My_Profile_Page_Test -->
