<?xml version="1.0" encoding="UTF-8"?>
<!-- Generated by org.testng.reporters.JUnitReportReporter -->
<testsuite hostname="DESKTOP-DC5U0BQ" failures="0" tests="9" name="Page_Test.Home_Page_Test" time="269.574" errors="0" timestamp="2023-08-17T18:15:22 IST" skipped="0">
  <testcase classname="Page_Test.Home_Page_Test" name="TC017_Home_page_verify" time="86.147"/>
  <testcase classname="Page_Test.Home_Page_Test" name="TC018__verify_Navigate" time="12.795"/>
  <testcase classname="Page_Test.Home_Page_Test" name="TC019_Verify_Documents" time="92.470"/>
  <testcase classname="Page_Test.Home_Page_Test" name="TC020_Verify_Relationship_Manager" time="12.289"/>
  <testcase classname="Page_Test.Home_Page_Test" name="TC021_Verify_RSA" time="15.080"/>
  <testcase classname="Page_Test.Home_Page_Test" name="TC022_Verify_Technical_Support_Manager" time="5.815"/>
  <testcase classname="Page_Test.Home_Page_Test" name="TC023_Verify_Dealer_Locator" time="12.551"/>
  <testcase classname="Page_Test.Home_Page_Test" name="TC024_Select_city" time="22.324"/>
  <testcase classname="Page_Test.Home_Page_Test" name="TC025_View_dealer_name_and_address" time="10.103"/>
</testsuite> <!-- Page_Test.Home_Page_Test -->
