<?xml version="1.0" encoding="UTF-8"?>
<!-- Generated by org.testng.reporters.JUnitReportReporter -->
<testsuite hostname="DESKTOP-DC5U0BQ" failures="0" tests="7" name="Page_Test.My_Profile_Page_Test" time="159.725" errors="0" timestamp="2023-07-11T20:18:10 IST" skipped="0">
  <testcase classname="Page_Test.My_Profile_Page_Test" name="TC027_Verify_My_Profile" time="9.448"/>
  <testcase classname="Page_Test.My_Profile_Page_Test" name="TC028_verify_more_detais_button" time="4.389"/>
  <testcase classname="Page_Test.My_Profile_Page_Test" name="TC029_edit_profile_button" time="15.452"/>
  <testcase classname="Page_Test.My_Profile_Page_Test" name="TC030_edit_Personal_Details" time="81.717"/>
  <testcase classname="Page_Test.My_Profile_Page_Test" name="TC031_change_original_Personal_Details" time="14.516"/>
  <testcase classname="Page_Test.My_Profile_Page_Test" name="TC032_Manage_License" time="18.029"/>
  <testcase classname="Page_Test.My_Profile_Page_Test" name="TC033_Verify_emergency_contacts" time="16.174"/>
</testsuite> <!-- Page_Test.My_Profile_Page_Test -->
