<?xml version="1.0" encoding="UTF-8"?>
<!-- Generated by org.testng.reporters.JUnitReportReporter -->
<testsuite hostname="DESKTOP-DC5U0BQ" failures="0" tests="6" name="Page_Test.Vehicle_Details_test" time="295.327" errors="0" timestamp="2023-11-22T12:58:49 IST" skipped="0">
  <testcase classname="Page_Test.Vehicle_Details_test" name="TC035_Verify_My_Vehicle" time="56.202"/>
  <testcase classname="Page_Test.Vehicle_Details_test" name="TC036_Verify_My_Vehicle_more_details" time="26.722"/>
  <testcase classname="Page_Test.Vehicle_Details_test" name="TC037_Verify_My_Vehicle_Documents" time="13.016"/>
  <testcase classname="Page_Test.Vehicle_Details_test" name="TC038_Verify_Owners_Manual" time="26.705"/>
  <testcase classname="Page_Test.Vehicle_Details_test" name="TC039_Verify_my_Vehicle_service_History" time="157.174"/>
  <testcase classname="Page_Test.Vehicle_Details_test" name="TC040_Verify_Tips_and_DIY_videos_inside_sideMenu" time="15.508"/>
</testsuite> <!-- Page_Test.Vehicle_Details_test -->
