<?xml version="1.0" encoding="UTF-8"?>
<!-- Generated by org.testng.reporters.JUnitReportReporter -->
<testsuite hostname="DESKTOP-DC5U0BQ" failures="0" tests="6" name="Page_Test.Vehicle_Details_test" time="253.103" errors="0" timestamp="2023-11-24T21:58:33 IST" skipped="0">
  <testcase classname="Page_Test.Vehicle_Details_test" name="TC035_Verify_My_Vehicle" time="46.583"/>
  <testcase classname="Page_Test.Vehicle_Details_test" name="TC036_Verify_My_Vehicle_more_details" time="21.684"/>
  <testcase classname="Page_Test.Vehicle_Details_test" name="TC037_Verify_My_Vehicle_Documents" time="10.440"/>
  <testcase classname="Page_Test.Vehicle_Details_test" name="TC038_Verify_Owners_Manual" time="24.674"/>
  <testcase classname="Page_Test.Vehicle_Details_test" name="TC039_Verify_my_Vehicle_service_History" time="134.266"/>
  <testcase classname="Page_Test.Vehicle_Details_test" name="TC040_Verify_Tips_and_DIY_videos_inside_sideMenu" time="15.456"/>
</testsuite> <!-- Page_Test.Vehicle_Details_test -->
