<?xml version="1.0" encoding="UTF-8"?>
<!-- Generated by org.testng.reporters.JUnitReportReporter -->
<testsuite hostname="DESKTOP-DC5U0BQ" failures="0" tests="5" name="Page_Test.Select_Vehicle_Page_Test" time="38.823" errors="0" timestamp="2023-06-02T08:27:07 IST" skipped="0">
  <testcase classname="Page_Test.Select_Vehicle_Page_Test" name="TC004_verify_Nick_Name" time="10.243"/>
  <system-out/>
  <testcase classname="Page_Test.Select_Vehicle_Page_Test" name="Verify_With_30_letter_nick_name" time="5.490"/>
  <system-out/>
  <testcase classname="Page_Test.Select_Vehicle_Page_Test" name="Verify_With_31_letter_nick_name" time="5.275"/>
  <system-out/>
  <testcase classname="Page_Test.Select_Vehicle_Page_Test" name="Verify_With_29_letter_nick_name" time="6.243"/>
  <system-out/>
  <testcase classname="Page_Test.Select_Vehicle_Page_Test" name="TC005_Select_Vehicle" time="11.572"/>
  <system-out/>
</testsuite> <!-- Page_Test.Select_Vehicle_Page_Test -->
