<?xml version="1.0" encoding="UTF-8"?>
<!-- Generated by org.testng.reporters.JUnitReportReporter -->
<testsuite hostname="DESKTOP-DC5U0BQ" failures="0" tests="8" name="Page_Test.Home_Page_Test" time="192.112" errors="0" timestamp="2023-06-07T05:38:08 IST" skipped="0">
  <testcase classname="Page_Test.Home_Page_Test" name="TC017_Home_page_verify" time="53.653"/>
  <system-out/>
  <testcase classname="Page_Test.Home_Page_Test" name="TC019_Verify_Documents" time="66.863"/>
  <system-out/>
  <testcase classname="Page_Test.Home_Page_Test" name="TC020_Verify_Relationship_Manager" time="11.168"/>
  <system-out/>
  <testcase classname="Page_Test.Home_Page_Test" name="TC021_Verify_RSA" time="7.241"/>
  <system-out/>
  <testcase classname="Page_Test.Home_Page_Test" name="TC022_Verify_Technical_Support_Manager" time="4.516"/>
  <system-out/>
  <testcase classname="Page_Test.Home_Page_Test" name="TC023_Verify_Dealer_Locator" time="11.489"/>
  <system-out/>
  <testcase classname="Page_Test.Home_Page_Test" name="TC024_Select_city" time="26.124"/>
  <system-out/>
  <testcase classname="Page_Test.Home_Page_Test" name="TC025_View_dealer_name_and_address" time="11.058"/>
  <system-out/>
</testsuite> <!-- Page_Test.Home_Page_Test -->
