<?xml version="1.0" encoding="UTF-8"?>
<!-- Generated by org.testng.reporters.JUnitReportReporter -->
<testsuite hostname="DESKTOP-DC5U0BQ" failures="0" tests="13" name="Page_Test.Home_Page_Test" time="414.262" errors="0" timestamp="2023-10-04T09:20:14 IST" skipped="0">
  <testcase classname="Page_Test.Home_Page_Test" name="TC017_Home_page_verify" time="40.437"/>
  <testcase classname="Page_Test.Home_Page_Test" name="TC018__verify_Navigate" time="11.715"/>
  <testcase classname="Page_Test.Home_Page_Test" name="TC019_Verify_Documents" time="107.170"/>
  <testcase classname="Page_Test.Home_Page_Test" name="TC020_Verify_Relationship_Manager" time="22.362"/>
  <testcase classname="Page_Test.Home_Page_Test" name="TC021_Verify_RSA" time="16.881"/>
  <testcase classname="Page_Test.Home_Page_Test" name="TC022_Select_State_For_Nearest_Dealer" time="32.810"/>
  <testcase classname="Page_Test.Home_Page_Test" name="TC023_Select_City_For_Nearest_Dealer" time="53.458"/>
  <testcase classname="Page_Test.Home_Page_Test" name="TC024_Select_Locality_For_Nearest_Dealer" time="26.867"/>
  <testcase classname="Page_Test.Home_Page_Test" name="TC025_Verify_Nearest_Dealer_info" time="24.060"/>
  <testcase classname="Page_Test.Home_Page_Test" name="TC026_Verify_Technical_Support_Manager" time="8.943"/>
  <testcase classname="Page_Test.Home_Page_Test" name="TC027_Verify_Dealer_Locator" time="14.151"/>
  <testcase classname="Page_Test.Home_Page_Test" name="TC028_Select_city" time="37.109"/>
  <testcase classname="Page_Test.Home_Page_Test" name="TC029_View_dealer_name_and_address" time="18.299"/>
</testsuite> <!-- Page_Test.Home_Page_Test -->
