<?xml version="1.0" encoding="UTF-8"?>
<!-- Generated by org.testng.reporters.JUnitReportReporter -->
<testsuite hostname="DESKTOP-DC5U0BQ" failures="0" tests="11" name="Page_Test.Login_Page_Test" time="172.252" errors="0" timestamp="2023-11-29T16:34:20 IST" skipped="0">
  <testcase classname="Page_Test.Login_Page_Test" name="TC001_Verify_Login_with_Invalid_credential" time="15.205"/>
  <testcase classname="Page_Test.Login_Page_Test" name="TC002_invalidmobileno" time="8.603"/>
  <testcase classname="Page_Test.Login_Page_Test" name="TC003_Verify_Login_with_short_length_of_mobile_number_credential" time="4.429"/>
  <testcase classname="Page_Test.Login_Page_Test" name="TC004_max_digit_mobile_number" time="5.494"/>
  <testcase classname="Page_Test.Login_Page_Test" name="TC005_Terms_of_use_button" time="14.577"/>
  <testcase classname="Page_Test.Login_Page_Test" name="TC006_Privacy_policy" time="11.442"/>
  <testcase classname="Page_Test.Login_Page_Test" name="TC007_contact_Us" time="6.028"/>
  <testcase classname="Page_Test.Login_Page_Test" name="TC008_Verify_Login_with_valid_credential" time="35.993"/>
  <testcase classname="Page_Test.Login_Page_Test" name="TC009_resend_butn" time="19.512"/>
  <testcase classname="Page_Test.Login_Page_Test" name="TC010_inavalid_OTP" time="14.888"/>
  <testcase classname="Page_Test.Login_Page_Test" name="TC011_edit_moble" time="36.081"/>
</testsuite> <!-- Page_Test.Login_Page_Test -->
