<?xml version="1.0" encoding="UTF-8"?>
<!-- Generated by org.testng.reporters.JUnitReportReporter -->
<testsuite hostname="DESKTOP-DC5U0BQ" failures="0" tests="6" name="Page_Test.Vehicle_Details_test" time="120.718" errors="0" timestamp="2023-11-29T16:34:20 IST" skipped="0">
  <testcase classname="Page_Test.Vehicle_Details_test" name="TC035_Verify_My_Vehicle" time="34.967"/>
  <testcase classname="Page_Test.Vehicle_Details_test" name="TC036_Verify_My_Vehicle_more_details" time="15.182"/>
  <testcase classname="Page_Test.Vehicle_Details_test" name="TC037_Verify_My_Vehicle_Documents" time="9.816"/>
  <testcase classname="Page_Test.Vehicle_Details_test" name="TC038_Verify_Owners_Manual" time="43.296"/>
  <testcase classname="Page_Test.Vehicle_Details_test" name="TC039_Verify_my_Vehicle_service_History" time="5.980"/>
  <testcase classname="Page_Test.Vehicle_Details_test" name="TC040_Verify_Tips_and_DIY_videos_inside_sideMenu" time="11.477"/>
</testsuite> <!-- Page_Test.Vehicle_Details_test -->
