<?xml version="1.0" encoding="UTF-8"?>
<!-- Generated by org.testng.reporters.JUnitReportReporter -->
<testsuite hostname="DESKTOP-DC5U0BQ" failures="0" tests="6" name="Page_Test.Vehicle_Details_test" time="248.234" errors="0" timestamp="2023-07-23T18:02:01 IST" skipped="0">
  <testcase classname="Page_Test.Vehicle_Details_test" name="TC033_Verify_My_Vehicle" time="23.093"/>
  <testcase classname="Page_Test.Vehicle_Details_test" name="TC034_Verify_My_Vehicle_more_details" time="13.430"/>
  <testcase classname="Page_Test.Vehicle_Details_test" name="TC035_Verify_My_Vehicle_Documents" time="56.480"/>
  <testcase classname="Page_Test.Vehicle_Details_test" name="TC036_Verify_Owners_Manual" time="41.704"/>
  <testcase classname="Page_Test.Vehicle_Details_test" name="TC037_Verify_my_Vehicle_service_History" time="104.659"/>
  <testcase classname="Page_Test.Vehicle_Details_test" name="TC038_Verify_Tips_and_DIY_videos_inside_sideMenu" time="8.868"/>
</testsuite> <!-- Page_Test.Vehicle_Details_test -->
