<?xml version="1.0" encoding="UTF-8"?>
<!-- Generated by org.testng.reporters.JUnitReportReporter -->
<testsuite hostname="DESKTOP-DC5U0BQ" failures="0" tests="1" name="Page_Test.Appium_test" time="8.494" errors="0" timestamp="2023-05-17T16:26:17 IST" skipped="0">
  <testcase classname="Page_Test.Appium_test" name="TC001_test" time="8.494"/>
  <system-out/>
</testsuite> <!-- Page_Test.Appium_test -->
