<?xml version="1.0" encoding="UTF-8"?>
<!-- Generated by org.testng.reporters.JUnitReportReporter -->
<testsuite hostname="DESKTOP-DC5U0BQ" failures="0" tests="5" name="Page_Test.Feedback_and_About_Hero_test" time="131.276" errors="0" timestamp="2023-11-29T16:34:20 IST" skipped="0">
  <testcase classname="Page_Test.Feedback_and_About_Hero_test" name="TC055_verify_Feedback" time="36.464"/>
  <testcase classname="Page_Test.Feedback_and_About_Hero_test" name="TC056_verify_About_Hero" time="16.587"/>
  <testcase classname="Page_Test.Feedback_and_About_Hero_test" name="TC057_verify_Side_menu_page_function" time="11.492"/>
  <testcase classname="Page_Test.Feedback_and_About_Hero_test" name="TC058_Wheels_of_Trust" time="41.342"/>
  <testcase classname="Page_Test.Feedback_and_About_Hero_test" name="TC065_Verify_joyride" time="25.391"/>
</testsuite> <!-- Page_Test.Feedback_and_About_Hero_test -->
