<?xml version="1.0" encoding="UTF-8"?>
<!-- Generated by org.testng.reporters.JUnitReportReporter -->
<testsuite hostname="DESKTOP-DC5U0BQ" failures="0" tests="27" name="Page_Test.Services_Page_Test" time="1706.524" errors="0" timestamp="2023-10-03T15:18:41 IST" skipped="0">
  <testcase classname="Page_Test.Services_Page_Test" name="TC068_Vehicle_details_on_service_page" time="10.994"/>
  <testcase classname="Page_Test.Services_Page_Test" name="TC069_verify_service_type" time="4.911"/>
  <testcase classname="Page_Test.Services_Page_Test" name="TC070_verify_Dealer_information" time="6.760"/>
  <testcase classname="Page_Test.Services_Page_Test" name="TC071_Verify_dealer_manager_info" time="11.789"/>
  <testcase classname="Page_Test.Services_Page_Test" name="TC072_View_Service_schedule_750" time="69.576"/>
  <testcase classname="Page_Test.Services_Page_Test" name="TC073_View_Service_schedule_3500" time="65.221"/>
  <testcase classname="Page_Test.Services_Page_Test" name="TC074_View_Service_schedule_6500" time="69.802"/>
  <testcase classname="Page_Test.Services_Page_Test" name="TC075_View_Service_schedule_9500" time="65.315"/>
  <testcase classname="Page_Test.Services_Page_Test" name="TC076_View_Service_schedule_12500" time="74.689"/>
  <testcase classname="Page_Test.Services_Page_Test" name="TC077_View_Service_schedule_15500" time="66.533"/>
  <testcase classname="Page_Test.Services_Page_Test" name="TC078_View_Service_schedule_18500" time="63.678"/>
  <testcase classname="Page_Test.Services_Page_Test" name="TC079_View_Service_schedule_21500" time="65.893"/>
  <testcase classname="Page_Test.Services_Page_Test" name="TC080_View_Service_schedule_24500" time="64.949"/>
  <testcase classname="Page_Test.Services_Page_Test" name="TC081_View_Service_schedule_27500" time="75.726"/>
  <testcase classname="Page_Test.Services_Page_Test" name="TC082_View_Service_schedule_60_days" time="65.913"/>
  <testcase classname="Page_Test.Services_Page_Test" name="TC083_View_Service_schedule_160_days" time="66.415"/>
  <testcase classname="Page_Test.Services_Page_Test" name="TC084_View_Service_schedule_260_days" time="66.471"/>
  <testcase classname="Page_Test.Services_Page_Test" name="TC085_View_Service_schedule_360_days" time="68.038"/>
  <testcase classname="Page_Test.Services_Page_Test" name="TC086_View_Service_schedule_460_days" time="72.138"/>
  <testcase classname="Page_Test.Services_Page_Test" name="TC087_View_Service_schedule_560_days" time="65.806"/>
  <testcase classname="Page_Test.Services_Page_Test" name="TC088_View_Service_schedule_660_days" time="66.821"/>
  <testcase classname="Page_Test.Services_Page_Test" name="TC089_View_Service_schedule_760_days" time="74.104"/>
  <testcase classname="Page_Test.Services_Page_Test" name="TC090_View_Service_schedule_860_days" time="63.638"/>
  <testcase classname="Page_Test.Services_Page_Test" name="TC091_View_Service_schedule_960_days" time="86.073"/>
  <testcase classname="Page_Test.Services_Page_Test" name="TC092_Verify_Last_Serviced" time="160.428"/>
  <testcase classname="Page_Test.Services_Page_Test" name="TC093_Verify_all_tips_list" time="88.702"/>
  <testcase classname="Page_Test.Services_Page_Test" name="TC094_Verify_all_DIY_Videos_list" time="46.141"/>
</testsuite> <!-- Page_Test.Services_Page_Test -->
