<?xml version="1.0" encoding="UTF-8"?>
<!-- Generated by org.testng.reporters.JUnitReportReporter -->
<testsuite hostname="DESKTOP-DC5U0BQ" failures="0" tests="3" name="Page_Test.E_Shop_test" time="295.580" errors="0" timestamp="2023-08-10T17:40:23 IST" skipped="0">
  <testcase classname="Page_Test.E_Shop_test" name="registered_customers" time="110.434"/>
  <testcase classname="Page_Test.E_Shop_test" name="new_customers" time="41.912"/>
  <testcase classname="Page_Test.E_Shop_test" name="verify_Side_menu" time="143.234"/>
</testsuite> <!-- Page_Test.E_Shop_test -->
