<?xml version="1.0" encoding="UTF-8"?>
<!-- Generated by org.testng.reporters.JUnitReportReporter -->
<testsuite hostname="DESKTOP-DC5U0BQ" failures="0" tests="12" name="Page_Test.Refer_a_friend_and_Contact_us_test" time="292.276" errors="0" timestamp="2023-08-11T17:32:33 IST" skipped="0">
  <testcase classname="Page_Test.Refer_a_friend_and_Contact_us_test" name="TC039_Refer_a_friend" time="86.571"/>
  <testcase classname="Page_Test.Refer_a_friend_and_Contact_us_test" name="TC040_Verify_Select_State" time="16.350"/>
  <testcase classname="Page_Test.Refer_a_friend_and_Contact_us_test" name="TC041_Verify_Select_City" time="4.436"/>
  <testcase classname="Page_Test.Refer_a_friend_and_Contact_us_test" name="TC042_Verify_Select_Model" time="22.194"/>
  <testcase classname="Page_Test.Refer_a_friend_and_Contact_us_test" name="TC043_Verify_Refer_yourself" time="46.087"/>
  <testcase classname="Page_Test.Refer_a_friend_and_Contact_us_test" name="TC044_Verify_Facebook_in_Contact_us_page" time="18.356"/>
  <testcase classname="Page_Test.Refer_a_friend_and_Contact_us_test" name="TC045_Verify_instagram_in_Contact_us_page" time="14.064"/>
  <testcase classname="Page_Test.Refer_a_friend_and_Contact_us_test" name="TC046_Verify_Whatsapp_in_Contact_us_page" time="2.682"/>
  <testcase classname="Page_Test.Refer_a_friend_and_Contact_us_test" name="TC047_Verify_youTube_in_Contact_us_page" time="5.896"/>
  <testcase classname="Page_Test.Refer_a_friend_and_Contact_us_test" name="TC048_Verify_Linkedin_in_Contact_us_page" time="12.258"/>
  <testcase classname="Page_Test.Refer_a_friend_and_Contact_us_test" name="TC049_Verify_twitter_in_Contact_us_page" time="34.316"/>
  <testcase classname="Page_Test.Refer_a_friend_and_Contact_us_test" name="TC050_Verify_Contact_via_Email" time="29.066"/>
</testsuite> <!-- Page_Test.Refer_a_friend_and_Contact_us_test -->
