<?xml version="1.0" encoding="UTF-8"?>
<!-- Generated by org.testng.reporters.JUnitReportReporter -->
<testsuite hostname="DESKTOP-DC5U0BQ" failures="0" tests="6" name="Page_Test.Vehicle_Details_test" time="162.839" errors="0" timestamp="2023-09-03T20:50:37 IST" skipped="0">
  <testcase classname="Page_Test.Vehicle_Details_test" name="TC033_Verify_My_Vehicle" time="18.065"/>
  <testcase classname="Page_Test.Vehicle_Details_test" name="TC034_Verify_My_Vehicle_more_details" time="12.880"/>
  <testcase classname="Page_Test.Vehicle_Details_test" name="TC035_Verify_My_Vehicle_Documents" time="71.519"/>
  <testcase classname="Page_Test.Vehicle_Details_test" name="TC036_Verify_Owners_Manual" time="41.987"/>
  <testcase classname="Page_Test.Vehicle_Details_test" name="TC037_Verify_my_Vehicle_service_History" time="10.874"/>
  <testcase classname="Page_Test.Vehicle_Details_test" name="TC038_Verify_Tips_and_DIY_videos_inside_sideMenu" time="7.514"/>
</testsuite> <!-- Page_Test.Vehicle_Details_test -->
