<?xml version="1.0" encoding="UTF-8"?>
<!-- Generated by org.testng.reporters.JUnitReportReporter -->
<testsuite hostname="DESKTOP-DC5U0BQ" failures="0" tests="7" name="Page_Test.My_Profile_Page_Test" time="172.559" errors="0" timestamp="2023-09-03T20:50:37 IST" skipped="0">
  <testcase classname="Page_Test.My_Profile_Page_Test" name="TC026_Verify_My_Profile" time="8.250"/>
  <testcase classname="Page_Test.My_Profile_Page_Test" name="TC027_verify_more_detais_button" time="1.954"/>
  <testcase classname="Page_Test.My_Profile_Page_Test" name="TC028_edit_profile_button" time="15.949"/>
  <testcase classname="Page_Test.My_Profile_Page_Test" name="TC029_edit_Personal_Details" time="65.935"/>
  <testcase classname="Page_Test.My_Profile_Page_Test" name="TC030_change_original_Personal_Details" time="18.899"/>
  <testcase classname="Page_Test.My_Profile_Page_Test" name="TC031_Manage_License" time="16.072"/>
  <testcase classname="Page_Test.My_Profile_Page_Test" name="TC032_Verify_emergency_contacts" time="45.500"/>
</testsuite> <!-- Page_Test.My_Profile_Page_Test -->
