<?xml version="1.0" encoding="UTF-8"?>
<!-- Generated by org.testng.reporters.JUnitReportReporter -->
<testsuite hostname="DESKTOP-DC5U0BQ" failures="0" tests="12" name="Page_Test.GoodLife_test" time="275.429" errors="0" timestamp="2023-10-04T09:20:14 IST" skipped="0">
  <testcase classname="Page_Test.GoodLife_test" name="TC095_verify_image_in_goodlife_page" time="20.458"/>
  <testcase classname="Page_Test.GoodLife_test" name="TC096_Verify_Pro_Membership" time="12.496"/>
  <testcase classname="Page_Test.GoodLife_test" name="TC097_Verify_Earning_History_in_Pro_Membership" time="10.993"/>
  <testcase classname="Page_Test.GoodLife_test" name="TC098_Verify_Redemption_History_in_Pro_Membership" time="8.705"/>
  <testcase classname="Page_Test.GoodLife_test" name="TC099_Verify_Complete_profile" time="8.966"/>
  <testcase classname="Page_Test.GoodLife_test" name="TC100_Verify_Welcome_Rewards" time="8.661"/>
  <testcase classname="Page_Test.GoodLife_test" name="TC101_Verify_refer_friend_in_Goodlife" time="28.739"/>
  <testcase classname="Page_Test.GoodLife_test" name="TC102_verify_Winner_informaton" time="26.663"/>
  <testcase classname="Page_Test.GoodLife_test" name="TC103_verify_Points_Earning_and_Redemption" time="80.246"/>
  <testcase classname="Page_Test.GoodLife_test" name="TC104_verify_Service_Privilegers" time="20.529"/>
  <testcase classname="Page_Test.GoodLife_test" name="TC105_verify_Benefits_and_Experiences" time="15.890"/>
  <testcase classname="Page_Test.GoodLife_test" name="TC106_verify_Remarkable_Rewards" time="33.083"/>
</testsuite> <!-- Page_Test.GoodLife_test -->
