<?xml version="1.0" encoding="UTF-8"?>
<!-- Generated by org.testng.reporters.JUnitReportReporter -->
<testsuite hostname="DESKTOP-DC5U0BQ" failures="0" tests="12" name="Page_Test.Home_Page_Test" time="439.855" errors="0" timestamp="2023-08-17T13:19:39 IST" skipped="0">
  <testcase classname="Page_Test.Home_Page_Test" name="TC017_Home_page_verify" time="137.241"/>
  <testcase classname="Page_Test.Home_Page_Test" name="TC018__verify_Navigate" time="18.278"/>
  <testcase classname="Page_Test.Home_Page_Test" name="TC019_Verify_Documents" time="111.405"/>
  <testcase classname="Page_Test.Home_Page_Test" name="TC020_Verify_Relationship_Manager" time="31.176"/>
  <testcase classname="Page_Test.Home_Page_Test" name="TC021_Verify_RSA" time="15.573"/>
  <testcase classname="Page_Test.Home_Page_Test" name="TC022_Verify_Technical_Support_Manager" time="4.374"/>
  <testcase classname="Page_Test.Home_Page_Test" name="TC023_Verify_Dealer_Locator" time="12.671"/>
  <testcase classname="Page_Test.Home_Page_Test" name="TC024_Select_city" time="23.808"/>
  <testcase classname="Page_Test.Home_Page_Test" name="TC025_View_dealer_name_and_address" time="13.438"/>
  <testcase classname="Page_Test.Home_Page_Test" name="verify_Service_at_home_page" time="7.786"/>
  <testcase classname="Page_Test.Home_Page_Test" name="verify_Latest_at_home_page" time="19.596"/>
  <testcase classname="Page_Test.Home_Page_Test" name="verify_Notify_me_in_Latest_at_home_page" time="44.509"/>
</testsuite> <!-- Page_Test.Home_Page_Test -->
