<?xml version="1.0" encoding="UTF-8"?>
<!-- Generated by org.testng.reporters.JUnitReportReporter -->
<testsuite hostname="DESKTOP-DC5U0BQ" failures="0" tests="11" name="Page_Test.Login_Page_Test" time="152.487" errors="0" timestamp="2023-06-15T19:37:43 IST" skipped="0">
  <testcase classname="Page_Test.Login_Page_Test" name="TC001_Verify_Login_with_Invalid_credential" time="7.888"/>
  <testcase classname="Page_Test.Login_Page_Test" name="TC002_invalidmobileno" time="8.202"/>
  <testcase classname="Page_Test.Login_Page_Test" name="TC003_Verify_Login_with_short_length_of_mobile_number_credential" time="4.545"/>
  <testcase classname="Page_Test.Login_Page_Test" name="TC004_max_digit_mobile_number" time="5.598"/>
  <testcase classname="Page_Test.Login_Page_Test" name="TC005_Terms_of_use_button" time="13.416"/>
  <testcase classname="Page_Test.Login_Page_Test" name="TC006_Privacy_policy" time="10.088"/>
  <testcase classname="Page_Test.Login_Page_Test" name="TC007_contact_Us" time="5.787"/>
  <testcase classname="Page_Test.Login_Page_Test" name="TC008_Verify_Login_with_valid_credential" time="22.625"/>
  <testcase classname="Page_Test.Login_Page_Test" name="TC009_resend_butn" time="20.388"/>
  <testcase classname="Page_Test.Login_Page_Test" name="TC010_inavalid_OTP" time="16.700"/>
  <testcase classname="Page_Test.Login_Page_Test" name="TC011_edit_moble" time="37.250"/>
</testsuite> <!-- Page_Test.Login_Page_Test -->
