<?xml version="1.0" encoding="UTF-8"?>
<!-- Generated by org.testng.reporters.JUnitReportReporter -->
<testsuite hostname="DESKTOP-DC5U0BQ" failures="0" tests="1" name="Page_Test.My_Profile_Page_Test" time="68.356" errors="0" timestamp="2023-05-31T16:35:06 IST" skipped="0">
  <testcase classname="Page_Test.My_Profile_Page_Test" name="TC013_Verify_My_Profile" time="68.356"/>
  <system-out/>
</testsuite> <!-- Page_Test.My_Profile_Page_Test -->
