<?xml version="1.0" encoding="UTF-8"?>
<!-- Generated by org.testng.reporters.JUnitReportReporter -->
<testsuite hostname="DESKTOP-DC5U0BQ" failures="0" tests="13" name="Page_Test.Home_Page_Test" time="336.431" errors="0" timestamp="2023-10-02T18:24:20 IST" skipped="0">
  <testcase classname="Page_Test.Home_Page_Test" name="TC017_Home_page_verify" time="29.679"/>
  <testcase classname="Page_Test.Home_Page_Test" name="TC018__verify_Navigate" time="10.133"/>
  <testcase classname="Page_Test.Home_Page_Test" name="TC019_Verify_Documents" time="112.049"/>
  <testcase classname="Page_Test.Home_Page_Test" name="TC020_Verify_Relationship_Manager" time="15.050"/>
  <testcase classname="Page_Test.Home_Page_Test" name="TC021_Verify_RSA" time="14.743"/>
  <testcase classname="Page_Test.Home_Page_Test" name="TC022_Select_State_For_Nearest_Dealer" time="12.718"/>
  <testcase classname="Page_Test.Home_Page_Test" name="TC023_Select_City_For_Nearest_Dealer" time="41.843"/>
  <testcase classname="Page_Test.Home_Page_Test" name="TC024_Select_Locality_For_Nearest_Dealer" time="17.552"/>
  <testcase classname="Page_Test.Home_Page_Test" name="TC025_Verify_Nearest_Dealer_info" time="28.415"/>
  <testcase classname="Page_Test.Home_Page_Test" name="TC026_Verify_Technical_Support_Manager" time="4.753"/>
  <testcase classname="Page_Test.Home_Page_Test" name="TC027_Verify_Dealer_Locator" time="11.144"/>
  <testcase classname="Page_Test.Home_Page_Test" name="TC028_Select_city" time="26.055"/>
  <testcase classname="Page_Test.Home_Page_Test" name="TC029_View_dealer_name_and_address" time="12.297"/>
</testsuite> <!-- Page_Test.Home_Page_Test -->
