<?xml version="1.0" encoding="UTF-8"?>
<!-- Generated by org.testng.reporters.JUnitReportReporter -->
<testsuite hostname="DESKTOP-DC5U0BQ" failures="0" tests="11" name="Page_Test.Login_Page_Test" time="169.495" errors="0" timestamp="2023-08-21T20:04:40 IST" skipped="0">
  <testcase classname="Page_Test.Login_Page_Test" name="TC001_Verify_Login_with_Invalid_credential" time="6.531"/>
  <testcase classname="Page_Test.Login_Page_Test" name="TC002_invalidmobileno" time="15.825"/>
  <testcase classname="Page_Test.Login_Page_Test" name="TC003_Verify_Login_with_short_length_of_mobile_number_credential" time="8.583"/>
  <testcase classname="Page_Test.Login_Page_Test" name="TC004_max_digit_mobile_number" time="6.100"/>
  <testcase classname="Page_Test.Login_Page_Test" name="TC005_Terms_of_use_button" time="14.496"/>
  <testcase classname="Page_Test.Login_Page_Test" name="TC006_Privacy_policy" time="8.967"/>
  <testcase classname="Page_Test.Login_Page_Test" name="TC007_contact_Us" time="6.384"/>
  <testcase classname="Page_Test.Login_Page_Test" name="TC008_Verify_Login_with_valid_credential" time="26.803"/>
  <testcase classname="Page_Test.Login_Page_Test" name="TC009_resend_butn" time="19.121"/>
  <testcase classname="Page_Test.Login_Page_Test" name="TC010_inavalid_OTP" time="19.558"/>
  <testcase classname="Page_Test.Login_Page_Test" name="TC011_edit_moble" time="37.127"/>
</testsuite> <!-- Page_Test.Login_Page_Test -->
