<?xml version="1.0" encoding="UTF-8"?>
<!-- Generated by org.testng.reporters.JUnitReportReporter -->
<testsuite hostname="DESKTOP-DC5U0BQ" failures="0" tests="11" name="Page_Test.Login_Page_Test" time="187.650" errors="0" timestamp="2023-10-04T09:20:14 IST" skipped="0">
  <testcase classname="Page_Test.Login_Page_Test" name="TC001_Verify_Login_with_Invalid_credential" time="11.089"/>
  <testcase classname="Page_Test.Login_Page_Test" name="TC002_invalidmobileno" time="8.992"/>
  <testcase classname="Page_Test.Login_Page_Test" name="TC003_Verify_Login_with_short_length_of_mobile_number_credential" time="5.099"/>
  <testcase classname="Page_Test.Login_Page_Test" name="TC004_max_digit_mobile_number" time="6.847"/>
  <testcase classname="Page_Test.Login_Page_Test" name="TC005_Terms_of_use_button" time="21.053"/>
  <testcase classname="Page_Test.Login_Page_Test" name="TC006_Privacy_policy" time="15.773"/>
  <testcase classname="Page_Test.Login_Page_Test" name="TC007_contact_Us" time="7.485"/>
  <testcase classname="Page_Test.Login_Page_Test" name="TC008_Verify_Login_with_valid_credential" time="25.385"/>
  <testcase classname="Page_Test.Login_Page_Test" name="TC009_resend_butn" time="19.889"/>
  <testcase classname="Page_Test.Login_Page_Test" name="TC010_inavalid_OTP" time="22.157"/>
  <testcase classname="Page_Test.Login_Page_Test" name="TC011_edit_moble" time="43.881"/>
</testsuite> <!-- Page_Test.Login_Page_Test -->
