<?xml version="1.0" encoding="UTF-8"?>
<!-- Generated by org.testng.reporters.JUnitReportReporter -->
<testsuite hostname="DESKTOP-DC5U0BQ" failures="0" tests="6" name="Page_Test.Vehicle_Details_test" time="198.721" errors="0" timestamp="2023-10-02T18:24:20 IST" skipped="0">
  <testcase classname="Page_Test.Vehicle_Details_test" name="TC037_Verify_My_Vehicle" time="20.465"/>
  <testcase classname="Page_Test.Vehicle_Details_test" name="TC038_Verify_My_Vehicle_more_details" time="12.291"/>
  <testcase classname="Page_Test.Vehicle_Details_test" name="TC039_Verify_My_Vehicle_Documents" time="59.045"/>
  <testcase classname="Page_Test.Vehicle_Details_test" name="TC040_Verify_Owners_Manual" time="41.934"/>
  <testcase classname="Page_Test.Vehicle_Details_test" name="TC041_Verify_my_Vehicle_service_History" time="57.479"/>
  <testcase classname="Page_Test.Vehicle_Details_test" name="TC042_Verify_Tips_and_DIY_videos_inside_sideMenu" time="7.507"/>
</testsuite> <!-- Page_Test.Vehicle_Details_test -->
