<?xml version="1.0" encoding="UTF-8"?>
<!-- Generated by org.testng.reporters.JUnitReportReporter -->
<testsuite hostname="DESKTOP-DC5U0BQ" failures="0" tests="7" name="Page_Test.My_Profile_Page_Test" time="416.134" errors="0" timestamp="2023-07-02T18:59:55 IST" skipped="0">
  <testcase classname="Page_Test.My_Profile_Page_Test" name="TC027_Verify_My_Profile" time="231.951"/>
  <testcase classname="Page_Test.My_Profile_Page_Test" name="TC028_verify_more_detais_button" time="3.861"/>
  <testcase classname="Page_Test.My_Profile_Page_Test" name="TC029_edit_profile_button" time="18.200"/>
  <testcase classname="Page_Test.My_Profile_Page_Test" name="TC030_edit_Personal_Details" time="98.327"/>
  <testcase classname="Page_Test.My_Profile_Page_Test" name="TC031_change_original_Personal_Details" time="16.004"/>
  <testcase classname="Page_Test.My_Profile_Page_Test" name="TC032_Manage_License" time="29.878"/>
  <testcase classname="Page_Test.My_Profile_Page_Test" name="TC033_Verify_emergency_contacts" time="17.913"/>
</testsuite> <!-- Page_Test.My_Profile_Page_Test -->
