<?xml version="1.0" encoding="UTF-8"?>
<!-- Generated by org.testng.reporters.JUnitReportReporter -->
<testsuite hostname="DESKTOP-DC5U0BQ" failures="0" tests="13" name="Page_Test.Home_Page_Test" time="339.228" errors="0" timestamp="2023-09-13T18:36:41 IST" skipped="0">
  <testcase classname="Page_Test.Home_Page_Test" name="TC017_Home_page_verify" time="27.085"/>
  <testcase classname="Page_Test.Home_Page_Test" name="TC018__verify_Navigate" time="12.123"/>
  <testcase classname="Page_Test.Home_Page_Test" name="TC019_Verify_Documents" time="102.288"/>
  <testcase classname="Page_Test.Home_Page_Test" name="TC020_Verify_Relationship_Manager" time="14.317"/>
  <testcase classname="Page_Test.Home_Page_Test" name="TC021_Verify_RSA" time="11.222"/>
  <testcase classname="Page_Test.Home_Page_Test" name="TC022_Select_State_For_Nearest_Dealer" time="33.812"/>
  <testcase classname="Page_Test.Home_Page_Test" name="TC023_Select_City_For_Nearest_Dealer" time="40.603"/>
  <testcase classname="Page_Test.Home_Page_Test" name="TC024_Select_Locality_For_Nearest_Dealer" time="19.148"/>
  <testcase classname="Page_Test.Home_Page_Test" name="TC025_Verify_Nearest_Dealer_info" time="25.253"/>
  <testcase classname="Page_Test.Home_Page_Test" name="TC026_Verify_Technical_Support_Manager" time="4.742"/>
  <testcase classname="Page_Test.Home_Page_Test" name="TC027_Verify_Dealer_Locator" time="10.773"/>
  <testcase classname="Page_Test.Home_Page_Test" name="TC028_Select_city" time="26.141"/>
  <testcase classname="Page_Test.Home_Page_Test" name="TC029_View_dealer_name_and_address" time="11.721"/>
</testsuite> <!-- Page_Test.Home_Page_Test -->
