<?xml version="1.0" encoding="UTF-8"?>
<!-- Generated by org.testng.reporters.JUnitReportReporter -->
<testsuite hostname="DESKTOP-DC5U0BQ" failures="0" tests="11" name="Page_Test.Login_Page_Test" time="196.721" errors="0" timestamp="2023-10-02T18:24:20 IST" skipped="0">
  <testcase classname="Page_Test.Login_Page_Test" name="TC001_Verify_Login_with_Invalid_credential" time="42.183"/>
  <testcase classname="Page_Test.Login_Page_Test" name="TC002_invalidmobileno" time="5.232"/>
  <testcase classname="Page_Test.Login_Page_Test" name="TC003_Verify_Login_with_short_length_of_mobile_number_credential" time="9.357"/>
  <testcase classname="Page_Test.Login_Page_Test" name="TC004_max_digit_mobile_number" time="6.438"/>
  <testcase classname="Page_Test.Login_Page_Test" name="TC005_Terms_of_use_button" time="18.598"/>
  <testcase classname="Page_Test.Login_Page_Test" name="TC006_Privacy_policy" time="13.508"/>
  <testcase classname="Page_Test.Login_Page_Test" name="TC007_contact_Us" time="5.182"/>
  <testcase classname="Page_Test.Login_Page_Test" name="TC008_Verify_Login_with_valid_credential" time="25.291"/>
  <testcase classname="Page_Test.Login_Page_Test" name="TC009_resend_butn" time="18.498"/>
  <testcase classname="Page_Test.Login_Page_Test" name="TC010_inavalid_OTP" time="16.613"/>
  <testcase classname="Page_Test.Login_Page_Test" name="TC011_edit_moble" time="35.821"/>
</testsuite> <!-- Page_Test.Login_Page_Test -->
