<?xml version="1.0" encoding="UTF-8"?>
<!-- Generated by org.testng.reporters.JUnitReportReporter -->
<testsuite hostname="DESKTOP-DC5U0BQ" failures="0" tests="2" name="Page_Test.E_Shop_test" time="208.019" errors="0" timestamp="2023-10-09T10:53:38 IST" skipped="0">
  <testcase classname="Page_Test.E_Shop_test" name="TC107_registered_customers" time="125.673"/>
  <testcase classname="Page_Test.E_Shop_test" name="TC108_new_customers" time="82.346"/>
</testsuite> <!-- Page_Test.E_Shop_test -->
