<?xml version="1.0" encoding="UTF-8"?>
<!-- Generated by org.testng.reporters.JUnitReportReporter -->
<testsuite hostname="DESKTOP-DC5U0BQ" failures="0" tests="11" name="Page_Test.Feedback_and_About_Hero_test" time="285.038" errors="0" timestamp="2023-10-03T15:18:41 IST" skipped="0">
  <testcase classname="Page_Test.Feedback_and_About_Hero_test" name="TC057_verify_Feedback" time="40.133"/>
  <testcase classname="Page_Test.Feedback_and_About_Hero_test" name="TC058_verify_About_Hero" time="18.932"/>
  <testcase classname="Page_Test.Feedback_and_About_Hero_test" name="TC059_verify_Side_menu_page_function" time="13.462"/>
  <testcase classname="Page_Test.Feedback_and_About_Hero_test" name="TC060_Vehicle_Details_in_Wheels_of_trust" time="36.113"/>
  <testcase classname="Page_Test.Feedback_and_About_Hero_test" name="TC061_Chose_city_in_Vehicle_Details_in_Wheels_of_trust" time="15.792"/>
  <testcase classname="Page_Test.Feedback_and_About_Hero_test" name="TC062_Select_company_in_Vehicle_Details_in_Wheels_of_trust" time="8.415"/>
  <testcase classname="Page_Test.Feedback_and_About_Hero_test" name="TC063_Select_Model_in_Vehicle_Details_in_Wheels_of_trust" time="21.808"/>
  <testcase classname="Page_Test.Feedback_and_About_Hero_test" name="TC064_Verify_Vehicle_Condition_in_Wheels_of_trust" time="64.830"/>
  <testcase classname="Page_Test.Feedback_and_About_Hero_test" name="TC065_Verify_Your_Details_Through_WhatsApp_in_Wheels_of_trust" time="14.873"/>
  <testcase classname="Page_Test.Feedback_and_About_Hero_test" name="TC066_Verify_Your_Details_Through_OTP_in_Wheels_of_trust" time="23.176"/>
  <testcase classname="Page_Test.Feedback_and_About_Hero_test" name="TC067_Verify_joyride" time="27.504"/>
</testsuite> <!-- Page_Test.Feedback_and_About_Hero_test -->
