<?xml version="1.0" encoding="UTF-8"?>
<!-- Generated by org.testng.reporters.JUnitReportReporter -->
<testsuite hostname="DESKTOP-DC5U0BQ" failures="0" tests="27" name="Page_Test.Services_Page_Test" time="714.241" errors="0" timestamp="2023-09-19T14:36:17 IST" skipped="0">
  <testcase classname="Page_Test.Services_Page_Test" name="TC068_Vehicle_details_on_service_page" time="3.791"/>
  <testcase classname="Page_Test.Services_Page_Test" name="TC069_verify_service_type" time="0.581"/>
  <testcase classname="Page_Test.Services_Page_Test" name="TC070_verify_Dealer_information" time="2.797"/>
  <testcase classname="Page_Test.Services_Page_Test" name="TC071_Verify_dealer_manager_info" time="4.840"/>
  <testcase classname="Page_Test.Services_Page_Test" name="TC072_View_Service_schedule_750" time="22.803"/>
  <testcase classname="Page_Test.Services_Page_Test" name="TC073_View_Service_schedule_3500" time="22.735"/>
  <testcase classname="Page_Test.Services_Page_Test" name="TC074_View_Service_schedule_6500" time="22.997"/>
  <testcase classname="Page_Test.Services_Page_Test" name="TC075_View_Service_schedule_9500" time="22.679"/>
  <testcase classname="Page_Test.Services_Page_Test" name="TC076_View_Service_schedule_12500" time="23.934"/>
  <testcase classname="Page_Test.Services_Page_Test" name="TC077_View_Service_schedule_15500" time="22.617"/>
  <testcase classname="Page_Test.Services_Page_Test" name="TC078_View_Service_schedule_18500" time="21.647"/>
  <testcase classname="Page_Test.Services_Page_Test" name="TC079_View_Service_schedule_21500" time="23.860"/>
  <testcase classname="Page_Test.Services_Page_Test" name="TC080_View_Service_schedule_24500" time="20.421"/>
  <testcase classname="Page_Test.Services_Page_Test" name="TC081_View_Service_schedule_27500" time="26.184"/>
  <testcase classname="Page_Test.Services_Page_Test" name="TC082_View_Service_schedule_60_days" time="21.486"/>
  <testcase classname="Page_Test.Services_Page_Test" name="TC083_View_Service_schedule_160_days" time="21.354"/>
  <testcase classname="Page_Test.Services_Page_Test" name="TC084_View_Service_schedule_260_days" time="22.997"/>
  <testcase classname="Page_Test.Services_Page_Test" name="TC085_View_Service_schedule_360_days" time="21.010"/>
  <testcase classname="Page_Test.Services_Page_Test" name="TC086_View_Service_schedule_460_days" time="25.912"/>
  <testcase classname="Page_Test.Services_Page_Test" name="TC087_View_Service_schedule_560_days" time="23.072"/>
  <testcase classname="Page_Test.Services_Page_Test" name="TC088_View_Service_schedule_660_days" time="21.131"/>
  <testcase classname="Page_Test.Services_Page_Test" name="TC089_View_Service_schedule_760_days" time="25.385"/>
  <testcase classname="Page_Test.Services_Page_Test" name="TC090_View_Service_schedule_860_days" time="20.099"/>
  <testcase classname="Page_Test.Services_Page_Test" name="TC091_View_Service_schedule_960_days" time="24.905"/>
  <testcase classname="Page_Test.Services_Page_Test" name="TC092_Verify_Last_Serviced" time="90.029"/>
  <testcase classname="Page_Test.Services_Page_Test" name="TC093_Verify_all_tips_list" time="81.818"/>
  <testcase classname="Page_Test.Services_Page_Test" name="TC094_Verify_all_DIY_Videos_list" time="73.157"/>
</testsuite> <!-- Page_Test.Services_Page_Test -->
