<?xml version="1.0" encoding="UTF-8"?>
<!-- Generated by org.testng.reporters.JUnitReportReporter -->
<testsuite hostname="DESKTOP-DC5U0BQ" failures="0" tests="11" name="Page_Test.Feedback_and_About_Hero_test" time="272.914" errors="0" timestamp="2023-09-28T15:11:25 IST" skipped="0">
  <testcase classname="Page_Test.Feedback_and_About_Hero_test" name="TC057_verify_Feedback" time="42.001"/>
  <testcase classname="Page_Test.Feedback_and_About_Hero_test" name="TC058_verify_About_Hero" time="16.748"/>
  <testcase classname="Page_Test.Feedback_and_About_Hero_test" name="TC059_verify_Side_menu_page_function" time="11.861"/>
  <testcase classname="Page_Test.Feedback_and_About_Hero_test" name="TC060_Vehicle_Details_in_Wheels_of_trust" time="37.785"/>
  <testcase classname="Page_Test.Feedback_and_About_Hero_test" name="TC061_Chose_city_in_Vehicle_Details_in_Wheels_of_trust" time="15.692"/>
  <testcase classname="Page_Test.Feedback_and_About_Hero_test" name="TC062_Select_company_in_Vehicle_Details_in_Wheels_of_trust" time="11.535"/>
  <testcase classname="Page_Test.Feedback_and_About_Hero_test" name="TC063_Select_Model_in_Vehicle_Details_in_Wheels_of_trust" time="25.764"/>
  <testcase classname="Page_Test.Feedback_and_About_Hero_test" name="TC064_Verify_Vehicle_Condition_in_Wheels_of_trust" time="45.219"/>
  <testcase classname="Page_Test.Feedback_and_About_Hero_test" name="TC065_Verify_Your_Details_Through_WhatsApp_in_Wheels_of_trust" time="13.014"/>
  <testcase classname="Page_Test.Feedback_and_About_Hero_test" name="TC066_Verify_Your_Details_Through_OTP_in_Wheels_of_trust" time="26.149"/>
  <testcase classname="Page_Test.Feedback_and_About_Hero_test" name="TC067_Verify_joyride" time="27.146"/>
</testsuite> <!-- Page_Test.Feedback_and_About_Hero_test -->
