<?xml version="1.0" encoding="UTF-8"?>
<!-- Generated by org.testng.reporters.JUnitReportReporter -->
<testsuite hostname="DESKTOP-DC5U0BQ" failures="0" tests="2" name="Page_Test.E_Shop_test" time="130.548" errors="0" timestamp="2023-08-11T18:04:58 IST" skipped="0">
  <testcase classname="Page_Test.E_Shop_test" name="registered_customers" time="93.021"/>
  <testcase classname="Page_Test.E_Shop_test" name="new_customers" time="37.527"/>
</testsuite> <!-- Page_Test.E_Shop_test -->
