<?xml version="1.0" encoding="UTF-8"?>
<!-- Generated by org.testng.reporters.JUnitReportReporter -->
<testsuite hostname="DESKTOP-DC5U0BQ" failures="0" tests="11" name="Page_Test.Login_Page_Test" time="150.086" errors="0" timestamp="2023-07-11T20:18:10 IST" skipped="0">
  <testcase classname="Page_Test.Login_Page_Test" name="TC001_Verify_Login_with_Invalid_credential" time="7.374"/>
  <testcase classname="Page_Test.Login_Page_Test" name="TC002_invalidmobileno" time="7.454"/>
  <testcase classname="Page_Test.Login_Page_Test" name="TC003_Verify_Login_with_short_length_of_mobile_number_credential" time="4.642"/>
  <testcase classname="Page_Test.Login_Page_Test" name="TC004_max_digit_mobile_number" time="5.754"/>
  <testcase classname="Page_Test.Login_Page_Test" name="TC005_Terms_of_use_button" time="13.322"/>
  <testcase classname="Page_Test.Login_Page_Test" name="TC006_Privacy_policy" time="9.170"/>
  <testcase classname="Page_Test.Login_Page_Test" name="TC007_contact_Us" time="5.263"/>
  <testcase classname="Page_Test.Login_Page_Test" name="TC008_Verify_Login_with_valid_credential" time="21.521"/>
  <testcase classname="Page_Test.Login_Page_Test" name="TC009_resend_butn" time="21.249"/>
  <testcase classname="Page_Test.Login_Page_Test" name="TC010_inavalid_OTP" time="17.550"/>
  <testcase classname="Page_Test.Login_Page_Test" name="TC011_edit_moble" time="36.787"/>
</testsuite> <!-- Page_Test.Login_Page_Test -->
