<?xml version="1.0" encoding="UTF-8"?>
<!-- Generated by org.testng.reporters.JUnitReportReporter -->
<testsuite hostname="DESKTOP-DC5U0BQ" failures="0" tests="12" name="Page_Test.GoodLife_test" time="229.794" errors="0" timestamp="2023-07-26T14:55:37 IST" skipped="0">
  <testcase classname="Page_Test.GoodLife_test" name="TC081_verify_image_in_goodlife_page" time="82.504"/>
  <testcase classname="Page_Test.GoodLife_test" name="TC082_Verify_Pro_Membership" time="2.867"/>
  <testcase classname="Page_Test.GoodLife_test" name="TC083_Verify_Earning_History_in_Pro_Membership" time="3.952"/>
  <testcase classname="Page_Test.GoodLife_test" name="TC084_Verify_Redemption_History_in_Pro_Membership" time="3.790"/>
  <testcase classname="Page_Test.GoodLife_test" name="TC085_Verify_Complete_profile" time="4.682"/>
  <testcase classname="Page_Test.GoodLife_test" name="TC086_Verify_Welcome_Rewards" time="2.757"/>
  <testcase classname="Page_Test.GoodLife_test" name="TC087_Verify_refer_friend_in_Goodlife" time="9.482"/>
  <testcase classname="Page_Test.GoodLife_test" name="TC088_verify_Winner_informaton" time="8.151"/>
  <testcase classname="Page_Test.GoodLife_test" name="TC089_verify_Points_Earning_and_Redemption" time="62.828"/>
  <testcase classname="Page_Test.GoodLife_test" name="TC090_verify_Service_Privilegers" time="9.816"/>
  <testcase classname="Page_Test.GoodLife_test" name="TC091_verify_Benefits_and_Experiences" time="18.798"/>
  <testcase classname="Page_Test.GoodLife_test" name="TC092_verify_Remarkable_Rewards" time="20.167"/>
</testsuite> <!-- Page_Test.GoodLife_test -->
