<?xml version="1.0" encoding="UTF-8"?>
<!-- Generated by org.testng.reporters.JUnitReportReporter -->
<testsuite hostname="DESKTOP-DC5U0BQ" failures="0" tests="11" name="Page_Test.Login_Page_Test" time="163.890" errors="0" timestamp="2023-06-21T21:48:51 IST" skipped="0">
  <testcase classname="Page_Test.Login_Page_Test" name="TC001_Verify_Login_with_Invalid_credential" time="10.080"/>
  <testcase classname="Page_Test.Login_Page_Test" name="TC002_invalidmobileno" time="8.164"/>
  <testcase classname="Page_Test.Login_Page_Test" name="TC003_Verify_Login_with_short_length_of_mobile_number_credential" time="4.729"/>
  <testcase classname="Page_Test.Login_Page_Test" name="TC004_max_digit_mobile_number" time="6.817"/>
  <testcase classname="Page_Test.Login_Page_Test" name="TC005_Terms_of_use_button" time="13.500"/>
  <testcase classname="Page_Test.Login_Page_Test" name="TC006_Privacy_policy" time="9.899"/>
  <testcase classname="Page_Test.Login_Page_Test" name="TC007_contact_Us" time="5.588"/>
  <testcase classname="Page_Test.Login_Page_Test" name="TC008_Verify_Login_with_valid_credential" time="24.480"/>
  <testcase classname="Page_Test.Login_Page_Test" name="TC009_resend_butn" time="21.200"/>
  <testcase classname="Page_Test.Login_Page_Test" name="TC010_inavalid_OTP" time="18.597"/>
  <testcase classname="Page_Test.Login_Page_Test" name="TC011_edit_moble" time="40.836"/>
</testsuite> <!-- Page_Test.Login_Page_Test -->
