<?xml version="1.0" encoding="UTF-8"?>
<!-- Generated by org.testng.reporters.JUnitReportReporter -->
<testsuite hostname="DESKTOP-DC5U0BQ" failures="0" tests="7" name="Page_Test.My_Profile_Page_Test" time="431.264" errors="0" timestamp="2023-11-03T15:36:57 IST" skipped="0">
  <testcase classname="Page_Test.My_Profile_Page_Test" name="TC028_Verify_My_Profile" time="45.154"/>
  <testcase classname="Page_Test.My_Profile_Page_Test" name="TC029_verify_more_detais_button" time="21.365"/>
  <testcase classname="Page_Test.My_Profile_Page_Test" name="TC030_edit_profile_button" time="46.890"/>
  <testcase classname="Page_Test.My_Profile_Page_Test" name="TC031_edit_Personal_Details" time="149.846"/>
  <testcase classname="Page_Test.My_Profile_Page_Test" name="TC032_change_original_Personal_Details" time="60.099"/>
  <testcase classname="Page_Test.My_Profile_Page_Test" name="TC033_Manage_License" time="71.942"/>
  <testcase classname="Page_Test.My_Profile_Page_Test" name="TC034_Verify_emergency_contacts" time="35.968"/>
</testsuite> <!-- Page_Test.My_Profile_Page_Test -->
