<?xml version="1.0" encoding="UTF-8"?>
<!-- Generated by org.testng.reporters.JUnitReportReporter -->
<testsuite hostname="DESKTOP-DC5U0BQ" failures="0" tests="9" name="Page_Test.Home_Page_Test" time="215.836" errors="0" timestamp="2023-08-11T14:53:55 IST" skipped="0">
  <testcase classname="Page_Test.Home_Page_Test" name="TC017_Home_page_verify" time="19.428"/>
  <testcase classname="Page_Test.Home_Page_Test" name="TC018__verify_Navigate" time="11.549"/>
  <testcase classname="Page_Test.Home_Page_Test" name="TC019_Verify_Documents" time="102.948"/>
  <testcase classname="Page_Test.Home_Page_Test" name="TC020_Verify_Relationship_Manager" time="14.083"/>
  <testcase classname="Page_Test.Home_Page_Test" name="TC021_Verify_RSA" time="12.784"/>
  <testcase classname="Page_Test.Home_Page_Test" name="TC022_Verify_Technical_Support_Manager" time="3.444"/>
  <testcase classname="Page_Test.Home_Page_Test" name="TC023_Verify_Dealer_Locator" time="11.643"/>
  <testcase classname="Page_Test.Home_Page_Test" name="TC024_Select_city" time="27.235"/>
  <testcase classname="Page_Test.Home_Page_Test" name="TC025_View_dealer_name_and_address" time="12.722"/>
</testsuite> <!-- Page_Test.Home_Page_Test -->
