<?xml version="1.0" encoding="UTF-8"?>
<!-- Generated by org.testng.reporters.JUnitReportReporter -->
<testsuite hostname="DESKTOP-DC5U0BQ" failures="0" tests="11" name="Page_Test.Login_Page_Test" time="226.618" errors="0" timestamp="2023-09-27T16:44:34 IST" skipped="0">
  <testcase classname="Page_Test.Login_Page_Test" name="TC001_Verify_Login_with_Invalid_credential" time="27.298"/>
  <testcase classname="Page_Test.Login_Page_Test" name="TC002_invalidmobileno" time="9.107"/>
  <testcase classname="Page_Test.Login_Page_Test" name="TC003_Verify_Login_with_short_length_of_mobile_number_credential" time="9.599"/>
  <testcase classname="Page_Test.Login_Page_Test" name="TC004_max_digit_mobile_number" time="8.743"/>
  <testcase classname="Page_Test.Login_Page_Test" name="TC005_Terms_of_use_button" time="23.570"/>
  <testcase classname="Page_Test.Login_Page_Test" name="TC006_Privacy_policy" time="17.082"/>
  <testcase classname="Page_Test.Login_Page_Test" name="TC007_contact_Us" time="9.793"/>
  <testcase classname="Page_Test.Login_Page_Test" name="TC008_Verify_Login_with_valid_credential" time="25.165"/>
  <testcase classname="Page_Test.Login_Page_Test" name="TC009_resend_butn" time="23.582"/>
  <testcase classname="Page_Test.Login_Page_Test" name="TC010_inavalid_OTP" time="27.691"/>
  <testcase classname="Page_Test.Login_Page_Test" name="TC011_edit_moble" time="44.988"/>
</testsuite> <!-- Page_Test.Login_Page_Test -->
