<?xml version="1.0" encoding="UTF-8"?>
<!-- Generated by org.testng.reporters.JUnitReportReporter -->
<testsuite hostname="DESKTOP-DC5U0BQ" failures="0" tests="2" name="Page_Test.E_Shop_test" time="3.041" errors="2" timestamp="2023-11-29T16:34:20 IST" skipped="0">
  <testcase classname="Page_Test.E_Shop_test" name="TC104_registered_customers" time="3.034">
    <error message="Connection refused: no further information
Build info: version: &#039;4.8.1&#039;, revision: &#039;8ebccac989&#039;
System info: os.name: &#039;Windows 11&#039;, os.arch: &#039;amd64&#039;, os.version: &#039;10.0&#039;, java.version: &#039;19.0.1&#039;
Driver info: io.appium.java_client.android.AndroidDriver
Command: [1ac9de03-4113-4421-a586-d4c2eef15e60, findElement {using=xpath, value=//android.widget.FrameLayout[@content-desc=&#039;Eshop&#039;]/android.view.ViewGroup/android.widget.TextView}]
Capabilities {appium:appActivity: com.customerapp.hero.views...., appium:appPackage: com.customerapp.hero, appium:automationName: uiautomator2, appium:avdLaunchTimeout: 600000, appium:databaseEnabled: false, appium:desired: {appActivity: com.customerapp.hero.views...., appPackage: com.customerapp.hero, automationName: uiautomator2, avdLaunchTimeout: 600000, deviceName: realme C33 2023, noReset: false, platformName: android, udid: 3323262910AA04DS}, appium:deviceApiLevel: 31, appium:deviceManufacturer: realme, appium:deviceModel: RMX3627, appium:deviceName: 3323262910AA04DS, appium:deviceScreenDensity: 272, appium:deviceScreenSize: 720x1600, appium:deviceUDID: 3323262910AA04DS, appium:javascriptEnabled: true, appium:locationContextEnabled: false, appium:networkConnectionEnabled: true, appium:noReset: false, appium:pixelRatio: 1.7, appium:platformVersion: 12, appium:statBarHeight: 54, appium:takesScreenshot: true, appium:udid: 3323262910AA04DS, appium:viewportRect: {height: 1394, left: 0, top: 54, width: 720}, appium:warnings: {}, appium:webStorageEnabled: false, platformName: ANDROID}
Session ID: 1ac9de03-4113-4421-a586-d4c2eef15e60" type="org.openqa.selenium.WebDriverException">
      <![CDATA[org.openqa.selenium.WebDriverException: Connection refused: no further information
Build info: version: '4.8.1', revision: '8ebccac989'
System info: os.name: 'Windows 11', os.arch: 'amd64', os.version: '10.0', java.version: '19.0.1'
Driver info: io.appium.java_client.android.AndroidDriver
Command: [1ac9de03-4113-4421-a586-d4c2eef15e60, findElement {using=xpath, value=//android.widget.FrameLayout[@content-desc='Eshop']/android.view.ViewGroup/android.widget.TextView}]
Capabilities {appium:appActivity: com.customerapp.hero.views...., appium:appPackage: com.customerapp.hero, appium:automationName: uiautomator2, appium:avdLaunchTimeout: 600000, appium:databaseEnabled: false, appium:desired: {appActivity: com.customerapp.hero.views...., appPackage: com.customerapp.hero, automationName: uiautomator2, avdLaunchTimeout: 600000, deviceName: realme C33 2023, noReset: false, platformName: android, udid: 3323262910AA04DS}, appium:deviceApiLevel: 31, appium:deviceManufacturer: realme, appium:deviceModel: RMX3627, appium:deviceName: 3323262910AA04DS, appium:deviceScreenDensity: 272, appium:deviceScreenSize: 720x1600, appium:deviceUDID: 3323262910AA04DS, appium:javascriptEnabled: true, appium:locationContextEnabled: false, appium:networkConnectionEnabled: true, appium:noReset: false, appium:pixelRatio: 1.7, appium:platformVersion: 12, appium:statBarHeight: 54, appium:takesScreenshot: true, appium:udid: 3323262910AA04DS, appium:viewportRect: {height: 1394, left: 0, top: 54, width: 720}, appium:warnings: {}, appium:webStorageEnabled: false, platformName: ANDROID}
Session ID: 1ac9de03-4113-4421-a586-d4c2eef15e60
at io.appium.java_client.remote.AppiumCommandExecutor.lambda$execute$4(AppiumCommandExecutor.java:274)
at java.base/java.util.Optional.orElseGet(Optional.java:364)
at io.appium.java_client.remote.AppiumCommandExecutor.execute(AppiumCommandExecutor.java:273)
at org.openqa.selenium.remote.RemoteWebDriver.execute(RemoteWebDriver.java:543)
at org.openqa.selenium.remote.ElementLocation$ElementFinder$2.findElement(ElementLocation.java:162)
at org.openqa.selenium.remote.ElementLocation.findElement(ElementLocation.java:60)
at org.openqa.selenium.remote.RemoteWebDriver.findElement(RemoteWebDriver.java:352)
at org.openqa.selenium.remote.RemoteWebDriver.findElement(RemoteWebDriver.java:344)
at org.openqa.selenium.support.pagefactory.DefaultElementLocator.findElement(DefaultElementLocator.java:70)
at org.openqa.selenium.support.pagefactory.internal.LocatingElementHandler.invoke(LocatingElementHandler.java:39)
at jdk.proxy2/jdk.proxy2.$Proxy33.getText(Unknown Source)
at Page_Test.E_Shop_test.TC104_registered_customers(E_Shop_test.java:28)
at java.base/jdk.internal.reflect.DirectMethodHandleAccessor.invoke(DirectMethodHandleAccessor.java:104)
at java.base/java.lang.reflect.Method.invoke(Method.java:578)
at org.testng.internal.invokers.MethodInvocationHelper.invokeMethod(MethodInvocationHelper.java:139)
at org.testng.internal.invokers.TestInvoker.invokeMethod(TestInvoker.java:664)
at org.testng.internal.invokers.TestInvoker.invokeTestMethod(TestInvoker.java:227)
at org.testng.internal.invokers.MethodRunner.runInSequence(MethodRunner.java:50)
at org.testng.internal.invokers.TestInvoker$MethodInvocationAgent.invoke(TestInvoker.java:957)
at org.testng.internal.invokers.TestInvoker.invokeTestMethods(TestInvoker.java:200)
at org.testng.internal.invokers.TestMethodWorker.invokeTestMethods(TestMethodWorker.java:148)
at org.testng.internal.invokers.TestMethodWorker.run(TestMethodWorker.java:128)
at java.base/java.util.ArrayList.forEach(ArrayList.java:1511)
at org.testng.TestRunner.privateRun(TestRunner.java:848)
at org.testng.TestRunner.run(TestRunner.java:621)
at org.testng.SuiteRunner.runTest(SuiteRunner.java:443)
at org.testng.SuiteRunner.runSequentially(SuiteRunner.java:437)
at org.testng.SuiteRunner.privateRun(SuiteRunner.java:397)
at org.testng.SuiteRunner.run(SuiteRunner.java:336)
at org.testng.SuiteRunnerWorker.runSuite(SuiteRunnerWorker.java:52)
at org.testng.SuiteRunnerWorker.run(SuiteRunnerWorker.java:95)
at org.testng.TestNG.runSuitesSequentially(TestNG.java:1280)
at org.testng.TestNG.runSuitesLocally(TestNG.java:1200)
at org.testng.TestNG.runSuites(TestNG.java:1114)
at org.testng.TestNG.run(TestNG.java:1082)
at org.testng.remote.AbstractRemoteTestNG.run(AbstractRemoteTestNG.java:115)
at org.testng.remote.RemoteTestNG.initAndRun(RemoteTestNG.java:251)
at org.testng.remote.RemoteTestNG.main(RemoteTestNG.java:77)
Caused by: java.net.ConnectException: Connection refused: no further information
at java.base/sun.nio.ch.Net.pollConnect(Native Method)
at java.base/sun.nio.ch.Net.pollConnectNow(Net.java:672)
at java.base/sun.nio.ch.SocketChannelImpl.finishConnect(SocketChannelImpl.java:973)
at io.netty.channel.socket.nio.NioSocketChannel.doFinishConnect(NioSocketChannel.java:337)
at io.netty.channel.nio.AbstractNioChannel$AbstractNioUnsafe.finishConnect(AbstractNioChannel.java:334)
at io.netty.channel.nio.NioEventLoop.processSelectedKey(NioEventLoop.java:776)
at io.netty.channel.nio.NioEventLoop.processSelectedKeysOptimized(NioEventLoop.java:724)
at io.netty.channel.nio.NioEventLoop.processSelectedKeys(NioEventLoop.java:650)
at io.netty.channel.nio.NioEventLoop.run(NioEventLoop.java:562)
at io.netty.util.concurrent.SingleThreadEventExecutor$4.run(SingleThreadEventExecutor.java:997)
at io.netty.util.internal.ThreadExecutorMap$2.run(ThreadExecutorMap.java:74)
at io.netty.util.concurrent.FastThreadLocalRunnable.run(FastThreadLocalRunnable.java:30)
at java.base/java.lang.Thread.run(Thread.java:1589)
]]>
    </error>
  </testcase> <!-- TC104_registered_customers -->
  <testcase classname="Page_Test.E_Shop_test" name="TC105_new_customers" time="0.007">
    <error message="Connection refused: no further information
Build info: version: &#039;4.8.1&#039;, revision: &#039;8ebccac989&#039;
System info: os.name: &#039;Windows 11&#039;, os.arch: &#039;amd64&#039;, os.version: &#039;10.0&#039;, java.version: &#039;19.0.1&#039;
Driver info: io.appium.java_client.android.AndroidDriver
Command: [1ac9de03-4113-4421-a586-d4c2eef15e60, goBack {}]
Capabilities {appium:appActivity: com.customerapp.hero.views...., appium:appPackage: com.customerapp.hero, appium:automationName: uiautomator2, appium:avdLaunchTimeout: 600000, appium:databaseEnabled: false, appium:desired: {appActivity: com.customerapp.hero.views...., appPackage: com.customerapp.hero, automationName: uiautomator2, avdLaunchTimeout: 600000, deviceName: realme C33 2023, noReset: false, platformName: android, udid: 3323262910AA04DS}, appium:deviceApiLevel: 31, appium:deviceManufacturer: realme, appium:deviceModel: RMX3627, appium:deviceName: 3323262910AA04DS, appium:deviceScreenDensity: 272, appium:deviceScreenSize: 720x1600, appium:deviceUDID: 3323262910AA04DS, appium:javascriptEnabled: true, appium:locationContextEnabled: false, appium:networkConnectionEnabled: true, appium:noReset: false, appium:pixelRatio: 1.7, appium:platformVersion: 12, appium:statBarHeight: 54, appium:takesScreenshot: true, appium:udid: 3323262910AA04DS, appium:viewportRect: {height: 1394, left: 0, top: 54, width: 720}, appium:warnings: {}, appium:webStorageEnabled: false, platformName: ANDROID}
Session ID: 1ac9de03-4113-4421-a586-d4c2eef15e60" type="org.openqa.selenium.WebDriverException">
      <![CDATA[org.openqa.selenium.WebDriverException: Connection refused: no further information
Build info: version: '4.8.1', revision: '8ebccac989'
System info: os.name: 'Windows 11', os.arch: 'amd64', os.version: '10.0', java.version: '19.0.1'
Driver info: io.appium.java_client.android.AndroidDriver
Command: [1ac9de03-4113-4421-a586-d4c2eef15e60, goBack {}]
Capabilities {appium:appActivity: com.customerapp.hero.views...., appium:appPackage: com.customerapp.hero, appium:automationName: uiautomator2, appium:avdLaunchTimeout: 600000, appium:databaseEnabled: false, appium:desired: {appActivity: com.customerapp.hero.views...., appPackage: com.customerapp.hero, automationName: uiautomator2, avdLaunchTimeout: 600000, deviceName: realme C33 2023, noReset: false, platformName: android, udid: 3323262910AA04DS}, appium:deviceApiLevel: 31, appium:deviceManufacturer: realme, appium:deviceModel: RMX3627, appium:deviceName: 3323262910AA04DS, appium:deviceScreenDensity: 272, appium:deviceScreenSize: 720x1600, appium:deviceUDID: 3323262910AA04DS, appium:javascriptEnabled: true, appium:locationContextEnabled: false, appium:networkConnectionEnabled: true, appium:noReset: false, appium:pixelRatio: 1.7, appium:platformVersion: 12, appium:statBarHeight: 54, appium:takesScreenshot: true, appium:udid: 3323262910AA04DS, appium:viewportRect: {height: 1394, left: 0, top: 54, width: 720}, appium:warnings: {}, appium:webStorageEnabled: false, platformName: ANDROID}
Session ID: 1ac9de03-4113-4421-a586-d4c2eef15e60
at io.appium.java_client.remote.AppiumCommandExecutor.lambda$execute$4(AppiumCommandExecutor.java:274)
at java.base/java.util.Optional.orElseGet(Optional.java:364)
at io.appium.java_client.remote.AppiumCommandExecutor.execute(AppiumCommandExecutor.java:273)
at org.openqa.selenium.remote.RemoteWebDriver.execute(RemoteWebDriver.java:543)
at org.openqa.selenium.remote.RemoteWebDriver.execute(RemoteWebDriver.java:598)
at io.appium.java_client.AppiumDriver.execute(AppiumDriver.java:272)
at org.openqa.selenium.remote.RemoteWebDriver$RemoteNavigation.back(RemoteWebDriver.java:973)
at Page_Test.E_Shop_test.TC105_new_customers(E_Shop_test.java:67)
at java.base/jdk.internal.reflect.DirectMethodHandleAccessor.invoke(DirectMethodHandleAccessor.java:104)
at java.base/java.lang.reflect.Method.invoke(Method.java:578)
at org.testng.internal.invokers.MethodInvocationHelper.invokeMethod(MethodInvocationHelper.java:139)
at org.testng.internal.invokers.TestInvoker.invokeMethod(TestInvoker.java:664)
at org.testng.internal.invokers.TestInvoker.invokeTestMethod(TestInvoker.java:227)
at org.testng.internal.invokers.MethodRunner.runInSequence(MethodRunner.java:50)
at org.testng.internal.invokers.TestInvoker$MethodInvocationAgent.invoke(TestInvoker.java:957)
at org.testng.internal.invokers.TestInvoker.invokeTestMethods(TestInvoker.java:200)
at org.testng.internal.invokers.TestMethodWorker.invokeTestMethods(TestMethodWorker.java:148)
at org.testng.internal.invokers.TestMethodWorker.run(TestMethodWorker.java:128)
at java.base/java.util.ArrayList.forEach(ArrayList.java:1511)
at org.testng.TestRunner.privateRun(TestRunner.java:848)
at org.testng.TestRunner.run(TestRunner.java:621)
at org.testng.SuiteRunner.runTest(SuiteRunner.java:443)
at org.testng.SuiteRunner.runSequentially(SuiteRunner.java:437)
at org.testng.SuiteRunner.privateRun(SuiteRunner.java:397)
at org.testng.SuiteRunner.run(SuiteRunner.java:336)
at org.testng.SuiteRunnerWorker.runSuite(SuiteRunnerWorker.java:52)
at org.testng.SuiteRunnerWorker.run(SuiteRunnerWorker.java:95)
at org.testng.TestNG.runSuitesSequentially(TestNG.java:1280)
at org.testng.TestNG.runSuitesLocally(TestNG.java:1200)
at org.testng.TestNG.runSuites(TestNG.java:1114)
at org.testng.TestNG.run(TestNG.java:1082)
at org.testng.remote.AbstractRemoteTestNG.run(AbstractRemoteTestNG.java:115)
at org.testng.remote.RemoteTestNG.initAndRun(RemoteTestNG.java:251)
at org.testng.remote.RemoteTestNG.main(RemoteTestNG.java:77)
Caused by: java.net.ConnectException: Connection refused: no further information
at java.base/sun.nio.ch.Net.pollConnect(Native Method)
at java.base/sun.nio.ch.Net.pollConnectNow(Net.java:672)
at java.base/sun.nio.ch.SocketChannelImpl.finishConnect(SocketChannelImpl.java:973)
at io.netty.channel.socket.nio.NioSocketChannel.doFinishConnect(NioSocketChannel.java:337)
at io.netty.channel.nio.AbstractNioChannel$AbstractNioUnsafe.finishConnect(AbstractNioChannel.java:334)
at io.netty.channel.nio.NioEventLoop.processSelectedKey(NioEventLoop.java:776)
at io.netty.channel.nio.NioEventLoop.processSelectedKeysOptimized(NioEventLoop.java:724)
at io.netty.channel.nio.NioEventLoop.processSelectedKeys(NioEventLoop.java:650)
at io.netty.channel.nio.NioEventLoop.run(NioEventLoop.java:562)
at io.netty.util.concurrent.SingleThreadEventExecutor$4.run(SingleThreadEventExecutor.java:997)
at io.netty.util.internal.ThreadExecutorMap$2.run(ThreadExecutorMap.java:74)
at io.netty.util.concurrent.FastThreadLocalRunnable.run(FastThreadLocalRunnable.java:30)
at java.base/java.lang.Thread.run(Thread.java:1589)
]]>
    </error>
  </testcase> <!-- TC105_new_customers -->
</testsuite> <!-- Page_Test.E_Shop_test -->
