<?xml version="1.0" encoding="UTF-8"?>
<!-- Generated by org.testng.reporters.JUnitReportReporter -->
<testsuite hostname="DESKTOP-DC5U0BQ" failures="0" tests="11" name="Page_Test.Login_Page_Test" time="230.806" errors="0" timestamp="2023-11-06T10:20:13 IST" skipped="0">
  <testcase classname="Page_Test.Login_Page_Test" name="TC001_Verify_Login_with_Invalid_credential" time="23.224"/>
  <testcase classname="Page_Test.Login_Page_Test" name="TC002_invalidmobileno" time="13.203"/>
  <testcase classname="Page_Test.Login_Page_Test" name="TC003_Verify_Login_with_short_length_of_mobile_number_credential" time="6.864"/>
  <testcase classname="Page_Test.Login_Page_Test" name="TC004_max_digit_mobile_number" time="6.160"/>
  <testcase classname="Page_Test.Login_Page_Test" name="TC005_Terms_of_use_button" time="27.124"/>
  <testcase classname="Page_Test.Login_Page_Test" name="TC006_Privacy_policy" time="25.731"/>
  <testcase classname="Page_Test.Login_Page_Test" name="TC007_contact_Us" time="13.677"/>
  <testcase classname="Page_Test.Login_Page_Test" name="TC008_Verify_Login_with_valid_credential" time="25.362"/>
  <testcase classname="Page_Test.Login_Page_Test" name="TC009_resend_butn" time="23.762"/>
  <testcase classname="Page_Test.Login_Page_Test" name="TC010_inavalid_OTP" time="22.052"/>
  <testcase classname="Page_Test.Login_Page_Test" name="TC011_edit_moble" time="43.647"/>
</testsuite> <!-- Page_Test.Login_Page_Test -->
