<?xml version="1.0" encoding="UTF-8"?>
<!-- Generated by org.testng.reporters.JUnitReportReporter -->
<testsuite hostname="DESKTOP-DC5U0BQ" failures="0" tests="27" name="Page_Test.Services_Page_Test" time="887.800" errors="0" timestamp="2023-10-02T18:24:20 IST" skipped="0">
  <testcase classname="Page_Test.Services_Page_Test" name="TC068_Vehicle_details_on_service_page" time="5.378"/>
  <testcase classname="Page_Test.Services_Page_Test" name="TC069_verify_service_type" time="0.885"/>
  <testcase classname="Page_Test.Services_Page_Test" name="TC070_verify_Dealer_information" time="3.470"/>
  <testcase classname="Page_Test.Services_Page_Test" name="TC071_Verify_dealer_manager_info" time="7.806"/>
  <testcase classname="Page_Test.Services_Page_Test" name="TC072_View_Service_schedule_750" time="28.538"/>
  <testcase classname="Page_Test.Services_Page_Test" name="TC073_View_Service_schedule_3500" time="26.776"/>
  <testcase classname="Page_Test.Services_Page_Test" name="TC074_View_Service_schedule_6500" time="32.144"/>
  <testcase classname="Page_Test.Services_Page_Test" name="TC075_View_Service_schedule_9500" time="27.986"/>
  <testcase classname="Page_Test.Services_Page_Test" name="TC076_View_Service_schedule_12500" time="32.282"/>
  <testcase classname="Page_Test.Services_Page_Test" name="TC077_View_Service_schedule_15500" time="29.963"/>
  <testcase classname="Page_Test.Services_Page_Test" name="TC078_View_Service_schedule_18500" time="24.895"/>
  <testcase classname="Page_Test.Services_Page_Test" name="TC079_View_Service_schedule_21500" time="29.434"/>
  <testcase classname="Page_Test.Services_Page_Test" name="TC080_View_Service_schedule_24500" time="28.057"/>
  <testcase classname="Page_Test.Services_Page_Test" name="TC081_View_Service_schedule_27500" time="32.842"/>
  <testcase classname="Page_Test.Services_Page_Test" name="TC082_View_Service_schedule_60_days" time="31.031"/>
  <testcase classname="Page_Test.Services_Page_Test" name="TC083_View_Service_schedule_160_days" time="25.460"/>
  <testcase classname="Page_Test.Services_Page_Test" name="TC084_View_Service_schedule_260_days" time="31.439"/>
  <testcase classname="Page_Test.Services_Page_Test" name="TC085_View_Service_schedule_360_days" time="26.386"/>
  <testcase classname="Page_Test.Services_Page_Test" name="TC086_View_Service_schedule_460_days" time="29.499"/>
  <testcase classname="Page_Test.Services_Page_Test" name="TC087_View_Service_schedule_560_days" time="29.199"/>
  <testcase classname="Page_Test.Services_Page_Test" name="TC088_View_Service_schedule_660_days" time="24.614"/>
  <testcase classname="Page_Test.Services_Page_Test" name="TC089_View_Service_schedule_760_days" time="33.307"/>
  <testcase classname="Page_Test.Services_Page_Test" name="TC090_View_Service_schedule_860_days" time="25.779"/>
  <testcase classname="Page_Test.Services_Page_Test" name="TC091_View_Service_schedule_960_days" time="34.050"/>
  <testcase classname="Page_Test.Services_Page_Test" name="TC092_Verify_Last_Serviced" time="106.387"/>
  <testcase classname="Page_Test.Services_Page_Test" name="TC093_Verify_all_tips_list" time="91.806"/>
  <testcase classname="Page_Test.Services_Page_Test" name="TC094_Verify_all_DIY_Videos_list" time="88.387"/>
</testsuite> <!-- Page_Test.Services_Page_Test -->
