<?xml version="1.0" encoding="UTF-8"?>
<!-- Generated by org.testng.reporters.JUnitReportReporter -->
<testsuite hostname="DESKTOP-DC5U0BQ" failures="0" tests="11" name="Page_Test.Login_Page_Test" time="177.018" errors="0" timestamp="2023-09-22T17:06:27 IST" skipped="0">
  <testcase classname="Page_Test.Login_Page_Test" name="TC001_Verify_Login_with_Invalid_credential" time="6.758"/>
  <testcase classname="Page_Test.Login_Page_Test" name="TC002_invalidmobileno" time="7.553"/>
  <testcase classname="Page_Test.Login_Page_Test" name="TC003_Verify_Login_with_short_length_of_mobile_number_credential" time="9.857"/>
  <testcase classname="Page_Test.Login_Page_Test" name="TC004_max_digit_mobile_number" time="6.938"/>
  <testcase classname="Page_Test.Login_Page_Test" name="TC005_Terms_of_use_button" time="11.894"/>
  <testcase classname="Page_Test.Login_Page_Test" name="TC006_Privacy_policy" time="8.020"/>
  <testcase classname="Page_Test.Login_Page_Test" name="TC007_contact_Us" time="4.224"/>
  <testcase classname="Page_Test.Login_Page_Test" name="TC008_Verify_Login_with_valid_credential" time="50.199"/>
  <testcase classname="Page_Test.Login_Page_Test" name="TC009_resend_butn" time="15.776"/>
  <testcase classname="Page_Test.Login_Page_Test" name="TC010_inavalid_OTP" time="18.430"/>
  <testcase classname="Page_Test.Login_Page_Test" name="TC011_edit_moble" time="37.369"/>
</testsuite> <!-- Page_Test.Login_Page_Test -->
