<?xml version="1.0" encoding="UTF-8"?>
<!-- Generated by org.testng.reporters.JUnitReportReporter -->
<testsuite hostname="DESKTOP-DC5U0BQ" failures="0" tests="2" name="Page_Test.E_Shop_test" time="5.182" errors="0" timestamp="2023-09-28T15:11:25 IST" skipped="0">
  <testcase classname="Page_Test.E_Shop_test" name="TC107_registered_customers" time="5.098"/>
  <testcase classname="Page_Test.E_Shop_test" name="TC108_new_customers" time="0.084"/>
</testsuite> <!-- Page_Test.E_Shop_test -->
