<?xml version="1.0" encoding="UTF-8"?>
<!-- Generated by org.testng.reporters.JUnitReportReporter -->
<testsuite hostname="DESKTOP-DC5U0BQ" failures="0" tests="1" name="Page_Test.Login_Page_Test" time="0.074" errors="0" timestamp="2023-05-23T08:53:21 IST" skipped="0">
  <testcase classname="Page_Test.Login_Page_Test" name="login" time="0.074"/>
  <system-out/>
</testsuite> <!-- Page_Test.Login_Page_Test -->
