<?xml version="1.0" encoding="UTF-8"?>
<!-- Generated by org.testng.reporters.JUnitReportReporter -->
<testsuite hostname="DESKTOP-DC5U0BQ" failures="0" tests="27" name="Page_Test.Services_Page_Test" time="894.604" errors="0" timestamp="2023-08-21T20:04:40 IST" skipped="0">
  <testcase classname="Page_Test.Services_Page_Test" name="TC054_Vehicle_details_on_service_page" time="4.005"/>
  <testcase classname="Page_Test.Services_Page_Test" name="TC055_verify_service_type" time="0.668"/>
  <testcase classname="Page_Test.Services_Page_Test" name="TC056_verify_Dealer_information" time="4.117"/>
  <testcase classname="Page_Test.Services_Page_Test" name="TC057_Verify_dealer_manager_info" time="6.559"/>
  <testcase classname="Page_Test.Services_Page_Test" name="TC058_View_Service_schedule_750" time="33.621"/>
  <testcase classname="Page_Test.Services_Page_Test" name="TC059_View_Service_schedule_3500" time="31.736"/>
  <testcase classname="Page_Test.Services_Page_Test" name="TC060_View_Service_schedule_6500" time="32.922"/>
  <testcase classname="Page_Test.Services_Page_Test" name="TC061_View_Service_schedule_9500" time="32.538"/>
  <testcase classname="Page_Test.Services_Page_Test" name="TC062_View_Service_schedule_12500" time="33.523"/>
  <testcase classname="Page_Test.Services_Page_Test" name="TC063_View_Service_schedule_15500" time="28.676"/>
  <testcase classname="Page_Test.Services_Page_Test" name="TC064_View_Service_schedule_18500" time="30.121"/>
  <testcase classname="Page_Test.Services_Page_Test" name="TC065_View_Service_schedule_21500" time="31.735"/>
  <testcase classname="Page_Test.Services_Page_Test" name="TC066_View_Service_schedule_24500" time="31.812"/>
  <testcase classname="Page_Test.Services_Page_Test" name="TC067_View_Service_schedule_27500" time="35.636"/>
  <testcase classname="Page_Test.Services_Page_Test" name="TC068_View_Service_schedule_60_days" time="31.332"/>
  <testcase classname="Page_Test.Services_Page_Test" name="TC069_View_Service_schedule_160_days" time="29.721"/>
  <testcase classname="Page_Test.Services_Page_Test" name="TC070_View_Service_schedule_260_days" time="31.301"/>
  <testcase classname="Page_Test.Services_Page_Test" name="TC071_View_Service_schedule_360_days" time="29.698"/>
  <testcase classname="Page_Test.Services_Page_Test" name="TC072_View_Service_schedule_460_days" time="34.248"/>
  <testcase classname="Page_Test.Services_Page_Test" name="TC073_View_Service_schedule_560_days" time="30.708"/>
  <testcase classname="Page_Test.Services_Page_Test" name="TC074_View_Service_schedule_660_days" time="27.885"/>
  <testcase classname="Page_Test.Services_Page_Test" name="TC075_View_Service_schedule_760_days" time="33.145"/>
  <testcase classname="Page_Test.Services_Page_Test" name="TC076_View_Service_schedule_860_days" time="28.745"/>
  <testcase classname="Page_Test.Services_Page_Test" name="TC077_View_Service_schedule_960_days" time="35.984"/>
  <testcase classname="Page_Test.Services_Page_Test" name="TC078_Verify_Last_Serviced" time="7.682"/>
  <testcase classname="Page_Test.Services_Page_Test" name="TC079_Verify_all_tips_list" time="133.111"/>
  <testcase classname="Page_Test.Services_Page_Test" name="TC080_Verify_all_DIY_Videos_list" time="103.375"/>
</testsuite> <!-- Page_Test.Services_Page_Test -->
