<?xml version="1.0" encoding="UTF-8"?>
<!-- Generated by org.testng.reporters.JUnitReportReporter -->
<testsuite hostname="DESKTOP-DC5U0BQ" failures="0" tests="2" name="Page_Test.Safety_Measures_and_Symbols_Glossary_Test" time="119.715" errors="0" timestamp="2023-11-24T21:58:33 IST" skipped="0">
  <testcase classname="Page_Test.Safety_Measures_and_Symbols_Glossary_Test" name="TC053_Verify_Safety_Measures" time="24.162"/>
  <testcase classname="Page_Test.Safety_Measures_and_Symbols_Glossary_Test" name="TC054_Verify_Symbols_Glossary" time="95.553"/>
</testsuite> <!-- Page_Test.Safety_Measures_and_Symbols_Glossary_Test -->
