<?xml version="1.0" encoding="UTF-8"?>
<!-- Generated by org.testng.reporters.JUnitReportReporter -->
<testsuite hostname="DESKTOP-DC5U0BQ" failures="0" tests="2" name="Page_Test.Safety_Measures_and_Symbols_Glossary_Test" time="127.870" errors="0" timestamp="2023-10-03T15:18:41 IST" skipped="0">
  <testcase classname="Page_Test.Safety_Measures_and_Symbols_Glossary_Test" name="TC055_Verify_Safety_Measures" time="18.204"/>
  <testcase classname="Page_Test.Safety_Measures_and_Symbols_Glossary_Test" name="TC056_Verify_Symbols_Glossary" time="109.666"/>
</testsuite> <!-- Page_Test.Safety_Measures_and_Symbols_Glossary_Test -->
