<?xml version="1.0" encoding="UTF-8"?>
<!-- Generated by org.testng.reporters.JUnitReportReporter -->
<testsuite hostname="DESKTOP-DC5U0BQ" failures="0" tests="8" name="Page_Test.Home_Page_Test" time="212.938" errors="0" timestamp="2023-07-02T18:59:55 IST" skipped="0">
  <testcase classname="Page_Test.Home_Page_Test" name="TC017_Home_page_verify" time="23.489"/>
  <testcase classname="Page_Test.Home_Page_Test" name="TC019_Verify_Documents" time="96.090"/>
  <testcase classname="Page_Test.Home_Page_Test" name="TC020_Verify_Relationship_Manager" time="18.471"/>
  <testcase classname="Page_Test.Home_Page_Test" name="TC021_Verify_RSA" time="7.885"/>
  <testcase classname="Page_Test.Home_Page_Test" name="TC022_Verify_Technical_Support_Manager" time="6.054"/>
  <testcase classname="Page_Test.Home_Page_Test" name="TC023_Verify_Dealer_Locator" time="12.377"/>
  <testcase classname="Page_Test.Home_Page_Test" name="TC024_Select_city" time="31.155"/>
  <testcase classname="Page_Test.Home_Page_Test" name="TC025_View_dealer_name_and_address" time="17.417"/>
</testsuite> <!-- Page_Test.Home_Page_Test -->
