<?xml version="1.0" encoding="UTF-8"?>
<!-- Generated by org.testng.reporters.JUnitReportReporter -->
<testsuite hostname="DESKTOP-DC5U0BQ" failures="0" tests="2" name="Page_Test.Select_Vehicle_Page_Test" time="102.159" errors="0" timestamp="2023-05-25T11:19:30 IST" skipped="0">
  <testcase classname="Page_Test.Select_Vehicle_Page_Test" name="TC004_verify_Nick_Name" time="70.163"/>
  <system-out/>
  <testcase classname="Page_Test.Select_Vehicle_Page_Test" name="TC005_Select_Vehicle" time="31.996"/>
  <system-out/>
</testsuite> <!-- Page_Test.Select_Vehicle_Page_Test -->
