<?xml version="1.0" encoding="UTF-8"?>
<!-- Generated by org.testng.reporters.JUnitReportReporter -->
<testsuite hostname="DESKTOP-DC5U0BQ" failures="0" tests="27" name="Page_Test.Services_Page_Test" time="871.672" errors="0" timestamp="2023-09-13T18:36:41 IST" skipped="0">
  <testcase classname="Page_Test.Services_Page_Test" name="TC068_Vehicle_details_on_service_page" time="4.346"/>
  <testcase classname="Page_Test.Services_Page_Test" name="TC069_verify_service_type" time="0.823"/>
  <testcase classname="Page_Test.Services_Page_Test" name="TC070_verify_Dealer_information" time="2.704"/>
  <testcase classname="Page_Test.Services_Page_Test" name="TC071_Verify_dealer_manager_info" time="5.779"/>
  <testcase classname="Page_Test.Services_Page_Test" name="TC072_View_Service_schedule_750" time="30.410"/>
  <testcase classname="Page_Test.Services_Page_Test" name="TC073_View_Service_schedule_3500" time="27.813"/>
  <testcase classname="Page_Test.Services_Page_Test" name="TC074_View_Service_schedule_6500" time="28.759"/>
  <testcase classname="Page_Test.Services_Page_Test" name="TC075_View_Service_schedule_9500" time="28.002"/>
  <testcase classname="Page_Test.Services_Page_Test" name="TC076_View_Service_schedule_12500" time="29.967"/>
  <testcase classname="Page_Test.Services_Page_Test" name="TC077_View_Service_schedule_15500" time="28.074"/>
  <testcase classname="Page_Test.Services_Page_Test" name="TC078_View_Service_schedule_18500" time="24.738"/>
  <testcase classname="Page_Test.Services_Page_Test" name="TC079_View_Service_schedule_21500" time="29.544"/>
  <testcase classname="Page_Test.Services_Page_Test" name="TC080_View_Service_schedule_24500" time="26.072"/>
  <testcase classname="Page_Test.Services_Page_Test" name="TC081_View_Service_schedule_27500" time="27.044"/>
  <testcase classname="Page_Test.Services_Page_Test" name="TC082_View_Service_schedule_60_days" time="26.409"/>
  <testcase classname="Page_Test.Services_Page_Test" name="TC083_View_Service_schedule_160_days" time="28.138"/>
  <testcase classname="Page_Test.Services_Page_Test" name="TC084_View_Service_schedule_260_days" time="29.615"/>
  <testcase classname="Page_Test.Services_Page_Test" name="TC085_View_Service_schedule_360_days" time="27.482"/>
  <testcase classname="Page_Test.Services_Page_Test" name="TC086_View_Service_schedule_460_days" time="29.794"/>
  <testcase classname="Page_Test.Services_Page_Test" name="TC087_View_Service_schedule_560_days" time="30.441"/>
  <testcase classname="Page_Test.Services_Page_Test" name="TC088_View_Service_schedule_660_days" time="27.631"/>
  <testcase classname="Page_Test.Services_Page_Test" name="TC089_View_Service_schedule_760_days" time="30.417"/>
  <testcase classname="Page_Test.Services_Page_Test" name="TC090_View_Service_schedule_860_days" time="24.059"/>
  <testcase classname="Page_Test.Services_Page_Test" name="TC091_View_Service_schedule_960_days" time="33.470"/>
  <testcase classname="Page_Test.Services_Page_Test" name="TC092_Verify_Last_Serviced" time="124.944"/>
  <testcase classname="Page_Test.Services_Page_Test" name="TC093_Verify_all_tips_list" time="88.648"/>
  <testcase classname="Page_Test.Services_Page_Test" name="TC094_Verify_all_DIY_Videos_list" time="76.549"/>
</testsuite> <!-- Page_Test.Services_Page_Test -->
