<?xml version="1.0" encoding="UTF-8"?>
<!-- Generated by org.testng.reporters.JUnitReportReporter -->
<testsuite hostname="DESKTOP-DC5U0BQ" failures="0" tests="11" name="Page_Test.Login_Page_Test" time="158.315" errors="0" timestamp="2023-09-13T18:36:41 IST" skipped="0">
  <testcase classname="Page_Test.Login_Page_Test" name="TC001_Verify_Login_with_Invalid_credential" time="5.500"/>
  <testcase classname="Page_Test.Login_Page_Test" name="TC002_invalidmobileno" time="9.420"/>
  <testcase classname="Page_Test.Login_Page_Test" name="TC003_Verify_Login_with_short_length_of_mobile_number_credential" time="5.779"/>
  <testcase classname="Page_Test.Login_Page_Test" name="TC004_max_digit_mobile_number" time="7.039"/>
  <testcase classname="Page_Test.Login_Page_Test" name="TC005_Terms_of_use_button" time="12.223"/>
  <testcase classname="Page_Test.Login_Page_Test" name="TC006_Privacy_policy" time="10.123"/>
  <testcase classname="Page_Test.Login_Page_Test" name="TC007_contact_Us" time="5.511"/>
  <testcase classname="Page_Test.Login_Page_Test" name="TC008_Verify_Login_with_valid_credential" time="29.486"/>
  <testcase classname="Page_Test.Login_Page_Test" name="TC009_resend_butn" time="15.547"/>
  <testcase classname="Page_Test.Login_Page_Test" name="TC010_inavalid_OTP" time="18.563"/>
  <testcase classname="Page_Test.Login_Page_Test" name="TC011_edit_moble" time="39.124"/>
</testsuite> <!-- Page_Test.Login_Page_Test -->
