<?xml version="1.0" encoding="UTF-8"?>
<!-- Generated by org.testng.reporters.JUnitReportReporter -->
<testsuite hostname="DESKTOP-DC5U0BQ" failures="0" tests="7" name="Page_Test.My_Profile_Page_Test" time="169.268" errors="0" timestamp="2023-09-13T18:36:41 IST" skipped="0">
  <testcase classname="Page_Test.My_Profile_Page_Test" name="TC030_Verify_My_Profile" time="7.613"/>
  <testcase classname="Page_Test.My_Profile_Page_Test" name="TC031_verify_more_detais_button" time="2.338"/>
  <testcase classname="Page_Test.My_Profile_Page_Test" name="TC032_edit_profile_button" time="15.859"/>
  <testcase classname="Page_Test.My_Profile_Page_Test" name="TC033_edit_Personal_Details" time="63.671"/>
  <testcase classname="Page_Test.My_Profile_Page_Test" name="TC034_change_original_Personal_Details" time="17.041"/>
  <testcase classname="Page_Test.My_Profile_Page_Test" name="TC035_Manage_License" time="17.069"/>
  <testcase classname="Page_Test.My_Profile_Page_Test" name="TC036_Verify_emergency_contacts" time="45.677"/>
</testsuite> <!-- Page_Test.My_Profile_Page_Test -->
