<?xml version="1.0" encoding="UTF-8"?>
<!-- Generated by org.testng.reporters.JUnitReportReporter -->
<testsuite hostname="DESKTOP-DC5U0BQ" failures="0" tests="6" name="Page_Test.Services_Page_Test" time="249.404" errors="1" timestamp="2023-06-05T12:42:09 IST" skipped="0">
  <testcase classname="Page_Test.Services_Page_Test" name="TC029_Vehicle_details_on_service_page" time="59.436"/>
  <system-out/>
  <testcase classname="Page_Test.Services_Page_Test" name="TC030_verify_service_info_and_raised_button" time="11.760"/>
  <system-out/>
  <testcase classname="Page_Test.Services_Page_Test" name="TC031_verify_service_booked_info" time="11.547"/>
  <system-out/>
  <testcase classname="Page_Test.Services_Page_Test" name="TC032_Verify_Last_Serviced" time="54.136"/>
  <system-out/>
  <testcase classname="Page_Test.Services_Page_Test" name="TC033_Verify_Tips" time="66.776"/>
  <system-out/>
  <testcase classname="Page_Test.Services_Page_Test" name="TC034_Verify_DIY_Videos" time="45.749">
    <error message="Cannot invoke &quot;org.testng.ITestResult.getStatus()&quot; because &quot;result&quot; is null" type="java.lang.NullPointerException">
      <![CDATA[java.lang.NullPointerException: Cannot invoke "org.testng.ITestResult.getStatus()" because "result" is null
at com.utility.listner.onTestFailure(listner.java:41)
at com.utility.Base_Utility.Custom_click(Base_Utility.java:243)
at com.page_object.Services_Page.DIY_Videos_list(Services_Page.java:204)
at Page_Test.Services_Page_Test.TC034_Verify_DIY_Videos(Services_Page_Test.java:102)
at java.base/jdk.internal.reflect.DirectMethodHandleAccessor.invoke(DirectMethodHandleAccessor.java:104)
at java.base/java.lang.reflect.Method.invoke(Method.java:578)
at org.testng.internal.MethodInvocationHelper.invokeMethod(MethodInvocationHelper.java:133)
at org.testng.internal.TestInvoker.invokeMethod(TestInvoker.java:598)
at org.testng.internal.TestInvoker.invokeTestMethod(TestInvoker.java:173)
at org.testng.internal.MethodRunner.runInSequence(MethodRunner.java:46)
at org.testng.internal.TestInvoker$MethodInvocationAgent.invoke(TestInvoker.java:824)
at org.testng.internal.TestInvoker.invokeTestMethods(TestInvoker.java:146)
at org.testng.internal.TestMethodWorker.invokeTestMethods(TestMethodWorker.java:146)
at org.testng.internal.TestMethodWorker.run(TestMethodWorker.java:128)
at java.base/java.util.ArrayList.forEach(ArrayList.java:1511)
at org.testng.TestRunner.privateRun(TestRunner.java:794)
at org.testng.TestRunner.run(TestRunner.java:596)
at org.testng.SuiteRunner.runTest(SuiteRunner.java:377)
at org.testng.SuiteRunner.runSequentially(SuiteRunner.java:371)
at org.testng.SuiteRunner.privateRun(SuiteRunner.java:332)
at org.testng.SuiteRunner.run(SuiteRunner.java:276)
at org.testng.SuiteRunnerWorker.runSuite(SuiteRunnerWorker.java:53)
at org.testng.SuiteRunnerWorker.run(SuiteRunnerWorker.java:96)
at org.testng.TestNG.runSuitesSequentially(TestNG.java:1212)
at org.testng.TestNG.runSuitesLocally(TestNG.java:1134)
at org.testng.TestNG.runSuites(TestNG.java:1063)
at org.testng.TestNG.run(TestNG.java:1031)
at org.testng.remote.AbstractRemoteTestNG.run(AbstractRemoteTestNG.java:115)
at org.testng.remote.RemoteTestNG.initAndRun(RemoteTestNG.java:251)
at org.testng.remote.RemoteTestNG.main(RemoteTestNG.java:77)
]]>
    </error>
  </testcase> <!-- TC034_Verify_DIY_Videos -->
  <system-out/>
</testsuite> <!-- Page_Test.Services_Page_Test -->
