<?xml version="1.0" encoding="UTF-8"?>
<!-- Generated by org.testng.reporters.JUnitReportReporter -->
<testsuite hostname="DESKTOP-DC5U0BQ" failures="0" tests="3" name="Page_Test.My_Profile_Page_Test" time="39.445" errors="0" timestamp="2023-06-15T19:16:12 IST" skipped="0">
  <testcase classname="Page_Test.My_Profile_Page_Test" name="TC026_Verify_My_Profile" time="10.530"/>
  <testcase classname="Page_Test.My_Profile_Page_Test" name="TC027_verify_more_detais_button" time="4.129"/>
  <testcase classname="Page_Test.My_Profile_Page_Test" name="TC028_edit_prifile" time="24.786"/>
</testsuite> <!-- Page_Test.My_Profile_Page_Test -->
