<?xml version="1.0" encoding="UTF-8"?>
<!-- Generated by org.testng.reporters.JUnitReportReporter -->
<testsuite hostname="DESKTOP-DC5U0BQ" failures="0" tests="13" name="Page_Test.Home_Page_Test" time="299.495" errors="0" timestamp="2023-09-19T14:36:17 IST" skipped="0">
  <testcase classname="Page_Test.Home_Page_Test" name="TC017_Home_page_verify" time="21.464"/>
  <testcase classname="Page_Test.Home_Page_Test" name="TC018__verify_Navigate" time="11.820"/>
  <testcase classname="Page_Test.Home_Page_Test" name="TC019_Verify_Documents" time="98.447"/>
  <testcase classname="Page_Test.Home_Page_Test" name="TC020_Verify_Relationship_Manager" time="13.710"/>
  <testcase classname="Page_Test.Home_Page_Test" name="TC021_Verify_RSA" time="11.189"/>
  <testcase classname="Page_Test.Home_Page_Test" name="TC022_Select_State_For_Nearest_Dealer" time="15.555"/>
  <testcase classname="Page_Test.Home_Page_Test" name="TC023_Select_City_For_Nearest_Dealer" time="35.103"/>
  <testcase classname="Page_Test.Home_Page_Test" name="TC024_Select_Locality_For_Nearest_Dealer" time="17.429"/>
  <testcase classname="Page_Test.Home_Page_Test" name="TC025_Verify_Nearest_Dealer_info" time="26.121"/>
  <testcase classname="Page_Test.Home_Page_Test" name="TC026_Verify_Technical_Support_Manager" time="4.271"/>
  <testcase classname="Page_Test.Home_Page_Test" name="TC027_Verify_Dealer_Locator" time="10.966"/>
  <testcase classname="Page_Test.Home_Page_Test" name="TC028_Select_city" time="21.796"/>
  <testcase classname="Page_Test.Home_Page_Test" name="TC029_View_dealer_name_and_address" time="11.624"/>
</testsuite> <!-- Page_Test.Home_Page_Test -->
