<?xml version="1.0" encoding="UTF-8"?>
<!-- Generated by org.testng.reporters.JUnitReportReporter -->
<testsuite hostname="DESKTOP-DC5U0BQ" failures="0" tests="11" name="Page_Test.Login_Page_Test" time="184.717" errors="0" timestamp="2023-06-08T09:42:52 IST" skipped="0">
  <testcase classname="Page_Test.Login_Page_Test" name="TC001_Verify_Login_with_Invalid_credential" time="4.450"/>
  <system-out/>
  <testcase classname="Page_Test.Login_Page_Test" name="TC002_invalidmobileno" time="7.934"/>
  <system-out/>
  <testcase classname="Page_Test.Login_Page_Test" name="TC003_Verify_Login_with_short_length_of_mobile_number_credential" time="5.228"/>
  <system-out/>
  <testcase classname="Page_Test.Login_Page_Test" name="TC004_max_digit_mobile_number" time="7.786"/>
  <system-out/>
  <testcase classname="Page_Test.Login_Page_Test" name="TC005_Terms_of_use_button" time="14.166"/>
  <system-out/>
  <testcase classname="Page_Test.Login_Page_Test" name="TC006_Privacy_policy" time="10.778"/>
  <system-out/>
  <testcase classname="Page_Test.Login_Page_Test" name="TC007_contact_Us" time="7.969"/>
  <system-out/>
  <testcase classname="Page_Test.Login_Page_Test" name="TC008_Verify_Login_with_valid_credential" time="24.586"/>
  <system-out/>
  <testcase classname="Page_Test.Login_Page_Test" name="TC009_resend_butn" time="18.135"/>
  <system-out/>
  <testcase classname="Page_Test.Login_Page_Test" name="TC010_inavalid_OTP" time="16.928"/>
  <system-out/>
  <testcase classname="Page_Test.Login_Page_Test" name="TC011_edit_moble" time="66.757"/>
  <system-out/>
</testsuite> <!-- Page_Test.Login_Page_Test -->
