<?xml version="1.0" encoding="UTF-8"?>
<!-- Generated by org.testng.reporters.JUnitReportReporter -->
<testsuite hostname="DESKTOP-DC5U0BQ" failures="0" tests="2" name="Page_Test.E_Shop_test" time="141.920" errors="0" timestamp="2023-11-03T15:36:57 IST" skipped="0">
  <testcase classname="Page_Test.E_Shop_test" name="TC104_registered_customers" time="52.185"/>
  <testcase classname="Page_Test.E_Shop_test" name="TC105_new_customers" time="89.735"/>
</testsuite> <!-- Page_Test.E_Shop_test -->
