<?xml version="1.0" encoding="UTF-8"?>
<!-- Generated by org.testng.reporters.JUnitReportReporter -->
<testsuite hostname="DESKTOP-DC5U0BQ" failures="0" tests="13" name="Page_Test.Home_Page_Test" time="406.392" errors="0" timestamp="2023-09-15T17:50:47 IST" skipped="0">
  <testcase classname="Page_Test.Home_Page_Test" name="TC017_Home_page_verify" time="37.560"/>
  <testcase classname="Page_Test.Home_Page_Test" name="TC018__verify_Navigate" time="10.393"/>
  <testcase classname="Page_Test.Home_Page_Test" name="TC019_Verify_Documents" time="109.568"/>
  <testcase classname="Page_Test.Home_Page_Test" name="TC020_Verify_Relationship_Manager" time="21.289"/>
  <testcase classname="Page_Test.Home_Page_Test" name="TC021_Verify_RSA" time="17.594"/>
  <testcase classname="Page_Test.Home_Page_Test" name="TC022_Select_State_For_Nearest_Dealer" time="33.918"/>
  <testcase classname="Page_Test.Home_Page_Test" name="TC023_Select_City_For_Nearest_Dealer" time="54.483"/>
  <testcase classname="Page_Test.Home_Page_Test" name="TC024_Select_Locality_For_Nearest_Dealer" time="26.831"/>
  <testcase classname="Page_Test.Home_Page_Test" name="TC025_Verify_Nearest_Dealer_info" time="20.251"/>
  <testcase classname="Page_Test.Home_Page_Test" name="TC026_Verify_Technical_Support_Manager" time="7.310"/>
  <testcase classname="Page_Test.Home_Page_Test" name="TC027_Verify_Dealer_Locator" time="14.405"/>
  <testcase classname="Page_Test.Home_Page_Test" name="TC028_Select_city" time="35.167"/>
  <testcase classname="Page_Test.Home_Page_Test" name="TC029_View_dealer_name_and_address" time="17.623"/>
</testsuite> <!-- Page_Test.Home_Page_Test -->
