<?xml version="1.0" encoding="UTF-8"?>
<!-- Generated by org.testng.reporters.JUnitReportReporter -->
<testsuite hostname="DESKTOP-DC5U0BQ" failures="0" tests="6" name="Page_Test.Vehicle_Details_test" time="510.610" errors="0" timestamp="2023-06-27T14:26:27 IST" skipped="0">
  <testcase classname="Page_Test.Vehicle_Details_test" name="TC034_Verify_My_Vehicle" time="98.415"/>
  <testcase classname="Page_Test.Vehicle_Details_test" name="TC035_Verify_My_Vehicle_more_details" time="20.661"/>
  <testcase classname="Page_Test.Vehicle_Details_test" name="TC036_Verify_My_Vehicle_Documents" time="107.210"/>
  <testcase classname="Page_Test.Vehicle_Details_test" name="TC037_Verify_Owners_Manual" time="24.233"/>
  <testcase classname="Page_Test.Vehicle_Details_test" name="TC038_Verify_my_Vehicle_service_History" time="247.796"/>
  <testcase classname="Page_Test.Vehicle_Details_test" name="TC039_Verify_Tips_and_DIY_videos_inside_sideMenu" time="12.295"/>
</testsuite> <!-- Page_Test.Vehicle_Details_test -->
