<?xml version="1.0" encoding="UTF-8"?>
<!-- Generated by org.testng.reporters.JUnitReportReporter -->
<testsuite hostname="DESKTOP-DC5U0BQ" failures="0" tests="11" name="Page_Test.Login_Page_Test" time="180.874" errors="0" timestamp="2023-10-10T10:43:23 IST" skipped="0">
  <testcase classname="Page_Test.Login_Page_Test" name="TC001_Verify_Login_with_Invalid_credential" time="11.168"/>
  <testcase classname="Page_Test.Login_Page_Test" name="TC002_invalidmobileno" time="9.039"/>
  <testcase classname="Page_Test.Login_Page_Test" name="TC003_Verify_Login_with_short_length_of_mobile_number_credential" time="5.090"/>
  <testcase classname="Page_Test.Login_Page_Test" name="TC004_max_digit_mobile_number" time="6.964"/>
  <testcase classname="Page_Test.Login_Page_Test" name="TC005_Terms_of_use_button" time="16.522"/>
  <testcase classname="Page_Test.Login_Page_Test" name="TC006_Privacy_policy" time="14.043"/>
  <testcase classname="Page_Test.Login_Page_Test" name="TC007_contact_Us" time="8.308"/>
  <testcase classname="Page_Test.Login_Page_Test" name="TC008_Verify_Login_with_valid_credential" time="25.672"/>
  <testcase classname="Page_Test.Login_Page_Test" name="TC009_resend_butn" time="18.911"/>
  <testcase classname="Page_Test.Login_Page_Test" name="TC010_inavalid_OTP" time="22.440"/>
  <testcase classname="Page_Test.Login_Page_Test" name="TC011_edit_moble" time="42.717"/>
</testsuite> <!-- Page_Test.Login_Page_Test -->
