<?xml version="1.0" encoding="UTF-8"?>
<!-- Generated by org.testng.reporters.JUnitReportReporter -->
<testsuite hostname="DESKTOP-DC5U0BQ" failures="0" tests="13" name="Page_Test.Home_Page_Test" time="315.139" errors="0" timestamp="2023-09-14T18:33:26 IST" skipped="0">
  <testcase classname="Page_Test.Home_Page_Test" name="TC017_Home_page_verify" time="19.410"/>
  <testcase classname="Page_Test.Home_Page_Test" name="TC018__verify_Navigate" time="10.833"/>
  <testcase classname="Page_Test.Home_Page_Test" name="TC019_Verify_Documents" time="93.721"/>
  <testcase classname="Page_Test.Home_Page_Test" name="TC020_Verify_Relationship_Manager" time="12.243"/>
  <testcase classname="Page_Test.Home_Page_Test" name="TC021_Verify_RSA" time="10.771"/>
  <testcase classname="Page_Test.Home_Page_Test" name="TC022_Select_State_For_Nearest_Dealer" time="49.122"/>
  <testcase classname="Page_Test.Home_Page_Test" name="TC023_Select_City_For_Nearest_Dealer" time="32.279"/>
  <testcase classname="Page_Test.Home_Page_Test" name="TC024_Select_Locality_For_Nearest_Dealer" time="15.785"/>
  <testcase classname="Page_Test.Home_Page_Test" name="TC025_Verify_Nearest_Dealer_info" time="26.065"/>
  <testcase classname="Page_Test.Home_Page_Test" name="TC026_Verify_Technical_Support_Manager" time="3.334"/>
  <testcase classname="Page_Test.Home_Page_Test" name="TC027_Verify_Dealer_Locator" time="9.479"/>
  <testcase classname="Page_Test.Home_Page_Test" name="TC028_Select_city" time="21.230"/>
  <testcase classname="Page_Test.Home_Page_Test" name="TC029_View_dealer_name_and_address" time="10.867"/>
</testsuite> <!-- Page_Test.Home_Page_Test -->
