<?xml version="1.0" encoding="UTF-8"?>
<!-- Generated by org.testng.reporters.JUnitReportReporter -->
<testsuite hostname="DESKTOP-DC5U0BQ" failures="0" tests="7" name="Page_Test.My_Profile_Page_Test" time="244.827" errors="0" timestamp="2023-11-22T12:58:49 IST" skipped="0">
  <testcase classname="Page_Test.My_Profile_Page_Test" name="TC028_Verify_My_Profile" time="22.731"/>
  <testcase classname="Page_Test.My_Profile_Page_Test" name="TC029_verify_more_detais_button" time="10.005"/>
  <testcase classname="Page_Test.My_Profile_Page_Test" name="TC030_edit_profile_button" time="50.129"/>
  <testcase classname="Page_Test.My_Profile_Page_Test" name="TC031_edit_Personal_Details" time="79.011"/>
  <testcase classname="Page_Test.My_Profile_Page_Test" name="TC032_change_original_Personal_Details" time="24.045"/>
  <testcase classname="Page_Test.My_Profile_Page_Test" name="TC033_Manage_License" time="27.719"/>
  <testcase classname="Page_Test.My_Profile_Page_Test" name="TC034_Verify_emergency_contacts" time="31.187"/>
</testsuite> <!-- Page_Test.My_Profile_Page_Test -->
