<?xml version="1.0" encoding="UTF-8"?>
<!-- Generated by org.testng.reporters.JUnitReportReporter -->
<testsuite hostname="DESKTOP-DC5U0BQ" failures="0" tests="11" name="Page_Test.Login_Page_Test" time="148.853" errors="0" timestamp="2023-07-18T16:51:00 IST" skipped="0">
  <testcase classname="Page_Test.Login_Page_Test" name="TC001_Verify_Login_with_Invalid_credential" time="8.954"/>
  <testcase classname="Page_Test.Login_Page_Test" name="TC002_invalidmobileno" time="8.548"/>
  <testcase classname="Page_Test.Login_Page_Test" name="TC003_Verify_Login_with_short_length_of_mobile_number_credential" time="3.007"/>
  <testcase classname="Page_Test.Login_Page_Test" name="TC004_max_digit_mobile_number" time="7.104"/>
  <testcase classname="Page_Test.Login_Page_Test" name="TC005_Terms_of_use_button" time="15.021"/>
  <testcase classname="Page_Test.Login_Page_Test" name="TC006_Privacy_policy" time="8.947"/>
  <testcase classname="Page_Test.Login_Page_Test" name="TC007_contact_Us" time="3.765"/>
  <testcase classname="Page_Test.Login_Page_Test" name="TC008_Verify_Login_with_valid_credential" time="23.484"/>
  <testcase classname="Page_Test.Login_Page_Test" name="TC009_resend_butn" time="18.869"/>
  <testcase classname="Page_Test.Login_Page_Test" name="TC010_inavalid_OTP" time="16.234"/>
  <testcase classname="Page_Test.Login_Page_Test" name="TC011_edit_moble" time="34.920"/>
</testsuite> <!-- Page_Test.Login_Page_Test -->
