<?xml version="1.0" encoding="UTF-8"?>
<!-- Generated by org.testng.reporters.JUnitReportReporter -->
<testsuite hostname="DESKTOP-DC5U0BQ" failures="0" tests="9" name="Page_Test.Home_Page_Test" time="234.244" errors="0" timestamp="2023-07-18T16:51:00 IST" skipped="0">
  <testcase classname="Page_Test.Home_Page_Test" name="TC017_Home_page_verify" time="18.867"/>
  <testcase classname="Page_Test.Home_Page_Test" name="TC018__verify_Navigate" time="6.150"/>
  <testcase classname="Page_Test.Home_Page_Test" name="TC019_Verify_Documents" time="90.082"/>
  <testcase classname="Page_Test.Home_Page_Test" name="TC020_Verify_Relationship_Manager" time="15.329"/>
  <testcase classname="Page_Test.Home_Page_Test" name="TC021_Verify_RSA" time="51.350"/>
  <testcase classname="Page_Test.Home_Page_Test" name="TC022_Verify_Technical_Support_Manager" time="4.443"/>
  <testcase classname="Page_Test.Home_Page_Test" name="TC023_Verify_Dealer_Locator" time="9.630"/>
  <testcase classname="Page_Test.Home_Page_Test" name="TC024_Select_city" time="26.774"/>
  <testcase classname="Page_Test.Home_Page_Test" name="TC025_View_dealer_name_and_address" time="11.619"/>
</testsuite> <!-- Page_Test.Home_Page_Test -->
