<?xml version="1.0" encoding="UTF-8"?>
<!-- Generated by org.testng.reporters.JUnitReportReporter -->
<testsuite hostname="DESKTOP-DC5U0BQ" failures="0" tests="8" name="Page_Test.Home_Page_Test" time="146.227" errors="0" timestamp="2023-06-07T22:00:38 IST" skipped="0">
  <testcase classname="Page_Test.Home_Page_Test" name="TC017_Home_page_verify" time="19.458"/>
  <system-out/>
  <testcase classname="Page_Test.Home_Page_Test" name="TC019_Verify_Documents" time="60.096"/>
  <system-out/>
  <testcase classname="Page_Test.Home_Page_Test" name="TC020_Verify_Relationship_Manager" time="9.813"/>
  <system-out/>
  <testcase classname="Page_Test.Home_Page_Test" name="TC021_Verify_RSA" time="5.954"/>
  <system-out/>
  <testcase classname="Page_Test.Home_Page_Test" name="TC022_Verify_Technical_Support_Manager" time="3.484"/>
  <system-out/>
  <testcase classname="Page_Test.Home_Page_Test" name="TC023_Verify_Dealer_Locator" time="11.174"/>
  <system-out/>
  <testcase classname="Page_Test.Home_Page_Test" name="TC024_Select_city" time="24.111"/>
  <system-out/>
  <testcase classname="Page_Test.Home_Page_Test" name="TC025_View_dealer_name_and_address" time="12.137"/>
  <system-out/>
</testsuite> <!-- Page_Test.Home_Page_Test -->
