<?xml version="1.0" encoding="UTF-8"?>
<!-- Generated by org.testng.reporters.JUnitReportReporter -->
<testsuite hostname="DESKTOP-DC5U0BQ" failures="0" tests="12" name="Page_Test.Refer_a_friend_and_Contact_us_test" time="222.462" errors="0" timestamp="2023-07-19T17:57:44 IST" skipped="0">
  <testcase classname="Page_Test.Refer_a_friend_and_Contact_us_test" name="TC039_Refer_a_friend" time="9.557"/>
  <testcase classname="Page_Test.Refer_a_friend_and_Contact_us_test" name="TC040_Verify_Select_State" time="12.784"/>
  <testcase classname="Page_Test.Refer_a_friend_and_Contact_us_test" name="TC041_Verify_Select_City" time="3.589"/>
  <testcase classname="Page_Test.Refer_a_friend_and_Contact_us_test" name="TC042_Verify_Select_Model" time="17.013"/>
  <testcase classname="Page_Test.Refer_a_friend_and_Contact_us_test" name="TC043_Verify_Refer_yourself" time="24.786"/>
  <testcase classname="Page_Test.Refer_a_friend_and_Contact_us_test" name="TC044_Verify_Facebook_in_Contact_us_page" time="15.390"/>
  <testcase classname="Page_Test.Refer_a_friend_and_Contact_us_test" name="TC045_Verify_instagram_in_Contact_us_page" time="22.289"/>
  <testcase classname="Page_Test.Refer_a_friend_and_Contact_us_test" name="TC046_Verify_Whatsapp_in_Contact_us_page" time="2.167"/>
  <testcase classname="Page_Test.Refer_a_friend_and_Contact_us_test" name="TC047_Verify_youTube_in_Contact_us_page" time="7.725"/>
  <testcase classname="Page_Test.Refer_a_friend_and_Contact_us_test" name="TC048_Verify_Linkedin_in_Contact_us_page" time="13.191"/>
  <testcase classname="Page_Test.Refer_a_friend_and_Contact_us_test" name="TC049_Verify_twitter_in_Contact_us_page" time="32.861"/>
  <testcase classname="Page_Test.Refer_a_friend_and_Contact_us_test" name="TC050_Verify_Contact_via_Email" time="61.110"/>
</testsuite> <!-- Page_Test.Refer_a_friend_and_Contact_us_test -->
