<?xml version="1.0" encoding="UTF-8"?>
<!-- Generated by org.testng.reporters.JUnitReportReporter -->
<testsuite hostname="DESKTOP-DC5U0BQ" failures="0" tests="7" name="Page_Test.My_Profile_Page_Test" time="221.749" errors="0" timestamp="2023-08-21T20:04:40 IST" skipped="0">
  <testcase classname="Page_Test.My_Profile_Page_Test" name="TC026_Verify_My_Profile" time="24.796"/>
  <testcase classname="Page_Test.My_Profile_Page_Test" name="TC027_verify_more_detais_button" time="1.745"/>
  <testcase classname="Page_Test.My_Profile_Page_Test" name="TC028_edit_profile_button" time="16.374"/>
  <testcase classname="Page_Test.My_Profile_Page_Test" name="TC029_edit_Personal_Details" time="92.835"/>
  <testcase classname="Page_Test.My_Profile_Page_Test" name="TC030_change_original_Personal_Details" time="16.828"/>
  <testcase classname="Page_Test.My_Profile_Page_Test" name="TC031_Manage_License" time="23.042"/>
  <testcase classname="Page_Test.My_Profile_Page_Test" name="TC032_Verify_emergency_contacts" time="46.129"/>
</testsuite> <!-- Page_Test.My_Profile_Page_Test -->
