<?xml version="1.0" encoding="UTF-8"?>
<!-- Generated by org.testng.reporters.JUnitReportReporter -->
<testsuite hostname="DESKTOP-DC5U0BQ" failures="0" tests="3" name="Page_Test.Feedback_and_About_Hero_test" time="104.894" errors="0" timestamp="2023-07-25T09:40:06 IST" skipped="0">
  <testcase classname="Page_Test.Feedback_and_About_Hero_test" name="TC051_verify_Feedback" time="71.028"/>
  <testcase classname="Page_Test.Feedback_and_About_Hero_test" name="TC052_verify_About_Hero" time="13.512"/>
  <testcase classname="Page_Test.Feedback_and_About_Hero_test" name="TC053_verify_Side_menu_page_function" time="20.354"/>
</testsuite> <!-- Page_Test.Feedback_and_About_Hero_test -->
