<?xml version="1.0" encoding="UTF-8"?>
<!-- Generated by org.testng.reporters.JUnitReportReporter -->
<testsuite hostname="DESKTOP-DC5U0BQ" failures="0" tests="11" name="Page_Test.Login_Page_Test" time="161.906" errors="0" timestamp="2023-09-03T20:50:37 IST" skipped="0">
  <testcase classname="Page_Test.Login_Page_Test" name="TC001_Verify_Login_with_Invalid_credential" time="4.935"/>
  <testcase classname="Page_Test.Login_Page_Test" name="TC002_invalidmobileno" time="17.943"/>
  <testcase classname="Page_Test.Login_Page_Test" name="TC003_Verify_Login_with_short_length_of_mobile_number_credential" time="6.147"/>
  <testcase classname="Page_Test.Login_Page_Test" name="TC004_max_digit_mobile_number" time="7.025"/>
  <testcase classname="Page_Test.Login_Page_Test" name="TC005_Terms_of_use_button" time="11.982"/>
  <testcase classname="Page_Test.Login_Page_Test" name="TC006_Privacy_policy" time="7.463"/>
  <testcase classname="Page_Test.Login_Page_Test" name="TC007_contact_Us" time="4.702"/>
  <testcase classname="Page_Test.Login_Page_Test" name="TC008_Verify_Login_with_valid_credential" time="30.107"/>
  <testcase classname="Page_Test.Login_Page_Test" name="TC009_resend_butn" time="15.601"/>
  <testcase classname="Page_Test.Login_Page_Test" name="TC010_inavalid_OTP" time="18.580"/>
  <testcase classname="Page_Test.Login_Page_Test" name="TC011_edit_moble" time="37.421"/>
</testsuite> <!-- Page_Test.Login_Page_Test -->
