<?xml version="1.0" encoding="UTF-8"?>
<!-- Generated by org.testng.reporters.JUnitReportReporter -->
<testsuite hostname="DESKTOP-DC5U0BQ" failures="0" tests="3" name="Page_Test.My_Profile_Page_Test" time="36.984" errors="0" timestamp="2023-06-14T18:54:15 IST" skipped="0">
  <testcase classname="Page_Test.My_Profile_Page_Test" name="TC026_Verify_My_Profile" time="9.271"/>
  <testcase classname="Page_Test.My_Profile_Page_Test" name="TC027_verify_more_detais_button" time="3.920"/>
  <testcase classname="Page_Test.My_Profile_Page_Test" name="TC028_edit_prifile" time="23.793"/>
</testsuite> <!-- Page_Test.My_Profile_Page_Test -->
