<?xml version="1.0" encoding="UTF-8"?>
<!-- Generated by org.testng.reporters.JUnitReportReporter -->
<testsuite hostname="DESKTOP-DC5U0BQ" failures="0" tests="11" name="Page_Test.GoodLife_test" time="246.644" errors="9" timestamp="2023-11-24T21:58:33 IST" skipped="0">
  <testcase classname="Page_Test.GoodLife_test" name="TC093_verify_image_in_goodlife_page" time="8.289"/>
  <testcase classname="Page_Test.GoodLife_test" name="TC094_Verify_Pro_Membership" time="10.524"/>
  <testcase classname="Page_Test.GoodLife_test" name="TC095_Verify_Earning_History_in_Pro_Membership" time="20.231">
    <error message="An element could not be located on the page using the given search parameters.
For documentation on this error, please visit: https://selenium.dev/exceptions/#no_such_element
Build info: version: &#039;4.8.1&#039;, revision: &#039;8ebccac989&#039;
System info: os.name: &#039;Windows 11&#039;, os.arch: &#039;amd64&#039;, os.version: &#039;10.0&#039;, java.version: &#039;19.0.1&#039;
Driver info: io.appium.java_client.android.AndroidDriver
Command: [07af74da-c1bb-4b74-9d44-71f3c14dc75f, findElement {using=xpath, value=//android.widget.LinearLayout[@content-desc=&quot;Earning History&quot;]/android.widget.TextView}]
Capabilities {appium:app: /opt/raid-data/data/userV2/..., appium:appActivity: com.customerapp.hero.views...., appium:appPackage: com.customerapp.hero, appium:appiumVersion: 2.0.0, appium:automationName: uiautomator2, appium:chromedriverPort: 31562, appium:databaseEnabled: false, appium:desired: {app: /opt/raid-data/data/userV2/..., appActivity: com.customerapp.hero.views...., appPackage: com.customerapp.hero, appiumVersion: 2.0.0, automationName: uiautomator2, chromedriverPort: 31562, deviceName: 803, launchTimeout: 90000, newCommandTimeout: 600, pCloudy_ApiKey: 2gdc5pv55mh54mqtwmvj4xbr, pCloudy_DeviceManufacturer: GOOGLE, pCloudy_DeviceVersion: 13.0.0, pCloudy_DurationInMinutes: 120, pCloudy_EnableDeviceLogs: true, pCloudy_EnablePerformanceData: false, pCloudy_EnableVideo: true, pCloudy_Username: randhir.kumar@heromotocorp.com, pCloudy_WildNet: false, platformName: android, platformVersion: 13.0.0, systemPort: 31564, udid: 2B011FDH2004N4}, appium:deviceApiLevel: 33, appium:deviceManufacturer: Google, appium:deviceModel: Pixel 7, appium:deviceName: 2B011FDH2004N4, appium:deviceScreenDensity: 420, appium:deviceScreenSize: 1080x2400, appium:deviceUDID: 2B011FDH2004N4, appium:javascriptEnabled: true, appium:launchTimeout: 90000, appium:locationContextEnabled: false, appium:networkConnectionEnabled: true, appium:newCommandTimeout: 600, appium:pCloudy_ApiKey: 2gdc5pv55mh54mqtwmvj4xbr, appium:pCloudy_DeviceManufacturer: GOOGLE, appium:pCloudy_DeviceVersion: 13.0.0, appium:pCloudy_DurationInMinutes: 120, appium:pCloudy_EnableDeviceLogs: true, appium:pCloudy_EnablePerformanceData: false, appium:pCloudy_EnableVideo: true, appium:pCloudy_Username: randhir.kumar@heromotocorp.com, appium:pCloudy_WildNet: false, appium:pixelRatio: 2.625, appium:platformVersion: 13, appium:statBarHeight: 118, appium:systemPort: 31564, appium:takesScreenshot: true, appium:udid: 2B011FDH2004N4, appium:viewportRect: {height: 2101, left: 0, top: 118, width: 1080}, appium:warnings: {}, appium:webStorageEnabled: false, platformName: ANDROID}
Session ID: 07af74da-c1bb-4b74-9d44-71f3c14dc75f" type="org.openqa.selenium.NoSuchElementException">
      <![CDATA[org.openqa.selenium.NoSuchElementException: An element could not be located on the page using the given search parameters.
For documentation on this error, please visit: https://selenium.dev/exceptions/#no_such_element
Build info: version: '4.8.1', revision: '8ebccac989'
System info: os.name: 'Windows 11', os.arch: 'amd64', os.version: '10.0', java.version: '19.0.1'
Driver info: io.appium.java_client.android.AndroidDriver
Command: [07af74da-c1bb-4b74-9d44-71f3c14dc75f, findElement {using=xpath, value=//android.widget.LinearLayout[@content-desc="Earning History"]/android.widget.TextView}]
Capabilities {appium:app: /opt/raid-data/data/userV2/..., appium:appActivity: com.customerapp.hero.views...., appium:appPackage: com.customerapp.hero, appium:appiumVersion: 2.0.0, appium:automationName: uiautomator2, appium:chromedriverPort: 31562, appium:databaseEnabled: false, appium:desired: {app: /opt/raid-data/data/userV2/..., appActivity: com.customerapp.hero.views...., appPackage: com.customerapp.hero, appiumVersion: 2.0.0, automationName: uiautomator2, chromedriverPort: 31562, deviceName: 803, launchTimeout: 90000, newCommandTimeout: 600, pCloudy_ApiKey: 2gdc5pv55mh54mqtwmvj4xbr, pCloudy_DeviceManufacturer: GOOGLE, pCloudy_DeviceVersion: 13.0.0, pCloudy_DurationInMinutes: 120, pCloudy_EnableDeviceLogs: true, pCloudy_EnablePerformanceData: false, pCloudy_EnableVideo: true, pCloudy_Username: randhir.kumar@heromotocorp.com, pCloudy_WildNet: false, platformName: android, platformVersion: 13.0.0, systemPort: 31564, udid: 2B011FDH2004N4}, appium:deviceApiLevel: 33, appium:deviceManufacturer: Google, appium:deviceModel: Pixel 7, appium:deviceName: 2B011FDH2004N4, appium:deviceScreenDensity: 420, appium:deviceScreenSize: 1080x2400, appium:deviceUDID: 2B011FDH2004N4, appium:javascriptEnabled: true, appium:launchTimeout: 90000, appium:locationContextEnabled: false, appium:networkConnectionEnabled: true, appium:newCommandTimeout: 600, appium:pCloudy_ApiKey: 2gdc5pv55mh54mqtwmvj4xbr, appium:pCloudy_DeviceManufacturer: GOOGLE, appium:pCloudy_DeviceVersion: 13.0.0, appium:pCloudy_DurationInMinutes: 120, appium:pCloudy_EnableDeviceLogs: true, appium:pCloudy_EnablePerformanceData: false, appium:pCloudy_EnableVideo: true, appium:pCloudy_Username: randhir.kumar@heromotocorp.com, appium:pCloudy_WildNet: false, appium:pixelRatio: 2.625, appium:platformVersion: 13, appium:statBarHeight: 118, appium:systemPort: 31564, appium:takesScreenshot: true, appium:udid: 2B011FDH2004N4, appium:viewportRect: {height: 2101, left: 0, top: 118, width: 1080}, appium:warnings: {}, appium:webStorageEnabled: false, platformName: ANDROID}
Session ID: 07af74da-c1bb-4b74-9d44-71f3c14dc75f
at java.base/jdk.internal.reflect.DirectConstructorHandleAccessor.newInstance(DirectConstructorHandleAccessor.java:67)
at java.base/java.lang.reflect.Constructor.newInstanceWithCaller(Constructor.java:500)
at java.base/java.lang.reflect.Constructor.newInstance(Constructor.java:484)
at org.openqa.selenium.remote.codec.w3c.W3CHttpResponseCodec.createException(W3CHttpResponseCodec.java:200)
at org.openqa.selenium.remote.codec.w3c.W3CHttpResponseCodec.decode(W3CHttpResponseCodec.java:133)
at org.openqa.selenium.remote.codec.w3c.W3CHttpResponseCodec.decode(W3CHttpResponseCodec.java:53)
at org.openqa.selenium.remote.HttpCommandExecutor.execute(HttpCommandExecutor.java:184)
at io.appium.java_client.remote.AppiumCommandExecutor.execute(AppiumCommandExecutor.java:262)
at org.openqa.selenium.remote.RemoteWebDriver.execute(RemoteWebDriver.java:543)
at org.openqa.selenium.remote.ElementLocation$ElementFinder$2.findElement(ElementLocation.java:162)
at org.openqa.selenium.remote.ElementLocation.findElement(ElementLocation.java:60)
at org.openqa.selenium.remote.RemoteWebDriver.findElement(RemoteWebDriver.java:352)
at org.openqa.selenium.remote.RemoteWebDriver.findElement(RemoteWebDriver.java:344)
at org.openqa.selenium.support.pagefactory.DefaultElementLocator.findElement(DefaultElementLocator.java:70)
at org.openqa.selenium.support.pagefactory.internal.LocatingElementHandler.invoke(LocatingElementHandler.java:39)
at jdk.proxy2/jdk.proxy2.$Proxy33.getText(Unknown Source)
at Page_Test.GoodLife_test.TC095_Verify_Earning_History_in_Pro_Membership(GoodLife_test.java:42)
at java.base/jdk.internal.reflect.DirectMethodHandleAccessor.invoke(DirectMethodHandleAccessor.java:104)
at java.base/java.lang.reflect.Method.invoke(Method.java:578)
at org.testng.internal.invokers.MethodInvocationHelper.invokeMethod(MethodInvocationHelper.java:139)
at org.testng.internal.invokers.TestInvoker.invokeMethod(TestInvoker.java:664)
at org.testng.internal.invokers.TestInvoker.invokeTestMethod(TestInvoker.java:227)
at org.testng.internal.invokers.MethodRunner.runInSequence(MethodRunner.java:50)
at org.testng.internal.invokers.TestInvoker$MethodInvocationAgent.invoke(TestInvoker.java:957)
at org.testng.internal.invokers.TestInvoker.invokeTestMethods(TestInvoker.java:200)
at org.testng.internal.invokers.TestMethodWorker.invokeTestMethods(TestMethodWorker.java:148)
at org.testng.internal.invokers.TestMethodWorker.run(TestMethodWorker.java:128)
at java.base/java.util.ArrayList.forEach(ArrayList.java:1511)
at org.testng.TestRunner.privateRun(TestRunner.java:848)
at org.testng.TestRunner.run(TestRunner.java:621)
at org.testng.SuiteRunner.runTest(SuiteRunner.java:443)
at org.testng.SuiteRunner.runSequentially(SuiteRunner.java:437)
at org.testng.SuiteRunner.privateRun(SuiteRunner.java:397)
at org.testng.SuiteRunner.run(SuiteRunner.java:336)
at org.testng.SuiteRunnerWorker.runSuite(SuiteRunnerWorker.java:52)
at org.testng.SuiteRunnerWorker.run(SuiteRunnerWorker.java:95)
at org.testng.TestNG.runSuitesSequentially(TestNG.java:1280)
at org.testng.TestNG.runSuitesLocally(TestNG.java:1200)
at org.testng.TestNG.runSuites(TestNG.java:1114)
at org.testng.TestNG.run(TestNG.java:1082)
at org.testng.remote.AbstractRemoteTestNG.run(AbstractRemoteTestNG.java:115)
at org.testng.remote.RemoteTestNG.initAndRun(RemoteTestNG.java:251)
at org.testng.remote.RemoteTestNG.main(RemoteTestNG.java:77)
]]>
    </error>
  </testcase> <!-- TC095_Verify_Earning_History_in_Pro_Membership -->
  <testcase classname="Page_Test.GoodLife_test" name="TC096_Verify_Redemption_History_in_Pro_Membership" time="20.350">
    <error message="An element could not be located on the page using the given search parameters.
For documentation on this error, please visit: https://selenium.dev/exceptions/#no_such_element
Build info: version: &#039;4.8.1&#039;, revision: &#039;8ebccac989&#039;
System info: os.name: &#039;Windows 11&#039;, os.arch: &#039;amd64&#039;, os.version: &#039;10.0&#039;, java.version: &#039;19.0.1&#039;
Driver info: io.appium.java_client.android.AndroidDriver
Command: [07af74da-c1bb-4b74-9d44-71f3c14dc75f, findElement {using=xpath, value=//android.widget.LinearLayout[@content-desc=&quot;Redemption History&quot;]/android.widget.TextView}]
Capabilities {appium:app: /opt/raid-data/data/userV2/..., appium:appActivity: com.customerapp.hero.views...., appium:appPackage: com.customerapp.hero, appium:appiumVersion: 2.0.0, appium:automationName: uiautomator2, appium:chromedriverPort: 31562, appium:databaseEnabled: false, appium:desired: {app: /opt/raid-data/data/userV2/..., appActivity: com.customerapp.hero.views...., appPackage: com.customerapp.hero, appiumVersion: 2.0.0, automationName: uiautomator2, chromedriverPort: 31562, deviceName: 803, launchTimeout: 90000, newCommandTimeout: 600, pCloudy_ApiKey: 2gdc5pv55mh54mqtwmvj4xbr, pCloudy_DeviceManufacturer: GOOGLE, pCloudy_DeviceVersion: 13.0.0, pCloudy_DurationInMinutes: 120, pCloudy_EnableDeviceLogs: true, pCloudy_EnablePerformanceData: false, pCloudy_EnableVideo: true, pCloudy_Username: randhir.kumar@heromotocorp.com, pCloudy_WildNet: false, platformName: android, platformVersion: 13.0.0, systemPort: 31564, udid: 2B011FDH2004N4}, appium:deviceApiLevel: 33, appium:deviceManufacturer: Google, appium:deviceModel: Pixel 7, appium:deviceName: 2B011FDH2004N4, appium:deviceScreenDensity: 420, appium:deviceScreenSize: 1080x2400, appium:deviceUDID: 2B011FDH2004N4, appium:javascriptEnabled: true, appium:launchTimeout: 90000, appium:locationContextEnabled: false, appium:networkConnectionEnabled: true, appium:newCommandTimeout: 600, appium:pCloudy_ApiKey: 2gdc5pv55mh54mqtwmvj4xbr, appium:pCloudy_DeviceManufacturer: GOOGLE, appium:pCloudy_DeviceVersion: 13.0.0, appium:pCloudy_DurationInMinutes: 120, appium:pCloudy_EnableDeviceLogs: true, appium:pCloudy_EnablePerformanceData: false, appium:pCloudy_EnableVideo: true, appium:pCloudy_Username: randhir.kumar@heromotocorp.com, appium:pCloudy_WildNet: false, appium:pixelRatio: 2.625, appium:platformVersion: 13, appium:statBarHeight: 118, appium:systemPort: 31564, appium:takesScreenshot: true, appium:udid: 2B011FDH2004N4, appium:viewportRect: {height: 2101, left: 0, top: 118, width: 1080}, appium:warnings: {}, appium:webStorageEnabled: false, platformName: ANDROID}
Session ID: 07af74da-c1bb-4b74-9d44-71f3c14dc75f" type="org.openqa.selenium.NoSuchElementException">
      <![CDATA[org.openqa.selenium.NoSuchElementException: An element could not be located on the page using the given search parameters.
For documentation on this error, please visit: https://selenium.dev/exceptions/#no_such_element
Build info: version: '4.8.1', revision: '8ebccac989'
System info: os.name: 'Windows 11', os.arch: 'amd64', os.version: '10.0', java.version: '19.0.1'
Driver info: io.appium.java_client.android.AndroidDriver
Command: [07af74da-c1bb-4b74-9d44-71f3c14dc75f, findElement {using=xpath, value=//android.widget.LinearLayout[@content-desc="Redemption History"]/android.widget.TextView}]
Capabilities {appium:app: /opt/raid-data/data/userV2/..., appium:appActivity: com.customerapp.hero.views...., appium:appPackage: com.customerapp.hero, appium:appiumVersion: 2.0.0, appium:automationName: uiautomator2, appium:chromedriverPort: 31562, appium:databaseEnabled: false, appium:desired: {app: /opt/raid-data/data/userV2/..., appActivity: com.customerapp.hero.views...., appPackage: com.customerapp.hero, appiumVersion: 2.0.0, automationName: uiautomator2, chromedriverPort: 31562, deviceName: 803, launchTimeout: 90000, newCommandTimeout: 600, pCloudy_ApiKey: 2gdc5pv55mh54mqtwmvj4xbr, pCloudy_DeviceManufacturer: GOOGLE, pCloudy_DeviceVersion: 13.0.0, pCloudy_DurationInMinutes: 120, pCloudy_EnableDeviceLogs: true, pCloudy_EnablePerformanceData: false, pCloudy_EnableVideo: true, pCloudy_Username: randhir.kumar@heromotocorp.com, pCloudy_WildNet: false, platformName: android, platformVersion: 13.0.0, systemPort: 31564, udid: 2B011FDH2004N4}, appium:deviceApiLevel: 33, appium:deviceManufacturer: Google, appium:deviceModel: Pixel 7, appium:deviceName: 2B011FDH2004N4, appium:deviceScreenDensity: 420, appium:deviceScreenSize: 1080x2400, appium:deviceUDID: 2B011FDH2004N4, appium:javascriptEnabled: true, appium:launchTimeout: 90000, appium:locationContextEnabled: false, appium:networkConnectionEnabled: true, appium:newCommandTimeout: 600, appium:pCloudy_ApiKey: 2gdc5pv55mh54mqtwmvj4xbr, appium:pCloudy_DeviceManufacturer: GOOGLE, appium:pCloudy_DeviceVersion: 13.0.0, appium:pCloudy_DurationInMinutes: 120, appium:pCloudy_EnableDeviceLogs: true, appium:pCloudy_EnablePerformanceData: false, appium:pCloudy_EnableVideo: true, appium:pCloudy_Username: randhir.kumar@heromotocorp.com, appium:pCloudy_WildNet: false, appium:pixelRatio: 2.625, appium:platformVersion: 13, appium:statBarHeight: 118, appium:systemPort: 31564, appium:takesScreenshot: true, appium:udid: 2B011FDH2004N4, appium:viewportRect: {height: 2101, left: 0, top: 118, width: 1080}, appium:warnings: {}, appium:webStorageEnabled: false, platformName: ANDROID}
Session ID: 07af74da-c1bb-4b74-9d44-71f3c14dc75f
at java.base/jdk.internal.reflect.DirectConstructorHandleAccessor.newInstance(DirectConstructorHandleAccessor.java:67)
at java.base/java.lang.reflect.Constructor.newInstanceWithCaller(Constructor.java:500)
at java.base/java.lang.reflect.Constructor.newInstance(Constructor.java:484)
at org.openqa.selenium.remote.codec.w3c.W3CHttpResponseCodec.createException(W3CHttpResponseCodec.java:200)
at org.openqa.selenium.remote.codec.w3c.W3CHttpResponseCodec.decode(W3CHttpResponseCodec.java:133)
at org.openqa.selenium.remote.codec.w3c.W3CHttpResponseCodec.decode(W3CHttpResponseCodec.java:53)
at org.openqa.selenium.remote.HttpCommandExecutor.execute(HttpCommandExecutor.java:184)
at io.appium.java_client.remote.AppiumCommandExecutor.execute(AppiumCommandExecutor.java:262)
at org.openqa.selenium.remote.RemoteWebDriver.execute(RemoteWebDriver.java:543)
at org.openqa.selenium.remote.ElementLocation$ElementFinder$2.findElement(ElementLocation.java:162)
at org.openqa.selenium.remote.ElementLocation.findElement(ElementLocation.java:60)
at org.openqa.selenium.remote.RemoteWebDriver.findElement(RemoteWebDriver.java:352)
at org.openqa.selenium.remote.RemoteWebDriver.findElement(RemoteWebDriver.java:344)
at org.openqa.selenium.support.pagefactory.DefaultElementLocator.findElement(DefaultElementLocator.java:70)
at org.openqa.selenium.support.pagefactory.internal.LocatingElementHandler.invoke(LocatingElementHandler.java:39)
at jdk.proxy2/jdk.proxy2.$Proxy33.getText(Unknown Source)
at Page_Test.GoodLife_test.TC096_Verify_Redemption_History_in_Pro_Membership(GoodLife_test.java:48)
at java.base/jdk.internal.reflect.DirectMethodHandleAccessor.invoke(DirectMethodHandleAccessor.java:104)
at java.base/java.lang.reflect.Method.invoke(Method.java:578)
at org.testng.internal.invokers.MethodInvocationHelper.invokeMethod(MethodInvocationHelper.java:139)
at org.testng.internal.invokers.TestInvoker.invokeMethod(TestInvoker.java:664)
at org.testng.internal.invokers.TestInvoker.invokeTestMethod(TestInvoker.java:227)
at org.testng.internal.invokers.MethodRunner.runInSequence(MethodRunner.java:50)
at org.testng.internal.invokers.TestInvoker$MethodInvocationAgent.invoke(TestInvoker.java:957)
at org.testng.internal.invokers.TestInvoker.invokeTestMethods(TestInvoker.java:200)
at org.testng.internal.invokers.TestMethodWorker.invokeTestMethods(TestMethodWorker.java:148)
at org.testng.internal.invokers.TestMethodWorker.run(TestMethodWorker.java:128)
at java.base/java.util.ArrayList.forEach(ArrayList.java:1511)
at org.testng.TestRunner.privateRun(TestRunner.java:848)
at org.testng.TestRunner.run(TestRunner.java:621)
at org.testng.SuiteRunner.runTest(SuiteRunner.java:443)
at org.testng.SuiteRunner.runSequentially(SuiteRunner.java:437)
at org.testng.SuiteRunner.privateRun(SuiteRunner.java:397)
at org.testng.SuiteRunner.run(SuiteRunner.java:336)
at org.testng.SuiteRunnerWorker.runSuite(SuiteRunnerWorker.java:52)
at org.testng.SuiteRunnerWorker.run(SuiteRunnerWorker.java:95)
at org.testng.TestNG.runSuitesSequentially(TestNG.java:1280)
at org.testng.TestNG.runSuitesLocally(TestNG.java:1200)
at org.testng.TestNG.runSuites(TestNG.java:1114)
at org.testng.TestNG.run(TestNG.java:1082)
at org.testng.remote.AbstractRemoteTestNG.run(AbstractRemoteTestNG.java:115)
at org.testng.remote.RemoteTestNG.initAndRun(RemoteTestNG.java:251)
at org.testng.remote.RemoteTestNG.main(RemoteTestNG.java:77)
]]>
    </error>
  </testcase> <!-- TC096_Verify_Redemption_History_in_Pro_Membership -->
  <testcase classname="Page_Test.GoodLife_test" name="TC097_Verify_Complete_profile" time="21.656">
    <error message="An element could not be located on the page using the given search parameters.
For documentation on this error, please visit: https://selenium.dev/exceptions/#no_such_element
Build info: version: &#039;4.8.1&#039;, revision: &#039;8ebccac989&#039;
System info: os.name: &#039;Windows 11&#039;, os.arch: &#039;amd64&#039;, os.version: &#039;10.0&#039;, java.version: &#039;19.0.1&#039;
Driver info: io.appium.java_client.android.AndroidDriver
Command: [07af74da-c1bb-4b74-9d44-71f3c14dc75f, findElement {using=xpath, value=(//android.widget.TextView[@resource-id =&#039;com.customerapp.hero:id/view_detail_btn&#039;])[1]}]
Capabilities {appium:app: /opt/raid-data/data/userV2/..., appium:appActivity: com.customerapp.hero.views...., appium:appPackage: com.customerapp.hero, appium:appiumVersion: 2.0.0, appium:automationName: uiautomator2, appium:chromedriverPort: 31562, appium:databaseEnabled: false, appium:desired: {app: /opt/raid-data/data/userV2/..., appActivity: com.customerapp.hero.views...., appPackage: com.customerapp.hero, appiumVersion: 2.0.0, automationName: uiautomator2, chromedriverPort: 31562, deviceName: 803, launchTimeout: 90000, newCommandTimeout: 600, pCloudy_ApiKey: 2gdc5pv55mh54mqtwmvj4xbr, pCloudy_DeviceManufacturer: GOOGLE, pCloudy_DeviceVersion: 13.0.0, pCloudy_DurationInMinutes: 120, pCloudy_EnableDeviceLogs: true, pCloudy_EnablePerformanceData: false, pCloudy_EnableVideo: true, pCloudy_Username: randhir.kumar@heromotocorp.com, pCloudy_WildNet: false, platformName: android, platformVersion: 13.0.0, systemPort: 31564, udid: 2B011FDH2004N4}, appium:deviceApiLevel: 33, appium:deviceManufacturer: Google, appium:deviceModel: Pixel 7, appium:deviceName: 2B011FDH2004N4, appium:deviceScreenDensity: 420, appium:deviceScreenSize: 1080x2400, appium:deviceUDID: 2B011FDH2004N4, appium:javascriptEnabled: true, appium:launchTimeout: 90000, appium:locationContextEnabled: false, appium:networkConnectionEnabled: true, appium:newCommandTimeout: 600, appium:pCloudy_ApiKey: 2gdc5pv55mh54mqtwmvj4xbr, appium:pCloudy_DeviceManufacturer: GOOGLE, appium:pCloudy_DeviceVersion: 13.0.0, appium:pCloudy_DurationInMinutes: 120, appium:pCloudy_EnableDeviceLogs: true, appium:pCloudy_EnablePerformanceData: false, appium:pCloudy_EnableVideo: true, appium:pCloudy_Username: randhir.kumar@heromotocorp.com, appium:pCloudy_WildNet: false, appium:pixelRatio: 2.625, appium:platformVersion: 13, appium:statBarHeight: 118, appium:systemPort: 31564, appium:takesScreenshot: true, appium:udid: 2B011FDH2004N4, appium:viewportRect: {height: 2101, left: 0, top: 118, width: 1080}, appium:warnings: {}, appium:webStorageEnabled: false, platformName: ANDROID}
Session ID: 07af74da-c1bb-4b74-9d44-71f3c14dc75f" type="org.openqa.selenium.NoSuchElementException">
      <![CDATA[org.openqa.selenium.NoSuchElementException: An element could not be located on the page using the given search parameters.
For documentation on this error, please visit: https://selenium.dev/exceptions/#no_such_element
Build info: version: '4.8.1', revision: '8ebccac989'
System info: os.name: 'Windows 11', os.arch: 'amd64', os.version: '10.0', java.version: '19.0.1'
Driver info: io.appium.java_client.android.AndroidDriver
Command: [07af74da-c1bb-4b74-9d44-71f3c14dc75f, findElement {using=xpath, value=(//android.widget.TextView[@resource-id ='com.customerapp.hero:id/view_detail_btn'])[1]}]
Capabilities {appium:app: /opt/raid-data/data/userV2/..., appium:appActivity: com.customerapp.hero.views...., appium:appPackage: com.customerapp.hero, appium:appiumVersion: 2.0.0, appium:automationName: uiautomator2, appium:chromedriverPort: 31562, appium:databaseEnabled: false, appium:desired: {app: /opt/raid-data/data/userV2/..., appActivity: com.customerapp.hero.views...., appPackage: com.customerapp.hero, appiumVersion: 2.0.0, automationName: uiautomator2, chromedriverPort: 31562, deviceName: 803, launchTimeout: 90000, newCommandTimeout: 600, pCloudy_ApiKey: 2gdc5pv55mh54mqtwmvj4xbr, pCloudy_DeviceManufacturer: GOOGLE, pCloudy_DeviceVersion: 13.0.0, pCloudy_DurationInMinutes: 120, pCloudy_EnableDeviceLogs: true, pCloudy_EnablePerformanceData: false, pCloudy_EnableVideo: true, pCloudy_Username: randhir.kumar@heromotocorp.com, pCloudy_WildNet: false, platformName: android, platformVersion: 13.0.0, systemPort: 31564, udid: 2B011FDH2004N4}, appium:deviceApiLevel: 33, appium:deviceManufacturer: Google, appium:deviceModel: Pixel 7, appium:deviceName: 2B011FDH2004N4, appium:deviceScreenDensity: 420, appium:deviceScreenSize: 1080x2400, appium:deviceUDID: 2B011FDH2004N4, appium:javascriptEnabled: true, appium:launchTimeout: 90000, appium:locationContextEnabled: false, appium:networkConnectionEnabled: true, appium:newCommandTimeout: 600, appium:pCloudy_ApiKey: 2gdc5pv55mh54mqtwmvj4xbr, appium:pCloudy_DeviceManufacturer: GOOGLE, appium:pCloudy_DeviceVersion: 13.0.0, appium:pCloudy_DurationInMinutes: 120, appium:pCloudy_EnableDeviceLogs: true, appium:pCloudy_EnablePerformanceData: false, appium:pCloudy_EnableVideo: true, appium:pCloudy_Username: randhir.kumar@heromotocorp.com, appium:pCloudy_WildNet: false, appium:pixelRatio: 2.625, appium:platformVersion: 13, appium:statBarHeight: 118, appium:systemPort: 31564, appium:takesScreenshot: true, appium:udid: 2B011FDH2004N4, appium:viewportRect: {height: 2101, left: 0, top: 118, width: 1080}, appium:warnings: {}, appium:webStorageEnabled: false, platformName: ANDROID}
Session ID: 07af74da-c1bb-4b74-9d44-71f3c14dc75f
at java.base/jdk.internal.reflect.DirectConstructorHandleAccessor.newInstance(DirectConstructorHandleAccessor.java:67)
at java.base/java.lang.reflect.Constructor.newInstanceWithCaller(Constructor.java:500)
at java.base/java.lang.reflect.Constructor.newInstance(Constructor.java:484)
at org.openqa.selenium.remote.codec.w3c.W3CHttpResponseCodec.createException(W3CHttpResponseCodec.java:200)
at org.openqa.selenium.remote.codec.w3c.W3CHttpResponseCodec.decode(W3CHttpResponseCodec.java:133)
at org.openqa.selenium.remote.codec.w3c.W3CHttpResponseCodec.decode(W3CHttpResponseCodec.java:53)
at org.openqa.selenium.remote.HttpCommandExecutor.execute(HttpCommandExecutor.java:184)
at io.appium.java_client.remote.AppiumCommandExecutor.execute(AppiumCommandExecutor.java:262)
at org.openqa.selenium.remote.RemoteWebDriver.execute(RemoteWebDriver.java:543)
at org.openqa.selenium.remote.ElementLocation$ElementFinder$2.findElement(ElementLocation.java:162)
at org.openqa.selenium.remote.ElementLocation.findElement(ElementLocation.java:60)
at org.openqa.selenium.remote.RemoteWebDriver.findElement(RemoteWebDriver.java:352)
at org.openqa.selenium.remote.RemoteWebDriver.findElement(RemoteWebDriver.java:344)
at org.openqa.selenium.support.pagefactory.DefaultElementLocator.findElement(DefaultElementLocator.java:70)
at org.openqa.selenium.support.pagefactory.internal.LocatingElementHandler.invoke(LocatingElementHandler.java:39)
at jdk.proxy2/jdk.proxy2.$Proxy33.getText(Unknown Source)
at Page_Test.GoodLife_test.TC097_Verify_Complete_profile(GoodLife_test.java:61)
at java.base/jdk.internal.reflect.DirectMethodHandleAccessor.invoke(DirectMethodHandleAccessor.java:104)
at java.base/java.lang.reflect.Method.invoke(Method.java:578)
at org.testng.internal.invokers.MethodInvocationHelper.invokeMethod(MethodInvocationHelper.java:139)
at org.testng.internal.invokers.TestInvoker.invokeMethod(TestInvoker.java:664)
at org.testng.internal.invokers.TestInvoker.invokeTestMethod(TestInvoker.java:227)
at org.testng.internal.invokers.MethodRunner.runInSequence(MethodRunner.java:50)
at org.testng.internal.invokers.TestInvoker$MethodInvocationAgent.invoke(TestInvoker.java:957)
at org.testng.internal.invokers.TestInvoker.invokeTestMethods(TestInvoker.java:200)
at org.testng.internal.invokers.TestMethodWorker.invokeTestMethods(TestMethodWorker.java:148)
at org.testng.internal.invokers.TestMethodWorker.run(TestMethodWorker.java:128)
at java.base/java.util.ArrayList.forEach(ArrayList.java:1511)
at org.testng.TestRunner.privateRun(TestRunner.java:848)
at org.testng.TestRunner.run(TestRunner.java:621)
at org.testng.SuiteRunner.runTest(SuiteRunner.java:443)
at org.testng.SuiteRunner.runSequentially(SuiteRunner.java:437)
at org.testng.SuiteRunner.privateRun(SuiteRunner.java:397)
at org.testng.SuiteRunner.run(SuiteRunner.java:336)
at org.testng.SuiteRunnerWorker.runSuite(SuiteRunnerWorker.java:52)
at org.testng.SuiteRunnerWorker.run(SuiteRunnerWorker.java:95)
at org.testng.TestNG.runSuitesSequentially(TestNG.java:1280)
at org.testng.TestNG.runSuitesLocally(TestNG.java:1200)
at org.testng.TestNG.runSuites(TestNG.java:1114)
at org.testng.TestNG.run(TestNG.java:1082)
at org.testng.remote.AbstractRemoteTestNG.run(AbstractRemoteTestNG.java:115)
at org.testng.remote.RemoteTestNG.initAndRun(RemoteTestNG.java:251)
at org.testng.remote.RemoteTestNG.main(RemoteTestNG.java:77)
]]>
    </error>
  </testcase> <!-- TC097_Verify_Complete_profile -->
  <testcase classname="Page_Test.GoodLife_test" name="TC098_Verify_Welcome_Rewards" time="21.611">
    <error message="An element could not be located on the page using the given search parameters.
For documentation on this error, please visit: https://selenium.dev/exceptions/#no_such_element
Build info: version: &#039;4.8.1&#039;, revision: &#039;8ebccac989&#039;
System info: os.name: &#039;Windows 11&#039;, os.arch: &#039;amd64&#039;, os.version: &#039;10.0&#039;, java.version: &#039;19.0.1&#039;
Driver info: io.appium.java_client.android.AndroidDriver
Command: [07af74da-c1bb-4b74-9d44-71f3c14dc75f, findElement {using=xpath, value=(//android.widget.TextView[@resource-id =&#039;com.customerapp.hero:id/view_detail_btn&#039;])[2]}]
Capabilities {appium:app: /opt/raid-data/data/userV2/..., appium:appActivity: com.customerapp.hero.views...., appium:appPackage: com.customerapp.hero, appium:appiumVersion: 2.0.0, appium:automationName: uiautomator2, appium:chromedriverPort: 31562, appium:databaseEnabled: false, appium:desired: {app: /opt/raid-data/data/userV2/..., appActivity: com.customerapp.hero.views...., appPackage: com.customerapp.hero, appiumVersion: 2.0.0, automationName: uiautomator2, chromedriverPort: 31562, deviceName: 803, launchTimeout: 90000, newCommandTimeout: 600, pCloudy_ApiKey: 2gdc5pv55mh54mqtwmvj4xbr, pCloudy_DeviceManufacturer: GOOGLE, pCloudy_DeviceVersion: 13.0.0, pCloudy_DurationInMinutes: 120, pCloudy_EnableDeviceLogs: true, pCloudy_EnablePerformanceData: false, pCloudy_EnableVideo: true, pCloudy_Username: randhir.kumar@heromotocorp.com, pCloudy_WildNet: false, platformName: android, platformVersion: 13.0.0, systemPort: 31564, udid: 2B011FDH2004N4}, appium:deviceApiLevel: 33, appium:deviceManufacturer: Google, appium:deviceModel: Pixel 7, appium:deviceName: 2B011FDH2004N4, appium:deviceScreenDensity: 420, appium:deviceScreenSize: 1080x2400, appium:deviceUDID: 2B011FDH2004N4, appium:javascriptEnabled: true, appium:launchTimeout: 90000, appium:locationContextEnabled: false, appium:networkConnectionEnabled: true, appium:newCommandTimeout: 600, appium:pCloudy_ApiKey: 2gdc5pv55mh54mqtwmvj4xbr, appium:pCloudy_DeviceManufacturer: GOOGLE, appium:pCloudy_DeviceVersion: 13.0.0, appium:pCloudy_DurationInMinutes: 120, appium:pCloudy_EnableDeviceLogs: true, appium:pCloudy_EnablePerformanceData: false, appium:pCloudy_EnableVideo: true, appium:pCloudy_Username: randhir.kumar@heromotocorp.com, appium:pCloudy_WildNet: false, appium:pixelRatio: 2.625, appium:platformVersion: 13, appium:statBarHeight: 118, appium:systemPort: 31564, appium:takesScreenshot: true, appium:udid: 2B011FDH2004N4, appium:viewportRect: {height: 2101, left: 0, top: 118, width: 1080}, appium:warnings: {}, appium:webStorageEnabled: false, platformName: ANDROID}
Session ID: 07af74da-c1bb-4b74-9d44-71f3c14dc75f" type="org.openqa.selenium.NoSuchElementException">
      <![CDATA[org.openqa.selenium.NoSuchElementException: An element could not be located on the page using the given search parameters.
For documentation on this error, please visit: https://selenium.dev/exceptions/#no_such_element
Build info: version: '4.8.1', revision: '8ebccac989'
System info: os.name: 'Windows 11', os.arch: 'amd64', os.version: '10.0', java.version: '19.0.1'
Driver info: io.appium.java_client.android.AndroidDriver
Command: [07af74da-c1bb-4b74-9d44-71f3c14dc75f, findElement {using=xpath, value=(//android.widget.TextView[@resource-id ='com.customerapp.hero:id/view_detail_btn'])[2]}]
Capabilities {appium:app: /opt/raid-data/data/userV2/..., appium:appActivity: com.customerapp.hero.views...., appium:appPackage: com.customerapp.hero, appium:appiumVersion: 2.0.0, appium:automationName: uiautomator2, appium:chromedriverPort: 31562, appium:databaseEnabled: false, appium:desired: {app: /opt/raid-data/data/userV2/..., appActivity: com.customerapp.hero.views...., appPackage: com.customerapp.hero, appiumVersion: 2.0.0, automationName: uiautomator2, chromedriverPort: 31562, deviceName: 803, launchTimeout: 90000, newCommandTimeout: 600, pCloudy_ApiKey: 2gdc5pv55mh54mqtwmvj4xbr, pCloudy_DeviceManufacturer: GOOGLE, pCloudy_DeviceVersion: 13.0.0, pCloudy_DurationInMinutes: 120, pCloudy_EnableDeviceLogs: true, pCloudy_EnablePerformanceData: false, pCloudy_EnableVideo: true, pCloudy_Username: randhir.kumar@heromotocorp.com, pCloudy_WildNet: false, platformName: android, platformVersion: 13.0.0, systemPort: 31564, udid: 2B011FDH2004N4}, appium:deviceApiLevel: 33, appium:deviceManufacturer: Google, appium:deviceModel: Pixel 7, appium:deviceName: 2B011FDH2004N4, appium:deviceScreenDensity: 420, appium:deviceScreenSize: 1080x2400, appium:deviceUDID: 2B011FDH2004N4, appium:javascriptEnabled: true, appium:launchTimeout: 90000, appium:locationContextEnabled: false, appium:networkConnectionEnabled: true, appium:newCommandTimeout: 600, appium:pCloudy_ApiKey: 2gdc5pv55mh54mqtwmvj4xbr, appium:pCloudy_DeviceManufacturer: GOOGLE, appium:pCloudy_DeviceVersion: 13.0.0, appium:pCloudy_DurationInMinutes: 120, appium:pCloudy_EnableDeviceLogs: true, appium:pCloudy_EnablePerformanceData: false, appium:pCloudy_EnableVideo: true, appium:pCloudy_Username: randhir.kumar@heromotocorp.com, appium:pCloudy_WildNet: false, appium:pixelRatio: 2.625, appium:platformVersion: 13, appium:statBarHeight: 118, appium:systemPort: 31564, appium:takesScreenshot: true, appium:udid: 2B011FDH2004N4, appium:viewportRect: {height: 2101, left: 0, top: 118, width: 1080}, appium:warnings: {}, appium:webStorageEnabled: false, platformName: ANDROID}
Session ID: 07af74da-c1bb-4b74-9d44-71f3c14dc75f
at java.base/jdk.internal.reflect.DirectConstructorHandleAccessor.newInstance(DirectConstructorHandleAccessor.java:67)
at java.base/java.lang.reflect.Constructor.newInstanceWithCaller(Constructor.java:500)
at java.base/java.lang.reflect.Constructor.newInstance(Constructor.java:484)
at org.openqa.selenium.remote.codec.w3c.W3CHttpResponseCodec.createException(W3CHttpResponseCodec.java:200)
at org.openqa.selenium.remote.codec.w3c.W3CHttpResponseCodec.decode(W3CHttpResponseCodec.java:133)
at org.openqa.selenium.remote.codec.w3c.W3CHttpResponseCodec.decode(W3CHttpResponseCodec.java:53)
at org.openqa.selenium.remote.HttpCommandExecutor.execute(HttpCommandExecutor.java:184)
at io.appium.java_client.remote.AppiumCommandExecutor.execute(AppiumCommandExecutor.java:262)
at org.openqa.selenium.remote.RemoteWebDriver.execute(RemoteWebDriver.java:543)
at org.openqa.selenium.remote.ElementLocation$ElementFinder$2.findElement(ElementLocation.java:162)
at org.openqa.selenium.remote.ElementLocation.findElement(ElementLocation.java:60)
at org.openqa.selenium.remote.RemoteWebDriver.findElement(RemoteWebDriver.java:352)
at org.openqa.selenium.remote.RemoteWebDriver.findElement(RemoteWebDriver.java:344)
at org.openqa.selenium.support.pagefactory.DefaultElementLocator.findElement(DefaultElementLocator.java:70)
at org.openqa.selenium.support.pagefactory.internal.LocatingElementHandler.invoke(LocatingElementHandler.java:39)
at jdk.proxy2/jdk.proxy2.$Proxy33.getText(Unknown Source)
at Page_Test.GoodLife_test.TC098_Verify_Welcome_Rewards(GoodLife_test.java:70)
at java.base/jdk.internal.reflect.DirectMethodHandleAccessor.invoke(DirectMethodHandleAccessor.java:104)
at java.base/java.lang.reflect.Method.invoke(Method.java:578)
at org.testng.internal.invokers.MethodInvocationHelper.invokeMethod(MethodInvocationHelper.java:139)
at org.testng.internal.invokers.TestInvoker.invokeMethod(TestInvoker.java:664)
at org.testng.internal.invokers.TestInvoker.invokeTestMethod(TestInvoker.java:227)
at org.testng.internal.invokers.MethodRunner.runInSequence(MethodRunner.java:50)
at org.testng.internal.invokers.TestInvoker$MethodInvocationAgent.invoke(TestInvoker.java:957)
at org.testng.internal.invokers.TestInvoker.invokeTestMethods(TestInvoker.java:200)
at org.testng.internal.invokers.TestMethodWorker.invokeTestMethods(TestMethodWorker.java:148)
at org.testng.internal.invokers.TestMethodWorker.run(TestMethodWorker.java:128)
at java.base/java.util.ArrayList.forEach(ArrayList.java:1511)
at org.testng.TestRunner.privateRun(TestRunner.java:848)
at org.testng.TestRunner.run(TestRunner.java:621)
at org.testng.SuiteRunner.runTest(SuiteRunner.java:443)
at org.testng.SuiteRunner.runSequentially(SuiteRunner.java:437)
at org.testng.SuiteRunner.privateRun(SuiteRunner.java:397)
at org.testng.SuiteRunner.run(SuiteRunner.java:336)
at org.testng.SuiteRunnerWorker.runSuite(SuiteRunnerWorker.java:52)
at org.testng.SuiteRunnerWorker.run(SuiteRunnerWorker.java:95)
at org.testng.TestNG.runSuitesSequentially(TestNG.java:1280)
at org.testng.TestNG.runSuitesLocally(TestNG.java:1200)
at org.testng.TestNG.runSuites(TestNG.java:1114)
at org.testng.TestNG.run(TestNG.java:1082)
at org.testng.remote.AbstractRemoteTestNG.run(AbstractRemoteTestNG.java:115)
at org.testng.remote.RemoteTestNG.initAndRun(RemoteTestNG.java:251)
at org.testng.remote.RemoteTestNG.main(RemoteTestNG.java:77)
]]>
    </error>
  </testcase> <!-- TC098_Verify_Welcome_Rewards -->
  <testcase classname="Page_Test.GoodLife_test" name="TC099_Verify_refer_friend_in_Goodlife" time="20.328">
    <error message="An element could not be located on the page using the given search parameters.
For documentation on this error, please visit: https://selenium.dev/exceptions/#no_such_element
Build info: version: &#039;4.8.1&#039;, revision: &#039;8ebccac989&#039;
System info: os.name: &#039;Windows 11&#039;, os.arch: &#039;amd64&#039;, os.version: &#039;10.0&#039;, java.version: &#039;19.0.1&#039;
Driver info: io.appium.java_client.android.AndroidDriver
Command: [07af74da-c1bb-4b74-9d44-71f3c14dc75f, findElement {using=xpath, value=//android.widget.TextView[@resource-id =&#039;com.customerapp.hero:id/offer_frnd_lbl&#039;]}]
Capabilities {appium:app: /opt/raid-data/data/userV2/..., appium:appActivity: com.customerapp.hero.views...., appium:appPackage: com.customerapp.hero, appium:appiumVersion: 2.0.0, appium:automationName: uiautomator2, appium:chromedriverPort: 31562, appium:databaseEnabled: false, appium:desired: {app: /opt/raid-data/data/userV2/..., appActivity: com.customerapp.hero.views...., appPackage: com.customerapp.hero, appiumVersion: 2.0.0, automationName: uiautomator2, chromedriverPort: 31562, deviceName: 803, launchTimeout: 90000, newCommandTimeout: 600, pCloudy_ApiKey: 2gdc5pv55mh54mqtwmvj4xbr, pCloudy_DeviceManufacturer: GOOGLE, pCloudy_DeviceVersion: 13.0.0, pCloudy_DurationInMinutes: 120, pCloudy_EnableDeviceLogs: true, pCloudy_EnablePerformanceData: false, pCloudy_EnableVideo: true, pCloudy_Username: randhir.kumar@heromotocorp.com, pCloudy_WildNet: false, platformName: android, platformVersion: 13.0.0, systemPort: 31564, udid: 2B011FDH2004N4}, appium:deviceApiLevel: 33, appium:deviceManufacturer: Google, appium:deviceModel: Pixel 7, appium:deviceName: 2B011FDH2004N4, appium:deviceScreenDensity: 420, appium:deviceScreenSize: 1080x2400, appium:deviceUDID: 2B011FDH2004N4, appium:javascriptEnabled: true, appium:launchTimeout: 90000, appium:locationContextEnabled: false, appium:networkConnectionEnabled: true, appium:newCommandTimeout: 600, appium:pCloudy_ApiKey: 2gdc5pv55mh54mqtwmvj4xbr, appium:pCloudy_DeviceManufacturer: GOOGLE, appium:pCloudy_DeviceVersion: 13.0.0, appium:pCloudy_DurationInMinutes: 120, appium:pCloudy_EnableDeviceLogs: true, appium:pCloudy_EnablePerformanceData: false, appium:pCloudy_EnableVideo: true, appium:pCloudy_Username: randhir.kumar@heromotocorp.com, appium:pCloudy_WildNet: false, appium:pixelRatio: 2.625, appium:platformVersion: 13, appium:statBarHeight: 118, appium:systemPort: 31564, appium:takesScreenshot: true, appium:udid: 2B011FDH2004N4, appium:viewportRect: {height: 2101, left: 0, top: 118, width: 1080}, appium:warnings: {}, appium:webStorageEnabled: false, platformName: ANDROID}
Session ID: 07af74da-c1bb-4b74-9d44-71f3c14dc75f" type="org.openqa.selenium.NoSuchElementException">
      <![CDATA[org.openqa.selenium.NoSuchElementException: An element could not be located on the page using the given search parameters.
For documentation on this error, please visit: https://selenium.dev/exceptions/#no_such_element
Build info: version: '4.8.1', revision: '8ebccac989'
System info: os.name: 'Windows 11', os.arch: 'amd64', os.version: '10.0', java.version: '19.0.1'
Driver info: io.appium.java_client.android.AndroidDriver
Command: [07af74da-c1bb-4b74-9d44-71f3c14dc75f, findElement {using=xpath, value=//android.widget.TextView[@resource-id ='com.customerapp.hero:id/offer_frnd_lbl']}]
Capabilities {appium:app: /opt/raid-data/data/userV2/..., appium:appActivity: com.customerapp.hero.views...., appium:appPackage: com.customerapp.hero, appium:appiumVersion: 2.0.0, appium:automationName: uiautomator2, appium:chromedriverPort: 31562, appium:databaseEnabled: false, appium:desired: {app: /opt/raid-data/data/userV2/..., appActivity: com.customerapp.hero.views...., appPackage: com.customerapp.hero, appiumVersion: 2.0.0, automationName: uiautomator2, chromedriverPort: 31562, deviceName: 803, launchTimeout: 90000, newCommandTimeout: 600, pCloudy_ApiKey: 2gdc5pv55mh54mqtwmvj4xbr, pCloudy_DeviceManufacturer: GOOGLE, pCloudy_DeviceVersion: 13.0.0, pCloudy_DurationInMinutes: 120, pCloudy_EnableDeviceLogs: true, pCloudy_EnablePerformanceData: false, pCloudy_EnableVideo: true, pCloudy_Username: randhir.kumar@heromotocorp.com, pCloudy_WildNet: false, platformName: android, platformVersion: 13.0.0, systemPort: 31564, udid: 2B011FDH2004N4}, appium:deviceApiLevel: 33, appium:deviceManufacturer: Google, appium:deviceModel: Pixel 7, appium:deviceName: 2B011FDH2004N4, appium:deviceScreenDensity: 420, appium:deviceScreenSize: 1080x2400, appium:deviceUDID: 2B011FDH2004N4, appium:javascriptEnabled: true, appium:launchTimeout: 90000, appium:locationContextEnabled: false, appium:networkConnectionEnabled: true, appium:newCommandTimeout: 600, appium:pCloudy_ApiKey: 2gdc5pv55mh54mqtwmvj4xbr, appium:pCloudy_DeviceManufacturer: GOOGLE, appium:pCloudy_DeviceVersion: 13.0.0, appium:pCloudy_DurationInMinutes: 120, appium:pCloudy_EnableDeviceLogs: true, appium:pCloudy_EnablePerformanceData: false, appium:pCloudy_EnableVideo: true, appium:pCloudy_Username: randhir.kumar@heromotocorp.com, appium:pCloudy_WildNet: false, appium:pixelRatio: 2.625, appium:platformVersion: 13, appium:statBarHeight: 118, appium:systemPort: 31564, appium:takesScreenshot: true, appium:udid: 2B011FDH2004N4, appium:viewportRect: {height: 2101, left: 0, top: 118, width: 1080}, appium:warnings: {}, appium:webStorageEnabled: false, platformName: ANDROID}
Session ID: 07af74da-c1bb-4b74-9d44-71f3c14dc75f
at java.base/jdk.internal.reflect.DirectConstructorHandleAccessor.newInstance(DirectConstructorHandleAccessor.java:67)
at java.base/java.lang.reflect.Constructor.newInstanceWithCaller(Constructor.java:500)
at java.base/java.lang.reflect.Constructor.newInstance(Constructor.java:484)
at org.openqa.selenium.remote.codec.w3c.W3CHttpResponseCodec.createException(W3CHttpResponseCodec.java:200)
at org.openqa.selenium.remote.codec.w3c.W3CHttpResponseCodec.decode(W3CHttpResponseCodec.java:133)
at org.openqa.selenium.remote.codec.w3c.W3CHttpResponseCodec.decode(W3CHttpResponseCodec.java:53)
at org.openqa.selenium.remote.HttpCommandExecutor.execute(HttpCommandExecutor.java:184)
at io.appium.java_client.remote.AppiumCommandExecutor.execute(AppiumCommandExecutor.java:262)
at org.openqa.selenium.remote.RemoteWebDriver.execute(RemoteWebDriver.java:543)
at org.openqa.selenium.remote.ElementLocation$ElementFinder$2.findElement(ElementLocation.java:162)
at org.openqa.selenium.remote.ElementLocation.findElement(ElementLocation.java:60)
at org.openqa.selenium.remote.RemoteWebDriver.findElement(RemoteWebDriver.java:352)
at org.openqa.selenium.remote.RemoteWebDriver.findElement(RemoteWebDriver.java:344)
at org.openqa.selenium.support.pagefactory.DefaultElementLocator.findElement(DefaultElementLocator.java:70)
at org.openqa.selenium.support.pagefactory.internal.LocatingElementHandler.invoke(LocatingElementHandler.java:39)
at jdk.proxy2/jdk.proxy2.$Proxy33.getText(Unknown Source)
at Page_Test.GoodLife_test.TC099_Verify_refer_friend_in_Goodlife(GoodLife_test.java:78)
at java.base/jdk.internal.reflect.DirectMethodHandleAccessor.invoke(DirectMethodHandleAccessor.java:104)
at java.base/java.lang.reflect.Method.invoke(Method.java:578)
at org.testng.internal.invokers.MethodInvocationHelper.invokeMethod(MethodInvocationHelper.java:139)
at org.testng.internal.invokers.TestInvoker.invokeMethod(TestInvoker.java:664)
at org.testng.internal.invokers.TestInvoker.invokeTestMethod(TestInvoker.java:227)
at org.testng.internal.invokers.MethodRunner.runInSequence(MethodRunner.java:50)
at org.testng.internal.invokers.TestInvoker$MethodInvocationAgent.invoke(TestInvoker.java:957)
at org.testng.internal.invokers.TestInvoker.invokeTestMethods(TestInvoker.java:200)
at org.testng.internal.invokers.TestMethodWorker.invokeTestMethods(TestMethodWorker.java:148)
at org.testng.internal.invokers.TestMethodWorker.run(TestMethodWorker.java:128)
at java.base/java.util.ArrayList.forEach(ArrayList.java:1511)
at org.testng.TestRunner.privateRun(TestRunner.java:848)
at org.testng.TestRunner.run(TestRunner.java:621)
at org.testng.SuiteRunner.runTest(SuiteRunner.java:443)
at org.testng.SuiteRunner.runSequentially(SuiteRunner.java:437)
at org.testng.SuiteRunner.privateRun(SuiteRunner.java:397)
at org.testng.SuiteRunner.run(SuiteRunner.java:336)
at org.testng.SuiteRunnerWorker.runSuite(SuiteRunnerWorker.java:52)
at org.testng.SuiteRunnerWorker.run(SuiteRunnerWorker.java:95)
at org.testng.TestNG.runSuitesSequentially(TestNG.java:1280)
at org.testng.TestNG.runSuitesLocally(TestNG.java:1200)
at org.testng.TestNG.runSuites(TestNG.java:1114)
at org.testng.TestNG.run(TestNG.java:1082)
at org.testng.remote.AbstractRemoteTestNG.run(AbstractRemoteTestNG.java:115)
at org.testng.remote.RemoteTestNG.initAndRun(RemoteTestNG.java:251)
at org.testng.remote.RemoteTestNG.main(RemoteTestNG.java:77)
]]>
    </error>
  </testcase> <!-- TC099_Verify_refer_friend_in_Goodlife -->
  <testcase classname="Page_Test.GoodLife_test" name="TC100_verify_Winner_informaton" time="48.576">
    <error message="An element could not be located on the page using the given search parameters.
For documentation on this error, please visit: https://selenium.dev/exceptions/#no_such_element
Build info: version: &#039;4.8.1&#039;, revision: &#039;8ebccac989&#039;
System info: os.name: &#039;Windows 11&#039;, os.arch: &#039;amd64&#039;, os.version: &#039;10.0&#039;, java.version: &#039;19.0.1&#039;
Driver info: io.appium.java_client.android.AndroidDriver
Command: [07af74da-c1bb-4b74-9d44-71f3c14dc75f, findElement {using=xpath, value=//android.widget.TextView[@resource-id =&#039;com.customerapp.hero:id/digital_voucher_peice&#039;]}]
Capabilities {appium:app: /opt/raid-data/data/userV2/..., appium:appActivity: com.customerapp.hero.views...., appium:appPackage: com.customerapp.hero, appium:appiumVersion: 2.0.0, appium:automationName: uiautomator2, appium:chromedriverPort: 31562, appium:databaseEnabled: false, appium:desired: {app: /opt/raid-data/data/userV2/..., appActivity: com.customerapp.hero.views...., appPackage: com.customerapp.hero, appiumVersion: 2.0.0, automationName: uiautomator2, chromedriverPort: 31562, deviceName: 803, launchTimeout: 90000, newCommandTimeout: 600, pCloudy_ApiKey: 2gdc5pv55mh54mqtwmvj4xbr, pCloudy_DeviceManufacturer: GOOGLE, pCloudy_DeviceVersion: 13.0.0, pCloudy_DurationInMinutes: 120, pCloudy_EnableDeviceLogs: true, pCloudy_EnablePerformanceData: false, pCloudy_EnableVideo: true, pCloudy_Username: randhir.kumar@heromotocorp.com, pCloudy_WildNet: false, platformName: android, platformVersion: 13.0.0, systemPort: 31564, udid: 2B011FDH2004N4}, appium:deviceApiLevel: 33, appium:deviceManufacturer: Google, appium:deviceModel: Pixel 7, appium:deviceName: 2B011FDH2004N4, appium:deviceScreenDensity: 420, appium:deviceScreenSize: 1080x2400, appium:deviceUDID: 2B011FDH2004N4, appium:javascriptEnabled: true, appium:launchTimeout: 90000, appium:locationContextEnabled: false, appium:networkConnectionEnabled: true, appium:newCommandTimeout: 600, appium:pCloudy_ApiKey: 2gdc5pv55mh54mqtwmvj4xbr, appium:pCloudy_DeviceManufacturer: GOOGLE, appium:pCloudy_DeviceVersion: 13.0.0, appium:pCloudy_DurationInMinutes: 120, appium:pCloudy_EnableDeviceLogs: true, appium:pCloudy_EnablePerformanceData: false, appium:pCloudy_EnableVideo: true, appium:pCloudy_Username: randhir.kumar@heromotocorp.com, appium:pCloudy_WildNet: false, appium:pixelRatio: 2.625, appium:platformVersion: 13, appium:statBarHeight: 118, appium:systemPort: 31564, appium:takesScreenshot: true, appium:udid: 2B011FDH2004N4, appium:viewportRect: {height: 2101, left: 0, top: 118, width: 1080}, appium:warnings: {}, appium:webStorageEnabled: false, platformName: ANDROID}
Session ID: 07af74da-c1bb-4b74-9d44-71f3c14dc75f" type="org.openqa.selenium.NoSuchElementException">
      <![CDATA[org.openqa.selenium.NoSuchElementException: An element could not be located on the page using the given search parameters.
For documentation on this error, please visit: https://selenium.dev/exceptions/#no_such_element
Build info: version: '4.8.1', revision: '8ebccac989'
System info: os.name: 'Windows 11', os.arch: 'amd64', os.version: '10.0', java.version: '19.0.1'
Driver info: io.appium.java_client.android.AndroidDriver
Command: [07af74da-c1bb-4b74-9d44-71f3c14dc75f, findElement {using=xpath, value=//android.widget.TextView[@resource-id ='com.customerapp.hero:id/digital_voucher_peice']}]
Capabilities {appium:app: /opt/raid-data/data/userV2/..., appium:appActivity: com.customerapp.hero.views...., appium:appPackage: com.customerapp.hero, appium:appiumVersion: 2.0.0, appium:automationName: uiautomator2, appium:chromedriverPort: 31562, appium:databaseEnabled: false, appium:desired: {app: /opt/raid-data/data/userV2/..., appActivity: com.customerapp.hero.views...., appPackage: com.customerapp.hero, appiumVersion: 2.0.0, automationName: uiautomator2, chromedriverPort: 31562, deviceName: 803, launchTimeout: 90000, newCommandTimeout: 600, pCloudy_ApiKey: 2gdc5pv55mh54mqtwmvj4xbr, pCloudy_DeviceManufacturer: GOOGLE, pCloudy_DeviceVersion: 13.0.0, pCloudy_DurationInMinutes: 120, pCloudy_EnableDeviceLogs: true, pCloudy_EnablePerformanceData: false, pCloudy_EnableVideo: true, pCloudy_Username: randhir.kumar@heromotocorp.com, pCloudy_WildNet: false, platformName: android, platformVersion: 13.0.0, systemPort: 31564, udid: 2B011FDH2004N4}, appium:deviceApiLevel: 33, appium:deviceManufacturer: Google, appium:deviceModel: Pixel 7, appium:deviceName: 2B011FDH2004N4, appium:deviceScreenDensity: 420, appium:deviceScreenSize: 1080x2400, appium:deviceUDID: 2B011FDH2004N4, appium:javascriptEnabled: true, appium:launchTimeout: 90000, appium:locationContextEnabled: false, appium:networkConnectionEnabled: true, appium:newCommandTimeout: 600, appium:pCloudy_ApiKey: 2gdc5pv55mh54mqtwmvj4xbr, appium:pCloudy_DeviceManufacturer: GOOGLE, appium:pCloudy_DeviceVersion: 13.0.0, appium:pCloudy_DurationInMinutes: 120, appium:pCloudy_EnableDeviceLogs: true, appium:pCloudy_EnablePerformanceData: false, appium:pCloudy_EnableVideo: true, appium:pCloudy_Username: randhir.kumar@heromotocorp.com, appium:pCloudy_WildNet: false, appium:pixelRatio: 2.625, appium:platformVersion: 13, appium:statBarHeight: 118, appium:systemPort: 31564, appium:takesScreenshot: true, appium:udid: 2B011FDH2004N4, appium:viewportRect: {height: 2101, left: 0, top: 118, width: 1080}, appium:warnings: {}, appium:webStorageEnabled: false, platformName: ANDROID}
Session ID: 07af74da-c1bb-4b74-9d44-71f3c14dc75f
at java.base/jdk.internal.reflect.DirectConstructorHandleAccessor.newInstance(DirectConstructorHandleAccessor.java:67)
at java.base/java.lang.reflect.Constructor.newInstanceWithCaller(Constructor.java:500)
at java.base/java.lang.reflect.Constructor.newInstance(Constructor.java:484)
at org.openqa.selenium.remote.codec.w3c.W3CHttpResponseCodec.createException(W3CHttpResponseCodec.java:200)
at org.openqa.selenium.remote.codec.w3c.W3CHttpResponseCodec.decode(W3CHttpResponseCodec.java:133)
at org.openqa.selenium.remote.codec.w3c.W3CHttpResponseCodec.decode(W3CHttpResponseCodec.java:53)
at org.openqa.selenium.remote.HttpCommandExecutor.execute(HttpCommandExecutor.java:184)
at io.appium.java_client.remote.AppiumCommandExecutor.execute(AppiumCommandExecutor.java:262)
at org.openqa.selenium.remote.RemoteWebDriver.execute(RemoteWebDriver.java:543)
at org.openqa.selenium.remote.ElementLocation$ElementFinder$2.findElement(ElementLocation.java:162)
at org.openqa.selenium.remote.ElementLocation.findElement(ElementLocation.java:60)
at org.openqa.selenium.remote.RemoteWebDriver.findElement(RemoteWebDriver.java:352)
at org.openqa.selenium.remote.RemoteWebDriver.findElement(RemoteWebDriver.java:344)
at org.openqa.selenium.support.pagefactory.DefaultElementLocator.findElement(DefaultElementLocator.java:70)
at org.openqa.selenium.support.pagefactory.internal.LocatingElementHandler.invoke(LocatingElementHandler.java:39)
at jdk.proxy2/jdk.proxy2.$Proxy33.getText(Unknown Source)
at Page_Test.GoodLife_test.TC100_verify_Winner_informaton(GoodLife_test.java:98)
at java.base/jdk.internal.reflect.DirectMethodHandleAccessor.invoke(DirectMethodHandleAccessor.java:104)
at java.base/java.lang.reflect.Method.invoke(Method.java:578)
at org.testng.internal.invokers.MethodInvocationHelper.invokeMethod(MethodInvocationHelper.java:139)
at org.testng.internal.invokers.TestInvoker.invokeMethod(TestInvoker.java:664)
at org.testng.internal.invokers.TestInvoker.invokeTestMethod(TestInvoker.java:227)
at org.testng.internal.invokers.MethodRunner.runInSequence(MethodRunner.java:50)
at org.testng.internal.invokers.TestInvoker$MethodInvocationAgent.invoke(TestInvoker.java:957)
at org.testng.internal.invokers.TestInvoker.invokeTestMethods(TestInvoker.java:200)
at org.testng.internal.invokers.TestMethodWorker.invokeTestMethods(TestMethodWorker.java:148)
at org.testng.internal.invokers.TestMethodWorker.run(TestMethodWorker.java:128)
at java.base/java.util.ArrayList.forEach(ArrayList.java:1511)
at org.testng.TestRunner.privateRun(TestRunner.java:848)
at org.testng.TestRunner.run(TestRunner.java:621)
at org.testng.SuiteRunner.runTest(SuiteRunner.java:443)
at org.testng.SuiteRunner.runSequentially(SuiteRunner.java:437)
at org.testng.SuiteRunner.privateRun(SuiteRunner.java:397)
at org.testng.SuiteRunner.run(SuiteRunner.java:336)
at org.testng.SuiteRunnerWorker.runSuite(SuiteRunnerWorker.java:52)
at org.testng.SuiteRunnerWorker.run(SuiteRunnerWorker.java:95)
at org.testng.TestNG.runSuitesSequentially(TestNG.java:1280)
at org.testng.TestNG.runSuitesLocally(TestNG.java:1200)
at org.testng.TestNG.runSuites(TestNG.java:1114)
at org.testng.TestNG.run(TestNG.java:1082)
at org.testng.remote.AbstractRemoteTestNG.run(AbstractRemoteTestNG.java:115)
at org.testng.remote.RemoteTestNG.initAndRun(RemoteTestNG.java:251)
at org.testng.remote.RemoteTestNG.main(RemoteTestNG.java:77)
]]>
    </error>
  </testcase> <!-- TC100_verify_Winner_informaton -->
  <testcase classname="Page_Test.GoodLife_test" name="TC101_verify_Points_Earning_and_Redemption" time="20.199">
    <error message="An element could not be located on the page using the given search parameters.
For documentation on this error, please visit: https://selenium.dev/exceptions/#no_such_element
Build info: version: &#039;4.8.1&#039;, revision: &#039;8ebccac989&#039;
System info: os.name: &#039;Windows 11&#039;, os.arch: &#039;amd64&#039;, os.version: &#039;10.0&#039;, java.version: &#039;19.0.1&#039;
Driver info: io.appium.java_client.android.AndroidDriver
Command: [07af74da-c1bb-4b74-9d44-71f3c14dc75f, findElement {using=xpath, value=//android.widget.TextView[@resource-id =&#039;com.customerapp.hero:id/lbl3&#039;]}]
Capabilities {appium:app: /opt/raid-data/data/userV2/..., appium:appActivity: com.customerapp.hero.views...., appium:appPackage: com.customerapp.hero, appium:appiumVersion: 2.0.0, appium:automationName: uiautomator2, appium:chromedriverPort: 31562, appium:databaseEnabled: false, appium:desired: {app: /opt/raid-data/data/userV2/..., appActivity: com.customerapp.hero.views...., appPackage: com.customerapp.hero, appiumVersion: 2.0.0, automationName: uiautomator2, chromedriverPort: 31562, deviceName: 803, launchTimeout: 90000, newCommandTimeout: 600, pCloudy_ApiKey: 2gdc5pv55mh54mqtwmvj4xbr, pCloudy_DeviceManufacturer: GOOGLE, pCloudy_DeviceVersion: 13.0.0, pCloudy_DurationInMinutes: 120, pCloudy_EnableDeviceLogs: true, pCloudy_EnablePerformanceData: false, pCloudy_EnableVideo: true, pCloudy_Username: randhir.kumar@heromotocorp.com, pCloudy_WildNet: false, platformName: android, platformVersion: 13.0.0, systemPort: 31564, udid: 2B011FDH2004N4}, appium:deviceApiLevel: 33, appium:deviceManufacturer: Google, appium:deviceModel: Pixel 7, appium:deviceName: 2B011FDH2004N4, appium:deviceScreenDensity: 420, appium:deviceScreenSize: 1080x2400, appium:deviceUDID: 2B011FDH2004N4, appium:javascriptEnabled: true, appium:launchTimeout: 90000, appium:locationContextEnabled: false, appium:networkConnectionEnabled: true, appium:newCommandTimeout: 600, appium:pCloudy_ApiKey: 2gdc5pv55mh54mqtwmvj4xbr, appium:pCloudy_DeviceManufacturer: GOOGLE, appium:pCloudy_DeviceVersion: 13.0.0, appium:pCloudy_DurationInMinutes: 120, appium:pCloudy_EnableDeviceLogs: true, appium:pCloudy_EnablePerformanceData: false, appium:pCloudy_EnableVideo: true, appium:pCloudy_Username: randhir.kumar@heromotocorp.com, appium:pCloudy_WildNet: false, appium:pixelRatio: 2.625, appium:platformVersion: 13, appium:statBarHeight: 118, appium:systemPort: 31564, appium:takesScreenshot: true, appium:udid: 2B011FDH2004N4, appium:viewportRect: {height: 2101, left: 0, top: 118, width: 1080}, appium:warnings: {}, appium:webStorageEnabled: false, platformName: ANDROID}
Session ID: 07af74da-c1bb-4b74-9d44-71f3c14dc75f" type="org.openqa.selenium.NoSuchElementException">
      <![CDATA[org.openqa.selenium.NoSuchElementException: An element could not be located on the page using the given search parameters.
For documentation on this error, please visit: https://selenium.dev/exceptions/#no_such_element
Build info: version: '4.8.1', revision: '8ebccac989'
System info: os.name: 'Windows 11', os.arch: 'amd64', os.version: '10.0', java.version: '19.0.1'
Driver info: io.appium.java_client.android.AndroidDriver
Command: [07af74da-c1bb-4b74-9d44-71f3c14dc75f, findElement {using=xpath, value=//android.widget.TextView[@resource-id ='com.customerapp.hero:id/lbl3']}]
Capabilities {appium:app: /opt/raid-data/data/userV2/..., appium:appActivity: com.customerapp.hero.views...., appium:appPackage: com.customerapp.hero, appium:appiumVersion: 2.0.0, appium:automationName: uiautomator2, appium:chromedriverPort: 31562, appium:databaseEnabled: false, appium:desired: {app: /opt/raid-data/data/userV2/..., appActivity: com.customerapp.hero.views...., appPackage: com.customerapp.hero, appiumVersion: 2.0.0, automationName: uiautomator2, chromedriverPort: 31562, deviceName: 803, launchTimeout: 90000, newCommandTimeout: 600, pCloudy_ApiKey: 2gdc5pv55mh54mqtwmvj4xbr, pCloudy_DeviceManufacturer: GOOGLE, pCloudy_DeviceVersion: 13.0.0, pCloudy_DurationInMinutes: 120, pCloudy_EnableDeviceLogs: true, pCloudy_EnablePerformanceData: false, pCloudy_EnableVideo: true, pCloudy_Username: randhir.kumar@heromotocorp.com, pCloudy_WildNet: false, platformName: android, platformVersion: 13.0.0, systemPort: 31564, udid: 2B011FDH2004N4}, appium:deviceApiLevel: 33, appium:deviceManufacturer: Google, appium:deviceModel: Pixel 7, appium:deviceName: 2B011FDH2004N4, appium:deviceScreenDensity: 420, appium:deviceScreenSize: 1080x2400, appium:deviceUDID: 2B011FDH2004N4, appium:javascriptEnabled: true, appium:launchTimeout: 90000, appium:locationContextEnabled: false, appium:networkConnectionEnabled: true, appium:newCommandTimeout: 600, appium:pCloudy_ApiKey: 2gdc5pv55mh54mqtwmvj4xbr, appium:pCloudy_DeviceManufacturer: GOOGLE, appium:pCloudy_DeviceVersion: 13.0.0, appium:pCloudy_DurationInMinutes: 120, appium:pCloudy_EnableDeviceLogs: true, appium:pCloudy_EnablePerformanceData: false, appium:pCloudy_EnableVideo: true, appium:pCloudy_Username: randhir.kumar@heromotocorp.com, appium:pCloudy_WildNet: false, appium:pixelRatio: 2.625, appium:platformVersion: 13, appium:statBarHeight: 118, appium:systemPort: 31564, appium:takesScreenshot: true, appium:udid: 2B011FDH2004N4, appium:viewportRect: {height: 2101, left: 0, top: 118, width: 1080}, appium:warnings: {}, appium:webStorageEnabled: false, platformName: ANDROID}
Session ID: 07af74da-c1bb-4b74-9d44-71f3c14dc75f
at java.base/jdk.internal.reflect.DirectConstructorHandleAccessor.newInstance(DirectConstructorHandleAccessor.java:67)
at java.base/java.lang.reflect.Constructor.newInstanceWithCaller(Constructor.java:500)
at java.base/java.lang.reflect.Constructor.newInstance(Constructor.java:484)
at org.openqa.selenium.remote.codec.w3c.W3CHttpResponseCodec.createException(W3CHttpResponseCodec.java:200)
at org.openqa.selenium.remote.codec.w3c.W3CHttpResponseCodec.decode(W3CHttpResponseCodec.java:133)
at org.openqa.selenium.remote.codec.w3c.W3CHttpResponseCodec.decode(W3CHttpResponseCodec.java:53)
at org.openqa.selenium.remote.HttpCommandExecutor.execute(HttpCommandExecutor.java:184)
at io.appium.java_client.remote.AppiumCommandExecutor.execute(AppiumCommandExecutor.java:262)
at org.openqa.selenium.remote.RemoteWebDriver.execute(RemoteWebDriver.java:543)
at org.openqa.selenium.remote.ElementLocation$ElementFinder$2.findElement(ElementLocation.java:162)
at org.openqa.selenium.remote.ElementLocation.findElement(ElementLocation.java:60)
at org.openqa.selenium.remote.RemoteWebDriver.findElement(RemoteWebDriver.java:352)
at org.openqa.selenium.remote.RemoteWebDriver.findElement(RemoteWebDriver.java:344)
at org.openqa.selenium.support.pagefactory.DefaultElementLocator.findElement(DefaultElementLocator.java:70)
at org.openqa.selenium.support.pagefactory.internal.LocatingElementHandler.invoke(LocatingElementHandler.java:39)
at jdk.proxy2/jdk.proxy2.$Proxy33.getText(Unknown Source)
at Page_Test.GoodLife_test.TC101_verify_Points_Earning_and_Redemption(GoodLife_test.java:105)
at java.base/jdk.internal.reflect.DirectMethodHandleAccessor.invoke(DirectMethodHandleAccessor.java:104)
at java.base/java.lang.reflect.Method.invoke(Method.java:578)
at org.testng.internal.invokers.MethodInvocationHelper.invokeMethod(MethodInvocationHelper.java:139)
at org.testng.internal.invokers.TestInvoker.invokeMethod(TestInvoker.java:664)
at org.testng.internal.invokers.TestInvoker.invokeTestMethod(TestInvoker.java:227)
at org.testng.internal.invokers.MethodRunner.runInSequence(MethodRunner.java:50)
at org.testng.internal.invokers.TestInvoker$MethodInvocationAgent.invoke(TestInvoker.java:957)
at org.testng.internal.invokers.TestInvoker.invokeTestMethods(TestInvoker.java:200)
at org.testng.internal.invokers.TestMethodWorker.invokeTestMethods(TestMethodWorker.java:148)
at org.testng.internal.invokers.TestMethodWorker.run(TestMethodWorker.java:128)
at java.base/java.util.ArrayList.forEach(ArrayList.java:1511)
at org.testng.TestRunner.privateRun(TestRunner.java:848)
at org.testng.TestRunner.run(TestRunner.java:621)
at org.testng.SuiteRunner.runTest(SuiteRunner.java:443)
at org.testng.SuiteRunner.runSequentially(SuiteRunner.java:437)
at org.testng.SuiteRunner.privateRun(SuiteRunner.java:397)
at org.testng.SuiteRunner.run(SuiteRunner.java:336)
at org.testng.SuiteRunnerWorker.runSuite(SuiteRunnerWorker.java:52)
at org.testng.SuiteRunnerWorker.run(SuiteRunnerWorker.java:95)
at org.testng.TestNG.runSuitesSequentially(TestNG.java:1280)
at org.testng.TestNG.runSuitesLocally(TestNG.java:1200)
at org.testng.TestNG.runSuites(TestNG.java:1114)
at org.testng.TestNG.run(TestNG.java:1082)
at org.testng.remote.AbstractRemoteTestNG.run(AbstractRemoteTestNG.java:115)
at org.testng.remote.RemoteTestNG.initAndRun(RemoteTestNG.java:251)
at org.testng.remote.RemoteTestNG.main(RemoteTestNG.java:77)
]]>
    </error>
  </testcase> <!-- TC101_verify_Points_Earning_and_Redemption -->
  <testcase classname="Page_Test.GoodLife_test" name="TC102_verify_Service_Privilegers" time="20.176">
    <error message="An element could not be located on the page using the given search parameters.
For documentation on this error, please visit: https://selenium.dev/exceptions/#no_such_element
Build info: version: &#039;4.8.1&#039;, revision: &#039;8ebccac989&#039;
System info: os.name: &#039;Windows 11&#039;, os.arch: &#039;amd64&#039;, os.version: &#039;10.0&#039;, java.version: &#039;19.0.1&#039;
Driver info: io.appium.java_client.android.AndroidDriver
Command: [07af74da-c1bb-4b74-9d44-71f3c14dc75f, findElement {using=xpath, value=//android.widget.TextView[@resource-id =&#039;com.customerapp.hero:id/down_ic_btn&#039;]}]
Capabilities {appium:app: /opt/raid-data/data/userV2/..., appium:appActivity: com.customerapp.hero.views...., appium:appPackage: com.customerapp.hero, appium:appiumVersion: 2.0.0, appium:automationName: uiautomator2, appium:chromedriverPort: 31562, appium:databaseEnabled: false, appium:desired: {app: /opt/raid-data/data/userV2/..., appActivity: com.customerapp.hero.views...., appPackage: com.customerapp.hero, appiumVersion: 2.0.0, automationName: uiautomator2, chromedriverPort: 31562, deviceName: 803, launchTimeout: 90000, newCommandTimeout: 600, pCloudy_ApiKey: 2gdc5pv55mh54mqtwmvj4xbr, pCloudy_DeviceManufacturer: GOOGLE, pCloudy_DeviceVersion: 13.0.0, pCloudy_DurationInMinutes: 120, pCloudy_EnableDeviceLogs: true, pCloudy_EnablePerformanceData: false, pCloudy_EnableVideo: true, pCloudy_Username: randhir.kumar@heromotocorp.com, pCloudy_WildNet: false, platformName: android, platformVersion: 13.0.0, systemPort: 31564, udid: 2B011FDH2004N4}, appium:deviceApiLevel: 33, appium:deviceManufacturer: Google, appium:deviceModel: Pixel 7, appium:deviceName: 2B011FDH2004N4, appium:deviceScreenDensity: 420, appium:deviceScreenSize: 1080x2400, appium:deviceUDID: 2B011FDH2004N4, appium:javascriptEnabled: true, appium:launchTimeout: 90000, appium:locationContextEnabled: false, appium:networkConnectionEnabled: true, appium:newCommandTimeout: 600, appium:pCloudy_ApiKey: 2gdc5pv55mh54mqtwmvj4xbr, appium:pCloudy_DeviceManufacturer: GOOGLE, appium:pCloudy_DeviceVersion: 13.0.0, appium:pCloudy_DurationInMinutes: 120, appium:pCloudy_EnableDeviceLogs: true, appium:pCloudy_EnablePerformanceData: false, appium:pCloudy_EnableVideo: true, appium:pCloudy_Username: randhir.kumar@heromotocorp.com, appium:pCloudy_WildNet: false, appium:pixelRatio: 2.625, appium:platformVersion: 13, appium:statBarHeight: 118, appium:systemPort: 31564, appium:takesScreenshot: true, appium:udid: 2B011FDH2004N4, appium:viewportRect: {height: 2101, left: 0, top: 118, width: 1080}, appium:warnings: {}, appium:webStorageEnabled: false, platformName: ANDROID}
Session ID: 07af74da-c1bb-4b74-9d44-71f3c14dc75f" type="org.openqa.selenium.NoSuchElementException">
      <![CDATA[org.openqa.selenium.NoSuchElementException: An element could not be located on the page using the given search parameters.
For documentation on this error, please visit: https://selenium.dev/exceptions/#no_such_element
Build info: version: '4.8.1', revision: '8ebccac989'
System info: os.name: 'Windows 11', os.arch: 'amd64', os.version: '10.0', java.version: '19.0.1'
Driver info: io.appium.java_client.android.AndroidDriver
Command: [07af74da-c1bb-4b74-9d44-71f3c14dc75f, findElement {using=xpath, value=//android.widget.TextView[@resource-id ='com.customerapp.hero:id/down_ic_btn']}]
Capabilities {appium:app: /opt/raid-data/data/userV2/..., appium:appActivity: com.customerapp.hero.views...., appium:appPackage: com.customerapp.hero, appium:appiumVersion: 2.0.0, appium:automationName: uiautomator2, appium:chromedriverPort: 31562, appium:databaseEnabled: false, appium:desired: {app: /opt/raid-data/data/userV2/..., appActivity: com.customerapp.hero.views...., appPackage: com.customerapp.hero, appiumVersion: 2.0.0, automationName: uiautomator2, chromedriverPort: 31562, deviceName: 803, launchTimeout: 90000, newCommandTimeout: 600, pCloudy_ApiKey: 2gdc5pv55mh54mqtwmvj4xbr, pCloudy_DeviceManufacturer: GOOGLE, pCloudy_DeviceVersion: 13.0.0, pCloudy_DurationInMinutes: 120, pCloudy_EnableDeviceLogs: true, pCloudy_EnablePerformanceData: false, pCloudy_EnableVideo: true, pCloudy_Username: randhir.kumar@heromotocorp.com, pCloudy_WildNet: false, platformName: android, platformVersion: 13.0.0, systemPort: 31564, udid: 2B011FDH2004N4}, appium:deviceApiLevel: 33, appium:deviceManufacturer: Google, appium:deviceModel: Pixel 7, appium:deviceName: 2B011FDH2004N4, appium:deviceScreenDensity: 420, appium:deviceScreenSize: 1080x2400, appium:deviceUDID: 2B011FDH2004N4, appium:javascriptEnabled: true, appium:launchTimeout: 90000, appium:locationContextEnabled: false, appium:networkConnectionEnabled: true, appium:newCommandTimeout: 600, appium:pCloudy_ApiKey: 2gdc5pv55mh54mqtwmvj4xbr, appium:pCloudy_DeviceManufacturer: GOOGLE, appium:pCloudy_DeviceVersion: 13.0.0, appium:pCloudy_DurationInMinutes: 120, appium:pCloudy_EnableDeviceLogs: true, appium:pCloudy_EnablePerformanceData: false, appium:pCloudy_EnableVideo: true, appium:pCloudy_Username: randhir.kumar@heromotocorp.com, appium:pCloudy_WildNet: false, appium:pixelRatio: 2.625, appium:platformVersion: 13, appium:statBarHeight: 118, appium:systemPort: 31564, appium:takesScreenshot: true, appium:udid: 2B011FDH2004N4, appium:viewportRect: {height: 2101, left: 0, top: 118, width: 1080}, appium:warnings: {}, appium:webStorageEnabled: false, platformName: ANDROID}
Session ID: 07af74da-c1bb-4b74-9d44-71f3c14dc75f
at java.base/jdk.internal.reflect.DirectConstructorHandleAccessor.newInstance(DirectConstructorHandleAccessor.java:67)
at java.base/java.lang.reflect.Constructor.newInstanceWithCaller(Constructor.java:500)
at java.base/java.lang.reflect.Constructor.newInstance(Constructor.java:484)
at org.openqa.selenium.remote.codec.w3c.W3CHttpResponseCodec.createException(W3CHttpResponseCodec.java:200)
at org.openqa.selenium.remote.codec.w3c.W3CHttpResponseCodec.decode(W3CHttpResponseCodec.java:133)
at org.openqa.selenium.remote.codec.w3c.W3CHttpResponseCodec.decode(W3CHttpResponseCodec.java:53)
at org.openqa.selenium.remote.HttpCommandExecutor.execute(HttpCommandExecutor.java:184)
at io.appium.java_client.remote.AppiumCommandExecutor.execute(AppiumCommandExecutor.java:262)
at org.openqa.selenium.remote.RemoteWebDriver.execute(RemoteWebDriver.java:543)
at org.openqa.selenium.remote.ElementLocation$ElementFinder$2.findElement(ElementLocation.java:162)
at org.openqa.selenium.remote.ElementLocation.findElement(ElementLocation.java:60)
at org.openqa.selenium.remote.RemoteWebDriver.findElement(RemoteWebDriver.java:352)
at org.openqa.selenium.remote.RemoteWebDriver.findElement(RemoteWebDriver.java:344)
at org.openqa.selenium.support.pagefactory.DefaultElementLocator.findElement(DefaultElementLocator.java:70)
at org.openqa.selenium.support.pagefactory.internal.LocatingElementHandler.invoke(LocatingElementHandler.java:39)
at jdk.proxy2/jdk.proxy2.$Proxy33.getText(Unknown Source)
at Page_Test.GoodLife_test.TC102_verify_Service_Privilegers(GoodLife_test.java:118)
at java.base/jdk.internal.reflect.DirectMethodHandleAccessor.invoke(DirectMethodHandleAccessor.java:104)
at java.base/java.lang.reflect.Method.invoke(Method.java:578)
at org.testng.internal.invokers.MethodInvocationHelper.invokeMethod(MethodInvocationHelper.java:139)
at org.testng.internal.invokers.TestInvoker.invokeMethod(TestInvoker.java:664)
at org.testng.internal.invokers.TestInvoker.invokeTestMethod(TestInvoker.java:227)
at org.testng.internal.invokers.MethodRunner.runInSequence(MethodRunner.java:50)
at org.testng.internal.invokers.TestInvoker$MethodInvocationAgent.invoke(TestInvoker.java:957)
at org.testng.internal.invokers.TestInvoker.invokeTestMethods(TestInvoker.java:200)
at org.testng.internal.invokers.TestMethodWorker.invokeTestMethods(TestMethodWorker.java:148)
at org.testng.internal.invokers.TestMethodWorker.run(TestMethodWorker.java:128)
at java.base/java.util.ArrayList.forEach(ArrayList.java:1511)
at org.testng.TestRunner.privateRun(TestRunner.java:848)
at org.testng.TestRunner.run(TestRunner.java:621)
at org.testng.SuiteRunner.runTest(SuiteRunner.java:443)
at org.testng.SuiteRunner.runSequentially(SuiteRunner.java:437)
at org.testng.SuiteRunner.privateRun(SuiteRunner.java:397)
at org.testng.SuiteRunner.run(SuiteRunner.java:336)
at org.testng.SuiteRunnerWorker.runSuite(SuiteRunnerWorker.java:52)
at org.testng.SuiteRunnerWorker.run(SuiteRunnerWorker.java:95)
at org.testng.TestNG.runSuitesSequentially(TestNG.java:1280)
at org.testng.TestNG.runSuitesLocally(TestNG.java:1200)
at org.testng.TestNG.runSuites(TestNG.java:1114)
at org.testng.TestNG.run(TestNG.java:1082)
at org.testng.remote.AbstractRemoteTestNG.run(AbstractRemoteTestNG.java:115)
at org.testng.remote.RemoteTestNG.initAndRun(RemoteTestNG.java:251)
at org.testng.remote.RemoteTestNG.main(RemoteTestNG.java:77)
]]>
    </error>
  </testcase> <!-- TC102_verify_Service_Privilegers -->
  <testcase classname="Page_Test.GoodLife_test" name="TC103_verify_Benefits_and_Experiences" time="34.704">
    <error message="An element could not be located on the page using the given search parameters.
For documentation on this error, please visit: https://selenium.dev/exceptions/#no_such_element
Build info: version: &#039;4.8.1&#039;, revision: &#039;8ebccac989&#039;
System info: os.name: &#039;Windows 11&#039;, os.arch: &#039;amd64&#039;, os.version: &#039;10.0&#039;, java.version: &#039;19.0.1&#039;
Driver info: io.appium.java_client.android.AndroidDriver
Command: [07af74da-c1bb-4b74-9d44-71f3c14dc75f, findElement {using=xpath, value=(//android.widget.TextView[@resource-id =&#039;com.customerapp.hero:id/down_ic_btn&#039;])[2]}]
Capabilities {appium:app: /opt/raid-data/data/userV2/..., appium:appActivity: com.customerapp.hero.views...., appium:appPackage: com.customerapp.hero, appium:appiumVersion: 2.0.0, appium:automationName: uiautomator2, appium:chromedriverPort: 31562, appium:databaseEnabled: false, appium:desired: {app: /opt/raid-data/data/userV2/..., appActivity: com.customerapp.hero.views...., appPackage: com.customerapp.hero, appiumVersion: 2.0.0, automationName: uiautomator2, chromedriverPort: 31562, deviceName: 803, launchTimeout: 90000, newCommandTimeout: 600, pCloudy_ApiKey: 2gdc5pv55mh54mqtwmvj4xbr, pCloudy_DeviceManufacturer: GOOGLE, pCloudy_DeviceVersion: 13.0.0, pCloudy_DurationInMinutes: 120, pCloudy_EnableDeviceLogs: true, pCloudy_EnablePerformanceData: false, pCloudy_EnableVideo: true, pCloudy_Username: randhir.kumar@heromotocorp.com, pCloudy_WildNet: false, platformName: android, platformVersion: 13.0.0, systemPort: 31564, udid: 2B011FDH2004N4}, appium:deviceApiLevel: 33, appium:deviceManufacturer: Google, appium:deviceModel: Pixel 7, appium:deviceName: 2B011FDH2004N4, appium:deviceScreenDensity: 420, appium:deviceScreenSize: 1080x2400, appium:deviceUDID: 2B011FDH2004N4, appium:javascriptEnabled: true, appium:launchTimeout: 90000, appium:locationContextEnabled: false, appium:networkConnectionEnabled: true, appium:newCommandTimeout: 600, appium:pCloudy_ApiKey: 2gdc5pv55mh54mqtwmvj4xbr, appium:pCloudy_DeviceManufacturer: GOOGLE, appium:pCloudy_DeviceVersion: 13.0.0, appium:pCloudy_DurationInMinutes: 120, appium:pCloudy_EnableDeviceLogs: true, appium:pCloudy_EnablePerformanceData: false, appium:pCloudy_EnableVideo: true, appium:pCloudy_Username: randhir.kumar@heromotocorp.com, appium:pCloudy_WildNet: false, appium:pixelRatio: 2.625, appium:platformVersion: 13, appium:statBarHeight: 118, appium:systemPort: 31564, appium:takesScreenshot: true, appium:udid: 2B011FDH2004N4, appium:viewportRect: {height: 2101, left: 0, top: 118, width: 1080}, appium:warnings: {}, appium:webStorageEnabled: false, platformName: ANDROID}
Session ID: 07af74da-c1bb-4b74-9d44-71f3c14dc75f" type="org.openqa.selenium.NoSuchElementException">
      <![CDATA[org.openqa.selenium.NoSuchElementException: An element could not be located on the page using the given search parameters.
For documentation on this error, please visit: https://selenium.dev/exceptions/#no_such_element
Build info: version: '4.8.1', revision: '8ebccac989'
System info: os.name: 'Windows 11', os.arch: 'amd64', os.version: '10.0', java.version: '19.0.1'
Driver info: io.appium.java_client.android.AndroidDriver
Command: [07af74da-c1bb-4b74-9d44-71f3c14dc75f, findElement {using=xpath, value=(//android.widget.TextView[@resource-id ='com.customerapp.hero:id/down_ic_btn'])[2]}]
Capabilities {appium:app: /opt/raid-data/data/userV2/..., appium:appActivity: com.customerapp.hero.views...., appium:appPackage: com.customerapp.hero, appium:appiumVersion: 2.0.0, appium:automationName: uiautomator2, appium:chromedriverPort: 31562, appium:databaseEnabled: false, appium:desired: {app: /opt/raid-data/data/userV2/..., appActivity: com.customerapp.hero.views...., appPackage: com.customerapp.hero, appiumVersion: 2.0.0, automationName: uiautomator2, chromedriverPort: 31562, deviceName: 803, launchTimeout: 90000, newCommandTimeout: 600, pCloudy_ApiKey: 2gdc5pv55mh54mqtwmvj4xbr, pCloudy_DeviceManufacturer: GOOGLE, pCloudy_DeviceVersion: 13.0.0, pCloudy_DurationInMinutes: 120, pCloudy_EnableDeviceLogs: true, pCloudy_EnablePerformanceData: false, pCloudy_EnableVideo: true, pCloudy_Username: randhir.kumar@heromotocorp.com, pCloudy_WildNet: false, platformName: android, platformVersion: 13.0.0, systemPort: 31564, udid: 2B011FDH2004N4}, appium:deviceApiLevel: 33, appium:deviceManufacturer: Google, appium:deviceModel: Pixel 7, appium:deviceName: 2B011FDH2004N4, appium:deviceScreenDensity: 420, appium:deviceScreenSize: 1080x2400, appium:deviceUDID: 2B011FDH2004N4, appium:javascriptEnabled: true, appium:launchTimeout: 90000, appium:locationContextEnabled: false, appium:networkConnectionEnabled: true, appium:newCommandTimeout: 600, appium:pCloudy_ApiKey: 2gdc5pv55mh54mqtwmvj4xbr, appium:pCloudy_DeviceManufacturer: GOOGLE, appium:pCloudy_DeviceVersion: 13.0.0, appium:pCloudy_DurationInMinutes: 120, appium:pCloudy_EnableDeviceLogs: true, appium:pCloudy_EnablePerformanceData: false, appium:pCloudy_EnableVideo: true, appium:pCloudy_Username: randhir.kumar@heromotocorp.com, appium:pCloudy_WildNet: false, appium:pixelRatio: 2.625, appium:platformVersion: 13, appium:statBarHeight: 118, appium:systemPort: 31564, appium:takesScreenshot: true, appium:udid: 2B011FDH2004N4, appium:viewportRect: {height: 2101, left: 0, top: 118, width: 1080}, appium:warnings: {}, appium:webStorageEnabled: false, platformName: ANDROID}
Session ID: 07af74da-c1bb-4b74-9d44-71f3c14dc75f
at java.base/jdk.internal.reflect.DirectConstructorHandleAccessor.newInstance(DirectConstructorHandleAccessor.java:67)
at java.base/java.lang.reflect.Constructor.newInstanceWithCaller(Constructor.java:500)
at java.base/java.lang.reflect.Constructor.newInstance(Constructor.java:484)
at org.openqa.selenium.remote.codec.w3c.W3CHttpResponseCodec.createException(W3CHttpResponseCodec.java:200)
at org.openqa.selenium.remote.codec.w3c.W3CHttpResponseCodec.decode(W3CHttpResponseCodec.java:133)
at org.openqa.selenium.remote.codec.w3c.W3CHttpResponseCodec.decode(W3CHttpResponseCodec.java:53)
at org.openqa.selenium.remote.HttpCommandExecutor.execute(HttpCommandExecutor.java:184)
at io.appium.java_client.remote.AppiumCommandExecutor.execute(AppiumCommandExecutor.java:262)
at org.openqa.selenium.remote.RemoteWebDriver.execute(RemoteWebDriver.java:543)
at org.openqa.selenium.remote.ElementLocation$ElementFinder$2.findElement(ElementLocation.java:162)
at org.openqa.selenium.remote.ElementLocation.findElement(ElementLocation.java:60)
at org.openqa.selenium.remote.RemoteWebDriver.findElement(RemoteWebDriver.java:352)
at org.openqa.selenium.remote.RemoteWebDriver.findElement(RemoteWebDriver.java:344)
at org.openqa.selenium.support.pagefactory.DefaultElementLocator.findElement(DefaultElementLocator.java:70)
at org.openqa.selenium.support.pagefactory.internal.LocatingElementHandler.invoke(LocatingElementHandler.java:39)
at jdk.proxy2/jdk.proxy2.$Proxy33.getText(Unknown Source)
at Page_Test.GoodLife_test.TC103_verify_Benefits_and_Experiences(GoodLife_test.java:132)
at java.base/jdk.internal.reflect.DirectMethodHandleAccessor.invoke(DirectMethodHandleAccessor.java:104)
at java.base/java.lang.reflect.Method.invoke(Method.java:578)
at org.testng.internal.invokers.MethodInvocationHelper.invokeMethod(MethodInvocationHelper.java:139)
at org.testng.internal.invokers.TestInvoker.invokeMethod(TestInvoker.java:664)
at org.testng.internal.invokers.TestInvoker.invokeTestMethod(TestInvoker.java:227)
at org.testng.internal.invokers.MethodRunner.runInSequence(MethodRunner.java:50)
at org.testng.internal.invokers.TestInvoker$MethodInvocationAgent.invoke(TestInvoker.java:957)
at org.testng.internal.invokers.TestInvoker.invokeTestMethods(TestInvoker.java:200)
at org.testng.internal.invokers.TestMethodWorker.invokeTestMethods(TestMethodWorker.java:148)
at org.testng.internal.invokers.TestMethodWorker.run(TestMethodWorker.java:128)
at java.base/java.util.ArrayList.forEach(ArrayList.java:1511)
at org.testng.TestRunner.privateRun(TestRunner.java:848)
at org.testng.TestRunner.run(TestRunner.java:621)
at org.testng.SuiteRunner.runTest(SuiteRunner.java:443)
at org.testng.SuiteRunner.runSequentially(SuiteRunner.java:437)
at org.testng.SuiteRunner.privateRun(SuiteRunner.java:397)
at org.testng.SuiteRunner.run(SuiteRunner.java:336)
at org.testng.SuiteRunnerWorker.runSuite(SuiteRunnerWorker.java:52)
at org.testng.SuiteRunnerWorker.run(SuiteRunnerWorker.java:95)
at org.testng.TestNG.runSuitesSequentially(TestNG.java:1280)
at org.testng.TestNG.runSuitesLocally(TestNG.java:1200)
at org.testng.TestNG.runSuites(TestNG.java:1114)
at org.testng.TestNG.run(TestNG.java:1082)
at org.testng.remote.AbstractRemoteTestNG.run(AbstractRemoteTestNG.java:115)
at org.testng.remote.RemoteTestNG.initAndRun(RemoteTestNG.java:251)
at org.testng.remote.RemoteTestNG.main(RemoteTestNG.java:77)
]]>
    </error>
  </testcase> <!-- TC103_verify_Benefits_and_Experiences -->
</testsuite> <!-- Page_Test.GoodLife_test -->
