<?xml version="1.0" encoding="UTF-8"?>
<!-- Generated by org.testng.reporters.JUnitReportReporter -->
<testsuite hostname="DESKTOP-DC5U0BQ" failures="0" tests="2" name="Page_Test.E_Shop_test" time="151.790" errors="0" timestamp="2023-08-30T15:21:17 IST" skipped="0">
  <testcase classname="Page_Test.E_Shop_test" name="registered_customers" time="110.265"/>
  <testcase classname="Page_Test.E_Shop_test" name="new_customers" time="41.525"/>
</testsuite> <!-- Page_Test.E_Shop_test -->
