<?xml version="1.0" encoding="UTF-8"?>
<!-- Generated by org.testng.reporters.JUnitReportReporter -->
<testsuite hostname="DESKTOP-DC5U0BQ" failures="0" tests="11" name="Page_Test.Login_Page_Test" time="227.925" errors="0" timestamp="2023-11-09T12:53:00 IST" skipped="0">
  <testcase classname="Page_Test.Login_Page_Test" name="TC001_Verify_Login_with_Invalid_credential" time="23.537"/>
  <testcase classname="Page_Test.Login_Page_Test" name="TC002_invalidmobileno" time="12.179"/>
  <testcase classname="Page_Test.Login_Page_Test" name="TC003_Verify_Login_with_short_length_of_mobile_number_credential" time="6.457"/>
  <testcase classname="Page_Test.Login_Page_Test" name="TC004_max_digit_mobile_number" time="6.968"/>
  <testcase classname="Page_Test.Login_Page_Test" name="TC005_Terms_of_use_button" time="27.619"/>
  <testcase classname="Page_Test.Login_Page_Test" name="TC006_Privacy_policy" time="25.925"/>
  <testcase classname="Page_Test.Login_Page_Test" name="TC007_contact_Us" time="12.976"/>
  <testcase classname="Page_Test.Login_Page_Test" name="TC008_Verify_Login_with_valid_credential" time="25.205"/>
  <testcase classname="Page_Test.Login_Page_Test" name="TC009_resend_butn" time="23.848"/>
  <testcase classname="Page_Test.Login_Page_Test" name="TC010_inavalid_OTP" time="21.309"/>
  <testcase classname="Page_Test.Login_Page_Test" name="TC011_edit_moble" time="41.902"/>
</testsuite> <!-- Page_Test.Login_Page_Test -->
